Fri Apr 30 20:58:47 2021
iperf3: error - unable to connect to server: Resource temporarily unavailable
Fri Apr 30 20:58:54 2021
iperf3: error - unable to connect to server: Resource temporarily unavailable
Fri Apr 30 20:59:01 2021
iperf3: error - unable to connect to server: Resource temporarily unavailable
Fri Apr 30 20:59:08 2021
iperf3: error - unable to connect to server: Resource temporarily unavailable
Fri Apr 30 20:59:15 2021
iperf3: error - unable to connect to server: Resource temporarily unavailable
Fri Apr 30 20:59:22 2021
iperf3: error - unable to connect to server: Resource temporarily unavailable
Fri Apr 30 20:59:29 2021
iperf3: error - unable to connect to server: Resource temporarily unavailable
Fri Apr 30 20:59:36 2021
iperf3: error - unable to connect to server: Resource temporarily unavailable
Fri Apr 30 20:59:43 2021
iperf3: error - unable to connect to server: Resource temporarily unavailable
Fri Apr 30 20:59:50 2021
iperf3: error - unable to connect to server: Resource temporarily unavailable
Fri Apr 30 20:59:57 2021
iperf3: error - unable to connect to server: Resource temporarily unavailable
Fri Apr 30 21:00:04 2021
iperf3: error - unable to connect to server: Resource temporarily unavailable
Fri Apr 30 21:00:11 2021
iperf3: error - unable to connect to server: Resource temporarily unavailable
Fri Apr 30 21:00:18 2021
iperf3: error - unable to connect to server: Resource temporarily unavailable
Fri Apr 30 21:00:25 2021
Connecting to host nprabhalmac.wifi.local.cmu.edu, port 6003
[  5] local 192.168.7.92 port 43668 connected to 172.26.211.223 port 6003
[ ID] Interval           Transfer     Bitrate         Retr  Cwnd
[  5]   0.00-1.00   sec  76.5 KBytes   626 Kbits/sec    5   1.34 KBytes       
[  5]   1.00-2.00   sec  38.9 KBytes   319 Kbits/sec    9   16.1 KBytes       
[  5]   2.00-3.00   sec  36.2 KBytes   297 Kbits/sec    6   8.05 KBytes       
[  5]   3.00-4.00   sec  89.9 KBytes   736 Kbits/sec    0   9.39 KBytes       
[  5]   4.00-5.00   sec  0.00 Bytes  0.00 bits/sec    1   9.39 KBytes       
- - - - - - - - - - - - - - - - - - - - - - - - -
[ ID] Interval           Transfer     Bitrate         Retr
[  5]   0.00-5.00   sec   242 KBytes   396 Kbits/sec   21             sender
[  5]   0.00-5.00   sec   173 KBytes   284 Kbits/sec                  receiver

iperf Done.
Fri Apr 30 21:00:32 2021
Fri Apr 30 21:00:39 2021
Fri Apr 30 21:00:46 2021
Fri Apr 30 21:00:53 2021
Fri Apr 30 21:01:00 2021
Fri Apr 30 21:01:07 2021
Fri Apr 30 21:01:14 2021
Connecting to host nprabhalmac.wifi.local.cmu.edu, port 6003
[  5] local 192.168.7.92 port 43692 connected to 172.26.211.223 port 6003
[ ID] Interval           Transfer     Bitrate         Retr  Cwnd
[  5]   0.00-1.00   sec   212 KBytes  1.74 Mbits/sec    0   51.0 KBytes       
[  5]   1.00-2.00   sec  81.8 KBytes   671 Kbits/sec    0   52.3 KBytes       
[  5]   2.00-3.00   sec  76.5 KBytes   627 Kbits/sec    0   55.0 KBytes       
[  5]   3.00-4.00   sec   141 KBytes  1.15 Mbits/sec   11   26.8 KBytes       
[  5]   4.00-5.00   sec   252 KBytes  2.07 Mbits/sec    6   18.8 KBytes       
- - - - - - - - - - - - - - - - - - - - - - - - -
[ ID] Interval           Transfer     Bitrate         Retr
[  5]   0.00-5.00   sec   763 KBytes  1.25 Mbits/sec   17             sender
[  5]   0.00-5.00   sec   657 KBytes  1.08 Mbits/sec                  receiver

iperf Done.
Fri Apr 30 21:01:21 2021
Fri Apr 30 21:01:28 2021
Connecting to host nprabhalmac.wifi.local.cmu.edu, port 6003
[  5] local 192.168.7.92 port 43700 connected to 172.26.211.223 port 6003
[ ID] Interval           Transfer     Bitrate         Retr  Cwnd
[  5]   0.00-1.00   sec   366 KBytes  3.00 Mbits/sec    0   56.4 KBytes       
[  5]   1.00-2.00   sec   203 KBytes  1.66 Mbits/sec   30   40.3 KBytes       
[  5]   2.00-3.00   sec   126 KBytes  1.03 Mbits/sec   17   14.8 KBytes       
[  5]   3.00-4.00   sec  0.00 Bytes  0.00 bits/sec    5   13.4 KBytes       
[  5]   4.00-5.00   sec   126 KBytes  1.03 Mbits/sec    0   16.1 KBytes       
- - - - - - - - - - - - - - - - - - - - - - - - -
[ ID] Interval           Transfer     Bitrate         Retr
[  5]   0.00-5.00   sec   821 KBytes  1.35 Mbits/sec   52             sender
[  5]   0.00-5.00   sec   687 KBytes  1.13 Mbits/sec                  receiver

iperf Done.
Fri Apr 30 21:01:35 2021
Connecting to host nprabhalmac.wifi.local.cmu.edu, port 6003
[  5] local 192.168.7.92 port 43704 connected to 172.26.211.223 port 6003
[ ID] Interval           Transfer     Bitrate         Retr  Cwnd
[  5]   0.00-1.00   sec   148 KBytes  1.21 Mbits/sec    5   13.4 KBytes       
[  5]   1.00-2.00   sec   119 KBytes   978 Kbits/sec    3   8.05 KBytes       
[  5]   2.00-3.00   sec  89.9 KBytes   736 Kbits/sec    2   14.8 KBytes       
[  5]   3.00-4.00   sec   174 KBytes  1.43 Mbits/sec    7   9.39 KBytes       
[  5]   4.00-5.00   sec  0.00 Bytes  0.00 bits/sec    3   5.37 KBytes       
- - - - - - - - - - - - - - - - - - - - - - - - -
[ ID] Interval           Transfer     Bitrate         Retr
[  5]   0.00-5.00   sec   531 KBytes   870 Kbits/sec   20             sender
[  5]   0.00-5.00   sec   475 KBytes   778 Kbits/sec                  receiver

iperf Done.
Fri Apr 30 21:01:42 2021
Connecting to host nprabhalmac.wifi.local.cmu.edu, port 6003
[  5] local 192.168.7.92 port 43708 connected to 172.26.211.223 port 6003
[ ID] Interval           Transfer     Bitrate         Retr  Cwnd
[  5]   0.00-1.00   sec  71.1 KBytes   582 Kbits/sec    2   12.1 KBytes       
[  5]   1.00-2.00   sec  42.9 KBytes   352 Kbits/sec    0   17.4 KBytes       
[  5]   2.00-3.00   sec  59.0 KBytes   484 Kbits/sec    0   17.4 KBytes       
[  5]   3.00-4.00   sec  56.4 KBytes   462 Kbits/sec    0   17.4 KBytes       
[  5]   4.00-5.00   sec  56.4 KBytes   462 Kbits/sec    0   21.5 KBytes       
- - - - - - - - - - - - - - - - - - - - - - - - -
[ ID] Interval           Transfer     Bitrate         Retr
[  5]   0.00-5.00   sec   286 KBytes   468 Kbits/sec    2             sender
[  5]   0.00-5.00   sec   244 KBytes   400 Kbits/sec                  receiver

iperf Done.
Fri Apr 30 21:01:49 2021
Fri Apr 30 21:01:56 2021
Fri Apr 30 21:02:03 2021
Fri Apr 30 21:02:10 2021
Fri Apr 30 21:02:17 2021
Fri Apr 30 21:02:24 2021
Fri Apr 30 21:02:31 2021
Fri Apr 30 21:02:38 2021
Fri Apr 30 21:02:45 2021
Fri Apr 30 21:02:52 2021
iperf3: error - unable to connect to server: Resource temporarily unavailable
Fri Apr 30 21:02:59 2021
Connecting to host nprabhalmac.wifi.local.cmu.edu, port 6002
[  5] local 192.168.7.33 port 57920 connected to 172.26.211.223 port 6002
[ ID] Interval           Transfer     Bitrate         Retr  Cwnd
[  5]   0.00-1.00   sec   624 KBytes  5.11 Mbits/sec    0    148 KBytes       
[  5]   1.00-2.00   sec   568 KBytes  4.65 Mbits/sec    3    176 KBytes       
[  5]   2.00-3.00   sec   315 KBytes  2.58 Mbits/sec    0    207 KBytes       
[  5]   3.00-4.00   sec   315 KBytes  2.58 Mbits/sec    0    207 KBytes       
[  5]   4.00-5.00   sec  0.00 Bytes  0.00 bits/sec    0    207 KBytes       
- - - - - - - - - - - - - - - - - - - - - - - - -
[ ID] Interval           Transfer     Bitrate         Retr
[  5]   0.00-5.00   sec  1.78 MBytes  2.98 Mbits/sec    3             sender
[  5]   0.00-5.00   sec  1.32 MBytes  2.21 Mbits/sec                  receiver

iperf Done.
Fri Apr 30 21:03:06 2021
Connecting to host nprabhalmac.wifi.local.cmu.edu, port 6002
[  5] local 192.168.7.33 port 57924 connected to 172.26.211.223 port 6002
[ ID] Interval           Transfer     Bitrate         Retr  Cwnd
[  5]   0.00-1.00   sec   687 KBytes  5.63 Mbits/sec    0    180 KBytes       
[  5]   1.00-2.00   sec   378 KBytes  3.10 Mbits/sec    7    130 KBytes       
[  5]   2.00-3.00   sec  0.00 Bytes  0.00 bits/sec    0    152 KBytes       
[  5]   3.00-4.00   sec   505 KBytes  4.14 Mbits/sec    8    111 KBytes       
[  5]   4.00-5.00   sec   252 KBytes  2.07 Mbits/sec    1   80.5 KBytes       
- - - - - - - - - - - - - - - - - - - - - - - - -
[ ID] Interval           Transfer     Bitrate         Retr
[  5]   0.00-5.00   sec  1.78 MBytes  2.99 Mbits/sec   16             sender
[  5]   0.00-5.00   sec  1.23 MBytes  2.07 Mbits/sec                  receiver

iperf Done.
Fri Apr 30 21:03:13 2021
Fri Apr 30 21:03:20 2021
Fri Apr 30 21:03:27 2021
Fri Apr 30 21:03:34 2021
Fri Apr 30 21:03:41 2021
Fri Apr 30 21:03:48 2021
Fri Apr 30 21:03:55 2021
Fri Apr 30 21:04:02 2021
Fri Apr 30 21:04:09 2021
Fri Apr 30 21:04:16 2021
Fri Apr 30 21:04:23 2021
Connecting to host nprabhalmac.wifi.local.cmu.edu, port 6002
[  5] local 192.168.7.33 port 57940 connected to 172.26.211.223 port 6002
[ ID] Interval           Transfer     Bitrate         Retr  Cwnd
[  5]   0.00-4.57   sec  76.5 KBytes   137 Kbits/sec    0   13.4 KBytes       
[  5]   4.57-5.00   sec   224 KBytes  4.28 Mbits/sec    0   71.1 KBytes       
- - - - - - - - - - - - - - - - - - - - - - - - -
[ ID] Interval           Transfer     Bitrate         Retr
[  5]   0.00-5.00   sec   301 KBytes   492 Kbits/sec    0             sender
[  5]   0.00-5.00   sec   127 KBytes   209 Kbits/sec                  receiver

iperf Done.
Fri Apr 30 21:04:30 2021
Fri Apr 30 21:04:37 2021
Connecting to host nprabhalmac.wifi.local.cmu.edu, port 6002
[  5] local 192.168.7.33 port 57948 connected to 172.26.211.223 port 6002
[ ID] Interval           Transfer     Bitrate         Retr  Cwnd
[  5]   0.00-1.00   sec  75.1 KBytes   615 Kbits/sec    1   13.4 KBytes       
[  5]   1.00-2.00   sec   115 KBytes   946 Kbits/sec    0   14.8 KBytes       
[  5]   2.00-3.00   sec   101 KBytes   825 Kbits/sec    0   18.8 KBytes       
[  5]   3.00-4.00   sec   109 KBytes   890 Kbits/sec    0   22.8 KBytes       
[  5]   4.00-5.00   sec   182 KBytes  1.49 Mbits/sec    2   18.8 KBytes       
- - - - - - - - - - - - - - - - - - - - - - - - -
[ ID] Interval           Transfer     Bitrate         Retr
[  5]   0.00-5.00   sec   582 KBytes   954 Kbits/sec    3             sender
[  5]   0.00-5.00   sec   466 KBytes   763 Kbits/sec                  receiver

iperf Done.
Fri Apr 30 21:04:44 2021
Fri Apr 30 21:04:51 2021
Fri Apr 30 21:04:58 2021
Fri Apr 30 21:05:05 2021
Fri Apr 30 21:05:12 2021
Connecting to host nprabhalmac.wifi.local.cmu.edu, port 6002
[  5] local 192.168.7.33 port 57966 connected to 172.26.211.223 port 6002
[ ID] Interval           Transfer     Bitrate         Retr  Cwnd
[  5]   0.00-1.00   sec  76.5 KBytes   626 Kbits/sec    4   10.7 KBytes       
[  5]   1.00-2.00   sec  51.0 KBytes   418 Kbits/sec    3   9.39 KBytes       
[  5]   2.00-3.00   sec  0.00 Bytes  0.00 bits/sec    2   5.37 KBytes       
[  5]   3.00-4.00   sec  0.00 Bytes  0.00 bits/sec    3   4.03 KBytes       
[  5]   4.00-5.00   sec  0.00 Bytes  0.00 bits/sec    0   4.03 KBytes       
- - - - - - - - - - - - - - - - - - - - - - - - -
[ ID] Interval           Transfer     Bitrate         Retr
[  5]   0.00-5.00   sec   127 KBytes   209 Kbits/sec   12             sender
[  5]   0.00-5.00   sec  88.6 KBytes   145 Kbits/sec                  receiver

iperf Done.
Fri Apr 30 21:05:19 2021
Connecting to host nprabhalmac.wifi.local.cmu.edu, port 6002
[  5] local 192.168.7.33 port 57970 connected to 172.26.211.223 port 6002
[ ID] Interval           Transfer     Bitrate         Retr  Cwnd
[  5]   0.00-1.00   sec  75.1 KBytes   615 Kbits/sec    1   9.39 KBytes       
[  5]   1.00-2.00   sec  0.00 Bytes  0.00 bits/sec    3   6.71 KBytes       
[  5]   2.00-3.00   sec  45.6 KBytes   374 Kbits/sec    1   5.37 KBytes       
[  5]   3.00-4.00   sec  0.00 Bytes  0.00 bits/sec    1   6.71 KBytes       
[  5]   4.00-5.00   sec  45.6 KBytes   374 Kbits/sec    2   9.39 KBytes       
- - - - - - - - - - - - - - - - - - - - - - - - -
[ ID] Interval           Transfer     Bitrate         Retr
[  5]   0.00-5.00   sec   166 KBytes   273 Kbits/sec    8             sender
[  5]   0.00-5.00   sec   118 KBytes   193 Kbits/sec                  receiver

iperf Done.
Fri Apr 30 21:05:26 2021
iperf3: error - unable to connect to server: Resource temporarily unavailable
Fri Apr 30 21:05:33 2021
iperf3: error - unable to connect to server: Resource temporarily unavailable
Fri Apr 30 21:05:40 2021
Connecting to host nprabhalmac.wifi.local.cmu.edu, port 6001
[  5] local 192.168.7.33 port 58158 connected to 172.26.211.223 port 6001
[ ID] Interval           Transfer     Bitrate         Retr  Cwnd
[  5]   0.00-1.00   sec  76.5 KBytes   626 Kbits/sec   20   1.34 KBytes       
[  5]   1.00-2.00   sec  38.9 KBytes   319 Kbits/sec    4   1.34 KBytes       
[  5]   2.00-3.00   sec  75.1 KBytes   616 Kbits/sec    5   4.03 KBytes       
[  5]   3.00-4.00   sec  0.00 Bytes  0.00 bits/sec    2   6.71 KBytes       
[  5]   4.00-5.00   sec  40.3 KBytes   330 Kbits/sec    2   4.03 KBytes       
- - - - - - - - - - - - - - - - - - - - - - - - -
[ ID] Interval           Transfer     Bitrate         Retr
[  5]   0.00-5.00   sec   231 KBytes   378 Kbits/sec   33             sender
[  5]   0.00-5.00   sec   172 KBytes   281 Kbits/sec                  receiver

iperf Done.
Fri Apr 30 21:05:47 2021
Fri Apr 30 21:05:54 2021
Fri Apr 30 21:06:01 2021
Fri Apr 30 21:06:08 2021
Fri Apr 30 21:06:15 2021
Fri Apr 30 21:06:22 2021
Fri Apr 30 21:06:29 2021
iperf3: error - unable to connect to server: Resource temporarily unavailable
Fri Apr 30 21:06:36 2021
Fri Apr 30 21:06:43 2021
Connecting to host nprabhalmac.wifi.local.cmu.edu, port 6002
[  5] local 192.168.7.33 port 58000 connected to 172.26.211.223 port 6002
[ ID] Interval           Transfer     Bitrate         Retr  Cwnd
[  5]   0.00-1.00   sec   435 KBytes  3.56 Mbits/sec    0    103 KBytes       
[  5]   1.00-2.00   sec   189 KBytes  1.55 Mbits/sec    0    115 KBytes       
[  5]   2.00-3.00   sec   252 KBytes  2.07 Mbits/sec    5   56.4 KBytes       
[  5]   3.00-4.00   sec   252 KBytes  2.07 Mbits/sec    8   16.1 KBytes       
[  5]   4.00-5.00   sec  0.00 Bytes  0.00 bits/sec    6   21.5 KBytes       
- - - - - - - - - - - - - - - - - - - - - - - - -
[ ID] Interval           Transfer     Bitrate         Retr
[  5]   0.00-5.00   sec  1.10 MBytes  1.85 Mbits/sec   19             sender
[  5]   0.00-5.00   sec   884 KBytes  1.45 Mbits/sec                  receiver

iperf Done.
Fri Apr 30 21:06:50 2021
Fri Apr 30 21:06:57 2021
Fri Apr 30 21:07:04 2021
Fri Apr 30 21:07:11 2021
Fri Apr 30 21:07:18 2021
Fri Apr 30 21:07:25 2021
Fri Apr 30 21:07:32 2021
Fri Apr 30 21:07:39 2021
Fri Apr 30 21:07:46 2021
Fri Apr 30 21:07:53 2021
Fri Apr 30 21:08:00 2021
Fri Apr 30 21:08:07 2021
Fri Apr 30 21:08:14 2021
iperf3: error - unable to connect to server: Resource temporarily unavailable
Fri Apr 30 21:08:21 2021
iperf3: error - unable to connect to server: Resource temporarily unavailable
Fri Apr 30 21:08:28 2021
Connecting to host nprabhalmac.wifi.local.cmu.edu, port 6003
[  5] local 192.168.7.92 port 43850 connected to 172.26.211.223 port 6003
[ ID] Interval           Transfer     Bitrate         Retr  Cwnd
[  5]   0.00-1.00   sec   177 KBytes  1.45 Mbits/sec   24   24.2 KBytes       
[  5]   1.00-2.00   sec  85.9 KBytes   704 Kbits/sec   11   12.1 KBytes       
[  5]   2.00-3.00   sec  76.5 KBytes   627 Kbits/sec    1   13.4 KBytes       
[  5]   3.00-4.00   sec  80.5 KBytes   660 Kbits/sec    1   6.71 KBytes       
[  5]   4.00-5.00   sec  73.8 KBytes   604 Kbits/sec    7   8.05 KBytes       
- - - - - - - - - - - - - - - - - - - - - - - - -
[ ID] Interval           Transfer     Bitrate         Retr
[  5]   0.00-5.00   sec   494 KBytes   809 Kbits/sec   44             sender
[  5]   0.00-5.00   sec   411 KBytes   673 Kbits/sec                  receiver

iperf Done.
Fri Apr 30 21:08:35 2021
Fri Apr 30 21:08:42 2021
Connecting to host nprabhalmac.wifi.local.cmu.edu, port 6003
[  5] local 192.168.7.92 port 43858 connected to 172.26.211.223 port 6003
[ ID] Interval           Transfer     Bitrate         Retr  Cwnd
[  5]   0.00-1.00   sec   177 KBytes  1.45 Mbits/sec    5   28.2 KBytes       
[  5]   1.00-2.00   sec   364 KBytes  2.98 Mbits/sec    5   28.2 KBytes       
[  5]   2.00-3.00   sec   326 KBytes  2.67 Mbits/sec    1   18.8 KBytes       
[  5]   3.00-4.00   sec   193 KBytes  1.58 Mbits/sec   10   13.4 KBytes       
[  5]   4.00-5.00   sec   126 KBytes  1.03 Mbits/sec   14   9.39 KBytes       
- - - - - - - - - - - - - - - - - - - - - - - - -
[ ID] Interval           Transfer     Bitrate         Retr
[  5]   0.00-5.00   sec  1.16 MBytes  1.94 Mbits/sec   35             sender
[  5]   0.00-5.00   sec  1.04 MBytes  1.74 Mbits/sec                  receiver

iperf Done.
Fri Apr 30 21:08:49 2021
Fri Apr 30 21:08:56 2021
Connecting to host nprabhalmac.wifi.local.cmu.edu, port 6003
[  5] local 192.168.7.92 port 43866 connected to 172.26.211.223 port 6003
[ ID] Interval           Transfer     Bitrate         Retr  Cwnd
[  5]   0.00-1.00   sec   197 KBytes  1.61 Mbits/sec    0   41.6 KBytes       
[  5]   1.00-2.00   sec  0.00 Bytes  0.00 bits/sec    0   44.3 KBytes       
[  5]   2.00-3.00   sec  0.00 Bytes  0.00 bits/sec    2   38.9 KBytes       
[  5]   3.00-4.00   sec  0.00 Bytes  0.00 bits/sec    0   30.9 KBytes       
[  5]   4.00-5.00   sec  0.00 Bytes  0.00 bits/sec    0   30.9 KBytes       
- - - - - - - - - - - - - - - - - - - - - - - - -
[ ID] Interval           Transfer     Bitrate         Retr
[  5]   0.00-5.00   sec   197 KBytes   323 Kbits/sec    2             sender
[  5]   0.00-5.00   sec   109 KBytes   178 Kbits/sec                  receiver

iperf Done.
Fri Apr 30 21:09:03 2021
Connecting to host nprabhalmac.wifi.local.cmu.edu, port 6003
[  5] local 192.168.7.92 port 43870 connected to 172.26.211.223 port 6003
[ ID] Interval           Transfer     Bitrate         Retr  Cwnd
[  5]   0.00-1.00   sec  76.5 KBytes   626 Kbits/sec    1   33.5 KBytes       
[  5]   1.00-2.00   sec  60.4 KBytes   495 Kbits/sec   11   18.8 KBytes       
[  5]   2.00-3.00   sec  36.2 KBytes   297 Kbits/sec    1   10.7 KBytes       
[  5]   3.00-4.00   sec  38.9 KBytes   319 Kbits/sec    0   12.1 KBytes       
[  5]   4.00-5.00   sec  0.00 Bytes  0.00 bits/sec    1   9.39 KBytes       
- - - - - - - - - - - - - - - - - - - - - - - - -
[ ID] Interval           Transfer     Bitrate         Retr
[  5]   0.00-5.00   sec   212 KBytes   347 Kbits/sec   14             sender
[  5]   0.00-5.00   sec   180 KBytes   295 Kbits/sec                  receiver

iperf Done.
Fri Apr 30 21:09:10 2021
Fri Apr 30 21:09:17 2021
Fri Apr 30 21:09:24 2021
Fri Apr 30 21:09:31 2021
Fri Apr 30 21:09:38 2021
iperf3: error - unable to connect to server: Resource temporarily unavailable
Fri Apr 30 21:09:45 2021
iperf3: error - unable to connect to server: Resource temporarily unavailable
Fri Apr 30 21:09:52 2021
iperf3: error - unable to connect to server: Resource temporarily unavailable
Fri Apr 30 21:09:59 2021
iperf3: error - unable to connect to server: Resource temporarily unavailable
Fri Apr 30 21:10:06 2021
iperf3: error - unable to connect to server: Resource temporarily unavailable
Fri Apr 30 21:10:13 2021
iperf3: error - unable to connect to server: Resource temporarily unavailable
Fri Apr 30 21:10:20 2021
iperf3: error - unable to connect to server: Resource temporarily unavailable
Fri Apr 30 21:10:27 2021
iperf3: error - unable to connect to server: Resource temporarily unavailable
Fri Apr 30 21:10:34 2021
iperf3: error - unable to connect to server: Resource temporarily unavailable
Fri Apr 30 21:10:41 2021
iperf3: error - unable to connect to server: Resource temporarily unavailable
Fri Apr 30 21:10:48 2021
iperf3: error - unable to connect to server: Resource temporarily unavailable
Fri Apr 30 21:10:55 2021
iperf3: error - unable to connect to server: Resource temporarily unavailable
Fri Apr 30 21:11:02 2021
iperf3: error - unable to connect to server: Resource temporarily unavailable
Fri Apr 30 21:11:09 2021
iperf3: error - unable to connect to server: Resource temporarily unavailable
Fri Apr 30 21:11:16 2021
iperf3: error - unable to connect to server: Resource temporarily unavailable
Fri Apr 30 21:11:23 2021
iperf3: error - unable to connect to server: Resource temporarily unavailable
Fri Apr 30 21:11:30 2021
iperf3: error - unable to connect to server: Resource temporarily unavailable
Fri Apr 30 21:11:37 2021
iperf3: error - unable to connect to server: Resource temporarily unavailable
Fri Apr 30 21:11:44 2021
iperf3: error - unable to connect to server: Resource temporarily unavailable
Fri Apr 30 21:11:51 2021
iperf3: error - unable to connect to server: Resource temporarily unavailable
Fri Apr 30 21:11:58 2021
iperf3: error - unable to connect to server: Resource temporarily unavailable
Fri Apr 30 21:12:05 2021
iperf3: error - unable to connect to server: Resource temporarily unavailable
