2021-05-05T19:44:12.930
*-*
2021-05-05T19:44:23.244
*-*
2021-05-05T19:44:36.416
*-*
2021-05-05T19:44:46.695
*-*
2021-05-05T19:44:59.867
*-*
2021-05-05T19:45:10.143
*-*
2021-05-05T19:45:26.118
*-*
2021-05-05T19:45:42.115
*-*
2021-05-05T19:45:55.272
*-*
2021-05-05T19:46:05.555
*-*
2021-05-05T19:46:15.841
*-*
2021-05-05T19:46:30.472
*-*
2021-05-05T19:46:44.913
*-*
          Cell 20 - Address: B8:27:EB:75:C1:31
                    Channel:6
                    Frequency:2.437 GHz (Channel 6)
                    Quality=30/70  Signal level=-80 dBm  
                    Encryption key:on
                    ESSID:"WirelessProject"
                    Bit Rates:1 Mb/s; 2 Mb/s; 5.5 Mb/s; 11 Mb/s; 18 Mb/s
                              24 Mb/s; 36 Mb/s; 54 Mb/s
                    Bit Rates:6 Mb/s; 9 Mb/s; 12 Mb/s; 48 Mb/s
                    Mode:Master
                    Extra:tsf=0000000000000000
2021-05-05T19:46:59.520
*-*
          Cell 20 - Address: B8:27:EB:75:C1:31
                    Channel:6
                    Frequency:2.437 GHz (Channel 6)
                    Quality=34/70  Signal level=-76 dBm  
                    Encryption key:on
                    ESSID:"WirelessProject"
                    Bit Rates:1 Mb/s; 2 Mb/s; 5.5 Mb/s; 11 Mb/s; 18 Mb/s
                              24 Mb/s; 36 Mb/s; 54 Mb/s
                    Bit Rates:6 Mb/s; 9 Mb/s; 12 Mb/s; 48 Mb/s
                    Mode:Master
                    Extra:tsf=0000000000000000
2021-05-05T19:47:14.022
*-*
2021-05-05T19:47:28.581
*-*
2021-05-05T19:47:43.162
*-*
2021-05-05T19:47:57.731
*-*
2021-05-05T19:48:12.300
*-*
2021-05-05T19:48:26.974
*-*
2021-05-05T19:48:37.258
*-*
2021-05-05T19:48:51.699
*-*
2021-05-05T19:49:06.305
*-*
2021-05-05T19:49:16.590
*-*
2021-05-05T19:49:31.147
*-*
          Cell 09 - Address: B8:27:EB:6C:F0:84
                    Channel:1
                    Frequency:2.412 GHz (Channel 1)
                    Quality=70/70  Signal level=-33 dBm  
                    Encryption key:on
                    ESSID:"WirelessProject"
                    Bit Rates:1 Mb/s; 2 Mb/s; 5.5 Mb/s; 11 Mb/s; 18 Mb/s
                              24 Mb/s; 36 Mb/s; 54 Mb/s
                    Bit Rates:6 Mb/s; 9 Mb/s; 12 Mb/s; 48 Mb/s
                    Mode:Master
                    Extra:tsf=0000000000000000
2021-05-05T19:49:45.847
*-*
2021-05-05T19:50:00.506
*-*
2021-05-05T19:50:19.360
*-*
2021-05-05T19:50:34.017
*-*
2021-05-05T19:50:48.479
*-*
2021-05-05T19:51:02.936
*-*
2021-05-05T19:51:17.476
*-*
2021-05-05T19:51:27.813
*-*
2021-05-05T19:51:40.978
*-*
2021-05-05T19:51:54.138
*-*
2021-05-05T19:52:07.299
*-*
