Wed May  5 17:44:25 2021
iperf3: error - unable to connect to server: Resource temporarily unavailable
Wed May  5 17:44:32 2021
iperf3: error - unable to connect to server: Resource temporarily unavailable
Wed May  5 17:44:39 2021
iperf3: error - unable to connect to server: Resource temporarily unavailable
Wed May  5 17:44:46 2021
iperf3: error - unable to connect to server: Resource temporarily unavailable
Wed May  5 17:44:53 2021
iperf3: error - unable to connect to server: Resource temporarily unavailable
Wed May  5 17:45:00 2021
iperf3: error - unable to connect to server: Resource temporarily unavailable
Wed May  5 17:45:07 2021
iperf3: error - unable to connect to server: Resource temporarily unavailable
Wed May  5 17:45:14 2021
iperf3: error - unable to connect to server: Resource temporarily unavailable
Wed May  5 17:45:21 2021
iperf3: error - unable to connect to server: Resource temporarily unavailable
Wed May  5 17:45:28 2021
iperf3: error - unable to connect to server: Resource temporarily unavailable
Wed May  5 17:45:35 2021
iperf3: error - unable to connect to server: Resource temporarily unavailable
Wed May  5 17:45:42 2021
iperf3: error - unable to connect to server: Resource temporarily unavailable
Wed May  5 17:45:49 2021
iperf3: error - unable to connect to server: Resource temporarily unavailable
Wed May  5 17:45:56 2021
iperf3: error - unable to connect to server: Resource temporarily unavailable
Wed May  5 17:46:03 2021
iperf3: error - unable to connect to server: Resource temporarily unavailable
Wed May  5 17:46:10 2021
iperf3: error - unable to connect to server: Resource temporarily unavailable
Wed May  5 17:46:17 2021
iperf3: error - unable to connect to server: Resource temporarily unavailable
Wed May  5 17:46:24 2021
iperf3: error - unable to connect to server: Resource temporarily unavailable
Wed May  5 17:46:31 2021
iperf3: error - unable to connect to server: Resource temporarily unavailable
Wed May  5 17:46:38 2021
iperf3: error - unable to connect to server: Resource temporarily unavailable
Wed May  5 17:46:45 2021
iperf3: error - unable to connect to server: Resource temporarily unavailable
Wed May  5 17:46:52 2021
iperf3: error - unable to connect to server: Resource temporarily unavailable
Wed May  5 17:46:59 2021
iperf3: error - unable to connect to server: Resource temporarily unavailable
Wed May  5 17:47:06 2021
iperf3: error - unable to connect to server: Resource temporarily unavailable
Wed May  5 17:47:13 2021
iperf3: error - unable to connect to server: Resource temporarily unavailable
Wed May  5 17:47:20 2021
iperf3: error - unable to connect to server: Resource temporarily unavailable
Wed May  5 17:47:27 2021
iperf3: error - unable to connect to server: Resource temporarily unavailable
Wed May  5 17:47:34 2021
iperf3: error - unable to connect to server: Resource temporarily unavailable
Wed May  5 17:47:41 2021
iperf3: error - unable to connect to server: Resource temporarily unavailable
Wed May  5 17:47:48 2021
iperf3: error - unable to connect to server: Resource temporarily unavailable
Wed May  5 17:47:55 2021
iperf3: error - unable to connect to server: Resource temporarily unavailable
Wed May  5 17:48:02 2021
iperf3: error - unable to connect to server: Resource temporarily unavailable
Wed May  5 17:48:09 2021
iperf3: error - unable to connect to server: Resource temporarily unavailable
Wed May  5 17:48:16 2021
iperf3: error - unable to connect to server: Resource temporarily unavailable
Wed May  5 17:48:23 2021
iperf3: error - unable to connect to server: Resource temporarily unavailable
Wed May  5 17:48:30 2021
iperf3: error - unable to connect to server: Resource temporarily unavailable
Wed May  5 17:48:37 2021
iperf3: error - unable to connect to server: Resource temporarily unavailable
Wed May  5 17:48:44 2021
iperf3: error - unable to connect to server: Resource temporarily unavailable
Wed May  5 17:48:51 2021
iperf3: error - unable to connect to server: Resource temporarily unavailable
Wed May  5 17:48:58 2021
iperf3: error - unable to connect to server: Resource temporarily unavailable
Wed May  5 17:49:05 2021
iperf3: error - unable to connect to server: Resource temporarily unavailable
Wed May  5 17:49:12 2021
iperf3: error - unable to connect to server: Resource temporarily unavailable
Wed May  5 17:49:19 2021
iperf3: error - unable to connect to server: Resource temporarily unavailable
Wed May  5 17:49:26 2021
iperf3: error - unable to connect to server: Resource temporarily unavailable
Wed May  5 17:49:33 2021
iperf3: error - unable to connect to server: Resource temporarily unavailable
Wed May  5 17:49:40 2021
iperf3: error - unable to connect to server: Resource temporarily unavailable
Wed May  5 17:49:47 2021
iperf3: error - unable to connect to server: Resource temporarily unavailable
Wed May  5 17:49:54 2021
iperf3: error - unable to connect to server: Resource temporarily unavailable
Wed May  5 17:50:01 2021
iperf3: error - unable to connect to server: Resource temporarily unavailable
Wed May  5 17:50:08 2021
iperf3: error - unable to connect to server: Resource temporarily unavailable
Wed May  5 17:50:15 2021
iperf3: error - unable to connect to server: Resource temporarily unavailable
Wed May  5 17:50:22 2021
iperf3: error - unable to connect to server: Resource temporarily unavailable
Wed May  5 17:50:29 2021
iperf3: error - unable to connect to server: Resource temporarily unavailable
Wed May  5 17:50:36 2021
iperf3: error - unable to connect to server: Resource temporarily unavailable
Wed May  5 17:50:43 2021
iperf3: error - unable to connect to server: Resource temporarily unavailable
Wed May  5 17:50:50 2021
iperf3: error - unable to connect to server: Resource temporarily unavailable
Wed May  5 17:50:57 2021
iperf3: error - unable to connect to server: Resource temporarily unavailable
Wed May  5 17:51:04 2021
iperf3: error - unable to connect to server: Resource temporarily unavailable
Wed May  5 17:51:11 2021
iperf3: error - unable to connect to server: Resource temporarily unavailable
Wed May  5 18:08:53 2021
iperf3: error - unable to connect to server: Resource temporarily unavailable
Wed May  5 18:09:00 2021
iperf3: error - unable to connect to server: Resource temporarily unavailable
Wed May  5 18:09:07 2021
iperf3: error - unable to connect to server: Resource temporarily unavailable
Wed May  5 18:09:14 2021
iperf3: error - unable to connect to server: Resource temporarily unavailable
Wed May  5 18:09:21 2021
iperf3: error - unable to connect to server: Resource temporarily unavailable
Wed May  5 18:09:28 2021
iperf3: error - unable to connect to server: Resource temporarily unavailable
Wed May  5 18:09:35 2021
iperf3: error - unable to connect to server: Resource temporarily unavailable
Wed May  5 18:09:42 2021
iperf3: error - unable to connect to server: Resource temporarily unavailable
Wed May  5 18:09:49 2021
iperf3: error - unable to connect to server: Resource temporarily unavailable
Wed May  5 18:09:56 2021
iperf3: error - unable to connect to server: Resource temporarily unavailable
Wed May  5 18:10:03 2021
iperf3: error - unable to connect to server: Resource temporarily unavailable
Wed May  5 18:10:10 2021
iperf3: error - unable to connect to server: Resource temporarily unavailable
Wed May  5 18:10:17 2021
iperf3: error - unable to connect to server: Resource temporarily unavailable
Wed May  5 18:10:24 2021
iperf3: error - unable to connect to server: Resource temporarily unavailable
Wed May  5 18:10:31 2021
iperf3: error - unable to connect to server: Resource temporarily unavailable
Wed May  5 18:10:38 2021
iperf3: error - unable to connect to server: Resource temporarily unavailable
Wed May  5 18:10:45 2021
iperf3: error - unable to connect to server: Resource temporarily unavailable
Wed May  5 18:10:52 2021
iperf3: error - unable to connect to server: Resource temporarily unavailable
Wed May  5 18:10:59 2021
iperf3: error - unable to connect to server: Resource temporarily unavailable
Wed May  5 18:11:06 2021
Wed May  5 18:11:13 2021
Wed May  5 18:11:20 2021
Wed May  5 18:11:27 2021
Wed May  5 18:11:34 2021
Wed May  5 18:11:41 2021
Connecting to host nprabhalmac.wifi.local.cmu.edu, port 6002
[  5] local 192.168.17.57 port 53906 connected to 172.26.211.223 port 6002
[ ID] Interval           Transfer     Bitrate         Retr  Cwnd
[  5]   0.00-1.00   sec   270 KBytes  2.21 Mbits/sec    1   32.2 KBytes       
[  5]   1.00-2.00   sec   145 KBytes  1.19 Mbits/sec    0   42.9 KBytes       
[  5]   2.00-3.00   sec   169 KBytes  1.39 Mbits/sec    0   49.6 KBytes       
[  5]   3.00-4.00   sec   184 KBytes  1.51 Mbits/sec    0   51.0 KBytes       
[  5]   4.00-5.00   sec  83.2 KBytes   681 Kbits/sec    1   38.9 KBytes       
- - - - - - - - - - - - - - - - - - - - - - - - -
[ ID] Interval           Transfer     Bitrate         Retr
[  5]   0.00-5.00   sec   851 KBytes  1.39 Mbits/sec    2             sender
[  5]   0.00-5.00   sec   778 KBytes  1.27 Mbits/sec                  receiver

iperf Done.
Wed May  5 18:11:48 2021
Wed May  5 18:11:55 2021
Connecting to host nprabhalmac.wifi.local.cmu.edu, port 6002
[  5] local 192.168.17.57 port 53914 connected to 172.26.211.223 port 6002
[ ID] Interval           Transfer     Bitrate         Retr  Cwnd
[  5]   0.00-1.00   sec   243 KBytes  1.99 Mbits/sec    3   18.8 KBytes       
[  5]   1.00-2.00   sec   130 KBytes  1.07 Mbits/sec    0   25.5 KBytes       
[  5]   2.00-3.00   sec  72.5 KBytes   593 Kbits/sec    1   18.8 KBytes       
[  5]   3.00-4.00   sec  65.7 KBytes   539 Kbits/sec    2   12.1 KBytes       
[  5]   4.00-5.00   sec   126 KBytes  1.03 Mbits/sec    1   12.1 KBytes       
- - - - - - - - - - - - - - - - - - - - - - - - -
[ ID] Interval           Transfer     Bitrate         Retr
[  5]   0.00-5.00   sec   637 KBytes  1.04 Mbits/sec    7             sender
[  5]   0.00-5.00   sec   557 KBytes   912 Kbits/sec                  receiver

iperf Done.
Wed May  5 18:12:02 2021
Wed May  5 18:12:09 2021
Wed May  5 18:12:16 2021
Wed May  5 18:12:23 2021
Wed May  5 18:12:30 2021
Wed May  5 18:12:37 2021
Wed May  5 18:12:44 2021
Wed May  5 18:12:51 2021
Wed May  5 18:12:58 2021
Wed May  5 18:13:05 2021
iperf3: error - unable to connect to server: Resource temporarily unavailable
Wed May  5 18:13:12 2021
iperf3: error - unable to connect to server: Resource temporarily unavailable
Wed May  5 18:13:19 2021
Connecting to host nprabhalmac.wifi.local.cmu.edu, port 6001
[  5] local 192.168.17.57 port 54476 connected to 172.26.211.223 port 6001
[ ID] Interval           Transfer     Bitrate         Retr  Cwnd
[  5]   0.00-1.00   sec   212 KBytes  1.74 Mbits/sec    5   14.8 KBytes       
[  5]   1.00-2.00   sec   150 KBytes  1.23 Mbits/sec    0   20.1 KBytes       
[  5]   2.00-3.00   sec   101 KBytes   824 Kbits/sec    1   17.4 KBytes       
[  5]   3.00-4.00   sec  91.2 KBytes   747 Kbits/sec    0   21.5 KBytes       
[  5]   4.00-5.00   sec   157 KBytes  1.29 Mbits/sec    0   25.5 KBytes       
- - - - - - - - - - - - - - - - - - - - - - - - -
[ ID] Interval           Transfer     Bitrate         Retr
[  5]   0.00-5.00   sec   711 KBytes  1.17 Mbits/sec    6             sender
[  5]   0.00-5.00   sec   691 KBytes  1.13 Mbits/sec                  receiver

iperf Done.
Wed May  5 18:13:26 2021
Connecting to host nprabhalmac.wifi.local.cmu.edu, port 6001
[  5] local 192.168.17.57 port 54480 connected to 172.26.211.223 port 6001
[ ID] Interval           Transfer     Bitrate         Retr  Cwnd
[  5]   0.00-1.00   sec   303 KBytes  2.48 Mbits/sec    1   32.2 KBytes       
[  5]   1.00-2.00   sec  0.00 Bytes  0.00 bits/sec    0   40.3 KBytes       
[  5]   2.00-3.00   sec  0.00 Bytes  0.00 bits/sec    0   47.0 KBytes       
[  5]   3.00-4.00   sec  0.00 Bytes  0.00 bits/sec    0   49.6 KBytes       
[  5]   4.00-5.00   sec   181 KBytes  1.49 Mbits/sec    0   52.3 KBytes       
- - - - - - - - - - - - - - - - - - - - - - - - -
[ ID] Interval           Transfer     Bitrate         Retr
[  5]   0.00-5.00   sec   484 KBytes   794 Kbits/sec    1             sender
[  5]   0.00-5.00   sec   429 KBytes   703 Kbits/sec                  receiver

iperf Done.
Wed May  5 18:13:33 2021
Connecting to host nprabhalmac.wifi.local.cmu.edu, port 6001
[  5] local 192.168.17.57 port 54484 connected to 172.26.211.223 port 6001
[ ID] Interval           Transfer     Bitrate         Retr  Cwnd
[  5]   0.00-1.00   sec   389 KBytes  3.19 Mbits/sec    1   36.2 KBytes       
[  5]   1.00-2.00   sec   169 KBytes  1.39 Mbits/sec    0   44.3 KBytes       
[  5]   2.00-3.00   sec  95.3 KBytes   780 Kbits/sec    1   21.5 KBytes       
[  5]   3.00-4.00   sec   150 KBytes  1.23 Mbits/sec    0   40.3 KBytes       
[  5]   4.00-5.00   sec   181 KBytes  1.49 Mbits/sec    0   44.3 KBytes       
- - - - - - - - - - - - - - - - - - - - - - - - -
[ ID] Interval           Transfer     Bitrate         Retr
[  5]   0.00-5.00   sec   985 KBytes  1.61 Mbits/sec    2             sender
[  5]   0.00-5.00   sec   879 KBytes  1.44 Mbits/sec                  receiver

iperf Done.
Wed May  5 18:13:40 2021
Connecting to host nprabhalmac.wifi.local.cmu.edu, port 6001
[  5] local 192.168.17.57 port 54488 connected to 172.26.211.223 port 6001
[ ID] Interval           Transfer     Bitrate         Retr  Cwnd
[  5]   0.00-1.00   sec   256 KBytes  2.10 Mbits/sec    1   30.9 KBytes       
[  5]   1.00-2.00   sec  73.8 KBytes   605 Kbits/sec    1   22.8 KBytes       
[  5]   2.00-3.00   sec  0.00 Bytes  0.00 bits/sec    0   25.5 KBytes       
[  5]   3.00-4.00   sec  81.8 KBytes   671 Kbits/sec    0   25.5 KBytes       
[  5]   4.00-5.00   sec  0.00 Bytes  0.00 bits/sec    0   26.8 KBytes       
- - - - - - - - - - - - - - - - - - - - - - - - -
[ ID] Interval           Transfer     Bitrate         Retr
[  5]   0.00-5.00   sec   412 KBytes   675 Kbits/sec    2             sender
[  5]   0.00-5.00   sec   330 KBytes   541 Kbits/sec                  receiver

iperf Done.
Wed May  5 18:13:47 2021
Connecting to host nprabhalmac.wifi.local.cmu.edu, port 6001
[  5] local 192.168.17.57 port 54492 connected to 172.26.211.223 port 6001
[ ID] Interval           Transfer     Bitrate         Retr  Cwnd
[  5]   0.00-1.00   sec   126 KBytes  1.03 Mbits/sec    1   13.4 KBytes       
[  5]   1.00-2.00   sec   105 KBytes   858 Kbits/sec    2   9.39 KBytes       
[  5]   2.00-3.00   sec   102 KBytes   835 Kbits/sec    1   13.4 KBytes       
[  5]   3.00-4.00   sec   103 KBytes   847 Kbits/sec    1   13.4 KBytes       
[  5]   4.00-5.00   sec  56.4 KBytes   462 Kbits/sec    1   12.1 KBytes       
- - - - - - - - - - - - - - - - - - - - - - - - -
[ ID] Interval           Transfer     Bitrate         Retr
[  5]   0.00-5.00   sec   492 KBytes   807 Kbits/sec    6             sender
[  5]   0.00-5.00   sec   463 KBytes   758 Kbits/sec                  receiver

iperf Done.
Wed May  5 18:13:54 2021
Connecting to host nprabhalmac.wifi.local.cmu.edu, port 6001
[  5] local 192.168.17.57 port 54496 connected to 172.26.211.223 port 6001
[ ID] Interval           Transfer     Bitrate         Retr  Cwnd
[  5]   0.00-1.00   sec  76.5 KBytes   626 Kbits/sec    1   30.9 KBytes       
[  5]   1.00-2.00   sec   105 KBytes   857 Kbits/sec    1   30.9 KBytes       
[  5]   2.00-3.00   sec  73.8 KBytes   605 Kbits/sec    5   20.1 KBytes       
[  5]   3.00-4.00   sec  0.00 Bytes  0.00 bits/sec    3   17.4 KBytes       
[  5]   4.00-5.00   sec  63.1 KBytes   517 Kbits/sec    0   17.4 KBytes       
- - - - - - - - - - - - - - - - - - - - - - - - -
[ ID] Interval           Transfer     Bitrate         Retr
[  5]   0.00-5.00   sec   318 KBytes   521 Kbits/sec   10             sender
[  5]   0.00-5.00   sec   184 KBytes   301 Kbits/sec                  receiver

iperf Done.
Wed May  5 18:14:01 2021
Wed May  5 18:14:08 2021
Wed May  5 18:14:15 2021
Wed May  5 18:14:22 2021
Wed May  5 18:14:29 2021
Connecting to host nprabhalmac.wifi.local.cmu.edu, port 6001
[  5] local 192.168.17.57 port 54516 connected to 172.26.211.223 port 6001
[ ID] Interval           Transfer     Bitrate         Retr  Cwnd
[  5]   0.00-1.00   sec   260 KBytes  2.13 Mbits/sec    1   48.3 KBytes       
[  5]   1.00-2.00   sec  63.1 KBytes   516 Kbits/sec    1   37.6 KBytes       
[  5]   2.00-3.00   sec   207 KBytes  1.69 Mbits/sec    3   20.1 KBytes       
[  5]   3.00-4.00   sec  63.1 KBytes   516 Kbits/sec    0   24.2 KBytes       
[  5]   4.00-5.00   sec  63.1 KBytes   516 Kbits/sec    3   8.05 KBytes       
- - - - - - - - - - - - - - - - - - - - - - - - -
[ ID] Interval           Transfer     Bitrate         Retr
[  5]   0.00-5.00   sec   656 KBytes  1.07 Mbits/sec    8             sender
[  5]   0.00-5.00   sec   573 KBytes   939 Kbits/sec                  receiver

iperf Done.
Wed May  5 18:14:36 2021
Wed May  5 18:14:43 2021
Connecting to host nprabhalmac.wifi.local.cmu.edu, port 6001
[  5] local 192.168.17.57 port 54524 connected to 172.26.211.223 port 6001
[ ID] Interval           Transfer     Bitrate         Retr  Cwnd
[  5]   0.00-1.00   sec   220 KBytes  1.80 Mbits/sec    0   44.3 KBytes       
[  5]   1.00-2.00   sec   101 KBytes   824 Kbits/sec    0   49.6 KBytes       
[  5]   2.00-3.00   sec  95.3 KBytes   780 Kbits/sec    0   55.0 KBytes       
[  5]   3.00-4.00   sec  89.9 KBytes   736 Kbits/sec    0   60.4 KBytes       
[  5]   4.00-5.00   sec   154 KBytes  1.26 Mbits/sec    2   48.3 KBytes       
- - - - - - - - - - - - - - - - - - - - - - - - -
[ ID] Interval           Transfer     Bitrate         Retr
[  5]   0.00-5.00   sec   660 KBytes  1.08 Mbits/sec    2             sender
[  5]   0.00-5.00   sec   574 KBytes   941 Kbits/sec                  receiver

iperf Done.
Wed May  5 18:14:50 2021
Wed May  5 18:14:57 2021
Connecting to host nprabhalmac.wifi.local.cmu.edu, port 6001
[  5] local 192.168.17.57 port 54532 connected to 172.26.211.223 port 6001
[ ID] Interval           Transfer     Bitrate         Retr  Cwnd
[  5]   0.00-1.00   sec   170 KBytes  1.40 Mbits/sec    0   49.6 KBytes       
[  5]   1.00-2.00   sec   137 KBytes  1.12 Mbits/sec    2   24.2 KBytes       
[  5]   2.00-3.00   sec  63.1 KBytes   517 Kbits/sec    1   20.1 KBytes       
[  5]   3.00-4.00   sec   126 KBytes  1.03 Mbits/sec    1   17.4 KBytes       
[  5]   4.00-5.00   sec   126 KBytes  1.03 Mbits/sec    9   10.7 KBytes       
- - - - - - - - - - - - - - - - - - - - - - - - -
[ ID] Interval           Transfer     Bitrate         Retr
[  5]   0.00-5.00   sec   623 KBytes  1.02 Mbits/sec   13             sender
[  5]   0.00-5.00   sec   458 KBytes   750 Kbits/sec                  receiver

iperf Done.
Wed May  5 18:15:04 2021
Wed May  5 18:15:11 2021
Wed May  5 18:15:18 2021
Connecting to host nprabhalmac.wifi.local.cmu.edu, port 6001
[  5] local 192.168.17.57 port 54544 connected to 172.26.211.223 port 6001
[ ID] Interval           Transfer     Bitrate         Retr  Cwnd
[  5]   0.00-1.00   sec   293 KBytes  2.39 Mbits/sec    0   69.8 KBytes       
[  5]   1.00-2.00   sec   154 KBytes  1.26 Mbits/sec    2   52.3 KBytes       
[  5]   2.00-3.00   sec   126 KBytes  1.03 Mbits/sec    1   41.6 KBytes       
[  5]   3.00-4.00   sec   126 KBytes  1.03 Mbits/sec    0   47.0 KBytes       
[  5]   4.00-5.00   sec   126 KBytes  1.03 Mbits/sec    1   34.9 KBytes       
- - - - - - - - - - - - - - - - - - - - - - - - -
[ ID] Interval           Transfer     Bitrate         Retr
[  5]   0.00-5.00   sec   825 KBytes  1.35 Mbits/sec    4             sender
[  5]   0.00-5.00   sec   686 KBytes  1.12 Mbits/sec                  receiver

iperf Done.
Wed May  5 18:15:25 2021
Connecting to host nprabhalmac.wifi.local.cmu.edu, port 6001
[  5] local 192.168.17.57 port 54548 connected to 172.26.211.223 port 6001
[ ID] Interval           Transfer     Bitrate         Retr  Cwnd
[  5]   0.00-1.00   sec   252 KBytes  2.07 Mbits/sec    0   52.3 KBytes       
[  5]   1.00-2.00   sec  0.00 Bytes  0.00 bits/sec    0   56.4 KBytes       
[  5]   2.00-3.00   sec   174 KBytes  1.43 Mbits/sec    0   63.1 KBytes       
[  5]   3.00-4.00   sec   220 KBytes  1.80 Mbits/sec    0   69.8 KBytes       
[  5]   4.00-5.00   sec   134 KBytes  1.10 Mbits/sec    0   88.6 KBytes       
- - - - - - - - - - - - - - - - - - - - - - - - -
[ ID] Interval           Transfer     Bitrate         Retr
[  5]   0.00-5.00   sec   781 KBytes  1.28 Mbits/sec    0             sender
[  5]   0.00-5.00   sec   686 KBytes  1.12 Mbits/sec                  receiver

iperf Done.
Wed May  5 18:15:32 2021
Connecting to host nprabhalmac.wifi.local.cmu.edu, port 6001
[  5] local 192.168.17.57 port 54552 connected to 172.26.211.223 port 6001
[ ID] Interval           Transfer     Bitrate         Retr  Cwnd
[  5]   0.00-1.00   sec   698 KBytes  5.71 Mbits/sec    3   68.4 KBytes       
[  5]   1.00-2.00   sec   505 KBytes  4.13 Mbits/sec    3   40.3 KBytes       
[  5]   2.00-3.00   sec   378 KBytes  3.10 Mbits/sec    6   14.8 KBytes       
[  5]   3.00-4.00   sec   631 KBytes  5.17 Mbits/sec    5   17.4 KBytes       
[  5]   4.00-5.00   sec   505 KBytes  4.13 Mbits/sec    8   13.4 KBytes       
- - - - - - - - - - - - - - - - - - - - - - - - -
[ ID] Interval           Transfer     Bitrate         Retr
[  5]   0.00-5.00   sec  2.65 MBytes  4.45 Mbits/sec   25             sender
[  5]   0.00-5.00   sec  2.35 MBytes  3.95 Mbits/sec                  receiver

iperf Done.
Wed May  5 18:15:39 2021
Connecting to host nprabhalmac.wifi.local.cmu.edu, port 6001
[  5] local 192.168.17.57 port 54556 connected to 172.26.211.223 port 6001
[ ID] Interval           Transfer     Bitrate         Retr  Cwnd
[  5]   0.00-1.00   sec   374 KBytes  3.07 Mbits/sec    3   25.5 KBytes       
[  5]   1.00-2.00   sec   126 KBytes  1.03 Mbits/sec    9   12.1 KBytes       
[  5]   2.00-3.00   sec   378 KBytes  3.10 Mbits/sec    8   8.05 KBytes       
[  5]   3.00-4.00   sec   378 KBytes  3.10 Mbits/sec   12   8.05 KBytes       
[  5]   4.00-5.00   sec   505 KBytes  4.13 Mbits/sec    7   14.8 KBytes       
- - - - - - - - - - - - - - - - - - - - - - - - -
[ ID] Interval           Transfer     Bitrate         Retr
[  5]   0.00-5.00   sec  1.72 MBytes  2.89 Mbits/sec   39             sender
[  5]   0.00-5.00   sec  1.56 MBytes  2.61 Mbits/sec                  receiver

iperf Done.
Wed May  5 18:15:46 2021
Connecting to host nprabhalmac.wifi.local.cmu.edu, port 6001
[  5] local 192.168.17.57 port 54560 connected to 172.26.211.223 port 6001
[ ID] Interval           Transfer     Bitrate         Retr  Cwnd
[  5]   0.00-1.00   sec   459 KBytes  3.76 Mbits/sec   17   4.03 KBytes       
[  5]   1.00-2.00   sec   317 KBytes  2.59 Mbits/sec    7   6.71 KBytes       
[  5]   2.00-3.00   sec   381 KBytes  3.12 Mbits/sec    8   10.7 KBytes       
[  5]   3.00-4.00   sec   126 KBytes  1.03 Mbits/sec    8   13.4 KBytes       
[  5]   4.00-5.00   sec  63.1 KBytes   517 Kbits/sec   14   6.71 KBytes       
- - - - - - - - - - - - - - - - - - - - - - - - -
[ ID] Interval           Transfer     Bitrate         Retr
[  5]   0.00-5.00   sec  1.31 MBytes  2.20 Mbits/sec   54             sender
[  5]   0.00-5.00   sec  1.20 MBytes  2.02 Mbits/sec                  receiver

iperf Done.
Wed May  5 18:15:53 2021
Wed May  5 18:16:00 2021
Connecting to host nprabhalmac.wifi.local.cmu.edu, port 6001
[  5] local 192.168.17.57 port 54568 connected to 172.26.211.223 port 6001
[ ID] Interval           Transfer     Bitrate         Retr  Cwnd
[  5]   0.00-1.00   sec   236 KBytes  1.93 Mbits/sec    2   33.5 KBytes       
[  5]   1.00-2.00   sec   178 KBytes  1.46 Mbits/sec    0   41.6 KBytes       
[  5]   2.00-3.00   sec  80.5 KBytes   660 Kbits/sec    2   20.1 KBytes       
[  5]   3.00-4.00   sec   136 KBytes  1.11 Mbits/sec    0   24.2 KBytes       
[  5]   4.00-5.00   sec   126 KBytes  1.03 Mbits/sec    1   21.5 KBytes       
- - - - - - - - - - - - - - - - - - - - - - - - -
[ ID] Interval           Transfer     Bitrate         Retr
[  5]   0.00-5.00   sec   757 KBytes  1.24 Mbits/sec    5             sender
[  5]   0.00-5.00   sec   641 KBytes  1.05 Mbits/sec                  receiver

iperf Done.
Wed May  5 18:16:07 2021
Wed May  5 18:16:14 2021
Wed May  5 18:16:21 2021
Wed May  5 18:16:28 2021
Wed May  5 18:16:35 2021
Wed May  5 18:16:42 2021
Wed May  5 18:16:49 2021
Wed May  5 18:16:56 2021
Wed May  5 18:17:03 2021
Wed May  5 18:17:10 2021
Wed May  5 18:17:17 2021
Wed May  5 18:17:24 2021
Wed May  5 18:17:31 2021
iperf3: error - unable to connect to server: Resource temporarily unavailable
Wed May  5 18:17:38 2021
Connecting to host nprabhalmac.wifi.local.cmu.edu, port 6002
[  5] local 192.168.17.57 port 54056 connected to 172.26.211.223 port 6002
[ ID] Interval           Transfer     Bitrate         Retr  Cwnd
[  5]   0.00-1.00   sec   408 KBytes  3.34 Mbits/sec   11   9.39 KBytes       
[  5]   1.00-2.00   sec  71.1 KBytes   582 Kbits/sec    0   14.8 KBytes       
[  5]   2.00-3.00   sec   146 KBytes  1.20 Mbits/sec    2   14.8 KBytes       
[  5]   3.00-4.00   sec  75.1 KBytes   615 Kbits/sec    2   9.39 KBytes       
[  5]   4.00-5.00   sec   140 KBytes  1.14 Mbits/sec    0   14.8 KBytes       
- - - - - - - - - - - - - - - - - - - - - - - - -
[ ID] Interval           Transfer     Bitrate         Retr
[  5]   0.00-5.00   sec   840 KBytes  1.38 Mbits/sec   15             sender
[  5]   0.00-5.00   sec   722 KBytes  1.18 Mbits/sec                  receiver

iperf Done.
Wed May  5 18:17:45 2021
Wed May  5 18:17:52 2021
Wed May  5 18:17:59 2021
Wed May  5 18:18:06 2021
Wed May  5 18:18:13 2021
Wed May  5 18:18:20 2021
Wed May  5 18:18:27 2021
Wed May  5 18:18:34 2021
Wed May  5 18:18:41 2021
Wed May  5 18:18:48 2021
iperf3: error - unable to connect to server: Resource temporarily unavailable
Wed May  5 18:18:55 2021
iperf3: error - unable to connect to server: Resource temporarily unavailable
Wed May  5 18:19:02 2021
iperf3: error - unable to connect to server: Resource temporarily unavailable
Wed May  5 18:19:09 2021
iperf3: error - unable to connect to server: Resource temporarily unavailable
Wed May  5 18:19:16 2021
iperf3: error - unable to connect to server: Resource temporarily unavailable
Wed May  5 18:19:23 2021
iperf3: error - unable to connect to server: Resource temporarily unavailable
Wed May  5 18:19:30 2021
iperf3: error - unable to connect to server: Resource temporarily unavailable
Wed May  5 18:19:37 2021
iperf3: error - unable to connect to server: Resource temporarily unavailable
