2021-05-05T17:44:23.762
*-*
2021-05-05T17:44:36.792
*-*
2021-05-05T17:44:49.814
*-*
2021-05-05T17:45:02.891
*-*
2021-05-05T17:45:15.976
*-*
2021-05-05T17:45:29.055
*-*
2021-05-05T17:45:42.080
*-*
2021-05-05T17:45:55.101
*-*
2021-05-05T17:46:08.122
*-*
2021-05-05T17:46:21.151
*-*
2021-05-05T17:46:31.322
*-*
2021-05-05T17:46:44.346
*-*
2021-05-05T17:46:57.370
*-*
2021-05-05T17:47:10.389
*-*
2021-05-05T17:47:23.408
*-*
2021-05-05T17:47:36.429
*-*
2021-05-05T17:47:49.456
*-*
2021-05-05T17:48:02.492
*-*
2021-05-05T17:48:15.519
*-*
2021-05-05T17:48:28.541
*-*
2021-05-05T17:48:41.562
*-*
2021-05-05T17:48:54.602
*-*
2021-05-05T17:49:07.623
*-*
2021-05-05T17:49:20.644
*-*
2021-05-05T17:49:30.780
*-*
2021-05-05T17:49:43.805
*-*
2021-05-05T17:49:56.826
*-*
2021-05-05T17:50:09.851
*-*
2021-05-05T17:50:22.903
*-*
2021-05-05T17:50:35.927
*-*
2021-05-05T17:50:48.968
*-*
2021-05-05T17:51:01.998
*-*
2021-05-05T17:51:15.020
*-*
2021-05-05T18:08:53.016
*-*
2021-05-05T18:09:03.296
*-*
2021-05-05T18:09:19.268
*-*
2021-05-05T18:09:35.230
*-*
2021-05-05T18:09:51.164
*-*
2021-05-05T18:10:07.126
*-*
2021-05-05T18:10:23.097
*-*
2021-05-05T18:10:39.066
*-*
2021-05-05T18:10:55.035
*-*
2021-05-05T18:11:09.576
*-*
2021-05-05T18:11:24.221
*-*
2021-05-05T18:11:38.895
*-*
2021-05-05T18:11:53.436
*-*
2021-05-05T18:12:08.087
*-*
2021-05-05T18:12:22.528
*-*
2021-05-05T18:12:37.075
*-*
2021-05-05T18:12:51.649
*-*
2021-05-05T18:13:06.343
*-*
2021-05-05T18:13:16.646
*-*
2021-05-05T18:13:31.340
*-*
          Cell 36 - Address: B8:27:EB:6C:F0:84
                    Channel:1
                    Frequency:2.412 GHz (Channel 1)
                    Quality=53/70  Signal level=-57 dBm  
                    Encryption key:on
                    ESSID:"WirelessProject"
                    Bit Rates:1 Mb/s; 2 Mb/s; 5.5 Mb/s; 11 Mb/s; 18 Mb/s
                              24 Mb/s; 36 Mb/s; 54 Mb/s
                    Bit Rates:6 Mb/s; 9 Mb/s; 12 Mb/s; 48 Mb/s
                    Mode:Master
                    Extra:tsf=0000000000000000
2021-05-05T18:13:45.947
*-*
          Cell 21 - Address: B8:27:EB:6C:F0:84
                    Channel:1
                    Frequency:2.412 GHz (Channel 1)
                    Quality=41/70  Signal level=-69 dBm  
                    Encryption key:on
                    ESSID:"WirelessProject"
                    Bit Rates:1 Mb/s; 2 Mb/s; 5.5 Mb/s; 11 Mb/s; 18 Mb/s
                              24 Mb/s; 36 Mb/s; 54 Mb/s
                    Bit Rates:6 Mb/s; 9 Mb/s; 12 Mb/s; 48 Mb/s
                    Mode:Master
                    Extra:tsf=0000000000000000
2021-05-05T18:14:00.552
*-*
          Cell 16 - Address: B8:27:EB:6C:F0:84
                    Channel:1
                    Frequency:2.412 GHz (Channel 1)
                    Quality=46/70  Signal level=-64 dBm  
                    Encryption key:on
                    ESSID:"WirelessProject"
                    Bit Rates:1 Mb/s; 2 Mb/s; 5.5 Mb/s; 11 Mb/s; 18 Mb/s
                              24 Mb/s; 36 Mb/s; 54 Mb/s
                    Bit Rates:6 Mb/s; 9 Mb/s; 12 Mb/s; 48 Mb/s
                    Mode:Master
                    Extra:tsf=0000000000000000
2021-05-05T18:14:15.156
*-*
2021-05-05T18:14:29.712
*-*
2021-05-05T18:14:44.395
*-*
          Cell 01 - Address: B8:27:EB:6C:F0:84
                    Channel:1
                    Frequency:2.412 GHz (Channel 1)
                    Quality=49/70  Signal level=-61 dBm  
                    Encryption key:on
                    ESSID:"WirelessProject"
                    Bit Rates:1 Mb/s; 2 Mb/s; 5.5 Mb/s; 11 Mb/s; 18 Mb/s
                              24 Mb/s; 36 Mb/s; 54 Mb/s
                    Bit Rates:6 Mb/s; 9 Mb/s; 12 Mb/s; 48 Mb/s
                    Mode:Master
                    Extra:tsf=0000000000000000
2021-05-05T18:14:59.041
*-*
          Cell 01 - Address: B8:27:EB:6C:F0:84
                    Channel:1
                    Frequency:2.412 GHz (Channel 1)
                    Quality=51/70  Signal level=-59 dBm  
                    Encryption key:on
                    ESSID:"WirelessProject"
                    Bit Rates:1 Mb/s; 2 Mb/s; 5.5 Mb/s; 11 Mb/s; 18 Mb/s
                              24 Mb/s; 36 Mb/s; 54 Mb/s
                    Bit Rates:6 Mb/s; 9 Mb/s; 12 Mb/s; 48 Mb/s
                    Mode:Master
                    Extra:tsf=0000000000000000
2021-05-05T18:15:13.546
*-*
          Cell 01 - Address: B8:27:EB:6C:F0:84
                    Channel:1
                    Frequency:2.412 GHz (Channel 1)
                    Quality=61/70  Signal level=-49 dBm  
                    Encryption key:on
                    ESSID:"WirelessProject"
                    Bit Rates:1 Mb/s; 2 Mb/s; 5.5 Mb/s; 11 Mb/s; 18 Mb/s
                              24 Mb/s; 36 Mb/s; 54 Mb/s
                    Bit Rates:6 Mb/s; 9 Mb/s; 12 Mb/s; 48 Mb/s
                    Mode:Master
                    Extra:tsf=0000000000000000
2021-05-05T18:15:28.163
*-*
2021-05-05T18:15:42.640
*-*
2021-05-05T18:15:57.087
*-*
2021-05-05T18:16:11.687
*-*
2021-05-05T18:16:26.346
*-*
2021-05-05T18:16:40.793
*-*
2021-05-05T18:16:55.249
*-*
2021-05-05T18:17:09.788
*-*
2021-05-05T18:17:24.258
*-*
2021-05-05T18:17:38.803
*-*
2021-05-05T18:17:53.569
*-*
2021-05-05T18:18:08.248
*-*
2021-05-05T18:18:18.529
*-*
2021-05-05T18:18:33.067
*-*
          Cell 16 - Address: B8:27:EB:75:C1:31
                    Channel:6
                    Frequency:2.437 GHz (Channel 6)
                    Quality=41/70  Signal level=-69 dBm  
                    Encryption key:on
                    ESSID:"WirelessProject"
                    Bit Rates:1 Mb/s; 2 Mb/s; 5.5 Mb/s; 11 Mb/s; 18 Mb/s
                              24 Mb/s; 36 Mb/s; 54 Mb/s
                    Bit Rates:6 Mb/s; 9 Mb/s; 12 Mb/s; 48 Mb/s
                    Mode:Master
                    Extra:tsf=0000000000000000
2021-05-05T18:18:50.508
*-*
2021-05-05T18:19:00.806
*-*
2021-05-05T18:19:11.083
*-*
2021-05-05T18:19:24.241
*-*
2021-05-05T18:19:34.533
*-*
