Result
wlan0     IEEE 802.11  ESSID:off/any  
          Mode:Managed  Access Point: Not-Associated   Tx-Power=31 dBm   
          Retry short limit:7   RTS thr:off   Fragment thr:off
          Power Management:on
          
2021-05-05T23:05:41.607
*-*
Result
wlan0     IEEE 802.11  ESSID:off/any  
          Mode:Managed  Access Point: Not-Associated   Tx-Power=31 dBm   
          Retry short limit:7   RTS thr:off   Fragment thr:off
          Power Management:on
          
2021-05-05T23:05:42.850
*-*
Result
wlan0     IEEE 802.11  ESSID:off/any  
          Mode:Managed  Access Point: Not-Associated   Tx-Power=31 dBm   
          Retry short limit:7   RTS thr:off   Fragment thr:off
          Power Management:on
          
2021-05-05T23:05:44.095
*-*
Result
wlan0     IEEE 802.11  ESSID:off/any  
          Mode:Managed  Access Point: Not-Associated   Tx-Power=31 dBm   
          Retry short limit:7   RTS thr:off   Fragment thr:off
          Power Management:on
          
2021-05-05T23:05:45.336
*-*
Result
wlan0     IEEE 802.11  ESSID:off/any  
          Mode:Managed  Access Point: Not-Associated   Tx-Power=31 dBm   
          Retry short limit:7   RTS thr:off   Fragment thr:off
          Power Management:on
          
2021-05-05T23:05:46.581
*-*
Result
wlan0     IEEE 802.11  ESSID:off/any  
          Mode:Managed  Access Point: Not-Associated   Tx-Power=31 dBm   
          Retry short limit:7   RTS thr:off   Fragment thr:off
          Power Management:on
          
2021-05-05T23:05:47.825
*-*
Result
wlan0     IEEE 802.11  ESSID:off/any  
          Mode:Managed  Access Point: Not-Associated   Tx-Power=31 dBm   
          Retry short limit:7   RTS thr:off   Fragment thr:off
          Power Management:on
          
2021-05-05T23:05:49.072
*-*
Result
wlan0     IEEE 802.11  ESSID:off/any  
          Mode:Managed  Access Point: Not-Associated   Tx-Power=31 dBm   
          Retry short limit:7   RTS thr:off   Fragment thr:off
          Power Management:on
          
2021-05-05T23:05:50.319
*-*
Result
wlan0     IEEE 802.11  ESSID:off/any  
          Mode:Managed  Access Point: Not-Associated   Tx-Power=31 dBm   
          Retry short limit:7   RTS thr:off   Fragment thr:off
          Power Management:on
          
2021-05-05T23:05:51.565
*-*
Result
wlan0     IEEE 802.11  ESSID:off/any  
          Mode:Managed  Access Point: Not-Associated   Tx-Power=31 dBm   
          Retry short limit:7   RTS thr:off   Fragment thr:off
          Power Management:on
          
2021-05-05T23:05:52.803
*-*
Result
wlan0     IEEE 802.11  ESSID:off/any  
          Mode:Managed  Access Point: Not-Associated   Tx-Power=31 dBm   
          Retry short limit:7   RTS thr:off   Fragment thr:off
          Power Management:on
          
2021-05-05T23:05:54.047
*-*
Result
wlan0     IEEE 802.11  ESSID:off/any  
          Mode:Managed  Access Point: Not-Associated   Tx-Power=31 dBm   
          Retry short limit:7   RTS thr:off   Fragment thr:off
          Power Management:on
          
2021-05-05T23:05:55.291
*-*
Result
wlan0     IEEE 802.11  ESSID:off/any  
          Mode:Managed  Access Point: Not-Associated   Tx-Power=31 dBm   
          Retry short limit:7   RTS thr:off   Fragment thr:off
          Power Management:on
          
2021-05-05T23:05:56.535
*-*
Result
wlan0     IEEE 802.11  ESSID:off/any  
          Mode:Managed  Access Point: Not-Associated   Tx-Power=31 dBm   
          Retry short limit:7   RTS thr:off   Fragment thr:off
          Power Management:on
          
2021-05-05T23:05:57.779
*-*
Result
wlan0     IEEE 802.11  ESSID:off/any  
          Mode:Managed  Access Point: Not-Associated   Tx-Power=31 dBm   
          Retry short limit:7   RTS thr:off   Fragment thr:off
          Power Management:on
          
2021-05-05T23:05:59.018
*-*
Result
wlan0     IEEE 802.11  ESSID:off/any  
          Mode:Managed  Access Point: Not-Associated   Tx-Power=31 dBm   
          Retry short limit:7   RTS thr:off   Fragment thr:off
          Power Management:on
          
2021-05-05T23:06:00.255
*-*
Result
wlan0     IEEE 802.11  ESSID:off/any  
          Mode:Managed  Access Point: Not-Associated   Tx-Power=31 dBm   
          Retry short limit:7   RTS thr:off   Fragment thr:off
          Power Management:on
          
2021-05-05T23:06:01.496
*-*
Result
wlan0     IEEE 802.11  ESSID:off/any  
          Mode:Managed  Access Point: Not-Associated   Tx-Power=31 dBm   
          Retry short limit:7   RTS thr:off   Fragment thr:off
          Power Management:on
          
2021-05-05T23:06:02.737
*-*
Result
wlan0     IEEE 802.11  ESSID:off/any  
          Mode:Managed  Access Point: Not-Associated   Tx-Power=31 dBm   
          Retry short limit:7   RTS thr:off   Fragment thr:off
          Power Management:on
          
2021-05-05T23:06:03.981
*-*
Result
wlan0     IEEE 802.11  ESSID:off/any  
          Mode:Managed  Access Point: Not-Associated   Tx-Power=31 dBm   
          Retry short limit:7   RTS thr:off   Fragment thr:off
          Power Management:on
          
2021-05-05T23:06:05.220
*-*
Result
wlan0     IEEE 802.11  ESSID:off/any  
          Mode:Managed  Access Point: Not-Associated   Tx-Power=31 dBm   
          Retry short limit:7   RTS thr:off   Fragment thr:off
          Power Management:on
          
2021-05-05T23:06:06.458
*-*
Result
wlan0     IEEE 802.11  ESSID:off/any  
          Mode:Managed  Access Point: Not-Associated   Tx-Power=31 dBm   
          Retry short limit:7   RTS thr:off   Fragment thr:off
          Power Management:on
          
2021-05-05T23:06:07.697
*-*
Result
wlan0     IEEE 802.11  ESSID:off/any  
          Mode:Managed  Access Point: Not-Associated   Tx-Power=31 dBm   
          Retry short limit:7   RTS thr:off   Fragment thr:off
          Power Management:on
          
2021-05-05T23:06:08.937
*-*
Result
wlan0     IEEE 802.11  ESSID:off/any  
          Mode:Managed  Access Point: Not-Associated   Tx-Power=31 dBm   
          Retry short limit:7   RTS thr:off   Fragment thr:off
          Power Management:on
          
2021-05-05T23:06:10.185
*-*
Result
wlan0     IEEE 802.11  ESSID:off/any  
          Mode:Managed  Access Point: Not-Associated   Tx-Power=31 dBm   
          Retry short limit:7   RTS thr:off   Fragment thr:off
          Power Management:on
          
2021-05-05T23:06:11.433
*-*
Result
wlan0     IEEE 802.11  ESSID:off/any  
          Mode:Managed  Access Point: Not-Associated   Tx-Power=31 dBm   
          Retry short limit:7   RTS thr:off   Fragment thr:off
          Power Management:on
          
2021-05-05T23:06:12.680
*-*
Result
wlan0     IEEE 802.11  ESSID:off/any  
          Mode:Managed  Access Point: Not-Associated   Tx-Power=31 dBm   
          Retry short limit:7   RTS thr:off   Fragment thr:off
          Power Management:on
          
2021-05-05T23:06:13.930
*-*
Result
wlan0     IEEE 802.11  ESSID:off/any  
          Mode:Managed  Access Point: Not-Associated   Tx-Power=31 dBm   
          Retry short limit:7   RTS thr:off   Fragment thr:off
          Power Management:on
          
2021-05-05T23:06:15.169
*-*
Result
wlan0     IEEE 802.11  ESSID:off/any  
          Mode:Managed  Access Point: Not-Associated   Tx-Power=31 dBm   
          Retry short limit:7   RTS thr:off   Fragment thr:off
          Power Management:on
          
2021-05-05T23:06:16.408
*-*
Result
wlan0     IEEE 802.11  ESSID:off/any  
          Mode:Managed  Access Point: Not-Associated   Tx-Power=31 dBm   
          Retry short limit:7   RTS thr:off   Fragment thr:off
          Power Management:on
          
2021-05-05T23:06:17.649
*-*
Result
wlan0     IEEE 802.11  ESSID:off/any  
          Mode:Managed  Access Point: Not-Associated   Tx-Power=31 dBm   
          Retry short limit:7   RTS thr:off   Fragment thr:off
          Power Management:on
          
2021-05-05T23:06:18.891
*-*
Result
wlan0     IEEE 802.11  ESSID:off/any  
          Mode:Managed  Access Point: Not-Associated   Tx-Power=31 dBm   
          Retry short limit:7   RTS thr:off   Fragment thr:off
          Power Management:on
          
2021-05-05T23:06:20.134
*-*
Result
wlan0     IEEE 802.11  ESSID:off/any  
          Mode:Managed  Access Point: Not-Associated   Tx-Power=31 dBm   
          Retry short limit:7   RTS thr:off   Fragment thr:off
          Power Management:on
          
2021-05-05T23:06:21.377
*-*
Result
wlan0     IEEE 802.11  ESSID:off/any  
          Mode:Managed  Access Point: Not-Associated   Tx-Power=31 dBm   
          Retry short limit:7   RTS thr:off   Fragment thr:off
          Power Management:on
          
2021-05-05T23:06:22.614
*-*
Result
wlan0     IEEE 802.11  ESSID:off/any  
          Mode:Managed  Access Point: Not-Associated   Tx-Power=31 dBm   
          Retry short limit:7   RTS thr:off   Fragment thr:off
          Power Management:on
          
2021-05-05T23:06:23.853
*-*
Result
wlan0     IEEE 802.11  ESSID:off/any  
          Mode:Managed  Access Point: Not-Associated   Tx-Power=31 dBm   
          Retry short limit:7   RTS thr:off   Fragment thr:off
          Power Management:on
          
2021-05-05T23:06:25.093
*-*
Result
wlan0     IEEE 802.11  ESSID:off/any  
          Mode:Managed  Access Point: Not-Associated   Tx-Power=31 dBm   
          Retry short limit:7   RTS thr:off   Fragment thr:off
          Power Management:on
          
2021-05-05T23:06:26.353
*-*
Result
wlan0     IEEE 802.11  ESSID:off/any  
          Mode:Managed  Access Point: Not-Associated   Tx-Power=31 dBm   
          Retry short limit:7   RTS thr:off   Fragment thr:off
          Power Management:on
          
2021-05-05T23:06:27.591
*-*
Result
wlan0     IEEE 802.11  ESSID:off/any  
          Mode:Managed  Access Point: Not-Associated   Tx-Power=31 dBm   
          Retry short limit:7   RTS thr:off   Fragment thr:off
          Power Management:on
          
2021-05-05T23:06:28.829
*-*
Result
wlan0     IEEE 802.11  ESSID:off/any  
          Mode:Managed  Access Point: Not-Associated   Tx-Power=31 dBm   
          Retry short limit:7   RTS thr:off   Fragment thr:off
          Power Management:on
          
2021-05-05T23:06:30.067
*-*
Result
wlan0     IEEE 802.11  ESSID:off/any  
          Mode:Managed  Access Point: Not-Associated   Tx-Power=31 dBm   
          Retry short limit:7   RTS thr:off   Fragment thr:off
          Power Management:on
          
2021-05-05T23:06:31.305
*-*
Result
wlan0     IEEE 802.11  ESSID:off/any  
          Mode:Managed  Access Point: Not-Associated   Tx-Power=31 dBm   
          Retry short limit:7   RTS thr:off   Fragment thr:off
          Power Management:on
          
2021-05-05T23:06:32.548
*-*
Result
wlan0     IEEE 802.11  ESSID:off/any  
          Mode:Managed  Access Point: Not-Associated   Tx-Power=31 dBm   
          Retry short limit:7   RTS thr:off   Fragment thr:off
          Power Management:on
          
2021-05-05T23:06:33.802
*-*
Result
wlan0     IEEE 802.11  ESSID:off/any  
          Mode:Managed  Access Point: Not-Associated   Tx-Power=31 dBm   
          Retry short limit:7   RTS thr:off   Fragment thr:off
          Power Management:on
          
2021-05-05T23:06:35.040
*-*
Result
wlan0     IEEE 802.11  ESSID:off/any  
          Mode:Managed  Access Point: Not-Associated   Tx-Power=31 dBm   
          Retry short limit:7   RTS thr:off   Fragment thr:off
          Power Management:on
          
2021-05-05T23:06:36.278
*-*
Result
wlan0     IEEE 802.11  ESSID:off/any  
          Mode:Managed  Access Point: Not-Associated   Tx-Power=31 dBm   
          Retry short limit:7   RTS thr:off   Fragment thr:off
          Power Management:on
          
2021-05-05T23:06:37.518
*-*
Result
wlan0     IEEE 802.11  ESSID:off/any  
          Mode:Managed  Access Point: Not-Associated   Tx-Power=31 dBm   
          Retry short limit:7   RTS thr:off   Fragment thr:off
          Power Management:on
          
2021-05-05T23:06:38.760
*-*
Result
wlan0     IEEE 802.11  ESSID:off/any  
          Mode:Managed  Access Point: Not-Associated   Tx-Power=31 dBm   
          Retry short limit:7   RTS thr:off   Fragment thr:off
          Power Management:on
          
2021-05-05T23:06:40.001
*-*
Result
wlan0     IEEE 802.11  ESSID:off/any  
          Mode:Managed  Access Point: Not-Associated   Tx-Power=31 dBm   
          Retry short limit:7   RTS thr:off   Fragment thr:off
          Power Management:on
          
2021-05-05T23:06:41.246
*-*
Result
wlan0     IEEE 802.11  ESSID:off/any  
          Mode:Managed  Access Point: Not-Associated   Tx-Power=31 dBm   
          Retry short limit:7   RTS thr:off   Fragment thr:off
          Power Management:on
          
2021-05-05T23:06:42.486
*-*
Result
wlan0     IEEE 802.11  ESSID:off/any  
          Mode:Managed  Access Point: Not-Associated   Tx-Power=31 dBm   
          Retry short limit:7   RTS thr:off   Fragment thr:off
          Power Management:on
          
2021-05-05T23:06:43.746
*-*
Result
wlan0     IEEE 802.11  ESSID:off/any  
          Mode:Managed  Access Point: Not-Associated   Tx-Power=31 dBm   
          Retry short limit:7   RTS thr:off   Fragment thr:off
          Power Management:on
          
2021-05-05T23:06:44.985
*-*
Result
wlan0     IEEE 802.11  ESSID:off/any  
          Mode:Managed  Access Point: Not-Associated   Tx-Power=31 dBm   
          Retry short limit:7   RTS thr:off   Fragment thr:off
          Power Management:on
          
2021-05-05T23:06:46.234
*-*
Result
wlan0     IEEE 802.11  ESSID:off/any  
          Mode:Managed  Access Point: Not-Associated   Tx-Power=31 dBm   
          Retry short limit:7   RTS thr:off   Fragment thr:off
          Power Management:on
          
2021-05-05T23:06:47.490
*-*
Result
wlan0     IEEE 802.11  ESSID:off/any  
          Mode:Managed  Access Point: Not-Associated   Tx-Power=31 dBm   
          Retry short limit:7   RTS thr:off   Fragment thr:off
          Power Management:on
          
2021-05-05T23:06:48.733
*-*
Result
wlan0     IEEE 802.11  ESSID:off/any  
          Mode:Managed  Access Point: Not-Associated   Tx-Power=31 dBm   
          Retry short limit:7   RTS thr:off   Fragment thr:off
          Power Management:on
          
2021-05-05T23:06:49.977
*-*
Result
wlan0     IEEE 802.11  ESSID:off/any  
          Mode:Managed  Access Point: Not-Associated   Tx-Power=31 dBm   
          Retry short limit:7   RTS thr:off   Fragment thr:off
          Power Management:on
          
2021-05-05T23:06:51.217
*-*
Result
wlan0     IEEE 802.11  ESSID:off/any  
          Mode:Managed  Access Point: Not-Associated   Tx-Power=31 dBm   
          Retry short limit:7   RTS thr:off   Fragment thr:off
          Power Management:on
          
2021-05-05T23:06:52.455
*-*
Result
wlan0     IEEE 802.11  ESSID:off/any  
          Mode:Managed  Access Point: Not-Associated   Tx-Power=31 dBm   
          Retry short limit:7   RTS thr:off   Fragment thr:off
          Power Management:on
          
2021-05-05T23:06:53.704
*-*
Result
wlan0     IEEE 802.11  ESSID:off/any  
          Mode:Managed  Access Point: Not-Associated   Tx-Power=31 dBm   
          Retry short limit:7   RTS thr:off   Fragment thr:off
          Power Management:on
          
2021-05-05T23:06:54.951
*-*
Result
wlan0     IEEE 802.11  ESSID:off/any  
          Mode:Managed  Access Point: Not-Associated   Tx-Power=31 dBm   
          Retry short limit:7   RTS thr:off   Fragment thr:off
          Power Management:on
          
2021-05-05T23:06:56.195
*-*
Result
wlan0     IEEE 802.11  ESSID:off/any  
          Mode:Managed  Access Point: Not-Associated   Tx-Power=31 dBm   
          Retry short limit:7   RTS thr:off   Fragment thr:off
          Power Management:on
          
2021-05-05T23:06:57.440
*-*
Result
wlan0     IEEE 802.11  ESSID:off/any  
          Mode:Managed  Access Point: Not-Associated   Tx-Power=31 dBm   
          Retry short limit:7   RTS thr:off   Fragment thr:off
          Power Management:on
          
2021-05-05T23:06:58.681
*-*
Result
wlan0     IEEE 802.11  ESSID:off/any  
          Mode:Managed  Access Point: Not-Associated   Tx-Power=31 dBm   
          Retry short limit:7   RTS thr:off   Fragment thr:off
          Power Management:on
          
2021-05-05T23:06:59.929
*-*
Result
wlan0     IEEE 802.11  ESSID:off/any  
          Mode:Managed  Access Point: Not-Associated   Tx-Power=31 dBm   
          Retry short limit:7   RTS thr:off   Fragment thr:off
          Power Management:on
          
2021-05-05T23:07:01.169
*-*
Result
wlan0     IEEE 802.11  ESSID:off/any  
          Mode:Managed  Access Point: Not-Associated   Tx-Power=31 dBm   
          Retry short limit:7   RTS thr:off   Fragment thr:off
          Power Management:on
          
2021-05-05T23:07:02.417
*-*
Result
wlan0     IEEE 802.11  ESSID:off/any  
          Mode:Managed  Access Point: Not-Associated   Tx-Power=31 dBm   
          Retry short limit:7   RTS thr:off   Fragment thr:off
          Power Management:on
          
2021-05-05T23:07:03.657
*-*
Result
wlan0     IEEE 802.11  ESSID:off/any  
          Mode:Managed  Access Point: Not-Associated   Tx-Power=31 dBm   
          Retry short limit:7   RTS thr:off   Fragment thr:off
          Power Management:on
          
2021-05-05T23:07:04.898
*-*
Result
wlan0     IEEE 802.11  ESSID:off/any  
          Mode:Managed  Access Point: Not-Associated   Tx-Power=31 dBm   
          Retry short limit:7   RTS thr:off   Fragment thr:off
          Power Management:on
          
2021-05-05T23:07:06.141
*-*
Result
wlan0     IEEE 802.11  ESSID:off/any  
          Mode:Managed  Access Point: Not-Associated   Tx-Power=31 dBm   
          Retry short limit:7   RTS thr:off   Fragment thr:off
          Power Management:on
          
2021-05-05T23:07:07.383
*-*
Result
wlan0     IEEE 802.11  ESSID:off/any  
          Mode:Managed  Access Point: Not-Associated   Tx-Power=31 dBm   
          Retry short limit:7   RTS thr:off   Fragment thr:off
          Power Management:on
          
2021-05-05T23:07:08.644
*-*
Result
wlan0     IEEE 802.11  ESSID:off/any  
          Mode:Managed  Access Point: Not-Associated   Tx-Power=31 dBm   
          Retry short limit:7   RTS thr:off   Fragment thr:off
          Power Management:on
          
2021-05-05T23:07:09.887
*-*
Result
wlan0     IEEE 802.11  ESSID:off/any  
          Mode:Managed  Access Point: Not-Associated   Tx-Power=31 dBm   
          Retry short limit:7   RTS thr:off   Fragment thr:off
          Power Management:on
          
2021-05-05T23:07:11.130
*-*
Result
wlan0     IEEE 802.11  ESSID:off/any  
          Mode:Managed  Access Point: Not-Associated   Tx-Power=31 dBm   
          Retry short limit:7   RTS thr:off   Fragment thr:off
          Power Management:on
          
2021-05-05T23:07:12.373
*-*
Result
wlan0     IEEE 802.11  ESSID:off/any  
          Mode:Managed  Access Point: Not-Associated   Tx-Power=31 dBm   
          Retry short limit:7   RTS thr:off   Fragment thr:off
          Power Management:on
          
2021-05-05T23:07:13.616
*-*
Result
wlan0     IEEE 802.11  ESSID:off/any  
          Mode:Managed  Access Point: Not-Associated   Tx-Power=31 dBm   
          Retry short limit:7   RTS thr:off   Fragment thr:off
          Power Management:on
          
2021-05-05T23:07:14.856
*-*
Result
wlan0     IEEE 802.11  ESSID:off/any  
          Mode:Managed  Access Point: Not-Associated   Tx-Power=31 dBm   
          Retry short limit:7   RTS thr:off   Fragment thr:off
          Power Management:on
          
2021-05-05T23:07:16.099
*-*
Result
wlan0     IEEE 802.11  ESSID:off/any  
          Mode:Managed  Access Point: Not-Associated   Tx-Power=31 dBm   
          Retry short limit:7   RTS thr:off   Fragment thr:off
          Power Management:on
          
2021-05-05T23:07:17.347
*-*
Result
wlan0     IEEE 802.11  ESSID:off/any  
          Mode:Managed  Access Point: Not-Associated   Tx-Power=31 dBm   
          Retry short limit:7   RTS thr:off   Fragment thr:off
          Power Management:on
          
2021-05-05T23:07:18.591
*-*
Result
wlan0     IEEE 802.11  ESSID:off/any  
          Mode:Managed  Access Point: Not-Associated   Tx-Power=31 dBm   
          Retry short limit:7   RTS thr:off   Fragment thr:off
          Power Management:on
          
2021-05-05T23:07:19.837
*-*
Result
wlan0     IEEE 802.11  ESSID:off/any  
          Mode:Managed  Access Point: Not-Associated   Tx-Power=31 dBm   
          Retry short limit:7   RTS thr:off   Fragment thr:off
          Power Management:on
          
2021-05-05T23:07:21.082
*-*
Result
wlan0     IEEE 802.11  ESSID:off/any  
          Mode:Managed  Access Point: Not-Associated   Tx-Power=31 dBm   
          Retry short limit:7   RTS thr:off   Fragment thr:off
          Power Management:on
          
2021-05-05T23:07:22.322
*-*
Result
wlan0     IEEE 802.11  ESSID:off/any  
          Mode:Managed  Access Point: Not-Associated   Tx-Power=31 dBm   
          Retry short limit:7   RTS thr:off   Fragment thr:off
          Power Management:on
          
2021-05-05T23:07:23.565
*-*
Result
wlan0     IEEE 802.11  ESSID:off/any  
          Mode:Managed  Access Point: Not-Associated   Tx-Power=31 dBm   
          Retry short limit:7   RTS thr:off   Fragment thr:off
          Power Management:on
          
2021-05-05T23:07:24.807
*-*
Result
wlan0     IEEE 802.11  ESSID:off/any  
          Mode:Managed  Access Point: Not-Associated   Tx-Power=31 dBm   
          Retry short limit:7   RTS thr:off   Fragment thr:off
          Power Management:on
          
2021-05-05T23:07:26.055
*-*
Result
wlan0     IEEE 802.11  ESSID:off/any  
          Mode:Managed  Access Point: Not-Associated   Tx-Power=31 dBm   
          Retry short limit:7   RTS thr:off   Fragment thr:off
          Power Management:on
          
2021-05-05T23:07:27.293
*-*
Result
wlan0     IEEE 802.11  ESSID:off/any  
          Mode:Managed  Access Point: Not-Associated   Tx-Power=31 dBm   
          Retry short limit:7   RTS thr:off   Fragment thr:off
          Power Management:on
          
2021-05-05T23:07:28.542
*-*
Result
wlan0     IEEE 802.11  ESSID:off/any  
          Mode:Managed  Access Point: Not-Associated   Tx-Power=31 dBm   
          Retry short limit:7   RTS thr:off   Fragment thr:off
          Power Management:on
          
2021-05-05T23:07:29.789
*-*
Result
wlan0     IEEE 802.11  ESSID:off/any  
          Mode:Managed  Access Point: Not-Associated   Tx-Power=31 dBm   
          Retry short limit:7   RTS thr:off   Fragment thr:off
          Power Management:on
          
2021-05-05T23:07:31.030
*-*
Result
wlan0     IEEE 802.11  ESSID:off/any  
          Mode:Managed  Access Point: Not-Associated   Tx-Power=31 dBm   
          Retry short limit:7   RTS thr:off   Fragment thr:off
          Power Management:on
          
2021-05-05T23:07:32.273
*-*
Result
wlan0     IEEE 802.11  ESSID:off/any  
          Mode:Managed  Access Point: Not-Associated   Tx-Power=31 dBm   
          Retry short limit:7   RTS thr:off   Fragment thr:off
          Power Management:on
          
2021-05-05T23:07:33.515
*-*
Result
wlan0     IEEE 802.11  ESSID:off/any  
          Mode:Managed  Access Point: Not-Associated   Tx-Power=31 dBm   
          Retry short limit:7   RTS thr:off   Fragment thr:off
          Power Management:on
          
2021-05-05T23:07:34.753
*-*
Result
wlan0     IEEE 802.11  ESSID:off/any  
          Mode:Managed  Access Point: Not-Associated   Tx-Power=31 dBm   
          Retry short limit:7   RTS thr:off   Fragment thr:off
          Power Management:on
          
2021-05-05T23:07:35.992
*-*
Result
wlan0     IEEE 802.11  ESSID:off/any  
          Mode:Managed  Access Point: Not-Associated   Tx-Power=31 dBm   
          Retry short limit:7   RTS thr:off   Fragment thr:off
          Power Management:on
          
2021-05-05T23:07:37.230
*-*
Result
wlan0     IEEE 802.11  ESSID:off/any  
          Mode:Managed  Access Point: Not-Associated   Tx-Power=31 dBm   
          Retry short limit:7   RTS thr:off   Fragment thr:off
          Power Management:on
          
2021-05-05T23:07:38.473
*-*
Result
wlan0     IEEE 802.11  ESSID:off/any  
          Mode:Managed  Access Point: Not-Associated   Tx-Power=31 dBm   
          Retry short limit:7   RTS thr:off   Fragment thr:off
          Power Management:on
          
2021-05-05T23:07:39.715
*-*
Result
wlan0     IEEE 802.11  ESSID:off/any  
          Mode:Managed  Access Point: Not-Associated   Tx-Power=31 dBm   
          Retry short limit:7   RTS thr:off   Fragment thr:off
          Power Management:on
          
2021-05-05T23:07:40.958
*-*
Result
wlan0     IEEE 802.11  ESSID:off/any  
          Mode:Managed  Access Point: Not-Associated   Tx-Power=31 dBm   
          Retry short limit:7   RTS thr:off   Fragment thr:off
          Power Management:on
          
2021-05-05T23:07:42.201
*-*
Result
wlan0     IEEE 802.11  ESSID:off/any  
          Mode:Managed  Access Point: Not-Associated   Tx-Power=31 dBm   
          Retry short limit:7   RTS thr:off   Fragment thr:off
          Power Management:on
          
2021-05-05T23:07:43.448
*-*
Result
wlan0     IEEE 802.11  ESSID:off/any  
          Mode:Managed  Access Point: Not-Associated   Tx-Power=31 dBm   
          Retry short limit:7   RTS thr:off   Fragment thr:off
          Power Management:on
          
2021-05-05T23:07:44.690
*-*
Result
wlan0     IEEE 802.11  ESSID:off/any  
          Mode:Managed  Access Point: Not-Associated   Tx-Power=31 dBm   
          Retry short limit:7   RTS thr:off   Fragment thr:off
          Power Management:on
          
2021-05-05T23:07:45.933
*-*
Result
wlan0     IEEE 802.11  ESSID:off/any  
          Mode:Managed  Access Point: Not-Associated   Tx-Power=31 dBm   
          Retry short limit:7   RTS thr:off   Fragment thr:off
          Power Management:on
          
2021-05-05T23:07:47.171
*-*
Result
wlan0     IEEE 802.11  ESSID:off/any  
          Mode:Managed  Access Point: Not-Associated   Tx-Power=31 dBm   
          Retry short limit:7   RTS thr:off   Fragment thr:off
          Power Management:on
          
2021-05-05T23:07:48.410
*-*
Result
wlan0     IEEE 802.11  ESSID:off/any  
          Mode:Managed  Access Point: Not-Associated   Tx-Power=31 dBm   
          Retry short limit:7   RTS thr:off   Fragment thr:off
          Power Management:on
          
2021-05-05T23:07:49.651
*-*
Result
wlan0     IEEE 802.11  ESSID:off/any  
          Mode:Managed  Access Point: Not-Associated   Tx-Power=31 dBm   
          Retry short limit:7   RTS thr:off   Fragment thr:off
          Power Management:on
          
2021-05-05T23:07:50.902
*-*
Result
wlan0     IEEE 802.11  ESSID:off/any  
          Mode:Managed  Access Point: Not-Associated   Tx-Power=31 dBm   
          Retry short limit:7   RTS thr:off   Fragment thr:off
          Power Management:on
          
2021-05-05T23:07:52.144
*-*
Result
wlan0     IEEE 802.11  ESSID:off/any  
          Mode:Managed  Access Point: Not-Associated   Tx-Power=31 dBm   
          Retry short limit:7   RTS thr:off   Fragment thr:off
          Power Management:on
          
2021-05-05T23:07:53.384
*-*
Result
wlan0     IEEE 802.11  ESSID:off/any  
          Mode:Managed  Access Point: Not-Associated   Tx-Power=31 dBm   
          Retry short limit:7   RTS thr:off   Fragment thr:off
          Power Management:on
          
2021-05-05T23:07:54.626
*-*
Result
wlan0     IEEE 802.11  ESSID:off/any  
          Mode:Managed  Access Point: Not-Associated   Tx-Power=31 dBm   
          Retry short limit:7   RTS thr:off   Fragment thr:off
          Power Management:on
          
2021-05-05T23:07:55.868
*-*
Result
wlan0     IEEE 802.11  ESSID:off/any  
          Mode:Managed  Access Point: Not-Associated   Tx-Power=31 dBm   
          Retry short limit:7   RTS thr:off   Fragment thr:off
          Power Management:on
          
2021-05-05T23:07:57.111
*-*
Result
wlan0     IEEE 802.11  ESSID:off/any  
          Mode:Managed  Access Point: Not-Associated   Tx-Power=31 dBm   
          Retry short limit:7   RTS thr:off   Fragment thr:off
          Power Management:on
          
2021-05-05T23:07:58.354
*-*
Result
wlan0     IEEE 802.11  ESSID:off/any  
          Mode:Managed  Access Point: Not-Associated   Tx-Power=31 dBm   
          Retry short limit:7   RTS thr:off   Fragment thr:off
          Power Management:on
          
2021-05-05T23:07:59.593
*-*
Result
wlan0     IEEE 802.11  ESSID:off/any  
          Mode:Managed  Access Point: Not-Associated   Tx-Power=31 dBm   
          Retry short limit:7   RTS thr:off   Fragment thr:off
          Power Management:on
          
2021-05-05T23:08:00.830
*-*
Result
wlan0     IEEE 802.11  ESSID:off/any  
          Mode:Managed  Access Point: Not-Associated   Tx-Power=31 dBm   
          Retry short limit:7   RTS thr:off   Fragment thr:off
          Power Management:on
          
2021-05-05T23:08:02.072
*-*
Result
wlan0     IEEE 802.11  ESSID:off/any  
          Mode:Managed  Access Point: Not-Associated   Tx-Power=31 dBm   
          Retry short limit:7   RTS thr:off   Fragment thr:off
          Power Management:on
          
2021-05-05T23:08:03.309
*-*
Result
wlan0     IEEE 802.11  ESSID:off/any  
          Mode:Managed  Access Point: Not-Associated   Tx-Power=31 dBm   
          Retry short limit:7   RTS thr:off   Fragment thr:off
          Power Management:on
          
2021-05-05T23:08:04.555
*-*
Result
wlan0     IEEE 802.11  ESSID:off/any  
          Mode:Managed  Access Point: Not-Associated   Tx-Power=31 dBm   
          Retry short limit:7   RTS thr:off   Fragment thr:off
          Power Management:on
          
2021-05-05T23:08:05.798
*-*
Result
wlan0     IEEE 802.11  ESSID:off/any  
          Mode:Managed  Access Point: Not-Associated   Tx-Power=31 dBm   
          Retry short limit:7   RTS thr:off   Fragment thr:off
          Power Management:on
          
2021-05-05T23:08:07.039
*-*
Result
wlan0     IEEE 802.11  ESSID:off/any  
          Mode:Managed  Access Point: Not-Associated   Tx-Power=31 dBm   
          Retry short limit:7   RTS thr:off   Fragment thr:off
          Power Management:on
          
2021-05-05T23:08:08.283
*-*
Result
wlan0     IEEE 802.11  ESSID:off/any  
          Mode:Managed  Access Point: Not-Associated   Tx-Power=31 dBm   
          Retry short limit:7   RTS thr:off   Fragment thr:off
          Power Management:on
          
2021-05-05T23:08:09.524
*-*
Result
wlan0     IEEE 802.11  ESSID:off/any  
          Mode:Managed  Access Point: Not-Associated   Tx-Power=31 dBm   
          Retry short limit:7   RTS thr:off   Fragment thr:off
          Power Management:on
          
2021-05-05T23:08:10.762
*-*
Result
wlan0     IEEE 802.11  ESSID:off/any  
          Mode:Managed  Access Point: Not-Associated   Tx-Power=31 dBm   
          Retry short limit:7   RTS thr:off   Fragment thr:off
          Power Management:on
          
2021-05-05T23:08:12.001
*-*
Result
wlan0     IEEE 802.11  ESSID:off/any  
          Mode:Managed  Access Point: Not-Associated   Tx-Power=31 dBm   
          Retry short limit:7   RTS thr:off   Fragment thr:off
          Power Management:on
          
2021-05-05T23:08:13.240
*-*
Result
wlan0     IEEE 802.11  ESSID:off/any  
          Mode:Managed  Access Point: Not-Associated   Tx-Power=31 dBm   
          Retry short limit:7   RTS thr:off   Fragment thr:off
          Power Management:on
          
2021-05-05T23:08:14.500
*-*
Result
wlan0     IEEE 802.11  ESSID:off/any  
          Mode:Managed  Access Point: Not-Associated   Tx-Power=31 dBm   
          Retry short limit:7   RTS thr:off   Fragment thr:off
          Power Management:on
          
2021-05-05T23:08:15.741
*-*
Result
wlan0     IEEE 802.11  ESSID:off/any  
          Mode:Managed  Access Point: Not-Associated   Tx-Power=31 dBm   
          Retry short limit:7   RTS thr:off   Fragment thr:off
          Power Management:on
          
2021-05-05T23:08:16.982
*-*
Result
wlan0     IEEE 802.11  ESSID:off/any  
          Mode:Managed  Access Point: Not-Associated   Tx-Power=31 dBm   
          Retry short limit:7   RTS thr:off   Fragment thr:off
          Power Management:on
          
2021-05-05T23:08:18.226
*-*
Result
wlan0     IEEE 802.11  ESSID:off/any  
          Mode:Managed  Access Point: Not-Associated   Tx-Power=31 dBm   
          Retry short limit:7   RTS thr:off   Fragment thr:off
          Power Management:on
          
2021-05-05T23:08:19.472
*-*
Result
wlan0     IEEE 802.11  ESSID:off/any  
          Mode:Managed  Access Point: Not-Associated   Tx-Power=31 dBm   
          Retry short limit:7   RTS thr:off   Fragment thr:off
          Power Management:on
          
2021-05-05T23:08:20.717
*-*
Result
wlan0     IEEE 802.11  ESSID:off/any  
          Mode:Managed  Access Point: Not-Associated   Tx-Power=31 dBm   
          Retry short limit:7   RTS thr:off   Fragment thr:off
          Power Management:on
          
2021-05-05T23:08:21.963
*-*
Result
wlan0     IEEE 802.11  ESSID:off/any  
          Mode:Managed  Access Point: Not-Associated   Tx-Power=31 dBm   
          Retry short limit:7   RTS thr:off   Fragment thr:off
          Power Management:on
          
2021-05-05T23:08:23.210
*-*
Result
wlan0     IEEE 802.11  ESSID:off/any  
          Mode:Managed  Access Point: Not-Associated   Tx-Power=31 dBm   
          Retry short limit:7   RTS thr:off   Fragment thr:off
          Power Management:on
          
2021-05-05T23:08:24.452
*-*
Result
wlan0     IEEE 802.11  ESSID:off/any  
          Mode:Managed  Access Point: Not-Associated   Tx-Power=31 dBm   
          Retry short limit:7   RTS thr:off   Fragment thr:off
          Power Management:on
          
2021-05-05T23:08:25.700
*-*
Result
wlan0     IEEE 802.11  ESSID:off/any  
          Mode:Managed  Access Point: Not-Associated   Tx-Power=31 dBm   
          Retry short limit:7   RTS thr:off   Fragment thr:off
          Power Management:on
          
2021-05-05T23:08:26.943
*-*
Result
wlan0     IEEE 802.11  ESSID:off/any  
          Mode:Managed  Access Point: Not-Associated   Tx-Power=31 dBm   
          Retry short limit:7   RTS thr:off   Fragment thr:off
          Power Management:on
          
2021-05-05T23:08:28.187
*-*
Result
wlan0     IEEE 802.11  ESSID:off/any  
          Mode:Managed  Access Point: Not-Associated   Tx-Power=31 dBm   
          Retry short limit:7   RTS thr:off   Fragment thr:off
          Power Management:on
          
2021-05-05T23:08:29.431
*-*
Result
wlan0     IEEE 802.11  ESSID:off/any  
          Mode:Managed  Access Point: Not-Associated   Tx-Power=31 dBm   
          Retry short limit:7   RTS thr:off   Fragment thr:off
          Power Management:on
          
2021-05-05T23:08:30.675
*-*
Result
wlan0     IEEE 802.11  ESSID:off/any  
          Mode:Managed  Access Point: Not-Associated   Tx-Power=31 dBm   
          Retry short limit:7   RTS thr:off   Fragment thr:off
          Power Management:on
          
2021-05-05T23:08:31.919
*-*
Result
wlan0     IEEE 802.11  ESSID:off/any  
          Mode:Managed  Access Point: Not-Associated   Tx-Power=31 dBm   
          Retry short limit:7   RTS thr:off   Fragment thr:off
          Power Management:on
          
2021-05-05T23:08:33.163
*-*
Result
wlan0     IEEE 802.11  ESSID:off/any  
          Mode:Managed  Access Point: Not-Associated   Tx-Power=31 dBm   
          Retry short limit:7   RTS thr:off   Fragment thr:off
          Power Management:on
          
2021-05-05T23:08:34.402
*-*
Result
wlan0     IEEE 802.11  ESSID:off/any  
          Mode:Managed  Access Point: Not-Associated   Tx-Power=31 dBm   
          Retry short limit:7   RTS thr:off   Fragment thr:off
          Power Management:on
          
2021-05-05T23:08:35.643
*-*
Result
wlan0     IEEE 802.11  ESSID:off/any  
          Mode:Managed  Access Point: Not-Associated   Tx-Power=31 dBm   
          Retry short limit:7   RTS thr:off   Fragment thr:off
          Power Management:on
          
2021-05-05T23:08:36.885
*-*
Result
wlan0     IEEE 802.11  ESSID:off/any  
          Mode:Managed  Access Point: Not-Associated   Tx-Power=31 dBm   
          Retry short limit:7   RTS thr:off   Fragment thr:off
          Power Management:on
          
2021-05-05T23:08:38.129
*-*
Result
wlan0     IEEE 802.11  ESSID:off/any  
          Mode:Managed  Access Point: Not-Associated   Tx-Power=31 dBm   
          Retry short limit:7   RTS thr:off   Fragment thr:off
          Power Management:on
          
2021-05-05T23:08:39.373
*-*
Result
wlan0     IEEE 802.11  ESSID:off/any  
          Mode:Managed  Access Point: Not-Associated   Tx-Power=31 dBm   
          Retry short limit:7   RTS thr:off   Fragment thr:off
          Power Management:on
          
2021-05-05T23:08:40.617
*-*
Result
wlan0     IEEE 802.11  ESSID:off/any  
          Mode:Managed  Access Point: Not-Associated   Tx-Power=31 dBm   
          Retry short limit:7   RTS thr:off   Fragment thr:off
          Power Management:on
          
2021-05-05T23:08:41.861
*-*
Result
wlan0     IEEE 802.11  ESSID:off/any  
          Mode:Managed  Access Point: Not-Associated   Tx-Power=31 dBm   
          Retry short limit:7   RTS thr:off   Fragment thr:off
          Power Management:on
          
2021-05-05T23:08:43.106
*-*
Result
wlan0     IEEE 802.11  ESSID:off/any  
          Mode:Managed  Access Point: Not-Associated   Tx-Power=31 dBm   
          Retry short limit:7   RTS thr:off   Fragment thr:off
          Power Management:on
          
2021-05-05T23:08:44.350
*-*
Result
wlan0     IEEE 802.11  ESSID:off/any  
          Mode:Managed  Access Point: Not-Associated   Tx-Power=31 dBm   
          Retry short limit:7   RTS thr:off   Fragment thr:off
          Power Management:on
          
2021-05-05T23:08:45.607
*-*
Result
wlan0     IEEE 802.11  ESSID:off/any  
          Mode:Managed  Access Point: Not-Associated   Tx-Power=31 dBm   
          Retry short limit:7   RTS thr:off   Fragment thr:off
          Power Management:on
          
2021-05-05T23:08:46.852
*-*
Result
wlan0     IEEE 802.11  ESSID:off/any  
          Mode:Managed  Access Point: Not-Associated   Tx-Power=31 dBm   
          Retry short limit:7   RTS thr:off   Fragment thr:off
          Power Management:on
          
2021-05-05T23:08:48.097
*-*
Result
wlan0     IEEE 802.11  ESSID:off/any  
          Mode:Managed  Access Point: Not-Associated   Tx-Power=31 dBm   
          Retry short limit:7   RTS thr:off   Fragment thr:off
          Power Management:on
          
2021-05-05T23:08:49.338
*-*
Result
wlan0     IEEE 802.11  ESSID:off/any  
          Mode:Managed  Access Point: Not-Associated   Tx-Power=31 dBm   
          Retry short limit:7   RTS thr:off   Fragment thr:off
          Power Management:on
          
2021-05-05T23:08:50.581
*-*
Result
wlan0     IEEE 802.11  ESSID:off/any  
          Mode:Managed  Access Point: Not-Associated   Tx-Power=31 dBm   
          Retry short limit:7   RTS thr:off   Fragment thr:off
          Power Management:on
          
2021-05-05T23:08:51.824
*-*
Result
wlan0     IEEE 802.11  ESSID:off/any  
          Mode:Managed  Access Point: Not-Associated   Tx-Power=31 dBm   
          Retry short limit:7   RTS thr:off   Fragment thr:off
          Power Management:on
          
2021-05-05T23:08:53.069
*-*
Result
wlan0     IEEE 802.11  ESSID:off/any  
          Mode:Managed  Access Point: Not-Associated   Tx-Power=31 dBm   
          Retry short limit:7   RTS thr:off   Fragment thr:off
          Power Management:on
          
2021-05-05T23:08:54.313
*-*
Result
wlan0     IEEE 802.11  ESSID:off/any  
          Mode:Managed  Access Point: Not-Associated   Tx-Power=31 dBm   
          Retry short limit:7   RTS thr:off   Fragment thr:off
          Power Management:on
          
2021-05-05T23:08:55.556
*-*
Result
wlan0     IEEE 802.11  ESSID:off/any  
          Mode:Managed  Access Point: Not-Associated   Tx-Power=31 dBm   
          Retry short limit:7   RTS thr:off   Fragment thr:off
          Power Management:on
          
2021-05-05T23:08:56.799
*-*
Result
wlan0     IEEE 802.11  ESSID:off/any  
          Mode:Managed  Access Point: Not-Associated   Tx-Power=31 dBm   
          Retry short limit:7   RTS thr:off   Fragment thr:off
          Power Management:on
          
2021-05-05T23:08:58.043
*-*
Result
wlan0     IEEE 802.11  ESSID:off/any  
          Mode:Managed  Access Point: Not-Associated   Tx-Power=31 dBm   
          Retry short limit:7   RTS thr:off   Fragment thr:off
          Power Management:on
          
2021-05-05T23:08:59.286
*-*
Result
wlan0     IEEE 802.11  ESSID:off/any  
          Mode:Managed  Access Point: Not-Associated   Tx-Power=31 dBm   
          Retry short limit:7   RTS thr:off   Fragment thr:off
          Power Management:on
          
2021-05-05T23:09:00.534
*-*
Result
wlan0     IEEE 802.11  ESSID:off/any  
          Mode:Managed  Access Point: Not-Associated   Tx-Power=31 dBm   
          Retry short limit:7   RTS thr:off   Fragment thr:off
          Power Management:on
          
2021-05-05T23:09:01.775
*-*
Result
wlan0     IEEE 802.11  ESSID:off/any  
          Mode:Managed  Access Point: Not-Associated   Tx-Power=31 dBm   
          Retry short limit:7   RTS thr:off   Fragment thr:off
          Power Management:on
          
2021-05-05T23:09:03.017
*-*
Result
wlan0     IEEE 802.11  ESSID:off/any  
          Mode:Managed  Access Point: Not-Associated   Tx-Power=31 dBm   
          Retry short limit:7   RTS thr:off   Fragment thr:off
          Power Management:on
          
2021-05-05T23:09:04.280
*-*
Result
wlan0     IEEE 802.11  ESSID:off/any  
          Mode:Managed  Access Point: Not-Associated   Tx-Power=31 dBm   
          Retry short limit:7   RTS thr:off   Fragment thr:off
          Power Management:on
          
2021-05-05T23:09:05.519
*-*
Result
wlan0     IEEE 802.11  ESSID:off/any  
          Mode:Managed  Access Point: Not-Associated   Tx-Power=31 dBm   
          Retry short limit:7   RTS thr:off   Fragment thr:off
          Power Management:on
          
2021-05-05T23:09:06.760
*-*
Result
wlan0     IEEE 802.11  ESSID:off/any  
          Mode:Managed  Access Point: Not-Associated   Tx-Power=31 dBm   
          Retry short limit:7   RTS thr:off   Fragment thr:off
          Power Management:on
          
2021-05-05T23:09:08.003
*-*
Result
wlan0     IEEE 802.11  ESSID:off/any  
          Mode:Managed  Access Point: Not-Associated   Tx-Power=31 dBm   
          Retry short limit:7   RTS thr:off   Fragment thr:off
          Power Management:on
          
2021-05-05T23:09:09.248
*-*
Result
wlan0     IEEE 802.11  ESSID:off/any  
          Mode:Managed  Access Point: Not-Associated   Tx-Power=31 dBm   
          Retry short limit:7   RTS thr:off   Fragment thr:off
          Power Management:on
          
2021-05-05T23:09:10.492
*-*
Result
wlan0     IEEE 802.11  ESSID:off/any  
          Mode:Managed  Access Point: Not-Associated   Tx-Power=31 dBm   
          Retry short limit:7   RTS thr:off   Fragment thr:off
          Power Management:on
          
2021-05-05T23:09:11.677
*-*
Result
wlan0     IEEE 802.11  ESSID:off/any  
          Mode:Managed  Access Point: Not-Associated   Tx-Power=31 dBm   
          Retry short limit:7   RTS thr:off   Fragment thr:off
          Power Management:on
          
2021-05-05T23:09:12.920
*-*
Result
wlan0     IEEE 802.11  ESSID:off/any  
          Mode:Managed  Access Point: Not-Associated   Tx-Power=31 dBm   
          Retry short limit:7   RTS thr:off   Fragment thr:off
          Power Management:on
          
2021-05-05T23:09:14.162
*-*
Result
wlan0     IEEE 802.11  ESSID:off/any  
          Mode:Managed  Access Point: Not-Associated   Tx-Power=31 dBm   
          Retry short limit:7   RTS thr:off   Fragment thr:off
          Power Management:on
          
2021-05-05T23:09:15.401
*-*
Result
wlan0     IEEE 802.11  ESSID:off/any  
          Mode:Managed  Access Point: Not-Associated   Tx-Power=31 dBm   
          Retry short limit:7   RTS thr:off   Fragment thr:off
          Power Management:on
          
2021-05-05T23:09:16.644
*-*
Result
wlan0     IEEE 802.11  ESSID:off/any  
          Mode:Managed  Access Point: Not-Associated   Tx-Power=31 dBm   
          Retry short limit:7   RTS thr:off   Fragment thr:off
          Power Management:on
          
2021-05-05T23:09:17.886
*-*
Result
wlan0     IEEE 802.11  ESSID:off/any  
          Mode:Managed  Access Point: Not-Associated   Tx-Power=31 dBm   
          Retry short limit:7   RTS thr:off   Fragment thr:off
          Power Management:on
          
2021-05-05T23:09:19.126
*-*
Result
wlan0     IEEE 802.11  ESSID:off/any  
          Mode:Managed  Access Point: Not-Associated   Tx-Power=31 dBm   
          Retry short limit:7   RTS thr:off   Fragment thr:off
          Power Management:on
          
2021-05-05T23:09:20.368
*-*
Result
wlan0     IEEE 802.11  ESSID:off/any  
          Mode:Managed  Access Point: Not-Associated   Tx-Power=31 dBm   
          Retry short limit:7   RTS thr:off   Fragment thr:off
          Power Management:on
          
2021-05-05T23:09:21.634
*-*
Result
wlan0     IEEE 802.11  ESSID:off/any  
          Mode:Managed  Access Point: Not-Associated   Tx-Power=31 dBm   
          Retry short limit:7   RTS thr:off   Fragment thr:off
          Power Management:on
          
2021-05-05T23:09:22.879
*-*
Result
wlan0     IEEE 802.11  ESSID:off/any  
          Mode:Managed  Access Point: Not-Associated   Tx-Power=31 dBm   
          Retry short limit:7   RTS thr:off   Fragment thr:off
          Power Management:on
          
2021-05-05T23:09:24.122
*-*
Result
wlan0     IEEE 802.11  ESSID:off/any  
          Mode:Managed  Access Point: Not-Associated   Tx-Power=31 dBm   
          Retry short limit:7   RTS thr:off   Fragment thr:off
          Power Management:on
          
2021-05-05T23:09:25.367
*-*
Result
wlan0     IEEE 802.11  ESSID:off/any  
          Mode:Managed  Access Point: Not-Associated   Tx-Power=31 dBm   
          Retry short limit:7   RTS thr:off   Fragment thr:off
          Power Management:on
          
2021-05-05T23:09:26.611
*-*
Result
wlan0     IEEE 802.11  ESSID:off/any  
          Mode:Managed  Access Point: Not-Associated   Tx-Power=31 dBm   
          Retry short limit:7   RTS thr:off   Fragment thr:off
          Power Management:on
          
2021-05-05T23:09:27.851
*-*
Result
wlan0     IEEE 802.11  ESSID:off/any  
          Mode:Managed  Access Point: Not-Associated   Tx-Power=31 dBm   
          Retry short limit:7   RTS thr:off   Fragment thr:off
          Power Management:on
          
2021-05-05T23:09:29.091
*-*
Result
wlan0     IEEE 802.11  ESSID:off/any  
          Mode:Managed  Access Point: Not-Associated   Tx-Power=31 dBm   
          Retry short limit:7   RTS thr:off   Fragment thr:off
          Power Management:on
          
2021-05-05T23:09:30.335
*-*
Result
wlan0     IEEE 802.11  ESSID:off/any  
          Mode:Managed  Access Point: Not-Associated   Tx-Power=31 dBm   
          Retry short limit:7   RTS thr:off   Fragment thr:off
          Power Management:on
          
2021-05-05T23:09:31.580
*-*
Result
wlan0     IEEE 802.11  ESSID:off/any  
          Mode:Managed  Access Point: Not-Associated   Tx-Power=31 dBm   
          Retry short limit:7   RTS thr:off   Fragment thr:off
          Power Management:on
          
2021-05-05T23:09:32.824
*-*
Result
wlan0     IEEE 802.11  ESSID:off/any  
          Mode:Managed  Access Point: Not-Associated   Tx-Power=31 dBm   
          Retry short limit:7   RTS thr:off   Fragment thr:off
          Power Management:on
          
2021-05-05T23:09:34.072
*-*
Result
wlan0     IEEE 802.11  ESSID:off/any  
          Mode:Managed  Access Point: Not-Associated   Tx-Power=31 dBm   
          Retry short limit:7   RTS thr:off   Fragment thr:off
          Power Management:on
          
2021-05-05T23:09:35.298
*-*
Result
wlan0     IEEE 802.11  ESSID:off/any  
          Mode:Managed  Access Point: Not-Associated   Tx-Power=31 dBm   
          Retry short limit:7   RTS thr:off   Fragment thr:off
          Power Management:on
          
2021-05-05T23:09:36.538
*-*
Result
wlan0     IEEE 802.11  ESSID:off/any  
          Mode:Managed  Access Point: Not-Associated   Tx-Power=31 dBm   
          Retry short limit:7   RTS thr:off   Fragment thr:off
          Power Management:on
          
2021-05-05T23:09:37.783
*-*
Result
wlan0     IEEE 802.11  ESSID:off/any  
          Mode:Managed  Access Point: Not-Associated   Tx-Power=31 dBm   
          Retry short limit:7   RTS thr:off   Fragment thr:off
          Power Management:on
          
2021-05-05T23:09:39.028
*-*
Result
wlan0     IEEE 802.11  ESSID:off/any  
          Mode:Managed  Access Point: Not-Associated   Tx-Power=31 dBm   
          Retry short limit:7   RTS thr:off   Fragment thr:off
          Power Management:on
          
2021-05-05T23:09:40.269
*-*
Result
wlan0     IEEE 802.11  ESSID:off/any  
          Mode:Managed  Access Point: Not-Associated   Tx-Power=31 dBm   
          Retry short limit:7   RTS thr:off   Fragment thr:off
          Power Management:on
          
2021-05-05T23:09:41.521
*-*
Result
wlan0     IEEE 802.11  ESSID:off/any  
          Mode:Managed  Access Point: Not-Associated   Tx-Power=31 dBm   
          Retry short limit:7   RTS thr:off   Fragment thr:off
          Power Management:on
          
2021-05-05T23:09:42.772
*-*
Result
wlan0     IEEE 802.11  ESSID:off/any  
          Mode:Managed  Access Point: Not-Associated   Tx-Power=31 dBm   
          Retry short limit:7   RTS thr:off   Fragment thr:off
          Power Management:on
          
2021-05-05T23:09:44.018
*-*
Result
wlan0     IEEE 802.11  ESSID:off/any  
          Mode:Managed  Access Point: Not-Associated   Tx-Power=31 dBm   
          Retry short limit:7   RTS thr:off   Fragment thr:off
          Power Management:on
          
2021-05-05T23:09:45.264
*-*
Result
wlan0     IEEE 802.11  ESSID:off/any  
          Mode:Managed  Access Point: Not-Associated   Tx-Power=31 dBm   
          Retry short limit:7   RTS thr:off   Fragment thr:off
          Power Management:on
          
2021-05-05T23:09:46.508
*-*
Result
wlan0     IEEE 802.11  ESSID:off/any  
          Mode:Managed  Access Point: Not-Associated   Tx-Power=31 dBm   
          Retry short limit:7   RTS thr:off   Fragment thr:off
          Power Management:on
          
2021-05-05T23:09:47.753
*-*
Result
wlan0     IEEE 802.11  ESSID:off/any  
          Mode:Managed  Access Point: Not-Associated   Tx-Power=31 dBm   
          Retry short limit:7   RTS thr:off   Fragment thr:off
          Power Management:on
          
2021-05-05T23:09:48.998
*-*
Result
wlan0     IEEE 802.11  ESSID:off/any  
          Mode:Managed  Access Point: Not-Associated   Tx-Power=31 dBm   
          Retry short limit:7   RTS thr:off   Fragment thr:off
          Power Management:on
          
2021-05-05T23:09:50.242
*-*
Result
wlan0     IEEE 802.11  ESSID:off/any  
          Mode:Managed  Access Point: Not-Associated   Tx-Power=31 dBm   
          Retry short limit:7   RTS thr:off   Fragment thr:off
          Power Management:on
          
2021-05-05T23:09:51.487
*-*
Result
wlan0     IEEE 802.11  ESSID:off/any  
          Mode:Managed  Access Point: Not-Associated   Tx-Power=31 dBm   
          Retry short limit:7   RTS thr:off   Fragment thr:off
          Power Management:on
          
2021-05-05T23:09:52.731
*-*
Result
wlan0     IEEE 802.11  ESSID:off/any  
          Mode:Managed  Access Point: Not-Associated   Tx-Power=31 dBm   
          Retry short limit:7   RTS thr:off   Fragment thr:off
          Power Management:on
          
2021-05-05T23:09:53.978
*-*
Result
wlan0     IEEE 802.11  ESSID:off/any  
          Mode:Managed  Access Point: Not-Associated   Tx-Power=31 dBm   
          Retry short limit:7   RTS thr:off   Fragment thr:off
          Power Management:on
          
2021-05-05T23:09:55.218
*-*
Result
wlan0     IEEE 802.11  ESSID:off/any  
          Mode:Managed  Access Point: Not-Associated   Tx-Power=31 dBm   
          Retry short limit:7   RTS thr:off   Fragment thr:off
          Power Management:on
          
2021-05-05T23:09:56.466
*-*
Result
wlan0     IEEE 802.11  ESSID:off/any  
          Mode:Managed  Access Point: Not-Associated   Tx-Power=31 dBm   
          Retry short limit:7   RTS thr:off   Fragment thr:off
          Power Management:on
          
2021-05-05T23:09:57.711
*-*
Result
wlan0     IEEE 802.11  ESSID:off/any  
          Mode:Managed  Access Point: Not-Associated   Tx-Power=31 dBm   
          Retry short limit:7   RTS thr:off   Fragment thr:off
          Power Management:on
          
2021-05-05T23:09:58.956
*-*
Result
wlan0     IEEE 802.11  ESSID:off/any  
          Mode:Managed  Access Point: Not-Associated   Tx-Power=31 dBm   
          Retry short limit:7   RTS thr:off   Fragment thr:off
          Power Management:on
          
2021-05-05T23:10:00.200
*-*
Result
wlan0     IEEE 802.11  ESSID:off/any  
          Mode:Managed  Access Point: Not-Associated   Tx-Power=31 dBm   
          Retry short limit:7   RTS thr:off   Fragment thr:off
          Power Management:on
          
2021-05-05T23:10:01.443
*-*
Result
wlan0     IEEE 802.11  ESSID:off/any  
          Mode:Managed  Access Point: Not-Associated   Tx-Power=31 dBm   
          Retry short limit:7   RTS thr:off   Fragment thr:off
          Power Management:on
          
2021-05-05T23:10:02.687
*-*
Result
wlan0     IEEE 802.11  ESSID:off/any  
          Mode:Managed  Access Point: Not-Associated   Tx-Power=31 dBm   
          Retry short limit:7   RTS thr:off   Fragment thr:off
          Power Management:on
          
2021-05-05T23:10:03.929
*-*
Result
wlan0     IEEE 802.11  ESSID:off/any  
          Mode:Managed  Access Point: Not-Associated   Tx-Power=31 dBm   
          Retry short limit:7   RTS thr:off   Fragment thr:off
          Power Management:on
          
2021-05-05T23:10:05.173
*-*
Result
wlan0     IEEE 802.11  ESSID:off/any  
          Mode:Managed  Access Point: Not-Associated   Tx-Power=31 dBm   
          Retry short limit:7   RTS thr:off   Fragment thr:off
          Power Management:on
          
2021-05-05T23:10:06.411
*-*
Result
wlan0     IEEE 802.11  ESSID:off/any  
          Mode:Managed  Access Point: Not-Associated   Tx-Power=31 dBm   
          Retry short limit:7   RTS thr:off   Fragment thr:off
          Power Management:on
          
2021-05-05T23:10:07.649
*-*
Result
wlan0     IEEE 802.11  ESSID:off/any  
          Mode:Managed  Access Point: Not-Associated   Tx-Power=31 dBm   
          Retry short limit:7   RTS thr:off   Fragment thr:off
          Power Management:on
          
2021-05-05T23:10:08.902
*-*
Result
wlan0     IEEE 802.11  ESSID:off/any  
          Mode:Managed  Access Point: Not-Associated   Tx-Power=31 dBm   
          Retry short limit:7   RTS thr:off   Fragment thr:off
          Power Management:on
          
2021-05-05T23:10:10.150
*-*
Result
wlan0     IEEE 802.11  ESSID:off/any  
          Mode:Managed  Access Point: Not-Associated   Tx-Power=31 dBm   
          Retry short limit:7   RTS thr:off   Fragment thr:off
          Power Management:on
          
2021-05-05T23:10:11.387
*-*
Result
wlan0     IEEE 802.11  ESSID:off/any  
          Mode:Managed  Access Point: Not-Associated   Tx-Power=31 dBm   
          Retry short limit:7   RTS thr:off   Fragment thr:off
          Power Management:on
          
2021-05-05T23:10:12.627
*-*
Result
wlan0     IEEE 802.11  ESSID:off/any  
          Mode:Managed  Access Point: Not-Associated   Tx-Power=31 dBm   
          Retry short limit:7   RTS thr:off   Fragment thr:off
          Power Management:on
          
2021-05-05T23:10:13.865
*-*
Result
wlan0     IEEE 802.11  ESSID:off/any  
          Mode:Managed  Access Point: Not-Associated   Tx-Power=31 dBm   
          Retry short limit:7   RTS thr:off   Fragment thr:off
          Power Management:on
          
2021-05-05T23:10:15.102
*-*
Result
wlan0     IEEE 802.11  ESSID:"WirelessProject"  
          Mode:Managed  Frequency:5.18 GHz  Access Point: B8:27:EB:75:C1:31   
          Bit Rate=65 Mb/s   Tx-Power=31 dBm   
          Retry short limit:7   RTS thr:off   Fragment thr:off
          Power Management:on
          Link Quality=32/70  Signal level=-78 dBm  
          Rx invalid nwid:0  Rx invalid crypt:0  Rx invalid frag:0
          Tx excessive retries:0  Invalid misc:0   Missed beacon:0

2021-05-05T23:10:16.343
*-*
Result
wlan0     IEEE 802.11  ESSID:"WirelessProject"  
          Mode:Managed  Frequency:5.18 GHz  Access Point: B8:27:EB:75:C1:31   
          Bit Rate=52 Mb/s   Tx-Power=31 dBm   
          Retry short limit:7   RTS thr:off   Fragment thr:off
          Power Management:on
          Link Quality=34/70  Signal level=-76 dBm  
          Rx invalid nwid:0  Rx invalid crypt:0  Rx invalid frag:0
          Tx excessive retries:0  Invalid misc:0   Missed beacon:0

2021-05-05T23:10:17.611
*-*
Result
wlan0     IEEE 802.11  ESSID:"WirelessProject"  
          Mode:Managed  Frequency:5.18 GHz  Access Point: B8:27:EB:75:C1:31   
          Bit Rate=52 Mb/s   Tx-Power=31 dBm   
          Retry short limit:7   RTS thr:off   Fragment thr:off
          Power Management:on
          Link Quality=36/70  Signal level=-74 dBm  
          Rx invalid nwid:0  Rx invalid crypt:0  Rx invalid frag:0
          Tx excessive retries:0  Invalid misc:0   Missed beacon:0

2021-05-05T23:10:18.870
*-*
Result
wlan0     IEEE 802.11  ESSID:"WirelessProject"  
          Mode:Managed  Frequency:5.18 GHz  Access Point: B8:27:EB:75:C1:31   
          Bit Rate=24 Mb/s   Tx-Power=31 dBm   
          Retry short limit:7   RTS thr:off   Fragment thr:off
          Power Management:on
          Link Quality=37/70  Signal level=-73 dBm  
          Rx invalid nwid:0  Rx invalid crypt:0  Rx invalid frag:0
          Tx excessive retries:1  Invalid misc:0   Missed beacon:0

2021-05-05T23:10:20.123
*-*
Result
wlan0     IEEE 802.11  ESSID:"WirelessProject"  
          Mode:Managed  Frequency:5.18 GHz  Access Point: B8:27:EB:75:C1:31   
          Bit Rate=24 Mb/s   Tx-Power=31 dBm   
          Retry short limit:7   RTS thr:off   Fragment thr:off
          Power Management:on
          Link Quality=38/70  Signal level=-72 dBm  
          Rx invalid nwid:0  Rx invalid crypt:0  Rx invalid frag:0
          Tx excessive retries:2  Invalid misc:0   Missed beacon:0

2021-05-05T23:10:21.367
*-*
Result
wlan0     IEEE 802.11  ESSID:"WirelessProject"  
          Mode:Managed  Frequency:5.18 GHz  Access Point: B8:27:EB:75:C1:31   
          Bit Rate=24 Mb/s   Tx-Power=31 dBm   
          Retry short limit:7   RTS thr:off   Fragment thr:off
          Power Management:on
          Link Quality=38/70  Signal level=-72 dBm  
          Rx invalid nwid:0  Rx invalid crypt:0  Rx invalid frag:0
          Tx excessive retries:5  Invalid misc:0   Missed beacon:0

2021-05-05T23:10:22.609
*-*
Result
wlan0     IEEE 802.11  ESSID:"WirelessProject"  
          Mode:Managed  Frequency:5.18 GHz  Access Point: B8:27:EB:75:C1:31   
          Bit Rate=52 Mb/s   Tx-Power=31 dBm   
          Retry short limit:7   RTS thr:off   Fragment thr:off
          Power Management:on
          Link Quality=35/70  Signal level=-75 dBm  
          Rx invalid nwid:0  Rx invalid crypt:0  Rx invalid frag:0
          Tx excessive retries:5  Invalid misc:0   Missed beacon:0

2021-05-05T23:10:23.851
*-*
Result
wlan0     IEEE 802.11  ESSID:"WirelessProject"  
          Mode:Managed  Frequency:5.18 GHz  Access Point: B8:27:EB:75:C1:31   
          Bit Rate=52 Mb/s   Tx-Power=31 dBm   
          Retry short limit:7   RTS thr:off   Fragment thr:off
          Power Management:on
          Link Quality=34/70  Signal level=-76 dBm  
          Rx invalid nwid:0  Rx invalid crypt:0  Rx invalid frag:0
          Tx excessive retries:36  Invalid misc:0   Missed beacon:0

2021-05-05T23:10:25.101
*-*
Result
wlan0     IEEE 802.11  ESSID:"WirelessProject"  
          Mode:Managed  Frequency:5.18 GHz  Access Point: B8:27:EB:75:C1:31   
          Bit Rate=24 Mb/s   Tx-Power=31 dBm   
          Retry short limit:7   RTS thr:off   Fragment thr:off
          Power Management:on
          Link Quality=32/70  Signal level=-78 dBm  
          Rx invalid nwid:0  Rx invalid crypt:0  Rx invalid frag:0
          Tx excessive retries:36  Invalid misc:0   Missed beacon:0

2021-05-05T23:10:26.359
*-*
Result
wlan0     IEEE 802.11  ESSID:"WirelessProject"  
          Mode:Managed  Frequency:5.18 GHz  Access Point: B8:27:EB:75:C1:31   
          Bit Rate=24 Mb/s   Tx-Power=31 dBm   
          Retry short limit:7   RTS thr:off   Fragment thr:off
          Power Management:on
          Link Quality=31/70  Signal level=-79 dBm  
          Rx invalid nwid:0  Rx invalid crypt:0  Rx invalid frag:0
          Tx excessive retries:41  Invalid misc:0   Missed beacon:0

2021-05-05T23:10:27.602
*-*
Result
wlan0     IEEE 802.11  ESSID:"WirelessProject"  
          Mode:Managed  Frequency:5.18 GHz  Access Point: B8:27:EB:75:C1:31   
          Bit Rate=24 Mb/s   Tx-Power=31 dBm   
          Retry short limit:7   RTS thr:off   Fragment thr:off
          Power Management:on
          Link Quality=31/70  Signal level=-79 dBm  
          Rx invalid nwid:0  Rx invalid crypt:0  Rx invalid frag:0
          Tx excessive retries:49  Invalid misc:0   Missed beacon:0

2021-05-05T23:10:28.844
*-*
Result
wlan0     IEEE 802.11  ESSID:off/any  
          Mode:Managed  Access Point: Not-Associated   Tx-Power=31 dBm   
          Retry short limit:7   RTS thr:off   Fragment thr:off
          Power Management:on
          
2021-05-05T23:10:30.100
*-*
Result
wlan0     IEEE 802.11  ESSID:off/any  
          Mode:Managed  Access Point: Not-Associated   Tx-Power=31 dBm   
          Retry short limit:7   RTS thr:off   Fragment thr:off
          Power Management:on
          
2021-05-05T23:10:31.365
*-*
Result
wlan0     IEEE 802.11  ESSID:off/any  
          Mode:Managed  Access Point: Not-Associated   Tx-Power=31 dBm   
          Retry short limit:7   RTS thr:off   Fragment thr:off
          Power Management:on
          
2021-05-05T23:10:32.604
*-*
Result
wlan0     IEEE 802.11  ESSID:off/any  
          Mode:Managed  Access Point: Not-Associated   Tx-Power=31 dBm   
          Retry short limit:7   RTS thr:off   Fragment thr:off
          Power Management:on
          
2021-05-05T23:10:33.842
*-*
Result
wlan0     IEEE 802.11  ESSID:off/any  
          Mode:Managed  Access Point: Not-Associated   Tx-Power=31 dBm   
          Retry short limit:7   RTS thr:off   Fragment thr:off
          Power Management:on
          
2021-05-05T23:10:35.082
*-*
Result
wlan0     IEEE 802.11  ESSID:off/any  
          Mode:Managed  Access Point: Not-Associated   Tx-Power=31 dBm   
          Retry short limit:7   RTS thr:off   Fragment thr:off
          Power Management:on
          
2021-05-05T23:10:36.321
*-*
Result
wlan0     IEEE 802.11  ESSID:off/any  
          Mode:Managed  Access Point: Not-Associated   Tx-Power=31 dBm   
          Retry short limit:7   RTS thr:off   Fragment thr:off
          Power Management:on
          
2021-05-05T23:10:37.571
*-*
Result
wlan0     IEEE 802.11  ESSID:off/any  
          Mode:Managed  Access Point: Not-Associated   Tx-Power=31 dBm   
          Retry short limit:7   RTS thr:off   Fragment thr:off
          Power Management:on
          
2021-05-05T23:10:38.814
*-*
Result
wlan0     IEEE 802.11  ESSID:off/any  
          Mode:Managed  Access Point: Not-Associated   Tx-Power=31 dBm   
          Retry short limit:7   RTS thr:off   Fragment thr:off
          Power Management:on
          
2021-05-05T23:10:40.053
*-*
Result
wlan0     IEEE 802.11  ESSID:off/any  
          Mode:Managed  Access Point: Not-Associated   Tx-Power=31 dBm   
          Retry short limit:7   RTS thr:off   Fragment thr:off
          Power Management:on
          
2021-05-05T23:10:41.291
*-*
Result
wlan0     IEEE 802.11  ESSID:off/any  
          Mode:Managed  Access Point: Not-Associated   Tx-Power=31 dBm   
          Retry short limit:7   RTS thr:off   Fragment thr:off
          Power Management:on
          
2021-05-05T23:10:42.529
*-*
Result
wlan0     IEEE 802.11  ESSID:off/any  
          Mode:Managed  Access Point: Not-Associated   Tx-Power=31 dBm   
          Retry short limit:7   RTS thr:off   Fragment thr:off
          Power Management:on
          
2021-05-05T23:10:43.772
*-*
Result
wlan0     IEEE 802.11  ESSID:off/any  
          Mode:Managed  Access Point: Not-Associated   Tx-Power=31 dBm   
          Retry short limit:7   RTS thr:off   Fragment thr:off
          Power Management:on
          
2021-05-05T23:10:45.015
*-*
Result
wlan0     IEEE 802.11  ESSID:off/any  
          Mode:Managed  Access Point: Not-Associated   Tx-Power=31 dBm   
          Retry short limit:7   RTS thr:off   Fragment thr:off
          Power Management:on
          
2021-05-05T23:10:46.258
*-*
Result
wlan0     IEEE 802.11  ESSID:off/any  
          Mode:Managed  Access Point: Not-Associated   Tx-Power=31 dBm   
          Retry short limit:7   RTS thr:off   Fragment thr:off
          Power Management:on
          
2021-05-05T23:10:47.497
*-*
Result
wlan0     IEEE 802.11  ESSID:off/any  
          Mode:Managed  Access Point: Not-Associated   Tx-Power=31 dBm   
          Retry short limit:7   RTS thr:off   Fragment thr:off
          Power Management:on
          
2021-05-05T23:10:48.736
*-*
Result
wlan0     IEEE 802.11  ESSID:off/any  
          Mode:Managed  Access Point: Not-Associated   Tx-Power=31 dBm   
          Retry short limit:7   RTS thr:off   Fragment thr:off
          Power Management:on
          
2021-05-05T23:10:49.978
*-*
Result
wlan0     IEEE 802.11  ESSID:off/any  
          Mode:Managed  Access Point: Not-Associated   Tx-Power=31 dBm   
          Retry short limit:7   RTS thr:off   Fragment thr:off
          Power Management:on
          
2021-05-05T23:10:51.220
*-*
Result
wlan0     IEEE 802.11  ESSID:off/any  
          Mode:Managed  Access Point: Not-Associated   Tx-Power=31 dBm   
          Retry short limit:7   RTS thr:off   Fragment thr:off
          Power Management:on
          
2021-05-05T23:10:52.460
*-*
Result
wlan0     IEEE 802.11  ESSID:off/any  
          Mode:Managed  Access Point: Not-Associated   Tx-Power=31 dBm   
          Retry short limit:7   RTS thr:off   Fragment thr:off
          Power Management:on
          
2021-05-05T23:10:53.699
*-*
Result
wlan0     IEEE 802.11  ESSID:off/any  
          Mode:Managed  Access Point: Not-Associated   Tx-Power=31 dBm   
          Retry short limit:7   RTS thr:off   Fragment thr:off
          Power Management:on
          
2021-05-05T23:10:54.938
*-*
Result
wlan0     IEEE 802.11  ESSID:off/any  
          Mode:Managed  Access Point: Not-Associated   Tx-Power=31 dBm   
          Retry short limit:7   RTS thr:off   Fragment thr:off
          Power Management:on
          
2021-05-05T23:10:56.181
*-*
Result
wlan0     IEEE 802.11  ESSID:off/any  
          Mode:Managed  Access Point: Not-Associated   Tx-Power=31 dBm   
          Retry short limit:7   RTS thr:off   Fragment thr:off
          Power Management:on
          
2021-05-05T23:10:57.424
*-*
Result
wlan0     IEEE 802.11  ESSID:off/any  
          Mode:Managed  Access Point: Not-Associated   Tx-Power=31 dBm   
          Retry short limit:7   RTS thr:off   Fragment thr:off
          Power Management:on
          
2021-05-05T23:10:58.665
*-*
Result
wlan0     IEEE 802.11  ESSID:off/any  
          Mode:Managed  Access Point: Not-Associated   Tx-Power=31 dBm   
          Retry short limit:7   RTS thr:off   Fragment thr:off
          Power Management:on
          
2021-05-05T23:10:59.904
*-*
Result
wlan0     IEEE 802.11  ESSID:off/any  
          Mode:Managed  Access Point: Not-Associated   Tx-Power=31 dBm   
          Retry short limit:7   RTS thr:off   Fragment thr:off
          Power Management:on
          
2021-05-05T23:11:01.148
*-*
Result
wlan0     IEEE 802.11  ESSID:off/any  
          Mode:Managed  Access Point: Not-Associated   Tx-Power=31 dBm   
          Retry short limit:7   RTS thr:off   Fragment thr:off
          Power Management:on
          
2021-05-05T23:11:02.385
*-*
Result
wlan0     IEEE 802.11  ESSID:off/any  
          Mode:Managed  Access Point: Not-Associated   Tx-Power=31 dBm   
          Retry short limit:7   RTS thr:off   Fragment thr:off
          Power Management:on
          
2021-05-05T23:11:03.629
*-*
Result
wlan0     IEEE 802.11  ESSID:off/any  
          Mode:Managed  Access Point: Not-Associated   Tx-Power=31 dBm   
          Retry short limit:7   RTS thr:off   Fragment thr:off
          Power Management:on
          
2021-05-05T23:11:04.871
*-*
Result
wlan0     IEEE 802.11  ESSID:off/any  
          Mode:Managed  Access Point: Not-Associated   Tx-Power=31 dBm   
          Retry short limit:7   RTS thr:off   Fragment thr:off
          Power Management:on
          
2021-05-05T23:11:06.109
*-*
Result
wlan0     IEEE 802.11  ESSID:off/any  
          Mode:Managed  Access Point: Not-Associated   Tx-Power=31 dBm   
          Retry short limit:7   RTS thr:off   Fragment thr:off
          Power Management:on
          
2021-05-05T23:11:07.346
*-*
Result
wlan0     IEEE 802.11  ESSID:off/any  
          Mode:Managed  Access Point: Not-Associated   Tx-Power=31 dBm   
          Retry short limit:7   RTS thr:off   Fragment thr:off
          Power Management:on
          
2021-05-05T23:11:08.588
*-*
Result
wlan0     IEEE 802.11  ESSID:off/any  
          Mode:Managed  Access Point: Not-Associated   Tx-Power=31 dBm   
          Retry short limit:7   RTS thr:off   Fragment thr:off
          Power Management:on
          
2021-05-05T23:11:09.852
*-*
Result
wlan0     IEEE 802.11  ESSID:off/any  
          Mode:Managed  Access Point: Not-Associated   Tx-Power=31 dBm   
          Retry short limit:7   RTS thr:off   Fragment thr:off
          Power Management:on
          
2021-05-05T23:11:11.098
*-*
Result
wlan0     IEEE 802.11  ESSID:off/any  
          Mode:Managed  Access Point: Not-Associated   Tx-Power=31 dBm   
          Retry short limit:7   RTS thr:off   Fragment thr:off
          Power Management:on
          
2021-05-05T23:11:12.342
*-*
Result
wlan0     IEEE 802.11  ESSID:off/any  
          Mode:Managed  Access Point: Not-Associated   Tx-Power=31 dBm   
          Retry short limit:7   RTS thr:off   Fragment thr:off
          Power Management:on
          
2021-05-05T23:11:13.598
*-*
Result
wlan0     IEEE 802.11  ESSID:off/any  
          Mode:Managed  Access Point: Not-Associated   Tx-Power=31 dBm   
          Retry short limit:7   RTS thr:off   Fragment thr:off
          Power Management:on
          
2021-05-05T23:11:14.836
*-*
Result
wlan0     IEEE 802.11  ESSID:off/any  
          Mode:Managed  Access Point: Not-Associated   Tx-Power=31 dBm   
          Retry short limit:7   RTS thr:off   Fragment thr:off
          Power Management:on
          
2021-05-05T23:11:16.086
*-*
Result
wlan0     IEEE 802.11  ESSID:off/any  
          Mode:Managed  Access Point: Not-Associated   Tx-Power=31 dBm   
          Retry short limit:7   RTS thr:off   Fragment thr:off
          Power Management:on
          
2021-05-05T23:11:17.332
*-*
Result
wlan0     IEEE 802.11  ESSID:off/any  
          Mode:Managed  Access Point: Not-Associated   Tx-Power=31 dBm   
          Retry short limit:7   RTS thr:off   Fragment thr:off
          Power Management:on
          
2021-05-05T23:11:18.570
*-*
Result
wlan0     IEEE 802.11  ESSID:off/any  
          Mode:Managed  Access Point: Not-Associated   Tx-Power=31 dBm   
          Retry short limit:7   RTS thr:off   Fragment thr:off
          Power Management:on
          
2021-05-05T23:11:19.811
*-*
Result
wlan0     IEEE 802.11  ESSID:off/any  
          Mode:Managed  Access Point: Not-Associated   Tx-Power=31 dBm   
          Retry short limit:7   RTS thr:off   Fragment thr:off
          Power Management:on
          
2021-05-05T23:11:21.054
*-*
Result
wlan0     IEEE 802.11  ESSID:off/any  
          Mode:Managed  Access Point: Not-Associated   Tx-Power=31 dBm   
          Retry short limit:7   RTS thr:off   Fragment thr:off
          Power Management:on
          
2021-05-05T23:11:22.295
*-*
Result
wlan0     IEEE 802.11  ESSID:off/any  
          Mode:Managed  Access Point: Not-Associated   Tx-Power=31 dBm   
          Retry short limit:7   RTS thr:off   Fragment thr:off
          Power Management:on
          
2021-05-05T23:11:23.537
*-*
Result
wlan0     IEEE 802.11  ESSID:off/any  
          Mode:Managed  Access Point: Not-Associated   Tx-Power=31 dBm   
          Retry short limit:7   RTS thr:off   Fragment thr:off
          Power Management:on
          
2021-05-05T23:11:24.776
*-*
Result
wlan0     IEEE 802.11  ESSID:off/any  
          Mode:Managed  Access Point: Not-Associated   Tx-Power=31 dBm   
          Retry short limit:7   RTS thr:off   Fragment thr:off
          Power Management:on
          
2021-05-05T23:11:26.015
*-*
Result
wlan0     IEEE 802.11  ESSID:off/any  
          Mode:Managed  Access Point: Not-Associated   Tx-Power=31 dBm   
          Retry short limit:7   RTS thr:off   Fragment thr:off
          Power Management:on
          
2021-05-05T23:11:27.257
*-*
Result
wlan0     IEEE 802.11  ESSID:off/any  
          Mode:Managed  Access Point: Not-Associated   Tx-Power=31 dBm   
          Retry short limit:7   RTS thr:off   Fragment thr:off
          Power Management:on
          
2021-05-05T23:11:28.499
*-*
Result
wlan0     IEEE 802.11  ESSID:off/any  
          Mode:Managed  Access Point: Not-Associated   Tx-Power=31 dBm   
          Retry short limit:7   RTS thr:off   Fragment thr:off
          Power Management:on
          
2021-05-05T23:11:29.741
*-*
Result
wlan0     IEEE 802.11  ESSID:off/any  
          Mode:Managed  Access Point: Not-Associated   Tx-Power=31 dBm   
          Retry short limit:7   RTS thr:off   Fragment thr:off
          Power Management:on
          
2021-05-05T23:11:30.984
*-*
Result
wlan0     IEEE 802.11  ESSID:off/any  
          Mode:Managed  Access Point: Not-Associated   Tx-Power=31 dBm   
          Retry short limit:7   RTS thr:off   Fragment thr:off
          Power Management:on
          
2021-05-05T23:11:32.221
*-*
Result
wlan0     IEEE 802.11  ESSID:off/any  
          Mode:Managed  Access Point: Not-Associated   Tx-Power=31 dBm   
          Retry short limit:7   RTS thr:off   Fragment thr:off
          Power Management:on
          
2021-05-05T23:11:33.471
*-*
Result
wlan0     IEEE 802.11  ESSID:off/any  
          Mode:Managed  Access Point: Not-Associated   Tx-Power=31 dBm   
          Retry short limit:7   RTS thr:off   Fragment thr:off
          Power Management:on
          
2021-05-05T23:11:34.714
*-*
Result
wlan0     IEEE 802.11  ESSID:off/any  
          Mode:Managed  Access Point: Not-Associated   Tx-Power=31 dBm   
          Retry short limit:7   RTS thr:off   Fragment thr:off
          Power Management:on
          
2021-05-05T23:11:35.960
*-*
Result
wlan0     IEEE 802.11  ESSID:off/any  
          Mode:Managed  Access Point: Not-Associated   Tx-Power=31 dBm   
          Retry short limit:7   RTS thr:off   Fragment thr:off
          Power Management:on
          
2021-05-05T23:11:37.200
*-*
Result
wlan0     IEEE 802.11  ESSID:off/any  
          Mode:Managed  Access Point: Not-Associated   Tx-Power=31 dBm   
          Retry short limit:7   RTS thr:off   Fragment thr:off
          Power Management:on
          
2021-05-05T23:11:38.439
*-*
Result
wlan0     IEEE 802.11  ESSID:off/any  
          Mode:Managed  Access Point: Not-Associated   Tx-Power=31 dBm   
          Retry short limit:7   RTS thr:off   Fragment thr:off
          Power Management:on
          
2021-05-05T23:11:39.681
*-*
Result
wlan0     IEEE 802.11  ESSID:off/any  
          Mode:Managed  Access Point: Not-Associated   Tx-Power=31 dBm   
          Retry short limit:7   RTS thr:off   Fragment thr:off
          Power Management:on
          
2021-05-05T23:11:40.919
*-*
Result
wlan0     IEEE 802.11  ESSID:off/any  
          Mode:Managed  Access Point: Not-Associated   Tx-Power=31 dBm   
          Retry short limit:7   RTS thr:off   Fragment thr:off
          Power Management:on
          
2021-05-05T23:11:42.159
*-*
Result
wlan0     IEEE 802.11  ESSID:off/any  
          Mode:Managed  Access Point: Not-Associated   Tx-Power=31 dBm   
          Retry short limit:7   RTS thr:off   Fragment thr:off
          Power Management:on
          
2021-05-05T23:11:43.397
*-*
Result
wlan0     IEEE 802.11  ESSID:off/any  
          Mode:Managed  Access Point: Not-Associated   Tx-Power=31 dBm   
          Retry short limit:7   RTS thr:off   Fragment thr:off
          Power Management:on
          
2021-05-05T23:11:44.639
*-*
Result
wlan0     IEEE 802.11  ESSID:off/any  
          Mode:Managed  Access Point: Not-Associated   Tx-Power=31 dBm   
          Retry short limit:7   RTS thr:off   Fragment thr:off
          Power Management:on
          
2021-05-05T23:11:45.882
*-*
Result
wlan0     IEEE 802.11  ESSID:off/any  
          Mode:Managed  Access Point: Not-Associated   Tx-Power=31 dBm   
          Retry short limit:7   RTS thr:off   Fragment thr:off
          Power Management:on
          
2021-05-05T23:11:47.124
*-*
Result
wlan0     IEEE 802.11  ESSID:off/any  
          Mode:Managed  Access Point: Not-Associated   Tx-Power=31 dBm   
          Retry short limit:7   RTS thr:off   Fragment thr:off
          Power Management:on
          
2021-05-05T23:11:48.362
*-*
Result
wlan0     IEEE 802.11  ESSID:off/any  
          Mode:Managed  Access Point: Not-Associated   Tx-Power=31 dBm   
          Retry short limit:7   RTS thr:off   Fragment thr:off
          Power Management:on
          
2021-05-05T23:11:49.607
*-*
Result
wlan0     IEEE 802.11  ESSID:off/any  
          Mode:Managed  Access Point: Not-Associated   Tx-Power=31 dBm   
          Retry short limit:7   RTS thr:off   Fragment thr:off
          Power Management:on
          
2021-05-05T23:11:50.858
*-*
Result
wlan0     IEEE 802.11  ESSID:off/any  
          Mode:Managed  Access Point: Not-Associated   Tx-Power=31 dBm   
          Retry short limit:7   RTS thr:off   Fragment thr:off
          Power Management:on
          
2021-05-05T23:11:52.100
*-*
Result
wlan0     IEEE 802.11  ESSID:off/any  
          Mode:Managed  Access Point: Not-Associated   Tx-Power=31 dBm   
          Retry short limit:7   RTS thr:off   Fragment thr:off
          Power Management:on
          
2021-05-05T23:11:53.342
*-*
Result
wlan0     IEEE 802.11  ESSID:off/any  
          Mode:Managed  Access Point: Not-Associated   Tx-Power=31 dBm   
          Retry short limit:7   RTS thr:off   Fragment thr:off
          Power Management:on
          
2021-05-05T23:11:54.591
*-*
Result
wlan0     IEEE 802.11  ESSID:off/any  
          Mode:Managed  Access Point: Not-Associated   Tx-Power=31 dBm   
          Retry short limit:7   RTS thr:off   Fragment thr:off
          Power Management:on
          
2021-05-05T23:11:55.834
*-*
Result
wlan0     IEEE 802.11  ESSID:off/any  
          Mode:Managed  Access Point: Not-Associated   Tx-Power=31 dBm   
          Retry short limit:7   RTS thr:off   Fragment thr:off
          Power Management:on
          
2021-05-05T23:11:57.003
*-*
Result
wlan0     IEEE 802.11  ESSID:off/any  
          Mode:Managed  Access Point: Not-Associated   Tx-Power=31 dBm   
          Retry short limit:7   RTS thr:off   Fragment thr:off
          Power Management:on
          
2021-05-05T23:11:58.240
*-*
Result
wlan0     IEEE 802.11  ESSID:off/any  
          Mode:Managed  Access Point: Not-Associated   Tx-Power=31 dBm   
          Retry short limit:7   RTS thr:off   Fragment thr:off
          Power Management:on
          
2021-05-05T23:11:59.493
*-*
Result
wlan0     IEEE 802.11  ESSID:off/any  
          Mode:Managed  Access Point: Not-Associated   Tx-Power=31 dBm   
          Retry short limit:7   RTS thr:off   Fragment thr:off
          Power Management:on
          
2021-05-05T23:12:00.733
*-*
Result
wlan0     IEEE 802.11  ESSID:off/any  
          Mode:Managed  Access Point: Not-Associated   Tx-Power=31 dBm   
          Retry short limit:7   RTS thr:off   Fragment thr:off
          Power Management:on
          
2021-05-05T23:12:01.972
*-*
Result
wlan0     IEEE 802.11  ESSID:off/any  
          Mode:Managed  Access Point: Not-Associated   Tx-Power=31 dBm   
          Retry short limit:7   RTS thr:off   Fragment thr:off
          Power Management:on
          
2021-05-05T23:12:03.215
*-*
Result
wlan0     IEEE 802.11  ESSID:off/any  
          Mode:Managed  Access Point: Not-Associated   Tx-Power=31 dBm   
          Retry short limit:7   RTS thr:off   Fragment thr:off
          Power Management:on
          
2021-05-05T23:12:04.456
*-*
Result
wlan0     IEEE 802.11  ESSID:off/any  
          Mode:Managed  Access Point: Not-Associated   Tx-Power=31 dBm   
          Retry short limit:7   RTS thr:off   Fragment thr:off
          Power Management:on
          
2021-05-05T23:12:05.701
*-*
Result
wlan0     IEEE 802.11  ESSID:off/any  
          Mode:Managed  Access Point: Not-Associated   Tx-Power=31 dBm   
          Retry short limit:7   RTS thr:off   Fragment thr:off
          Power Management:on
          
2021-05-05T23:12:06.943
*-*
Result
wlan0     IEEE 802.11  ESSID:off/any  
          Mode:Managed  Access Point: Not-Associated   Tx-Power=31 dBm   
          Retry short limit:7   RTS thr:off   Fragment thr:off
          Power Management:on
          
2021-05-05T23:12:08.103
*-*
Result
wlan0     IEEE 802.11  ESSID:off/any  
          Mode:Managed  Access Point: Not-Associated   Tx-Power=31 dBm   
          Retry short limit:7   RTS thr:off   Fragment thr:off
          Power Management:on
          
2021-05-05T23:12:09.257
*-*
Result
wlan0     IEEE 802.11  ESSID:off/any  
          Mode:Managed  Access Point: Not-Associated   Tx-Power=31 dBm   
          Retry short limit:7   RTS thr:off   Fragment thr:off
          Power Management:on
          
2021-05-05T23:12:10.503
*-*
Result
wlan0     IEEE 802.11  ESSID:off/any  
          Mode:Managed  Access Point: Not-Associated   Tx-Power=31 dBm   
          Retry short limit:7   RTS thr:off   Fragment thr:off
          Power Management:on
          
2021-05-05T23:12:11.746
*-*
Result
wlan0     IEEE 802.11  ESSID:off/any  
          Mode:Managed  Access Point: Not-Associated   Tx-Power=31 dBm   
          Retry short limit:7   RTS thr:off   Fragment thr:off
          Power Management:on
          
2021-05-05T23:12:13.006
*-*
Result
wlan0     IEEE 802.11  ESSID:off/any  
          Mode:Managed  Access Point: Not-Associated   Tx-Power=31 dBm   
          Retry short limit:7   RTS thr:off   Fragment thr:off
          Power Management:on
          
2021-05-05T23:12:14.264
*-*
Result
wlan0     IEEE 802.11  ESSID:off/any  
          Mode:Managed  Access Point: Not-Associated   Tx-Power=31 dBm   
          Retry short limit:7   RTS thr:off   Fragment thr:off
          Power Management:on
          
2021-05-05T23:12:15.452
*-*
Result
wlan0     IEEE 802.11  ESSID:off/any  
          Mode:Managed  Access Point: Not-Associated   Tx-Power=31 dBm   
          Retry short limit:7   RTS thr:off   Fragment thr:off
          Power Management:on
          
2021-05-05T23:12:16.709
*-*
Result
wlan0     IEEE 802.11  ESSID:off/any  
          Mode:Managed  Access Point: Not-Associated   Tx-Power=31 dBm   
          Retry short limit:7   RTS thr:off   Fragment thr:off
          Power Management:on
          
2021-05-05T23:12:17.957
*-*
Result
wlan0     IEEE 802.11  ESSID:off/any  
          Mode:Managed  Access Point: Not-Associated   Tx-Power=31 dBm   
          Retry short limit:7   RTS thr:off   Fragment thr:off
          Power Management:on
          
2021-05-05T23:12:19.132
*-*
Result
wlan0     IEEE 802.11  ESSID:off/any  
          Mode:Managed  Access Point: Not-Associated   Tx-Power=31 dBm   
          Retry short limit:7   RTS thr:off   Fragment thr:off
          Power Management:on
          
2021-05-05T23:12:20.313
*-*
Result
wlan0     IEEE 802.11  ESSID:off/any  
          Mode:Managed  Access Point: Not-Associated   Tx-Power=31 dBm   
          Retry short limit:7   RTS thr:off   Fragment thr:off
          Power Management:on
          
2021-05-05T23:12:21.573
*-*
