2021-05-05T19:08:57.338
*-*
2021-05-05T19:09:13.303
*-*
2021-05-05T19:09:23.541
*-*
2021-05-05T19:09:36.675
*-*
2021-05-05T19:09:46.875
*-*
2021-05-05T19:10:01.231
*-*
2021-05-05T19:10:15.664
*-*
2021-05-05T19:10:30.112
*-*
2021-05-05T19:10:44.547
*-*
2021-05-05T19:10:58.983
*-*
2021-05-05T19:11:13.426
*-*
2021-05-05T19:11:27.879
*-*
2021-05-05T19:11:42.354
*-*
2021-05-05T19:11:56.796
*-*
2021-05-05T19:12:11.238
*-*
2021-05-05T19:12:25.709
*-*
2021-05-05T19:12:40.148
*-*
          Cell 01 - Address: B8:27:EB:75:C1:31
                    Channel:6
                    Frequency:2.437 GHz (Channel 6)
                    Quality=66/70  Signal level=-44 dBm  
                    Encryption key:on
                    ESSID:"WirelessProject"
                    Bit Rates:1 Mb/s; 2 Mb/s; 5.5 Mb/s; 11 Mb/s; 18 Mb/s
                              24 Mb/s; 36 Mb/s; 54 Mb/s
                    Bit Rates:6 Mb/s; 9 Mb/s; 12 Mb/s; 48 Mb/s
                    Mode:Master
                    Extra:tsf=0000000000000000
2021-05-05T19:12:54.664
*-*
          Cell 01 - Address: B8:27:EB:75:C1:31
                    Channel:6
                    Frequency:2.437 GHz (Channel 6)
                    Quality=65/70  Signal level=-45 dBm  
                    Encryption key:on
                    ESSID:"WirelessProject"
                    Bit Rates:1 Mb/s; 2 Mb/s; 5.5 Mb/s; 11 Mb/s; 18 Mb/s
                              24 Mb/s; 36 Mb/s; 54 Mb/s
                    Bit Rates:6 Mb/s; 9 Mb/s; 12 Mb/s; 48 Mb/s
                    Mode:Master
                    Extra:tsf=0000000000000000
2021-05-05T19:13:09.195
*-*
2021-05-05T19:13:23.657
*-*
2021-05-05T19:13:38.114
*-*
2021-05-05T19:13:52.578
*-*
          Cell 01 - Address: B8:27:EB:75:C1:31
                    Channel:6
                    Frequency:2.437 GHz (Channel 6)
                    Quality=70/70  Signal level=-30 dBm  
                    Encryption key:on
                    ESSID:"WirelessProject"
                    Bit Rates:1 Mb/s; 2 Mb/s; 5.5 Mb/s; 11 Mb/s; 18 Mb/s
                              24 Mb/s; 36 Mb/s; 54 Mb/s
                    Bit Rates:6 Mb/s; 9 Mb/s; 12 Mb/s; 48 Mb/s
                    Mode:Master
                    Extra:tsf=0000000000000000
2021-05-05T19:14:07.074
*-*
2021-05-05T19:14:17.393
*-*
          Cell 01 - Address: B8:27:EB:75:C1:31
                    Channel:6
                    Frequency:2.437 GHz (Channel 6)
                    Quality=70/70  Signal level=-31 dBm  
                    Encryption key:on
                    ESSID:"WirelessProject"
                    Bit Rates:1 Mb/s; 2 Mb/s; 5.5 Mb/s; 11 Mb/s; 18 Mb/s
                              24 Mb/s; 36 Mb/s; 54 Mb/s
                    Bit Rates:6 Mb/s; 9 Mb/s; 12 Mb/s; 48 Mb/s
                    Mode:Master
                    Extra:tsf=0000000000000000
2021-05-05T19:14:40.377
*-*
          Cell 01 - Address: B8:27:EB:75:C1:31
                    Channel:6
                    Frequency:2.437 GHz (Channel 6)
                    Quality=48/70  Signal level=-62 dBm  
                    Encryption key:on
                    ESSID:"WirelessProject"
                    Bit Rates:1 Mb/s; 2 Mb/s; 5.5 Mb/s; 11 Mb/s; 18 Mb/s
                              24 Mb/s; 36 Mb/s; 54 Mb/s
                    Bit Rates:6 Mb/s; 9 Mb/s; 12 Mb/s; 48 Mb/s
                    Mode:Master
                    Extra:tsf=0000000000000000
2021-05-05T19:14:55.000
*-*
2021-05-05T19:15:09.654
*-*
2021-05-05T19:15:19.935
*-*
2021-05-05T19:15:30.210
*-*
2021-05-05T19:15:43.363
*-*
2021-05-05T19:15:56.545
*-*
2021-05-05T19:16:09.734
*-*
2021-05-05T19:16:24.173
*-*
2021-05-05T19:16:38.745
*-*
2021-05-05T19:16:53.306
*-*
2021-05-05T19:17:07.861
*-*
2021-05-05T19:17:18.151
*-*
          Cell 03 - Address: B8:27:EB:6C:F0:84
                    Channel:1
                    Frequency:2.412 GHz (Channel 1)
                    Quality=55/70  Signal level=-55 dBm  
                    Encryption key:on
                    ESSID:"WirelessProject"
                    Bit Rates:1 Mb/s; 2 Mb/s; 5.5 Mb/s; 11 Mb/s; 18 Mb/s
                              24 Mb/s; 36 Mb/s; 54 Mb/s
                    Bit Rates:6 Mb/s; 9 Mb/s; 12 Mb/s; 48 Mb/s
                    Mode:Master
                    Extra:tsf=0000000000000000
2021-05-05T19:17:33.019
*-*
          Cell 03 - Address: B8:27:EB:6C:F0:84
                    Channel:1
                    Frequency:2.412 GHz (Channel 1)
                    Quality=46/70  Signal level=-64 dBm  
                    Encryption key:on
                    ESSID:"WirelessProject"
                    Bit Rates:1 Mb/s; 2 Mb/s; 5.5 Mb/s; 11 Mb/s; 18 Mb/s
                              24 Mb/s; 36 Mb/s; 54 Mb/s
                    Bit Rates:6 Mb/s; 9 Mb/s; 12 Mb/s; 48 Mb/s
                    Mode:Master
                    Extra:tsf=0000000000000000
2021-05-05T19:17:47.531
*-*
          Cell 03 - Address: B8:27:EB:6C:F0:84
                    Channel:1
                    Frequency:2.412 GHz (Channel 1)
                    Quality=56/70  Signal level=-54 dBm  
                    Encryption key:on
                    ESSID:"WirelessProject"
                    Bit Rates:1 Mb/s; 2 Mb/s; 5.5 Mb/s; 11 Mb/s; 18 Mb/s
                              24 Mb/s; 36 Mb/s; 54 Mb/s
                    Bit Rates:6 Mb/s; 9 Mb/s; 12 Mb/s; 48 Mb/s
                    Mode:Master
                    Extra:tsf=0000000000000000
2021-05-05T19:18:02.253
*-*
          Cell 01 - Address: B8:27:EB:6C:F0:84
                    Channel:1
                    Frequency:2.412 GHz (Channel 1)
                    Quality=70/70  Signal level=-38 dBm  
                    Encryption key:on
                    ESSID:"WirelessProject"
                    Bit Rates:1 Mb/s; 2 Mb/s; 5.5 Mb/s; 11 Mb/s; 18 Mb/s
                              24 Mb/s; 36 Mb/s; 54 Mb/s
                    Bit Rates:6 Mb/s; 9 Mb/s; 12 Mb/s; 48 Mb/s
                    Mode:Master
                    Extra:tsf=0000000000000000
2021-05-05T19:18:21.088
*-*
          Cell 01 - Address: B8:27:EB:6C:F0:84
                    Channel:1
                    Frequency:2.412 GHz (Channel 1)
                    Quality=57/70  Signal level=-53 dBm  
                    Encryption key:on
                    ESSID:"WirelessProject"
                    Bit Rates:1 Mb/s; 2 Mb/s; 5.5 Mb/s; 11 Mb/s; 18 Mb/s
                              24 Mb/s; 36 Mb/s; 54 Mb/s
                    Bit Rates:6 Mb/s; 9 Mb/s; 12 Mb/s; 48 Mb/s
                    Mode:Master
                    Extra:tsf=0000000000000000
2021-05-05T19:18:35.715
*-*
2021-05-05T19:18:50.276
*-*
2021-05-05T19:19:04.915
*-*
2021-05-05T19:19:15.188
*-*
2021-05-05T19:19:29.622
*-*
2021-05-05T19:19:44.159
*-*
2021-05-05T19:19:54.428
*-*
2021-05-05T19:20:08.869
*-*
2021-05-05T19:20:23.729
*-*
2021-05-05T19:20:38.169
*-*
2021-05-05T19:20:52.839
*-*
2021-05-05T19:21:07.372
*-*
2021-05-05T19:21:17.675
*-*
2021-05-05T19:21:32.106
*-*
2021-05-05T19:21:42.387
*-*
2021-05-05T19:21:55.553
*-*
2021-05-05T19:22:08.733
*-*
2021-05-05T19:22:21.912
*-*
2021-05-05T19:22:32.191
*-*
2021-05-05T19:22:45.403
*-*
