Sun May  2 02:34:36 2021
iperf3: error - unable to connect to server: Resource temporarily unavailable
Sun May  2 02:34:43 2021
iperf3: error - unable to connect to server: Resource temporarily unavailable
Sun May  2 02:34:50 2021
iperf3: error - unable to connect to server: Resource temporarily unavailable
Sun May  2 02:34:57 2021
iperf3: error - unable to connect to server: Resource temporarily unavailable
Sun May  2 02:35:04 2021
iperf3: error - unable to connect to server: Resource temporarily unavailable
Sun May  2 02:35:11 2021
iperf3: error - unable to connect to server: Resource temporarily unavailable
Sun May  2 02:35:18 2021
iperf3: error - unable to connect to server: Resource temporarily unavailable
Sun May  2 02:35:25 2021
iperf3: error - unable to connect to server: Resource temporarily unavailable
Sun May  2 02:35:32 2021
iperf3: error - unable to connect to server: Resource temporarily unavailable
Sun May  2 02:35:39 2021
Sun May  2 02:35:46 2021
Connecting to host nprabhalmac.wifi.local.cmu.edu, port 6003
[  5] local 192.168.17.53 port 54284 connected to 172.26.211.223 port 6003
[ ID] Interval           Transfer     Bitrate         Retr  Cwnd
[  5]   0.00-1.00   sec  76.5 KBytes   626 Kbits/sec    1   1.34 KBytes       
[  5]   1.00-2.00   sec  0.00 Bytes  0.00 bits/sec    2   16.1 KBytes       
[  5]   2.00-3.00   sec  0.00 Bytes  0.00 bits/sec    0   13.4 KBytes       
[  5]   3.00-4.00   sec  0.00 Bytes  0.00 bits/sec    1   10.7 KBytes       
[  5]   4.00-5.00   sec  0.00 Bytes  0.00 bits/sec    2   4.03 KBytes       
- - - - - - - - - - - - - - - - - - - - - - - - -
[ ID] Interval           Transfer     Bitrate         Retr
[  5]   0.00-5.00   sec  76.5 KBytes   125 Kbits/sec    6             sender
[  5]   0.00-5.00   sec  36.2 KBytes  59.3 Kbits/sec                  receiver

iperf Done.
Sun May  2 02:35:53 2021
Connecting to host nprabhalmac.wifi.local.cmu.edu, port 6003
[  5] local 192.168.17.53 port 54288 connected to 172.26.211.223 port 6003
[ ID] Interval           Transfer     Bitrate         Retr  Cwnd
[  5]   0.00-1.00   sec  75.1 KBytes   615 Kbits/sec    1   1.34 KBytes       
[  5]   1.00-2.00   sec  0.00 Bytes  0.00 bits/sec    2   10.7 KBytes       
[  5]   2.00-3.00   sec  0.00 Bytes  0.00 bits/sec    1   13.4 KBytes       
[  5]   3.00-4.00   sec  0.00 Bytes  0.00 bits/sec    0   13.4 KBytes       
[  5]   4.00-5.00   sec  48.3 KBytes   396 Kbits/sec    4   6.71 KBytes       
- - - - - - - - - - - - - - - - - - - - - - - - -
[ ID] Interval           Transfer     Bitrate         Retr
[  5]   0.00-5.00   sec   123 KBytes   202 Kbits/sec    8             sender
[  5]   0.00-5.00   sec  59.0 KBytes  96.7 Kbits/sec                  receiver

iperf Done.
Sun May  2 02:36:00 2021
Sun May  2 02:36:07 2021
Sun May  2 02:36:14 2021
Sun May  2 02:36:21 2021
Sun May  2 02:36:28 2021
Sun May  2 02:36:35 2021
Sun May  2 02:36:42 2021
Sun May  2 02:36:49 2021
Connecting to host nprabhalmac.wifi.local.cmu.edu, port 6003
[  5] local 192.168.17.53 port 54318 connected to 172.26.211.223 port 6003
[ ID] Interval           Transfer     Bitrate         Retr  Cwnd
[  5]   0.00-1.00   sec   938 KBytes  7.67 Mbits/sec   21   96.6 KBytes       
[  5]   1.00-2.00   sec   189 KBytes  1.55 Mbits/sec   17   69.8 KBytes       
[  5]   2.00-3.00   sec   189 KBytes  1.55 Mbits/sec   26   34.9 KBytes       
[  5]   3.00-4.00   sec   189 KBytes  1.55 Mbits/sec   20   5.37 KBytes       
[  5]   4.00-5.00   sec  0.00 Bytes  0.00 bits/sec    4   21.5 KBytes       
- - - - - - - - - - - - - - - - - - - - - - - - -
[ ID] Interval           Transfer     Bitrate         Retr
[  5]   0.00-5.00   sec  1.47 MBytes  2.47 Mbits/sec   88             sender
[  5]   0.00-5.00   sec  1.12 MBytes  1.88 Mbits/sec                  receiver

iperf Done.
Sun May  2 02:36:56 2021
Connecting to host nprabhalmac.wifi.local.cmu.edu, port 6003
[  5] local 192.168.17.53 port 54322 connected to 172.26.211.223 port 6003
[ ID] Interval           Transfer     Bitrate         Retr  Cwnd
[  5]   0.00-1.00   sec   180 KBytes  1.47 Mbits/sec   12   25.5 KBytes       
[  5]   1.00-2.00   sec  87.2 KBytes   715 Kbits/sec   14   8.05 KBytes       
[  5]   2.00-3.00   sec  65.7 KBytes   539 Kbits/sec    2   16.1 KBytes       
[  5]   3.00-4.00   sec  0.00 Bytes  0.00 bits/sec   12   5.37 KBytes       
[  5]   4.00-5.00   sec   127 KBytes  1.05 Mbits/sec    4   6.71 KBytes       
- - - - - - - - - - - - - - - - - - - - - - - - -
[ ID] Interval           Transfer     Bitrate         Retr
[  5]   0.00-5.00   sec   460 KBytes   754 Kbits/sec   44             sender
[  5]   0.00-5.00   sec   330 KBytes   541 Kbits/sec                  receiver

iperf Done.
Sun May  2 02:37:03 2021
Sun May  2 02:37:10 2021
Sun May  2 02:37:17 2021
iperf3: error - unable to connect to server: Resource temporarily unavailable
Sun May  2 02:37:24 2021
iperf3: error - unable to connect to server: Resource temporarily unavailable
Sun May  2 02:37:31 2021
iperf3: error - unable to connect to server: Resource temporarily unavailable
Sun May  2 02:37:38 2021
Sun May  2 02:37:45 2021
Connecting to host nprabhalmac.wifi.local.cmu.edu, port 6002
[  5] local 192.168.17.53 port 59182 connected to 172.26.211.223 port 6002
[ ID] Interval           Transfer     Bitrate         Retr  Cwnd
[  5]   0.00-1.00   sec   293 KBytes  2.40 Mbits/sec    3   20.1 KBytes       
[  5]   1.00-2.00   sec   133 KBytes  1.09 Mbits/sec    5   13.4 KBytes       
[  5]   2.00-3.00   sec  63.1 KBytes   517 Kbits/sec    2   10.7 KBytes       
[  5]   3.00-4.00   sec  0.00 Bytes  0.00 bits/sec    4   5.37 KBytes       
[  5]   4.00-5.00   sec   126 KBytes  1.03 Mbits/sec    5   2.68 KBytes       
- - - - - - - - - - - - - - - - - - - - - - - - -
[ ID] Interval           Transfer     Bitrate         Retr
[  5]   0.00-5.00   sec   615 KBytes  1.01 Mbits/sec   19             sender
[  5]   0.00-5.00   sec   478 KBytes   783 Kbits/sec                  receiver

iperf Done.
Sun May  2 02:37:52 2021
Sun May  2 02:37:59 2021
Sun May  2 02:38:06 2021
Sun May  2 02:38:13 2021
Sun May  2 02:38:20 2021
iperf3: error - unable to connect to server: Resource temporarily unavailable
Sun May  2 02:38:27 2021
iperf3: error - unable to connect to server: Resource temporarily unavailable
Sun May  2 02:38:34 2021
iperf3: error - unable to connect to server: Resource temporarily unavailable
Sun May  2 02:38:41 2021
Sun May  2 02:38:48 2021
Sun May  2 02:38:55 2021
Sun May  2 02:39:02 2021
Sun May  2 02:39:09 2021
iperf3: error - unable to connect stream: Resource temporarily unavailable
Connecting to host nprabhalmac.wifi.local.cmu.edu, port 6002
Sun May  2 02:39:16 2021
iperf3: error - unable to connect to server: Resource temporarily unavailable
Sun May  2 02:39:23 2021
Sun May  2 02:39:30 2021
Sun May  2 02:39:37 2021
Sun May  2 02:39:44 2021
Sun May  2 02:39:51 2021
Sun May  2 02:39:58 2021
Sun May  2 02:40:05 2021
Sun May  2 02:40:12 2021
iperf3: error - unable to connect to server: Resource temporarily unavailable
Sun May  2 02:40:19 2021
iperf3: error - unable to connect to server: Resource temporarily unavailable
Sun May  2 02:40:26 2021
iperf3: error - unable to connect to server: Resource temporarily unavailable
Sun May  2 02:40:33 2021
iperf3: error - unable to connect to server: Resource temporarily unavailable
Sun May  2 02:40:40 2021
iperf3: error - unable to connect to server: Resource temporarily unavailable
Sun May  2 02:40:47 2021
iperf3: error - unable to connect to server: Resource temporarily unavailable
Sun May  2 02:40:54 2021
iperf3: error - unable to connect to server: Resource temporarily unavailable
Sun May  2 02:41:01 2021
iperf3: error - unable to connect to server: Resource temporarily unavailable
