Fri Apr 30 19:19:40 2021
iperf3: error - unable to connect to server: Resource temporarily unavailable
Fri Apr 30 19:19:47 2021
iperf3: error - unable to connect to server: Resource temporarily unavailable
Fri Apr 30 19:19:54 2021
iperf3: error - unable to connect to server: Resource temporarily unavailable
Fri Apr 30 19:20:01 2021
iperf3: error - unable to connect to server: Resource temporarily unavailable
Fri Apr 30 19:20:08 2021
iperf3: error - unable to connect to server: Resource temporarily unavailable
Fri Apr 30 19:20:15 2021
iperf3: error - unable to connect to server: Resource temporarily unavailable
Fri Apr 30 19:20:22 2021
iperf3: error - unable to connect to server: Resource temporarily unavailable
Fri Apr 30 19:20:29 2021
iperf3: error - unable to connect to server: Resource temporarily unavailable
Fri Apr 30 19:20:36 2021
iperf3: error - unable to connect to server: Resource temporarily unavailable
Fri Apr 30 19:20:43 2021
iperf3: error - unable to connect to server: Resource temporarily unavailable
Fri Apr 30 19:20:50 2021
iperf3: error - unable to connect to server: Resource temporarily unavailable
Fri Apr 30 19:20:57 2021
iperf3: error - unable to connect to server: Resource temporarily unavailable
Fri Apr 30 19:21:04 2021
iperf3: error - unable to connect to server: Resource temporarily unavailable
Fri Apr 30 19:21:11 2021
iperf3: error - unable to connect to server: Resource temporarily unavailable
Fri Apr 30 19:21:18 2021
iperf3: error - unable to connect to server: Resource temporarily unavailable
Fri Apr 30 19:21:25 2021
iperf3: error - unable to connect to server: Resource temporarily unavailable
Fri Apr 30 19:21:32 2021
iperf3: error - unable to connect to server: Resource temporarily unavailable
Fri Apr 30 19:21:39 2021
iperf3: error - unable to connect to server: Resource temporarily unavailable
Fri Apr 30 19:21:46 2021
iperf3: error - unable to connect to server: Resource temporarily unavailable
Fri Apr 30 19:21:53 2021
Connecting to host nprabhalmac.wifi.local.cmu.edu, port 6003
[  5] local 192.168.7.92 port 43406 connected to 172.26.211.223 port 6003
[ ID] Interval           Transfer     Bitrate         Retr  Cwnd
[  5]   0.00-1.00   sec   170 KBytes  1.40 Mbits/sec   14   9.39 KBytes       
[  5]   1.00-2.00   sec  32.2 KBytes   264 Kbits/sec    0   12.1 KBytes       
[  5]   2.00-3.00   sec  67.1 KBytes   550 Kbits/sec    0   13.4 KBytes       
[  5]   3.00-4.00   sec  38.9 KBytes   319 Kbits/sec    0   17.4 KBytes       
[  5]   4.00-5.00   sec  41.6 KBytes   341 Kbits/sec    1   14.8 KBytes       
- - - - - - - - - - - - - - - - - - - - - - - - -
[ ID] Interval           Transfer     Bitrate         Retr
[  5]   0.00-5.00   sec   350 KBytes   574 Kbits/sec   15             sender
[  5]   0.00-5.00   sec   293 KBytes   479 Kbits/sec                  receiver

iperf Done.
Fri Apr 30 19:22:00 2021
Connecting to host nprabhalmac.wifi.local.cmu.edu, port 6003
[  5] local 192.168.7.92 port 43410 connected to 172.26.211.223 port 6003
[ ID] Interval           Transfer     Bitrate         Retr  Cwnd
[  5]   0.00-1.00   sec   193 KBytes  1.58 Mbits/sec    0   41.6 KBytes       
[  5]   1.00-2.00   sec  0.00 Bytes  0.00 bits/sec    1   28.2 KBytes       
[  5]   2.00-3.00   sec  0.00 Bytes  0.00 bits/sec    1   21.5 KBytes       
[  5]   3.00-4.00   sec  0.00 Bytes  0.00 bits/sec    4   10.7 KBytes       
[  5]   4.00-5.00   sec  76.5 KBytes   627 Kbits/sec    1   13.4 KBytes       
- - - - - - - - - - - - - - - - - - - - - - - - -
[ ID] Interval           Transfer     Bitrate         Retr
[  5]   0.00-5.00   sec   270 KBytes   442 Kbits/sec    7             sender
[  5]   0.00-5.00   sec   174 KBytes   286 Kbits/sec                  receiver

iperf Done.
Fri Apr 30 19:22:07 2021
Fri Apr 30 20:39:51 2021
Fri Apr 30 20:39:58 2021
Fri Apr 30 20:40:05 2021
Fri Apr 30 20:40:12 2021
Connecting to host nprabhalmac.wifi.local.cmu.edu, port 6003
[  5] local 192.168.7.92 port 43430 connected to 172.26.211.223 port 6003
[ ID] Interval           Transfer     Bitrate         Retr  Cwnd
[  5]   0.00-1.00   sec   195 KBytes  1.59 Mbits/sec    0   42.9 KBytes       
[  5]   1.00-2.00   sec  99.3 KBytes   813 Kbits/sec    2   41.6 KBytes       
[  5]   2.00-3.00   sec   130 KBytes  1.07 Mbits/sec   22   9.39 KBytes       
[  5]   3.00-4.00   sec  63.1 KBytes   516 Kbits/sec    0   13.4 KBytes       
[  5]   4.00-5.00   sec   189 KBytes  1.55 Mbits/sec   10   8.05 KBytes       
- - - - - - - - - - - - - - - - - - - - - - - - -
[ ID] Interval           Transfer     Bitrate         Retr
[  5]   0.00-5.00   sec   676 KBytes  1.11 Mbits/sec   34             sender
[  5]   0.00-5.00   sec   572 KBytes   936 Kbits/sec                  receiver

iperf Done.
Fri Apr 30 20:40:19 2021
Connecting to host nprabhalmac.wifi.local.cmu.edu, port 6003
[  5] local 192.168.7.92 port 43434 connected to 172.26.211.223 port 6003
[ ID] Interval           Transfer     Bitrate         Retr  Cwnd
[  5]   0.00-1.00   sec   321 KBytes  2.62 Mbits/sec   12   34.9 KBytes       
[  5]   1.00-2.00   sec   126 KBytes  1.03 Mbits/sec   11   17.4 KBytes       
[  5]   2.00-3.00   sec   126 KBytes  1.03 Mbits/sec   31   20.1 KBytes       
[  5]   3.00-4.00   sec   252 KBytes  2.07 Mbits/sec    6   14.8 KBytes       
[  5]   4.00-5.00   sec   252 KBytes  2.07 Mbits/sec   11   14.8 KBytes       
- - - - - - - - - - - - - - - - - - - - - - - - -
[ ID] Interval           Transfer     Bitrate         Retr
[  5]   0.00-5.00   sec  1.05 MBytes  1.77 Mbits/sec   71             sender
[  5]   0.00-5.00   sec   812 KBytes  1.33 Mbits/sec                  receiver

iperf Done.
Fri Apr 30 20:40:26 2021
Connecting to host nprabhalmac.wifi.local.cmu.edu, port 6003
[  5] local 192.168.7.92 port 43438 connected to 172.26.211.223 port 6003
[ ID] Interval           Transfer     Bitrate         Retr  Cwnd
[  5]   0.00-1.00   sec   429 KBytes  3.52 Mbits/sec   46   26.8 KBytes       
[  5]   1.00-2.00   sec   252 KBytes  2.07 Mbits/sec   13   28.2 KBytes       
[  5]   2.00-3.00   sec   126 KBytes  1.03 Mbits/sec    2   22.8 KBytes       
[  5]   3.00-4.00   sec  0.00 Bytes  0.00 bits/sec    3   10.7 KBytes       
[  5]   4.00-5.00   sec   126 KBytes  1.03 Mbits/sec    5   4.03 KBytes       
- - - - - - - - - - - - - - - - - - - - - - - - -
[ ID] Interval           Transfer     Bitrate         Retr
[  5]   0.00-5.00   sec   934 KBytes  1.53 Mbits/sec   69             sender
[  5]   0.00-5.00   sec   680 KBytes  1.11 Mbits/sec                  receiver

iperf Done.
Fri Apr 30 20:40:33 2021
Connecting to host nprabhalmac.wifi.local.cmu.edu, port 6003
[  5] local 192.168.7.92 port 43442 connected to 172.26.211.223 port 6003
[ ID] Interval           Transfer     Bitrate         Retr  Cwnd
[  5]   0.00-1.00   sec   122 KBytes  1000 Kbits/sec   10   6.71 KBytes       
[  5]   1.00-2.00   sec  83.2 KBytes   682 Kbits/sec    4   5.37 KBytes       
[  5]   2.00-3.00   sec  28.2 KBytes   231 Kbits/sec    1   6.71 KBytes       
[  5]   3.00-4.00   sec  61.7 KBytes   506 Kbits/sec    0   9.39 KBytes       
[  5]   4.00-5.00   sec  33.5 KBytes   275 Kbits/sec    0   13.4 KBytes       
- - - - - - - - - - - - - - - - - - - - - - - - -
[ ID] Interval           Transfer     Bitrate         Retr
[  5]   0.00-5.00   sec   329 KBytes   539 Kbits/sec   15             sender
[  5]   0.00-5.00   sec   293 KBytes   479 Kbits/sec                  receiver

iperf Done.
Fri Apr 30 20:40:40 2021
Fri Apr 30 20:40:47 2021
Fri Apr 30 20:40:54 2021
Fri Apr 30 20:41:01 2021
Fri Apr 30 20:41:09 2021
Fri Apr 30 20:41:15 2021
Fri Apr 30 20:41:22 2021
Fri Apr 30 20:41:29 2021
Fri Apr 30 20:41:36 2021
Fri Apr 30 20:41:43 2021
Fri Apr 30 20:41:50 2021
Fri Apr 30 20:41:57 2021
iperf3: error - unable to connect to server: Resource temporarily unavailable
Fri Apr 30 20:42:04 2021
iperf3: error - unable to connect to server: Resource temporarily unavailable
Fri Apr 30 20:42:11 2021
Connecting to host nprabhalmac.wifi.local.cmu.edu, port 6002
[  5] local 192.168.7.33 port 57672 connected to 172.26.211.223 port 6002
[ ID] Interval           Transfer     Bitrate         Retr  Cwnd
[  5]   0.00-1.00   sec   188 KBytes  1.54 Mbits/sec    1   16.1 KBytes       
[  5]   1.00-2.00   sec  99.3 KBytes   814 Kbits/sec   12   14.8 KBytes       
[  5]   2.00-3.00   sec   114 KBytes   934 Kbits/sec    0   20.1 KBytes       
[  5]   3.00-4.00   sec   157 KBytes  1.29 Mbits/sec    0   22.8 KBytes       
[  5]   4.00-5.00   sec   125 KBytes  1.02 Mbits/sec    0   28.2 KBytes       
- - - - - - - - - - - - - - - - - - - - - - - - -
[ ID] Interval           Transfer     Bitrate         Retr
[  5]   0.00-5.00   sec   683 KBytes  1.12 Mbits/sec   13             sender
[  5]   0.00-5.00   sec   653 KBytes  1.07 Mbits/sec                  receiver

iperf Done.
Fri Apr 30 20:42:18 2021
Connecting to host nprabhalmac.wifi.local.cmu.edu, port 6002
[  5] local 192.168.7.33 port 57676 connected to 172.26.211.223 port 6002
[ ID] Interval           Transfer     Bitrate         Retr  Cwnd
[  5]   0.00-1.00   sec   172 KBytes  1.41 Mbits/sec   18   21.5 KBytes       
[  5]   1.00-2.00   sec   126 KBytes  1.03 Mbits/sec   13   18.8 KBytes       
[  5]   2.00-3.00   sec   189 KBytes  1.55 Mbits/sec    0   20.1 KBytes       
[  5]   3.00-4.00   sec  0.00 Bytes  0.00 bits/sec    3   17.4 KBytes       
[  5]   4.00-5.00   sec   189 KBytes  1.55 Mbits/sec    0   22.8 KBytes       
- - - - - - - - - - - - - - - - - - - - - - - - -
[ ID] Interval           Transfer     Bitrate         Retr
[  5]   0.00-5.00   sec   676 KBytes  1.11 Mbits/sec   34             sender
[  5]   0.00-5.00   sec   535 KBytes   877 Kbits/sec                  receiver

iperf Done.
Fri Apr 30 20:42:25 2021
Fri Apr 30 20:42:32 2021
Fri Apr 30 20:42:39 2021
Fri Apr 30 20:42:46 2021
Fri Apr 30 20:42:53 2021
Fri Apr 30 20:43:00 2021
Fri Apr 30 20:43:07 2021
iperf3: error - the server is busy running a test. try again later
Fri Apr 30 20:43:14 2021
Fri Apr 30 20:43:21 2021
Fri Apr 30 20:43:28 2021
Fri Apr 30 20:43:35 2021
Connecting to host nprabhalmac.wifi.local.cmu.edu, port 6002
[  5] local 192.168.7.33 port 57710 connected to 172.26.211.223 port 6002
[ ID] Interval           Transfer     Bitrate         Retr  Cwnd
[  5]   0.00-1.00   sec   294 KBytes  2.41 Mbits/sec    1   67.1 KBytes       
[  5]   1.00-2.00   sec  0.00 Bytes  0.00 bits/sec    7   49.6 KBytes       
[  5]   2.00-3.00   sec  0.00 Bytes  0.00 bits/sec    5   21.5 KBytes       
[  5]   3.00-4.00   sec   126 KBytes  1.03 Mbits/sec   14   22.8 KBytes       
[  5]   4.00-5.00   sec  0.00 Bytes  0.00 bits/sec    0   26.8 KBytes       
- - - - - - - - - - - - - - - - - - - - - - - - -
[ ID] Interval           Transfer     Bitrate         Retr
[  5]   0.00-5.00   sec   420 KBytes   688 Kbits/sec   27             sender
[  5]   0.00-5.00   sec   280 KBytes   459 Kbits/sec                  receiver

iperf Done.
Fri Apr 30 20:43:42 2021
Fri Apr 30 20:43:49 2021
Fri Apr 30 20:43:56 2021
Connecting to host nprabhalmac.wifi.local.cmu.edu, port 6002
[  5] local 192.168.7.33 port 57718 connected to 172.26.211.223 port 6002
[ ID] Interval           Transfer     Bitrate         Retr  Cwnd
[  5]   0.00-1.00   sec  76.5 KBytes   626 Kbits/sec    2   17.4 KBytes       
[  5]   1.00-2.00   sec  41.6 KBytes   341 Kbits/sec    2   9.39 KBytes       
[  5]   2.00-3.00   sec  44.3 KBytes   363 Kbits/sec    0   12.1 KBytes       
[  5]   3.00-4.00   sec  38.9 KBytes   319 Kbits/sec    1   9.39 KBytes       
[  5]   4.00-5.00   sec  0.00 Bytes  0.00 bits/sec    1   9.39 KBytes       
- - - - - - - - - - - - - - - - - - - - - - - - -
[ ID] Interval           Transfer     Bitrate         Retr
[  5]   0.00-5.00   sec   201 KBytes   330 Kbits/sec    6             sender
[  5]   0.00-5.00   sec   172 KBytes   281 Kbits/sec                  receiver

iperf Done.
Fri Apr 30 20:44:03 2021
Fri Apr 30 20:44:10 2021
iperf3: error - unable to connect to server: Resource temporarily unavailable
Fri Apr 30 20:44:17 2021
Connecting to host nprabhalmac.wifi.local.cmu.edu, port 6001
[  5] local 192.168.7.33 port 57910 connected to 172.26.211.223 port 6001
[ ID] Interval           Transfer     Bitrate         Retr  Cwnd
[  5]   0.00-1.00   sec  71.1 KBytes   582 Kbits/sec   13   5.37 KBytes       
[  5]   1.00-2.00   sec  0.00 Bytes  0.00 bits/sec    0   5.37 KBytes       
[  5]   2.00-3.00   sec  0.00 Bytes  0.00 bits/sec    0   5.37 KBytes       
[  5]   3.00-4.00   sec  44.3 KBytes   363 Kbits/sec    5   6.71 KBytes       
[  5]   4.00-5.00   sec   110 KBytes   902 Kbits/sec    4   5.37 KBytes       
- - - - - - - - - - - - - - - - - - - - - - - - -
[ ID] Interval           Transfer     Bitrate         Retr
[  5]   0.00-5.00   sec   225 KBytes   369 Kbits/sec   22             sender
[  5]   0.00-5.00   sec   162 KBytes   266 Kbits/sec                  receiver

iperf Done.
Fri Apr 30 20:44:24 2021
Fri Apr 30 20:44:31 2021
Fri Apr 30 20:44:38 2021
Fri Apr 30 20:44:45 2021
Fri Apr 30 20:44:52 2021
Fri Apr 30 20:44:59 2021
Fri Apr 30 20:45:06 2021
Fri Apr 30 20:45:13 2021
Fri Apr 30 20:45:20 2021
Fri Apr 30 20:45:27 2021
Fri Apr 30 20:45:34 2021
iperf3: error - unable to connect to server: Resource temporarily unavailable
Fri Apr 30 20:45:41 2021
Connecting to host nprabhalmac.wifi.local.cmu.edu, port 6002
[  5] local 192.168.7.33 port 57756 connected to 172.26.211.223 port 6002
[ ID] Interval           Transfer     Bitrate         Retr  Cwnd
[  5]   0.00-1.00   sec   621 KBytes  5.09 Mbits/sec    0    160 KBytes       
[  5]   1.00-2.00   sec   252 KBytes  2.07 Mbits/sec    0    169 KBytes       
[  5]   2.00-3.00   sec   505 KBytes  4.13 Mbits/sec    0    181 KBytes       
[  5]   3.00-4.00   sec   315 KBytes  2.58 Mbits/sec   16   77.8 KBytes       
[  5]   4.00-5.00   sec   252 KBytes  2.07 Mbits/sec   16   32.2 KBytes       
- - - - - - - - - - - - - - - - - - - - - - - - -
[ ID] Interval           Transfer     Bitrate         Retr
[  5]   0.00-5.00   sec  1.90 MBytes  3.19 Mbits/sec   32             sender
[  5]   0.00-5.00   sec  1.43 MBytes  2.39 Mbits/sec                  receiver

iperf Done.
Fri Apr 30 20:45:48 2021
Fri Apr 30 20:45:55 2021
Fri Apr 30 20:46:02 2021
Fri Apr 30 20:46:09 2021
Connecting to host nprabhalmac.wifi.local.cmu.edu, port 6002
[  5] local 192.168.7.33 port 57772 connected to 172.26.211.223 port 6002
[ ID] Interval           Transfer     Bitrate         Retr  Cwnd
[  5]   0.00-1.00   sec   270 KBytes  2.21 Mbits/sec    0   44.3 KBytes       
[  5]   1.00-2.00   sec   317 KBytes  2.59 Mbits/sec    1   36.2 KBytes       
[  5]   2.00-3.00   sec   126 KBytes  1.03 Mbits/sec    2   29.5 KBytes       
[  5]   3.00-4.00   sec  63.1 KBytes   517 Kbits/sec    1   24.2 KBytes       
[  5]   4.00-5.00   sec   189 KBytes  1.55 Mbits/sec    0   26.8 KBytes       
- - - - - - - - - - - - - - - - - - - - - - - - -
[ ID] Interval           Transfer     Bitrate         Retr
[  5]   0.00-5.00   sec   965 KBytes  1.58 Mbits/sec    4             sender
[  5]   0.00-5.00   sec   813 KBytes  1.33 Mbits/sec                  receiver

iperf Done.
Fri Apr 30 20:46:16 2021
Fri Apr 30 20:46:23 2021
Connecting to host nprabhalmac.wifi.local.cmu.edu, port 6002
[  5] local 192.168.7.33 port 57780 connected to 172.26.211.223 port 6002
[ ID] Interval           Transfer     Bitrate         Retr  Cwnd
[  5]   0.00-1.00   sec  76.5 KBytes   626 Kbits/sec    3   24.2 KBytes       
[  5]   1.00-2.00   sec   136 KBytes  1.11 Mbits/sec    6   12.1 KBytes       
[  5]   2.00-3.00   sec  0.00 Bytes  0.00 bits/sec    0   13.4 KBytes       
[  5]   3.00-4.00   sec  0.00 Bytes  0.00 bits/sec    3   8.05 KBytes       
[  5]   4.00-5.00   sec  72.5 KBytes   594 Kbits/sec    0   6.71 KBytes       
- - - - - - - - - - - - - - - - - - - - - - - - -
[ ID] Interval           Transfer     Bitrate         Retr
[  5]   0.00-5.00   sec   284 KBytes   466 Kbits/sec   12             sender
[  5]   0.00-5.00   sec   158 KBytes   259 Kbits/sec                  receiver

iperf Done.
Fri Apr 30 20:46:30 2021
Fri Apr 30 20:46:37 2021
Fri Apr 30 20:46:44 2021
Fri Apr 30 20:46:51 2021
Fri Apr 30 20:46:58 2021
Fri Apr 30 20:47:05 2021
Fri Apr 30 20:47:12 2021
Fri Apr 30 20:47:19 2021
iperf3: error - unable to connect to server: Resource temporarily unavailable
Fri Apr 30 20:47:26 2021
iperf3: error - unable to connect to server: Resource temporarily unavailable
Fri Apr 30 20:47:33 2021
iperf3: error - unable to connect to server: Resource temporarily unavailable
Fri Apr 30 20:47:40 2021
Connecting to host nprabhalmac.wifi.local.cmu.edu, port 6003
[  5] local 192.168.7.92 port 43604 connected to 172.26.211.223 port 6003
[ ID] Interval           Transfer     Bitrate         Retr  Cwnd
[  5]   0.00-1.00   sec   515 KBytes  4.22 Mbits/sec   15   38.9 KBytes       
[  5]   1.00-2.00   sec   252 KBytes  2.07 Mbits/sec    6   22.8 KBytes       
[  5]   2.00-3.00   sec   126 KBytes  1.03 Mbits/sec    7   13.4 KBytes       
[  5]   3.00-4.00   sec   126 KBytes  1.03 Mbits/sec    7   10.7 KBytes       
[  5]   4.00-5.00   sec   126 KBytes  1.03 Mbits/sec   11   6.71 KBytes       
- - - - - - - - - - - - - - - - - - - - - - - - -
[ ID] Interval           Transfer     Bitrate         Retr
[  5]   0.00-5.00   sec  1.12 MBytes  1.88 Mbits/sec   46             sender
[  5]   0.00-5.00   sec   930 KBytes  1.52 Mbits/sec                  receiver

iperf Done.
Fri Apr 30 20:47:47 2021
Connecting to host nprabhalmac.wifi.local.cmu.edu, port 6003
[  5] local 192.168.7.92 port 43608 connected to 172.26.211.223 port 6003
[ ID] Interval           Transfer     Bitrate         Retr  Cwnd
[  5]   0.00-1.00   sec   185 KBytes  1.52 Mbits/sec    0   51.0 KBytes       
[  5]   1.00-2.00   sec  89.9 KBytes   736 Kbits/sec   19   30.9 KBytes       
[  5]   2.00-3.00   sec   113 KBytes   923 Kbits/sec   17   26.8 KBytes       
[  5]   3.00-4.00   sec   315 KBytes  2.59 Mbits/sec    9   12.1 KBytes       
[  5]   4.00-5.00   sec  63.1 KBytes   516 Kbits/sec    3   10.7 KBytes       
- - - - - - - - - - - - - - - - - - - - - - - - -
[ ID] Interval           Transfer     Bitrate         Retr
[  5]   0.00-5.00   sec   766 KBytes  1.26 Mbits/sec   48             sender
[  5]   0.00-5.00   sec   609 KBytes   998 Kbits/sec                  receiver

iperf Done.
Fri Apr 30 20:47:54 2021
Connecting to host nprabhalmac.wifi.local.cmu.edu, port 6003
[  5] local 192.168.7.92 port 43612 connected to 172.26.211.223 port 6003
[ ID] Interval           Transfer     Bitrate         Retr  Cwnd
[  5]   0.00-1.00   sec   111 KBytes   912 Kbits/sec   10   10.7 KBytes       
[  5]   1.00-2.00   sec   180 KBytes  1.47 Mbits/sec    6   5.37 KBytes       
[  5]   2.00-3.00   sec   113 KBytes   923 Kbits/sec    2   10.7 KBytes       
[  5]   3.00-4.00   sec   185 KBytes  1.52 Mbits/sec    1   13.4 KBytes       
[  5]   4.00-5.00   sec  75.1 KBytes   616 Kbits/sec    3   8.05 KBytes       
- - - - - - - - - - - - - - - - - - - - - - - - -
[ ID] Interval           Transfer     Bitrate         Retr
[  5]   0.00-5.00   sec   664 KBytes  1.09 Mbits/sec   22             sender
[  5]   0.00-5.00   sec   605 KBytes   991 Kbits/sec                  receiver

iperf Done.
Fri Apr 30 20:48:01 2021
Fri Apr 30 20:48:08 2021
Connecting to host nprabhalmac.wifi.local.cmu.edu, port 6003
[  5] local 192.168.7.92 port 43620 connected to 172.26.211.223 port 6003
[ ID] Interval           Transfer     Bitrate         Retr  Cwnd
[  5]   0.00-1.00   sec   185 KBytes  1.52 Mbits/sec    0   52.3 KBytes       
[  5]   1.00-2.00   sec   117 KBytes   957 Kbits/sec    1   41.6 KBytes       
[  5]   2.00-3.00   sec   149 KBytes  1.22 Mbits/sec    9   25.5 KBytes       
[  5]   3.00-4.00   sec   126 KBytes  1.03 Mbits/sec    2   25.5 KBytes       
[  5]   4.00-5.00   sec  63.1 KBytes   517 Kbits/sec   13   14.8 KBytes       
- - - - - - - - - - - - - - - - - - - - - - - - -
[ ID] Interval           Transfer     Bitrate         Retr
[  5]   0.00-5.00   sec   640 KBytes  1.05 Mbits/sec   25             sender
[  5]   0.00-5.00   sec   547 KBytes   897 Kbits/sec                  receiver

iperf Done.
Fri Apr 30 20:48:15 2021
Fri Apr 30 20:48:22 2021
Fri Apr 30 20:48:29 2021
Fri Apr 30 20:48:36 2021
Fri Apr 30 20:48:43 2021
Fri Apr 30 20:48:50 2021
Fri Apr 30 20:48:57 2021
iperf3: error - unable to connect to server: Resource temporarily unavailable
Fri Apr 30 20:49:04 2021
iperf3: error - unable to connect to server: Resource temporarily unavailable
Fri Apr 30 20:49:11 2021
iperf3: error - unable to connect to server: Resource temporarily unavailable
Fri Apr 30 20:49:18 2021
iperf3: error - unable to connect to server: Resource temporarily unavailable
Fri Apr 30 20:49:25 2021
iperf3: error - unable to connect to server: Resource temporarily unavailable
Fri Apr 30 20:49:32 2021
iperf3: error - unable to connect to server: Resource temporarily unavailable
Fri Apr 30 20:49:39 2021
iperf3: error - unable to connect to server: Resource temporarily unavailable
Fri Apr 30 20:49:46 2021
iperf3: error - unable to connect to server: Resource temporarily unavailable
Fri Apr 30 20:49:53 2021
iperf3: error - unable to connect to server: Resource temporarily unavailable
Fri Apr 30 20:50:00 2021
iperf3: error - unable to connect to server: Resource temporarily unavailable
Fri Apr 30 20:50:07 2021
iperf3: error - unable to connect to server: Resource temporarily unavailable
Fri Apr 30 20:50:14 2021
iperf3: error - unable to connect to server: Resource temporarily unavailable
Fri Apr 30 20:50:21 2021
iperf3: error - unable to connect to server: Resource temporarily unavailable
Fri Apr 30 20:50:28 2021
iperf3: error - unable to connect to server: Resource temporarily unavailable
Fri Apr 30 20:50:35 2021
iperf3: error - unable to connect to server: Resource temporarily unavailable
