Sat May  1 18:30:05 2021
iperf3: error - unable to connect to server: Resource temporarily unavailable
Sat May  1 18:30:12 2021
iperf3: error - unable to connect to server: Resource temporarily unavailable
Sat May  1 18:30:19 2021
iperf3: error - unable to connect to server: Resource temporarily unavailable
Sat May  1 18:30:26 2021
iperf3: error - unable to connect to server: Resource temporarily unavailable
Sat May  1 18:30:33 2021
iperf3: error - unable to connect to server: Resource temporarily unavailable
Sat May  1 18:30:40 2021
iperf3: error - unable to connect to server: Resource temporarily unavailable
Sat May  1 18:30:47 2021
iperf3: error - unable to connect to server: Resource temporarily unavailable
Sat May  1 18:30:54 2021
iperf3: error - unable to connect to server: Resource temporarily unavailable
Sat May  1 18:31:01 2021
iperf3: error - unable to connect to server: Resource temporarily unavailable
Sat May  1 18:31:08 2021
iperf3: error - unable to connect to server: Resource temporarily unavailable
Sat May  1 18:31:15 2021
iperf3: error - unable to connect to server: Resource temporarily unavailable
Sat May  1 18:31:22 2021
iperf3: error - unable to connect to server: Resource temporarily unavailable
Sat May  1 18:31:29 2021
iperf3: error - unable to connect to server: Resource temporarily unavailable
Sat May  1 18:31:36 2021
iperf3: error - unable to connect to server: Resource temporarily unavailable
Sat May  1 18:31:43 2021
iperf3: error - unable to connect to server: Resource temporarily unavailable
Sat May  1 18:31:50 2021
Sat May  1 18:31:57 2021
Sat May  1 18:32:04 2021
Connecting to host nprabhalmac.wifi.local.cmu.edu, port 6003
[  5] local 192.168.17.54 port 44556 connected to 172.26.211.223 port 6003
[ ID] Interval           Transfer     Bitrate         Retr  Cwnd
[  5]   0.00-1.00   sec  76.5 KBytes   626 Kbits/sec    1   4.03 KBytes       
[  5]   1.00-2.00   sec  0.00 Bytes  0.00 bits/sec    3   9.39 KBytes       
[  5]   2.00-3.00   sec  45.6 KBytes   374 Kbits/sec    3   9.39 KBytes       
[  5]   3.00-4.00   sec  0.00 Bytes  0.00 bits/sec    1   8.05 KBytes       
[  5]   4.00-5.00   sec  89.9 KBytes   737 Kbits/sec    0   10.7 KBytes       
- - - - - - - - - - - - - - - - - - - - - - - - -
[ ID] Interval           Transfer     Bitrate         Retr
[  5]   0.00-5.00   sec   212 KBytes   347 Kbits/sec    8             sender
[  5]   0.00-5.00   sec   141 KBytes   231 Kbits/sec                  receiver

iperf Done.
Sat May  1 18:32:11 2021
Connecting to host nprabhalmac.wifi.local.cmu.edu, port 6003
[  5] local 192.168.17.54 port 44560 connected to 172.26.211.223 port 6003
[ ID] Interval           Transfer     Bitrate         Retr  Cwnd
[  5]   0.00-1.00   sec   193 KBytes  1.58 Mbits/sec   10   24.2 KBytes       
[  5]   1.00-2.00   sec  81.8 KBytes   670 Kbits/sec   12   10.7 KBytes       
[  5]   2.00-3.00   sec   247 KBytes  2.02 Mbits/sec    6   18.8 KBytes       
[  5]   3.00-4.00   sec   161 KBytes  1.32 Mbits/sec   18   14.8 KBytes       
[  5]   4.00-5.00   sec   353 KBytes  2.89 Mbits/sec   16   13.4 KBytes       
- - - - - - - - - - - - - - - - - - - - - - - - -
[ ID] Interval           Transfer     Bitrate         Retr
[  5]   0.00-5.00   sec  1.01 MBytes  1.70 Mbits/sec   62             sender
[  5]   0.00-5.00   sec   984 KBytes  1.61 Mbits/sec                  receiver

iperf Done.
Sat May  1 18:32:18 2021
Connecting to host nprabhalmac.wifi.local.cmu.edu, port 6003
[  5] local 192.168.17.54 port 44564 connected to 172.26.211.223 port 6003
[ ID] Interval           Transfer     Bitrate         Retr  Cwnd
[  5]   0.00-1.00   sec   248 KBytes  2.03 Mbits/sec    7   29.5 KBytes       
[  5]   1.00-2.00   sec   394 KBytes  3.23 Mbits/sec    8   29.5 KBytes       
[  5]   2.00-3.00   sec   483 KBytes  3.96 Mbits/sec   15   25.5 KBytes       
[  5]   3.00-25427.98 sec   373 KBytes   120 bits/sec    8   29.5 KBytes       
- - - - - - - - - - - - - - - - - - - - - - - - -
[ ID] Interval           Transfer     Bitrate         Retr
[  5]   0.00-25427.99 sec  1.46 MBytes   483 bits/sec   38             sender
[  5]   0.00-25427.99 sec  1.40 MBytes   462 bits/sec                  receiver

iperf Done.
Sun May  2 01:36:09 2021
Connecting to host nprabhalmac.wifi.local.cmu.edu, port 6003
[  5] local 192.168.17.54 port 44568 connected to 172.26.211.223 port 6003
[ ID] Interval           Transfer     Bitrate         Retr  Cwnd
[  5]   0.00-1.00   sec   376 KBytes  3.08 Mbits/sec    9   26.8 KBytes       
[  5]   1.00-2.00   sec   321 KBytes  2.63 Mbits/sec    5   26.8 KBytes       
[  5]   2.00-3.00   sec  63.1 KBytes   517 Kbits/sec   19   12.1 KBytes       
[  5]   3.00-4.00   sec   126 KBytes  1.03 Mbits/sec   14   5.37 KBytes       
[  5]   4.00-5.00   sec   378 KBytes  3.10 Mbits/sec    0   22.8 KBytes       
- - - - - - - - - - - - - - - - - - - - - - - - -
[ ID] Interval           Transfer     Bitrate         Retr
[  5]   0.00-5.00   sec  1.23 MBytes  2.07 Mbits/sec   47             sender
[  5]   0.00-5.00   sec  1.10 MBytes  1.85 Mbits/sec                  receiver

iperf Done.
Sun May  2 01:36:16 2021
Connecting to host nprabhalmac.wifi.local.cmu.edu, port 6003
[  5] local 192.168.17.54 port 44572 connected to 172.26.211.223 port 6003
[ ID] Interval           Transfer     Bitrate         Retr  Cwnd
[  5]   0.00-1.00   sec   715 KBytes  5.86 Mbits/sec   14   41.6 KBytes       
[  5]   1.00-2.00   sec   252 KBytes  2.07 Mbits/sec   24   17.4 KBytes       
[  5]   2.00-3.00   sec   505 KBytes  4.13 Mbits/sec   13   17.4 KBytes       
[  5]   3.00-4.00   sec   505 KBytes  4.13 Mbits/sec    8   22.8 KBytes       
[  5]   4.00-5.00   sec   505 KBytes  4.13 Mbits/sec   15   17.4 KBytes       
- - - - - - - - - - - - - - - - - - - - - - - - -
[ ID] Interval           Transfer     Bitrate         Retr
[  5]   0.00-5.00   sec  2.42 MBytes  4.06 Mbits/sec   74             sender
[  5]   0.00-5.00   sec  2.19 MBytes  3.68 Mbits/sec                  receiver

iperf Done.
Sun May  2 01:36:23 2021
Connecting to host nprabhalmac.wifi.local.cmu.edu, port 6003
[  5] local 192.168.17.54 port 44576 connected to 172.26.211.223 port 6003
[ ID] Interval           Transfer     Bitrate         Retr  Cwnd
[  5]   0.00-1.00   sec   385 KBytes  3.15 Mbits/sec    7   25.5 KBytes       
[  5]   1.00-2.00   sec   648 KBytes  5.31 Mbits/sec    0   38.9 KBytes       
[  5]   2.00-3.00   sec   251 KBytes  2.06 Mbits/sec   21   18.8 KBytes       
[  5]   3.00-4.00   sec   295 KBytes  2.42 Mbits/sec   15   20.1 KBytes       
[  5]   4.00-5.00   sec   140 KBytes  1.14 Mbits/sec   16   12.1 KBytes       
- - - - - - - - - - - - - - - - - - - - - - - - -
[ ID] Interval           Transfer     Bitrate         Retr
[  5]   0.00-5.00   sec  1.68 MBytes  2.82 Mbits/sec   59             sender
[  5]   0.00-5.00   sec  1.60 MBytes  2.68 Mbits/sec                  receiver

iperf Done.
Sun May  2 01:36:30 2021
Connecting to host nprabhalmac.wifi.local.cmu.edu, port 6003
[  5] local 192.168.17.54 port 44580 connected to 172.26.211.223 port 6003
[ ID] Interval           Transfer     Bitrate         Retr  Cwnd
[  5]   0.00-1.00   sec   433 KBytes  3.55 Mbits/sec    8   52.3 KBytes       
[  5]   1.00-2.00   sec   126 KBytes  1.03 Mbits/sec    8   32.2 KBytes       
[  5]   2.00-3.00   sec   126 KBytes  1.03 Mbits/sec    8   25.5 KBytes       
[  5]   3.00-4.00   sec  0.00 Bytes  0.00 bits/sec    0   29.5 KBytes       
[  5]   4.00-5.00   sec   126 KBytes  1.03 Mbits/sec   22   20.1 KBytes       
- - - - - - - - - - - - - - - - - - - - - - - - -
[ ID] Interval           Transfer     Bitrate         Retr
[  5]   0.00-5.00   sec   812 KBytes  1.33 Mbits/sec   46             sender
[  5]   0.00-5.00   sec   546 KBytes   895 Kbits/sec                  receiver

iperf Done.
Sun May  2 01:36:37 2021
Sun May  2 01:36:44 2021
Sun May  2 01:36:51 2021
Sun May  2 01:36:58 2021
Sun May  2 01:37:05 2021
iperf3: error - unable to connect to server: Resource temporarily unavailable
Sun May  2 01:37:12 2021
iperf3: error - unable to connect to server: Resource temporarily unavailable
Sun May  2 01:37:19 2021
iperf3: error - unable to connect to server: Resource temporarily unavailable
Sun May  2 01:37:26 2021
Sun May  2 01:37:33 2021
Connecting to host nprabhalmac.wifi.local.cmu.edu, port 6002
[  5] local 192.168.17.53 port 58500 connected to 172.26.211.223 port 6002
[ ID] Interval           Transfer     Bitrate         Retr  Cwnd
[  5]   0.00-1.00   sec   123 KBytes  1.01 Mbits/sec   18   5.37 KBytes       
[  5]   1.00-2.00   sec  0.00 Bytes  0.00 bits/sec    1   4.03 KBytes       
[  5]   2.00-3.00   sec  41.6 KBytes   341 Kbits/sec    0   9.39 KBytes       
[  5]   3.00-4.00   sec  95.3 KBytes   781 Kbits/sec    0   14.8 KBytes       
[  5]   4.00-5.00   sec  55.0 KBytes   451 Kbits/sec    5   10.7 KBytes       
- - - - - - - - - - - - - - - - - - - - - - - - -
[ ID] Interval           Transfer     Bitrate         Retr
[  5]   0.00-5.00   sec   315 KBytes   517 Kbits/sec   24             sender
[  5]   0.00-5.00   sec   293 KBytes   479 Kbits/sec                  receiver

iperf Done.
Sun May  2 01:37:40 2021
Connecting to host nprabhalmac.wifi.local.cmu.edu, port 6002
[  5] local 192.168.17.53 port 58504 connected to 172.26.211.223 port 6002
[ ID] Interval           Transfer     Bitrate         Retr  Cwnd
[  5]   0.00-1.00   sec  76.5 KBytes   626 Kbits/sec    2   8.05 KBytes       
[  5]   1.00-2.00   sec  0.00 Bytes  0.00 bits/sec    0   13.4 KBytes       
[  5]   2.00-3.00   sec  40.3 KBytes   330 Kbits/sec    6   8.05 KBytes       
[  5]   3.00-4.00   sec  0.00 Bytes  0.00 bits/sec    0   8.05 KBytes       
[  5]   4.00-5.00   sec  36.2 KBytes   297 Kbits/sec    7   10.7 KBytes       
- - - - - - - - - - - - - - - - - - - - - - - - -
[ ID] Interval           Transfer     Bitrate         Retr
[  5]   0.00-5.00   sec   153 KBytes   251 Kbits/sec   15             sender
[  5]   0.00-5.00   sec  92.6 KBytes   152 Kbits/sec                  receiver

iperf Done.
Sun May  2 01:37:47 2021
Connecting to host nprabhalmac.wifi.local.cmu.edu, port 6002
[  5] local 192.168.17.53 port 58508 connected to 172.26.211.223 port 6002
[ ID] Interval           Transfer     Bitrate         Retr  Cwnd
[  5]   0.00-1.00   sec  76.5 KBytes   626 Kbits/sec    5   6.71 KBytes       
[  5]   1.00-2.00   sec  85.9 KBytes   704 Kbits/sec    5   5.37 KBytes       
[  5]   2.00-3.00   sec  0.00 Bytes  0.00 bits/sec    3   1.34 KBytes       
[  5]   3.00-4.00   sec  0.00 Bytes  0.00 bits/sec    1   1.34 KBytes       
[  5]   4.00-5.00   sec  0.00 Bytes  0.00 bits/sec    0   1.34 KBytes       
- - - - - - - - - - - - - - - - - - - - - - - - -
[ ID] Interval           Transfer     Bitrate         Retr
[  5]   0.00-5.00   sec   162 KBytes   266 Kbits/sec   14             sender
[  5]   0.00-5.00   sec   118 KBytes   193 Kbits/sec                  receiver

iperf Done.
Sun May  2 01:37:54 2021
Sun May  2 01:38:01 2021
iperf3: error - unable to receive control message: Connection reset by peer
Sun May  2 01:38:08 2021
Connecting to host nprabhalmac.wifi.local.cmu.edu, port 6002
[  5] local 192.168.17.53 port 58518 connected to 172.26.211.223 port 6002
[ ID] Interval           Transfer     Bitrate         Retr  Cwnd
[  5]   0.00-1.00   sec   168 KBytes  1.37 Mbits/sec    2   17.4 KBytes       
[  5]   1.00-2.00   sec  95.3 KBytes   780 Kbits/sec    1   16.1 KBytes       
[  5]   2.00-3.00   sec   103 KBytes   846 Kbits/sec    3   13.4 KBytes       
[  5]   3.00-4.00   sec   134 KBytes  1.10 Mbits/sec    3   9.39 KBytes       
[  5]   4.00-5.00   sec  33.5 KBytes   275 Kbits/sec    6   5.37 KBytes       
- - - - - - - - - - - - - - - - - - - - - - - - -
[ ID] Interval           Transfer     Bitrate         Retr
[  5]   0.00-5.00   sec   534 KBytes   875 Kbits/sec   15             sender
[  5]   0.00-5.00   sec   480 KBytes   787 Kbits/sec                  receiver

iperf Done.
Sun May  2 01:38:15 2021
Sun May  2 01:38:22 2021
Connecting to host nprabhalmac.wifi.local.cmu.edu, port 6002
[  5] local 192.168.17.53 port 58526 connected to 172.26.211.223 port 6002
[ ID] Interval           Transfer     Bitrate         Retr  Cwnd
[  5]   0.00-1.00   sec   142 KBytes  1.16 Mbits/sec    8   5.37 KBytes       
[  5]   1.00-2.00   sec   150 KBytes  1.23 Mbits/sec    8   2.68 KBytes       
[  5]   2.00-3.00   sec  93.9 KBytes   769 Kbits/sec    4   6.71 KBytes       
[  5]   3.00-4.00   sec   101 KBytes   825 Kbits/sec    5   4.03 KBytes       
[  5]   4.00-5.00   sec   101 KBytes   824 Kbits/sec    8   6.71 KBytes       
- - - - - - - - - - - - - - - - - - - - - - - - -
[ ID] Interval           Transfer     Bitrate         Retr
[  5]   0.00-5.00   sec   588 KBytes   963 Kbits/sec   33             sender
[  5]   0.00-5.00   sec   537 KBytes   879 Kbits/sec                  receiver

iperf Done.
Sun May  2 01:38:29 2021
Connecting to host nprabhalmac.wifi.local.cmu.edu, port 6002
[  5] local 192.168.17.53 port 58530 connected to 172.26.211.223 port 6002
[ ID] Interval           Transfer     Bitrate         Retr  Cwnd
[  5]   0.00-1.00   sec   185 KBytes  1.52 Mbits/sec    3   30.9 KBytes       
[  5]   1.00-2.00   sec  63.1 KBytes   516 Kbits/sec   32   14.8 KBytes       
[  5]   2.00-3.00   sec   126 KBytes  1.03 Mbits/sec    7   6.71 KBytes       
[  5]   3.00-4.00   sec  63.1 KBytes   516 Kbits/sec    1   12.1 KBytes       
[  5]   4.00-5.00   sec   126 KBytes  1.03 Mbits/sec    0   16.1 KBytes       
- - - - - - - - - - - - - - - - - - - - - - - - -
[ ID] Interval           Transfer     Bitrate         Retr
[  5]   0.00-5.00   sec   564 KBytes   923 Kbits/sec   43             sender
[  5]   0.00-5.00   sec   424 KBytes   695 Kbits/sec                  receiver

iperf Done.
Sun May  2 01:38:36 2021
Sun May  2 01:38:43 2021
Connecting to host nprabhalmac.wifi.local.cmu.edu, port 6002
[  5] local 192.168.17.53 port 58538 connected to 172.26.211.223 port 6002
[ ID] Interval           Transfer     Bitrate         Retr  Cwnd
[  5]   0.00-1.00   sec   123 KBytes  1.01 Mbits/sec   16   5.37 KBytes       
[  5]   1.00-2.00   sec   164 KBytes  1.34 Mbits/sec    7   5.37 KBytes       
[  5]   2.00-3.00   sec  83.2 KBytes   681 Kbits/sec    2   8.05 KBytes       
[  5]   3.00-4.00   sec  73.8 KBytes   605 Kbits/sec    4   8.05 KBytes       
[  5]   4.00-5.00   sec  87.2 KBytes   714 Kbits/sec    4   8.05 KBytes       
- - - - - - - - - - - - - - - - - - - - - - - - -
[ ID] Interval           Transfer     Bitrate         Retr
[  5]   0.00-5.00   sec   531 KBytes   870 Kbits/sec   33             sender
[  5]   0.00-5.00   sec   439 KBytes   719 Kbits/sec                  receiver

iperf Done.
Sun May  2 01:38:50 2021
Connecting to host nprabhalmac.wifi.local.cmu.edu, port 6002
[  5] local 192.168.17.53 port 58542 connected to 172.26.211.223 port 6002
[ ID] Interval           Transfer     Bitrate         Retr  Cwnd
[  5]   0.00-1.00   sec   201 KBytes  1.65 Mbits/sec    0   49.6 KBytes       
[  5]   1.00-2.00   sec  0.00 Bytes  0.00 bits/sec    0   51.0 KBytes       
[  5]   2.00-3.00   sec   110 KBytes   902 Kbits/sec    9   25.5 KBytes       
[  5]   3.00-4.00   sec   126 KBytes  1.03 Mbits/sec   13   18.8 KBytes       
[  5]   4.00-5.00   sec  63.1 KBytes   517 Kbits/sec    1   16.1 KBytes       
- - - - - - - - - - - - - - - - - - - - - - - - -
[ ID] Interval           Transfer     Bitrate         Retr
[  5]   0.00-5.00   sec   500 KBytes   820 Kbits/sec   23             sender
[  5]   0.00-5.00   sec   350 KBytes   574 Kbits/sec                  receiver

iperf Done.
Sun May  2 01:38:57 2021
Sun May  2 01:39:04 2021
Sun May  2 01:39:11 2021
Sun May  2 01:39:18 2021
Sun May  2 01:39:25 2021
Connecting to host nprabhalmac.wifi.local.cmu.edu, port 6002
[  5] local 192.168.17.53 port 58560 connected to 172.26.211.223 port 6002
[ ID] Interval           Transfer     Bitrate         Retr  Cwnd
[  5]   0.00-1.00   sec  75.1 KBytes   615 Kbits/sec    1   37.6 KBytes       
[  5]   1.00-2.00   sec   131 KBytes  1.08 Mbits/sec    0   51.0 KBytes       
[  5]   2.00-3.00   sec  0.00 Bytes  0.00 bits/sec    2   37.6 KBytes       
[  5]   3.00-4.00   sec  0.00 Bytes  0.00 bits/sec    5   32.2 KBytes       
[  5]   4.00-5.00   sec  0.00 Bytes  0.00 bits/sec    0   28.2 KBytes       
- - - - - - - - - - - - - - - - - - - - - - - - -
[ ID] Interval           Transfer     Bitrate         Retr
[  5]   0.00-5.00   sec   207 KBytes   338 Kbits/sec    8             sender
[  5]   0.00-5.00   sec   101 KBytes   165 Kbits/sec                  receiver

iperf Done.
Sun May  2 01:39:32 2021
Sun May  2 01:39:39 2021
Sun May  2 01:39:46 2021
Connecting to host nprabhalmac.wifi.local.cmu.edu, port 6002
[  5] local 192.168.17.53 port 58572 connected to 172.26.211.223 port 6002
[ ID] Interval           Transfer     Bitrate         Retr  Cwnd
[  5]   0.00-1.00   sec  76.5 KBytes   626 Kbits/sec    0   40.3 KBytes       
[  5]   1.00-2.00   sec   122 KBytes  1.00 Mbits/sec    2   30.9 KBytes       
[  5]   2.00-3.00   sec  98.0 KBytes   803 Kbits/sec    0   37.6 KBytes       
[  5]   3.00-4.00   sec   105 KBytes   858 Kbits/sec    0   40.3 KBytes       
[  5]   4.00-5.00   sec  0.00 Bytes  0.00 bits/sec    0   40.3 KBytes       
- - - - - - - - - - - - - - - - - - - - - - - - -
[ ID] Interval           Transfer     Bitrate         Retr
[  5]   0.00-5.00   sec   401 KBytes   657 Kbits/sec    2             sender
[  5]   0.00-5.00   sec   335 KBytes   549 Kbits/sec                  receiver

iperf Done.
Sun May  2 01:39:53 2021
Sun May  2 01:40:00 2021
Sun May  2 01:40:08 2021
Sun May  2 01:40:15 2021
Sun May  2 01:40:22 2021
Sun May  2 01:40:29 2021
Sun May  2 01:40:36 2021
Sun May  2 01:40:43 2021
Sun May  2 01:40:50 2021
Sun May  2 01:40:57 2021
Sun May  2 01:41:04 2021
Sun May  2 01:41:11 2021
Connecting to host nprabhalmac.wifi.local.cmu.edu, port 6002
[  5] local 192.168.17.53 port 58620 connected to 172.26.211.223 port 6002
[ ID] Interval           Transfer     Bitrate         Retr  Cwnd
[  5]   0.00-1.00   sec   225 KBytes  1.85 Mbits/sec    0   42.9 KBytes       
[  5]   1.00-2.00   sec  0.00 Bytes  0.00 bits/sec    0   45.6 KBytes       
[  5]   2.00-3.00   sec  99.3 KBytes   814 Kbits/sec    0   49.6 KBytes       
[  5]   3.00-4.00   sec  84.5 KBytes   693 Kbits/sec    0   56.4 KBytes       
[  5]   4.00-5.00   sec  75.1 KBytes   616 Kbits/sec    7   29.5 KBytes       
- - - - - - - - - - - - - - - - - - - - - - - - -
[ ID] Interval           Transfer     Bitrate         Retr
[  5]   0.00-5.00   sec   484 KBytes   794 Kbits/sec    7             sender
[  5]   0.00-5.00   sec   361 KBytes   591 Kbits/sec                  receiver

iperf Done.
Sun May  2 01:41:18 2021
Connecting to host nprabhalmac.wifi.local.cmu.edu, port 6002
[  5] local 192.168.17.53 port 58624 connected to 172.26.211.223 port 6002
[ ID] Interval           Transfer     Bitrate         Retr  Cwnd
[  5]   0.00-1.00   sec   169 KBytes  1.38 Mbits/sec    4   12.1 KBytes       
[  5]   1.00-2.00   sec  93.9 KBytes   769 Kbits/sec    5   6.71 KBytes       
[  5]   2.00-3.00   sec   129 KBytes  1.06 Mbits/sec    0   14.8 KBytes       
[  5]   3.00-4.00   sec   110 KBytes   901 Kbits/sec    0   20.1 KBytes       
[  5]   4.00-5.00   sec   164 KBytes  1.34 Mbits/sec    0   24.2 KBytes       
- - - - - - - - - - - - - - - - - - - - - - - - -
[ ID] Interval           Transfer     Bitrate         Retr
[  5]   0.00-5.00   sec   666 KBytes  1.09 Mbits/sec    9             sender
[  5]   0.00-5.00   sec   602 KBytes   987 Kbits/sec                  receiver

iperf Done.
Sun May  2 01:41:25 2021
Connecting to host nprabhalmac.wifi.local.cmu.edu, port 6002
[  5] local 192.168.17.53 port 58628 connected to 172.26.211.223 port 6002
[ ID] Interval           Transfer     Bitrate         Retr  Cwnd
[  5]   0.00-1.00   sec   119 KBytes   978 Kbits/sec    5   9.39 KBytes       
[  5]   1.00-2.00   sec  47.0 KBytes   385 Kbits/sec    1   6.71 KBytes       
[  5]   2.00-3.00   sec   140 KBytes  1.14 Mbits/sec    3   6.71 KBytes       
[  5]   3.00-4.00   sec  0.00 Bytes  0.00 bits/sec    3   1.34 KBytes       
[  5]   4.00-5.00   sec  80.5 KBytes   660 Kbits/sec    6   5.37 KBytes       
- - - - - - - - - - - - - - - - - - - - - - - - -
[ ID] Interval           Transfer     Bitrate         Retr
[  5]   0.00-5.00   sec   386 KBytes   633 Kbits/sec   18             sender
[  5]   0.00-5.00   sec   342 KBytes   561 Kbits/sec                  receiver

iperf Done.
Sun May  2 01:41:32 2021
Sun May  2 01:41:39 2021
Connecting to host nprabhalmac.wifi.local.cmu.edu, port 6002
[  5] local 192.168.17.53 port 58636 connected to 172.26.211.223 port 6002
[ ID] Interval           Transfer     Bitrate         Retr  Cwnd
[  5]   0.00-1.00   sec  76.5 KBytes   626 Kbits/sec    8   12.1 KBytes       
[  5]   1.00-2.00   sec  38.9 KBytes   319 Kbits/sec    8   9.39 KBytes       
[  5]   2.00-3.00   sec  0.00 Bytes  0.00 bits/sec    0   10.7 KBytes       
[  5]   3.00-4.00   sec  48.3 KBytes   396 Kbits/sec    2   5.37 KBytes       
[  5]   4.00-5.00   sec  41.6 KBytes   341 Kbits/sec    1   8.05 KBytes       
- - - - - - - - - - - - - - - - - - - - - - - - -
[ ID] Interval           Transfer     Bitrate         Retr
[  5]   0.00-5.00   sec   205 KBytes   336 Kbits/sec   19             sender
[  5]   0.00-5.00   sec   172 KBytes   281 Kbits/sec                  receiver

iperf Done.
Sun May  2 01:41:46 2021
Sun May  2 01:41:53 2021
Sun May  2 01:42:00 2021
Sun May  2 01:42:07 2021
Connecting to host nprabhalmac.wifi.local.cmu.edu, port 6002
[  5] local 192.168.17.53 port 58648 connected to 172.26.211.223 port 6002
[ ID] Interval           Transfer     Bitrate         Retr  Cwnd
[  5]   0.00-1.15   sec  71.1 KBytes   506 Kbits/sec    1   13.4 KBytes       
[  5]   1.15-2.00   sec  0.00 Bytes  0.00 bits/sec    1   10.7 KBytes       
[  5]   2.00-3.00   sec  0.00 Bytes  0.00 bits/sec    1   1.34 KBytes       
[  5]   3.00-4.00   sec  0.00 Bytes  0.00 bits/sec    2   2.68 KBytes       
[  5]   4.00-5.00   sec  0.00 Bytes  0.00 bits/sec    0   2.68 KBytes       
- - - - - - - - - - - - - - - - - - - - - - - - -
[ ID] Interval           Transfer     Bitrate         Retr
[  5]   0.00-5.00   sec  71.1 KBytes   116 Kbits/sec    5             sender
[  5]   0.00-5.00   sec  12.1 KBytes  19.8 Kbits/sec                  receiver

iperf Done.
Sun May  2 01:42:14 2021
Connecting to host nprabhalmac.wifi.local.cmu.edu, port 6002
[  5] local 192.168.17.53 port 58652 connected to 172.26.211.223 port 6002
[ ID] Interval           Transfer     Bitrate         Retr  Cwnd
[  5]   0.00-1.00   sec  76.5 KBytes   626 Kbits/sec    3   9.39 KBytes       
[  5]   1.00-2.00   sec  0.00 Bytes  0.00 bits/sec    7   5.37 KBytes       
[  5]   2.00-3.00   sec  0.00 Bytes  0.00 bits/sec    0   5.37 KBytes       
[  5]   3.00-4.00   sec  0.00 Bytes  0.00 bits/sec    0   5.37 KBytes       
[  5]   4.00-5.00   sec  0.00 Bytes  0.00 bits/sec    1   1.34 KBytes       
- - - - - - - - - - - - - - - - - - - - - - - - -
[ ID] Interval           Transfer     Bitrate         Retr
[  5]   0.00-5.00   sec  76.5 KBytes   125 Kbits/sec   11             sender
[  5]   0.00-5.00   sec  5.37 KBytes  8.79 Kbits/sec                  receiver

iperf Done.
Sun May  2 01:42:21 2021
Sun May  2 01:42:28 2021
Sun May  2 01:42:35 2021
Sun May  2 01:42:42 2021
Sun May  2 01:42:49 2021
iperf3: error - unable to connect to server: Resource temporarily unavailable
Sun May  2 01:42:56 2021
Sun May  2 01:43:03 2021
Sun May  2 01:43:10 2021
Connecting to host nprabhalmac.wifi.local.cmu.edu, port 6003
[  5] local 192.168.17.53 port 53816 connected to 172.26.211.223 port 6003
[ ID] Interval           Transfer     Bitrate         Retr  Cwnd
[  5]   0.00-1.00   sec   427 KBytes  3.49 Mbits/sec   29   24.2 KBytes       
[  5]   1.00-2.00   sec   252 KBytes  2.07 Mbits/sec   26   16.1 KBytes       
[  5]   2.00-3.00   sec   378 KBytes  3.10 Mbits/sec    0   25.5 KBytes       
[  5]   3.00-4.00   sec  0.00 Bytes  0.00 bits/sec   21   6.71 KBytes       
[  5]   4.00-5.00   sec   126 KBytes  1.03 Mbits/sec    6   9.39 KBytes       
- - - - - - - - - - - - - - - - - - - - - - - - -
[ ID] Interval           Transfer     Bitrate         Retr
[  5]   0.00-5.00   sec  1.16 MBytes  1.94 Mbits/sec   82             sender
[  5]   0.00-5.00   sec  1008 KBytes  1.65 Mbits/sec                  receiver

iperf Done.
Sun May  2 01:43:17 2021
Connecting to host nprabhalmac.wifi.local.cmu.edu, port 6003
[  5] local 192.168.17.53 port 53820 connected to 172.26.211.223 port 6003
[ ID] Interval           Transfer     Bitrate         Retr  Cwnd
[  5]   0.00-1.00   sec   177 KBytes  1.45 Mbits/sec    7   17.4 KBytes       
[  5]   1.00-2.00   sec   152 KBytes  1.24 Mbits/sec    4   6.71 KBytes       
[  5]   2.00-3.00   sec   134 KBytes  1.10 Mbits/sec    3   14.8 KBytes       
[  5]   3.00-4.00   sec   224 KBytes  1.84 Mbits/sec   12   10.7 KBytes       
[  5]   4.00-5.00   sec   208 KBytes  1.70 Mbits/sec    8   16.1 KBytes       
- - - - - - - - - - - - - - - - - - - - - - - - -
[ ID] Interval           Transfer     Bitrate         Retr
[  5]   0.00-5.00   sec   895 KBytes  1.47 Mbits/sec   34             sender
[  5]   0.00-5.00   sec   798 KBytes  1.31 Mbits/sec                  receiver

iperf Done.
Sun May  2 01:43:24 2021
Connecting to host nprabhalmac.wifi.local.cmu.edu, port 6003
[  5] local 192.168.17.53 port 53824 connected to 172.26.211.223 port 6003
[ ID] Interval           Transfer     Bitrate         Retr  Cwnd
[  5]   0.00-1.00   sec   169 KBytes  1.38 Mbits/sec   18   16.1 KBytes       
[  5]   1.00-2.00   sec  0.00 Bytes  0.00 bits/sec    1   1.34 KBytes       
[  5]   2.00-3.00   sec  0.00 Bytes  0.00 bits/sec   10   13.4 KBytes       
[  5]   3.00-4.00   sec  63.1 KBytes   517 Kbits/sec   10   5.37 KBytes       
[  5]   4.00-5.00   sec  0.00 Bytes  0.00 bits/sec    2   2.68 KBytes       
- - - - - - - - - - - - - - - - - - - - - - - - -
[ ID] Interval           Transfer     Bitrate         Retr
[  5]   0.00-5.00   sec   232 KBytes   380 Kbits/sec   41             sender
[  5]   0.00-5.00   sec   103 KBytes   169 Kbits/sec                  receiver

iperf Done.
Sun May  2 01:43:31 2021
Sun May  2 01:43:38 2021
Sun May  2 01:43:45 2021
Sun May  2 01:43:52 2021
Sun May  2 01:43:59 2021
Sun May  2 01:44:06 2021
iperf3: error - unable to connect to server: Resource temporarily unavailable
Sun May  2 01:44:13 2021
iperf3: error - unable to connect to server: Resource temporarily unavailable
Sun May  2 01:44:20 2021
iperf3: error - unable to connect to server: Resource temporarily unavailable
Sun May  2 01:44:27 2021
iperf3: error - unable to connect to server: Resource temporarily unavailable
Sun May  2 01:44:34 2021
iperf3: error - unable to connect to server: Resource temporarily unavailable
Sun May  2 01:44:41 2021
iperf3: error - unable to connect to server: Resource temporarily unavailable
Sun May  2 01:44:48 2021
iperf3: error - unable to connect to server: Resource temporarily unavailable
Sun May  2 01:44:55 2021
iperf3: error - unable to connect to server: Resource temporarily unavailable
Sun May  2 01:45:02 2021
iperf3: error - unable to connect to server: Resource temporarily unavailable
Sun May  2 01:45:09 2021
iperf3: error - unable to connect to server: Resource temporarily unavailable
Sun May  2 01:45:16 2021
iperf3: error - unable to connect to server: Resource temporarily unavailable
Sun May  2 01:45:23 2021
iperf3: error - unable to connect to server: Resource temporarily unavailable
Sun May  2 01:45:30 2021
iperf3: error - unable to connect to server: Resource temporarily unavailable
Sun May  2 01:45:37 2021
iperf3: error - unable to connect to server: Resource temporarily unavailable
Sun May  2 01:45:44 2021
iperf3: error - unable to connect to server: Resource temporarily unavailable
Sun May  2 01:45:51 2021
iperf3: error - unable to connect to server: Resource temporarily unavailable
