2021-05-01T15:35:07.717
*-*
2021-05-01T15:35:18.620
*-*
2021-05-01T15:35:29.521
*-*
2021-05-01T15:35:40.435
*-*
2021-05-01T15:35:51.328
*-*
2021-05-01T15:36:01.622
*-*
2021-05-01T15:36:11.932
*-*
2021-05-01T15:36:23.353
*-*
2021-05-01T15:36:34.773
*-*
2021-05-01T15:36:46.201
*-*
2021-05-01T15:36:56.497
*-*
          Cell 51 - Address: B8:27:EB:CC:AA:D5
                    Channel:1
                    Frequency:2.412 GHz (Channel 1)
                    Quality=20/70  Signal level=-90 dBm  
                    Encryption key:on
                    ESSID:"WirelessProject"
                    Bit Rates:1 Mb/s; 2 Mb/s; 5.5 Mb/s; 11 Mb/s; 18 Mb/s
                              24 Mb/s; 36 Mb/s; 54 Mb/s
                    Bit Rates:6 Mb/s; 9 Mb/s; 12 Mb/s; 48 Mb/s
                    Mode:Master
                    Extra:tsf=0000000000000000
2021-05-01T15:37:07.401
*-*
          Cell 47 - Address: B8:27:EB:CC:AA:D5
                    Channel:1
                    Frequency:2.412 GHz (Channel 1)
                    Quality=26/70  Signal level=-84 dBm  
                    Encryption key:on
                    ESSID:"WirelessProject"
                    Bit Rates:1 Mb/s; 2 Mb/s; 5.5 Mb/s; 11 Mb/s; 18 Mb/s
                              24 Mb/s; 36 Mb/s; 54 Mb/s
                    Bit Rates:6 Mb/s; 9 Mb/s; 12 Mb/s; 48 Mb/s
                    Mode:Master
                    Extra:tsf=0000000000000000
2021-05-01T15:37:18.501
*-*
          Cell 14 - Address: B8:27:EB:CC:AA:D5
                    Channel:1
                    Frequency:2.412 GHz (Channel 1)
                    Quality=29/70  Signal level=-81 dBm  
                    Encryption key:on
                    ESSID:"WirelessProject"
                    Bit Rates:1 Mb/s; 2 Mb/s; 5.5 Mb/s; 11 Mb/s; 18 Mb/s
                              24 Mb/s; 36 Mb/s; 54 Mb/s
                    Bit Rates:6 Mb/s; 9 Mb/s; 12 Mb/s; 48 Mb/s
                    Mode:Master
                    Extra:tsf=0000000000000000
2021-05-01T15:37:29.575
*-*
          Cell 04 - Address: B8:27:EB:CC:AA:D5
                    Channel:1
                    Frequency:2.412 GHz (Channel 1)
                    Quality=26/70  Signal level=-84 dBm  
                    Encryption key:on
                    ESSID:"WirelessProject"
                    Bit Rates:1 Mb/s; 2 Mb/s; 5.5 Mb/s; 11 Mb/s; 18 Mb/s
                              24 Mb/s; 36 Mb/s; 54 Mb/s
                    Bit Rates:6 Mb/s; 9 Mb/s; 12 Mb/s; 48 Mb/s
                    Mode:Master
                    Extra:tsf=0000000000000000
2021-05-01T16:28:35.159
*-*
          Cell 02 - Address: B8:27:EB:CC:AA:D5
                    Channel:1
                    Frequency:2.412 GHz (Channel 1)
                    Quality=33/70  Signal level=-77 dBm  
                    Encryption key:on
                    ESSID:"WirelessProject"
                    Bit Rates:1 Mb/s; 2 Mb/s; 5.5 Mb/s; 11 Mb/s; 18 Mb/s
                              24 Mb/s; 36 Mb/s; 54 Mb/s
                    Bit Rates:6 Mb/s; 9 Mb/s; 12 Mb/s; 48 Mb/s
                    Mode:Master
                    Extra:tsf=0000000000000000
2021-05-01T16:28:46.240
*-*
          Cell 02 - Address: B8:27:EB:CC:AA:D5
                    Channel:1
                    Frequency:2.412 GHz (Channel 1)
                    Quality=38/70  Signal level=-72 dBm  
                    Encryption key:on
                    ESSID:"WirelessProject"
                    Bit Rates:1 Mb/s; 2 Mb/s; 5.5 Mb/s; 11 Mb/s; 18 Mb/s
                              24 Mb/s; 36 Mb/s; 54 Mb/s
                    Bit Rates:6 Mb/s; 9 Mb/s; 12 Mb/s; 48 Mb/s
                    Mode:Master
                    Extra:tsf=0000000000000000
2021-05-01T16:28:57.374
*-*
          Cell 02 - Address: B8:27:EB:CC:AA:D5
                    Channel:1
                    Frequency:2.412 GHz (Channel 1)
                    Quality=30/70  Signal level=-80 dBm  
                    Encryption key:on
                    ESSID:"WirelessProject"
                    Bit Rates:1 Mb/s; 2 Mb/s; 5.5 Mb/s; 11 Mb/s; 18 Mb/s
                              24 Mb/s; 36 Mb/s; 54 Mb/s
                    Bit Rates:6 Mb/s; 9 Mb/s; 12 Mb/s; 48 Mb/s
                    Mode:Master
                    Extra:tsf=0000000000000000
2021-05-01T16:29:08.446
*-*
          Cell 02 - Address: B8:27:EB:CC:AA:D5
                    Channel:1
                    Frequency:2.412 GHz (Channel 1)
                    Quality=25/70  Signal level=-85 dBm  
                    Encryption key:on
                    ESSID:"WirelessProject"
                    Bit Rates:1 Mb/s; 2 Mb/s; 5.5 Mb/s; 11 Mb/s; 18 Mb/s
                              24 Mb/s; 36 Mb/s; 54 Mb/s
                    Bit Rates:6 Mb/s; 9 Mb/s; 12 Mb/s; 48 Mb/s
                    Mode:Master
                    Extra:tsf=0000000000000000
2021-05-01T16:29:19.555
*-*
          Cell 01 - Address: B8:27:EB:CC:AA:D5
                    Channel:1
                    Frequency:2.412 GHz (Channel 1)
                    Quality=17/70  Signal level=-93 dBm  
                    Encryption key:on
                    ESSID:"WirelessProject"
                    Bit Rates:1 Mb/s; 2 Mb/s; 5.5 Mb/s; 11 Mb/s; 18 Mb/s
                              24 Mb/s; 36 Mb/s; 54 Mb/s
                    Bit Rates:6 Mb/s; 9 Mb/s; 12 Mb/s; 48 Mb/s
                    Mode:Master
                    Extra:tsf=0000000000000000
2021-05-01T16:29:30.633
*-*
          Cell 01 - Address: B8:27:EB:CC:AA:D5
                    Channel:1
                    Frequency:2.412 GHz (Channel 1)
                    Quality=21/70  Signal level=-89 dBm  
                    Encryption key:on
                    ESSID:"WirelessProject"
                    Bit Rates:1 Mb/s; 2 Mb/s; 5.5 Mb/s; 11 Mb/s; 18 Mb/s
                              24 Mb/s; 36 Mb/s; 54 Mb/s
                    Bit Rates:6 Mb/s; 9 Mb/s; 12 Mb/s; 48 Mb/s
                    Mode:Master
                    Extra:tsf=0000000000000000
2021-05-01T16:29:41.702
*-*
          Cell 01 - Address: B8:27:EB:CC:AA:D5
                    Channel:1
                    Frequency:2.412 GHz (Channel 1)
                    Quality=22/70  Signal level=-88 dBm  
                    Encryption key:on
                    ESSID:"WirelessProject"
                    Bit Rates:1 Mb/s; 2 Mb/s; 5.5 Mb/s; 11 Mb/s; 18 Mb/s
                              24 Mb/s; 36 Mb/s; 54 Mb/s
                    Bit Rates:6 Mb/s; 9 Mb/s; 12 Mb/s; 48 Mb/s
                    Mode:Master
                    Extra:tsf=0000000000000000
2021-05-01T16:29:52.769
*-*
          Cell 01 - Address: B8:27:EB:CC:AA:D5
                    Channel:1
                    Frequency:2.412 GHz (Channel 1)
                    Quality=22/70  Signal level=-88 dBm  
                    Encryption key:on
                    ESSID:"WirelessProject"
                    Bit Rates:1 Mb/s; 2 Mb/s; 5.5 Mb/s; 11 Mb/s; 18 Mb/s
                              24 Mb/s; 36 Mb/s; 54 Mb/s
                    Bit Rates:6 Mb/s; 9 Mb/s; 12 Mb/s; 48 Mb/s
                    Mode:Master
                    Extra:tsf=0000000000000000
2021-05-01T16:30:03.848
*-*
          Cell 01 - Address: B8:27:EB:CC:AA:D5
                    Channel:1
                    Frequency:2.412 GHz (Channel 1)
                    Quality=24/70  Signal level=-86 dBm  
                    Encryption key:on
                    ESSID:"WirelessProject"
                    Bit Rates:1 Mb/s; 2 Mb/s; 5.5 Mb/s; 11 Mb/s; 18 Mb/s
                              24 Mb/s; 36 Mb/s; 54 Mb/s
                    Bit Rates:6 Mb/s; 9 Mb/s; 12 Mb/s; 48 Mb/s
                    Mode:Master
                    Extra:tsf=0000000000000000
2021-05-01T16:30:14.913
*-*
          Cell 01 - Address: B8:27:EB:CC:AA:D5
                    Channel:1
                    Frequency:2.412 GHz (Channel 1)
                    Quality=24/70  Signal level=-86 dBm  
                    Encryption key:on
                    ESSID:"WirelessProject"
                    Bit Rates:1 Mb/s; 2 Mb/s; 5.5 Mb/s; 11 Mb/s; 18 Mb/s
                              24 Mb/s; 36 Mb/s; 54 Mb/s
                    Bit Rates:6 Mb/s; 9 Mb/s; 12 Mb/s; 48 Mb/s
                    Mode:Master
                    Extra:tsf=0000000000000000
2021-05-01T16:30:25.979
*-*
          Cell 01 - Address: B8:27:EB:CC:AA:D5
                    Channel:1
                    Frequency:2.412 GHz (Channel 1)
                    Quality=24/70  Signal level=-86 dBm  
                    Encryption key:on
                    ESSID:"WirelessProject"
                    Bit Rates:1 Mb/s; 2 Mb/s; 5.5 Mb/s; 11 Mb/s; 18 Mb/s
                              24 Mb/s; 36 Mb/s; 54 Mb/s
                    Bit Rates:6 Mb/s; 9 Mb/s; 12 Mb/s; 48 Mb/s
                    Mode:Master
                    Extra:tsf=0000000000000000
2021-05-01T16:30:37.133
*-*
          Cell 01 - Address: B8:27:EB:CC:AA:D5
                    Channel:1
                    Frequency:2.412 GHz (Channel 1)
                    Quality=24/70  Signal level=-86 dBm  
                    Encryption key:on
                    ESSID:"WirelessProject"
                    Bit Rates:1 Mb/s; 2 Mb/s; 5.5 Mb/s; 11 Mb/s; 18 Mb/s
                              24 Mb/s; 36 Mb/s; 54 Mb/s
                    Bit Rates:6 Mb/s; 9 Mb/s; 12 Mb/s; 48 Mb/s
                    Mode:Master
                    Extra:tsf=0000000000000000
2021-05-01T16:30:48.198
*-*
          Cell 01 - Address: B8:27:EB:CC:AA:D5
                    Channel:1
                    Frequency:2.412 GHz (Channel 1)
                    Quality=24/70  Signal level=-86 dBm  
                    Encryption key:on
                    ESSID:"WirelessProject"
                    Bit Rates:1 Mb/s; 2 Mb/s; 5.5 Mb/s; 11 Mb/s; 18 Mb/s
                              24 Mb/s; 36 Mb/s; 54 Mb/s
                    Bit Rates:6 Mb/s; 9 Mb/s; 12 Mb/s; 48 Mb/s
                    Mode:Master
                    Extra:tsf=0000000000000000
2021-05-01T16:30:59.262
*-*
          Cell 01 - Address: B8:27:EB:CC:AA:D5
                    Channel:1
                    Frequency:2.412 GHz (Channel 1)
                    Quality=25/70  Signal level=-85 dBm  
                    Encryption key:on
                    ESSID:"WirelessProject"
                    Bit Rates:1 Mb/s; 2 Mb/s; 5.5 Mb/s; 11 Mb/s; 18 Mb/s
                              24 Mb/s; 36 Mb/s; 54 Mb/s
                    Bit Rates:6 Mb/s; 9 Mb/s; 12 Mb/s; 48 Mb/s
                    Mode:Master
                    Extra:tsf=0000000000000000
2021-05-01T16:31:10.325
*-*
          Cell 01 - Address: B8:27:EB:CC:AA:D5
                    Channel:1
                    Frequency:2.412 GHz (Channel 1)
                    Quality=37/70  Signal level=-73 dBm  
                    Encryption key:on
                    ESSID:"WirelessProject"
                    Bit Rates:1 Mb/s; 2 Mb/s; 5.5 Mb/s; 11 Mb/s; 18 Mb/s
                              24 Mb/s; 36 Mb/s; 54 Mb/s
                    Bit Rates:6 Mb/s; 9 Mb/s; 12 Mb/s; 48 Mb/s
                    Mode:Master
                    Extra:tsf=0000000000000000
2021-05-01T16:31:21.395
*-*
          Cell 01 - Address: B8:27:EB:CC:AA:D5
                    Channel:1
                    Frequency:2.412 GHz (Channel 1)
                    Quality=33/70  Signal level=-77 dBm  
                    Encryption key:on
                    ESSID:"WirelessProject"
                    Bit Rates:1 Mb/s; 2 Mb/s; 5.5 Mb/s; 11 Mb/s; 18 Mb/s
                              24 Mb/s; 36 Mb/s; 54 Mb/s
                    Bit Rates:6 Mb/s; 9 Mb/s; 12 Mb/s; 48 Mb/s
                    Mode:Master
                    Extra:tsf=0000000000000000
2021-05-01T16:31:32.465
*-*
          Cell 01 - Address: B8:27:EB:CC:AA:D5
                    Channel:1
                    Frequency:2.412 GHz (Channel 1)
                    Quality=30/70  Signal level=-80 dBm  
                    Encryption key:on
                    ESSID:"WirelessProject"
                    Bit Rates:1 Mb/s; 2 Mb/s; 5.5 Mb/s; 11 Mb/s; 18 Mb/s
                              24 Mb/s; 36 Mb/s; 54 Mb/s
                    Bit Rates:6 Mb/s; 9 Mb/s; 12 Mb/s; 48 Mb/s
                    Mode:Master
                    Extra:tsf=0000000000000000
2021-05-01T16:31:43.538
*-*
          Cell 01 - Address: B8:27:EB:CC:AA:D5
                    Channel:1
                    Frequency:2.412 GHz (Channel 1)
                    Quality=51/70  Signal level=-59 dBm  
                    Encryption key:on
                    ESSID:"WirelessProject"
                    Bit Rates:1 Mb/s; 2 Mb/s; 5.5 Mb/s; 11 Mb/s; 18 Mb/s
                              24 Mb/s; 36 Mb/s; 54 Mb/s
                    Bit Rates:6 Mb/s; 9 Mb/s; 12 Mb/s; 48 Mb/s
                    Mode:Master
                    Extra:tsf=0000000000000000
2021-05-01T16:31:54.623
*-*
          Cell 01 - Address: B8:27:EB:CC:AA:D5
                    Channel:1
                    Frequency:2.412 GHz (Channel 1)
                    Quality=31/70  Signal level=-79 dBm  
                    Encryption key:on
                    ESSID:"WirelessProject"
                    Bit Rates:1 Mb/s; 2 Mb/s; 5.5 Mb/s; 11 Mb/s; 18 Mb/s
                              24 Mb/s; 36 Mb/s; 54 Mb/s
                    Bit Rates:6 Mb/s; 9 Mb/s; 12 Mb/s; 48 Mb/s
                    Mode:Master
                    Extra:tsf=0000000000000000
2021-05-01T16:32:05.756
*-*
          Cell 01 - Address: B8:27:EB:CC:AA:D5
                    Channel:1
                    Frequency:2.412 GHz (Channel 1)
                    Quality=22/70  Signal level=-88 dBm  
                    Encryption key:on
                    ESSID:"WirelessProject"
                    Bit Rates:1 Mb/s; 2 Mb/s; 5.5 Mb/s; 11 Mb/s; 18 Mb/s
                              24 Mb/s; 36 Mb/s; 54 Mb/s
                    Bit Rates:6 Mb/s; 9 Mb/s; 12 Mb/s; 48 Mb/s
                    Mode:Master
                    Extra:tsf=0000000000000000
--
          Cell 88 - Address: B8:27:EB:75:C1:31
                    Channel:1
                    Frequency:2.412 GHz (Channel 1)
                    Quality=31/70  Signal level=-79 dBm  
                    Encryption key:on
                    ESSID:"WirelessProject"
                    Bit Rates:1 Mb/s; 2 Mb/s; 5.5 Mb/s; 11 Mb/s; 18 Mb/s
                              24 Mb/s; 36 Mb/s; 54 Mb/s
                    Bit Rates:6 Mb/s; 9 Mb/s; 12 Mb/s; 48 Mb/s
                    Mode:Master
                    Extra:tsf=0000000000000000
2021-05-01T16:32:16.847
*-*
          Cell 01 - Address: B8:27:EB:CC:AA:D5
                    Channel:1
                    Frequency:2.412 GHz (Channel 1)
                    Quality=22/70  Signal level=-88 dBm  
                    Encryption key:on
                    ESSID:"WirelessProject"
                    Bit Rates:1 Mb/s; 2 Mb/s; 5.5 Mb/s; 11 Mb/s; 18 Mb/s
                              24 Mb/s; 36 Mb/s; 54 Mb/s
                    Bit Rates:6 Mb/s; 9 Mb/s; 12 Mb/s; 48 Mb/s
                    Mode:Master
                    Extra:tsf=0000000000000000
--
          Cell 67 - Address: B8:27:EB:75:C1:31
                    Channel:1
                    Frequency:2.412 GHz (Channel 1)
                    Quality=37/70  Signal level=-73 dBm  
                    Encryption key:on
                    ESSID:"WirelessProject"
                    Bit Rates:1 Mb/s; 2 Mb/s; 5.5 Mb/s; 11 Mb/s; 18 Mb/s
                              24 Mb/s; 36 Mb/s; 54 Mb/s
                    Bit Rates:6 Mb/s; 9 Mb/s; 12 Mb/s; 48 Mb/s
                    Mode:Master
                    Extra:tsf=0000000000000000
2021-05-01T16:32:27.945
*-*
          Cell 01 - Address: B8:27:EB:CC:AA:D5
                    Channel:1
                    Frequency:2.412 GHz (Channel 1)
                    Quality=22/70  Signal level=-88 dBm  
                    Encryption key:on
                    ESSID:"WirelessProject"
                    Bit Rates:1 Mb/s; 2 Mb/s; 5.5 Mb/s; 11 Mb/s; 18 Mb/s
                              24 Mb/s; 36 Mb/s; 54 Mb/s
                    Bit Rates:6 Mb/s; 9 Mb/s; 12 Mb/s; 48 Mb/s
                    Mode:Master
                    Extra:tsf=0000000000000000
--
          Cell 13 - Address: B8:27:EB:75:C1:31
                    Channel:1
                    Frequency:2.412 GHz (Channel 1)
                    Quality=55/70  Signal level=-55 dBm  
                    Encryption key:on
                    ESSID:"WirelessProject"
                    Bit Rates:1 Mb/s; 2 Mb/s; 5.5 Mb/s; 11 Mb/s; 18 Mb/s
                              24 Mb/s; 36 Mb/s; 54 Mb/s
                    Bit Rates:6 Mb/s; 9 Mb/s; 12 Mb/s; 48 Mb/s
                    Mode:Master
                    Extra:tsf=0000000000000000
--
          Cell 54 - Address: B8:27:EB:6C:F0:84
                    Channel:1
                    Frequency:2.412 GHz (Channel 1)
                    Quality=28/70  Signal level=-82 dBm  
                    Encryption key:on
                    ESSID:"WirelessProject"
                    Bit Rates:1 Mb/s; 2 Mb/s; 5.5 Mb/s; 11 Mb/s; 18 Mb/s
                              24 Mb/s; 36 Mb/s; 54 Mb/s
                    Bit Rates:6 Mb/s; 9 Mb/s; 12 Mb/s; 48 Mb/s
                    Mode:Master
                    Extra:tsf=0000000000000000
2021-05-01T16:32:39.039
*-*
          Cell 04 - Address: B8:27:EB:75:C1:31
                    Channel:1
                    Frequency:2.412 GHz (Channel 1)
                    Quality=27/70  Signal level=-83 dBm  
                    Encryption key:on
                    ESSID:"WirelessProject"
                    Bit Rates:1 Mb/s; 2 Mb/s; 5.5 Mb/s; 11 Mb/s; 18 Mb/s
                              24 Mb/s; 36 Mb/s; 54 Mb/s
                    Bit Rates:6 Mb/s; 9 Mb/s; 12 Mb/s; 48 Mb/s
                    Mode:Master
                    Extra:tsf=0000000000000000
--
          Cell 38 - Address: B8:27:EB:6C:F0:84
                    Channel:1
                    Frequency:2.412 GHz (Channel 1)
                    Quality=30/70  Signal level=-80 dBm  
                    Encryption key:on
                    ESSID:"WirelessProject"
                    Bit Rates:1 Mb/s; 2 Mb/s; 5.5 Mb/s; 11 Mb/s; 18 Mb/s
                              24 Mb/s; 36 Mb/s; 54 Mb/s
                    Bit Rates:6 Mb/s; 9 Mb/s; 12 Mb/s; 48 Mb/s
                    Mode:Master
                    Extra:tsf=0000000000000000
2021-05-01T16:32:50.130
*-*
2021-05-01T16:33:00.424
*-*
          Cell 02 - Address: B8:27:EB:75:C1:31
                    Channel:1
                    Frequency:2.412 GHz (Channel 1)
                    Quality=32/70  Signal level=-78 dBm  
                    Encryption key:on
                    ESSID:"WirelessProject"
                    Bit Rates:1 Mb/s; 2 Mb/s; 5.5 Mb/s; 11 Mb/s; 18 Mb/s
                              24 Mb/s; 36 Mb/s; 54 Mb/s
                    Bit Rates:6 Mb/s; 9 Mb/s; 12 Mb/s; 48 Mb/s
                    Mode:Master
                    Extra:tsf=0000000000000000
--
          Cell 04 - Address: B8:27:EB:6C:F0:84
                    Channel:1
                    Frequency:2.412 GHz (Channel 1)
                    Quality=53/70  Signal level=-57 dBm  
                    Encryption key:on
                    ESSID:"WirelessProject"
                    Bit Rates:1 Mb/s; 2 Mb/s; 5.5 Mb/s; 11 Mb/s; 18 Mb/s
                              24 Mb/s; 36 Mb/s; 54 Mb/s
                    Bit Rates:6 Mb/s; 9 Mb/s; 12 Mb/s; 48 Mb/s
                    Mode:Master
                    Extra:tsf=0000000000000000
2021-05-01T16:33:11.485
*-*
          Cell 02 - Address: B8:27:EB:75:C1:31
                    Channel:1
                    Frequency:2.412 GHz (Channel 1)
                    Quality=37/70  Signal level=-73 dBm  
                    Encryption key:on
                    ESSID:"WirelessProject"
                    Bit Rates:1 Mb/s; 2 Mb/s; 5.5 Mb/s; 11 Mb/s; 18 Mb/s
                              24 Mb/s; 36 Mb/s; 54 Mb/s
                    Bit Rates:6 Mb/s; 9 Mb/s; 12 Mb/s; 48 Mb/s
                    Mode:Master
                    Extra:tsf=0000000000000000
--
          Cell 04 - Address: B8:27:EB:6C:F0:84
                    Channel:1
                    Frequency:2.412 GHz (Channel 1)
                    Quality=33/70  Signal level=-77 dBm  
                    Encryption key:on
                    ESSID:"WirelessProject"
                    Bit Rates:1 Mb/s; 2 Mb/s; 5.5 Mb/s; 11 Mb/s; 18 Mb/s
                              24 Mb/s; 36 Mb/s; 54 Mb/s
                    Bit Rates:6 Mb/s; 9 Mb/s; 12 Mb/s; 48 Mb/s
                    Mode:Master
                    Extra:tsf=0000000000000000
2021-05-01T16:33:22.562
*-*
          Cell 01 - Address: B8:27:EB:75:C1:31
                    Channel:1
                    Frequency:2.412 GHz (Channel 1)
                    Quality=49/70  Signal level=-61 dBm  
                    Encryption key:on
                    ESSID:"WirelessProject"
                    Bit Rates:1 Mb/s; 2 Mb/s; 5.5 Mb/s; 11 Mb/s; 18 Mb/s
                              24 Mb/s; 36 Mb/s; 54 Mb/s
                    Bit Rates:6 Mb/s; 9 Mb/s; 12 Mb/s; 48 Mb/s
                    Mode:Master
                    Extra:tsf=0000000000000000
--
          Cell 03 - Address: B8:27:EB:6C:F0:84
                    Channel:1
                    Frequency:2.412 GHz (Channel 1)
                    Quality=31/70  Signal level=-79 dBm  
                    Encryption key:on
                    ESSID:"WirelessProject"
                    Bit Rates:1 Mb/s; 2 Mb/s; 5.5 Mb/s; 11 Mb/s; 18 Mb/s
                              24 Mb/s; 36 Mb/s; 54 Mb/s
                    Bit Rates:6 Mb/s; 9 Mb/s; 12 Mb/s; 48 Mb/s
                    Mode:Master
                    Extra:tsf=0000000000000000
2021-05-01T16:33:33.672
*-*
          Cell 01 - Address: B8:27:EB:75:C1:31
                    Channel:1
                    Frequency:2.412 GHz (Channel 1)
                    Quality=44/70  Signal level=-66 dBm  
                    Encryption key:on
                    ESSID:"WirelessProject"
                    Bit Rates:1 Mb/s; 2 Mb/s; 5.5 Mb/s; 11 Mb/s; 18 Mb/s
                              24 Mb/s; 36 Mb/s; 54 Mb/s
                    Bit Rates:6 Mb/s; 9 Mb/s; 12 Mb/s; 48 Mb/s
                    Mode:Master
                    Extra:tsf=0000000000000000
--
          Cell 03 - Address: B8:27:EB:6C:F0:84
                    Channel:1
                    Frequency:2.412 GHz (Channel 1)
                    Quality=31/70  Signal level=-79 dBm  
                    Encryption key:on
                    ESSID:"WirelessProject"
                    Bit Rates:1 Mb/s; 2 Mb/s; 5.5 Mb/s; 11 Mb/s; 18 Mb/s
                              24 Mb/s; 36 Mb/s; 54 Mb/s
                    Bit Rates:6 Mb/s; 9 Mb/s; 12 Mb/s; 48 Mb/s
                    Mode:Master
                    Extra:tsf=0000000000000000
2021-05-01T16:33:44.749
*-*
          Cell 01 - Address: B8:27:EB:75:C1:31
                    Channel:1
                    Frequency:2.412 GHz (Channel 1)
                    Quality=31/70  Signal level=-79 dBm  
                    Encryption key:on
                    ESSID:"WirelessProject"
                    Bit Rates:1 Mb/s; 2 Mb/s; 5.5 Mb/s; 11 Mb/s; 18 Mb/s
                              24 Mb/s; 36 Mb/s; 54 Mb/s
                    Bit Rates:6 Mb/s; 9 Mb/s; 12 Mb/s; 48 Mb/s
                    Mode:Master
                    Extra:tsf=0000000000000000
--
          Cell 03 - Address: B8:27:EB:6C:F0:84
                    Channel:1
                    Frequency:2.412 GHz (Channel 1)
                    Quality=31/70  Signal level=-79 dBm  
                    Encryption key:on
                    ESSID:"WirelessProject"
                    Bit Rates:1 Mb/s; 2 Mb/s; 5.5 Mb/s; 11 Mb/s; 18 Mb/s
                              24 Mb/s; 36 Mb/s; 54 Mb/s
                    Bit Rates:6 Mb/s; 9 Mb/s; 12 Mb/s; 48 Mb/s
                    Mode:Master
                    Extra:tsf=0000000000000000
--
          Cell 47 - Address: B8:27:EB:CC:AA:D5
                    Channel:1
                    Frequency:2.412 GHz (Channel 1)
                    Quality=23/70  Signal level=-87 dBm  
                    Encryption key:on
                    ESSID:"WirelessProject"
                    Bit Rates:1 Mb/s; 2 Mb/s; 5.5 Mb/s; 11 Mb/s; 18 Mb/s
                              24 Mb/s; 36 Mb/s; 54 Mb/s
                    Bit Rates:6 Mb/s; 9 Mb/s; 12 Mb/s; 48 Mb/s
                    Mode:Master
                    Extra:tsf=0000000000000000
2021-05-01T16:33:55.818
*-*
          Cell 01 - Address: B8:27:EB:75:C1:31
                    Channel:1
                    Frequency:2.412 GHz (Channel 1)
                    Quality=18/70  Signal level=-92 dBm  
                    Encryption key:on
                    ESSID:"WirelessProject"
                    Bit Rates:1 Mb/s; 2 Mb/s; 5.5 Mb/s; 11 Mb/s; 18 Mb/s
                              24 Mb/s; 36 Mb/s; 54 Mb/s
                    Bit Rates:6 Mb/s; 9 Mb/s; 12 Mb/s; 48 Mb/s
                    Mode:Master
                    Extra:tsf=0000000000000000
--
          Cell 36 - Address: B8:27:EB:CC:AA:D5
                    Channel:1
                    Frequency:2.412 GHz (Channel 1)
                    Quality=33/70  Signal level=-77 dBm  
                    Encryption key:on
                    ESSID:"WirelessProject"
                    Bit Rates:1 Mb/s; 2 Mb/s; 5.5 Mb/s; 11 Mb/s; 18 Mb/s
                              24 Mb/s; 36 Mb/s; 54 Mb/s
                    Bit Rates:6 Mb/s; 9 Mb/s; 12 Mb/s; 48 Mb/s
                    Mode:Master
                    Extra:tsf=0000000000000000
2021-05-01T16:34:06.913
*-*
          Cell 01 - Address: B8:27:EB:75:C1:31
                    Channel:1
                    Frequency:2.412 GHz (Channel 1)
                    Quality=18/70  Signal level=-92 dBm  
                    Encryption key:on
                    ESSID:"WirelessProject"
                    Bit Rates:1 Mb/s; 2 Mb/s; 5.5 Mb/s; 11 Mb/s; 18 Mb/s
                              24 Mb/s; 36 Mb/s; 54 Mb/s
                    Bit Rates:6 Mb/s; 9 Mb/s; 12 Mb/s; 48 Mb/s
                    Mode:Master
                    Extra:tsf=0000000000000000
--
          Cell 08 - Address: B8:27:EB:CC:AA:D5
                    Channel:1
                    Frequency:2.412 GHz (Channel 1)
                    Quality=31/70  Signal level=-79 dBm  
                    Encryption key:on
                    ESSID:"WirelessProject"
                    Bit Rates:1 Mb/s; 2 Mb/s; 5.5 Mb/s; 11 Mb/s; 18 Mb/s
                              24 Mb/s; 36 Mb/s; 54 Mb/s
                    Bit Rates:6 Mb/s; 9 Mb/s; 12 Mb/s; 48 Mb/s
                    Mode:Master
                    Extra:tsf=0000000000000000
2021-05-01T16:34:17.999
*-*
          Cell 01 - Address: B8:27:EB:75:C1:31
                    Channel:1
                    Frequency:2.412 GHz (Channel 1)
                    Quality=18/70  Signal level=-92 dBm  
                    Encryption key:on
                    ESSID:"WirelessProject"
                    Bit Rates:1 Mb/s; 2 Mb/s; 5.5 Mb/s; 11 Mb/s; 18 Mb/s
                              24 Mb/s; 36 Mb/s; 54 Mb/s
                    Bit Rates:6 Mb/s; 9 Mb/s; 12 Mb/s; 48 Mb/s
                    Mode:Master
                    Extra:tsf=0000000000000000
--
          Cell 08 - Address: B8:27:EB:CC:AA:D5
                    Channel:1
                    Frequency:2.412 GHz (Channel 1)
                    Quality=34/70  Signal level=-76 dBm  
                    Encryption key:on
                    ESSID:"WirelessProject"
                    Bit Rates:1 Mb/s; 2 Mb/s; 5.5 Mb/s; 11 Mb/s; 18 Mb/s
                              24 Mb/s; 36 Mb/s; 54 Mb/s
                    Bit Rates:6 Mb/s; 9 Mb/s; 12 Mb/s; 48 Mb/s
                    Mode:Master
                    Extra:tsf=0000000000000000
2021-05-01T16:34:29.095
*-*
          Cell 04 - Address: B8:27:EB:CC:AA:D5
                    Channel:1
                    Frequency:2.412 GHz (Channel 1)
                    Quality=33/70  Signal level=-77 dBm  
                    Encryption key:on
                    ESSID:"WirelessProject"
                    Bit Rates:1 Mb/s; 2 Mb/s; 5.5 Mb/s; 11 Mb/s; 18 Mb/s
                              24 Mb/s; 36 Mb/s; 54 Mb/s
                    Bit Rates:6 Mb/s; 9 Mb/s; 12 Mb/s; 48 Mb/s
                    Mode:Master
                    Extra:tsf=0000000000000000
2021-05-01T16:34:40.198
*-*
          Cell 02 - Address: B8:27:EB:CC:AA:D5
                    Channel:1
                    Frequency:2.412 GHz (Channel 1)
                    Quality=37/70  Signal level=-73 dBm  
                    Encryption key:on
                    ESSID:"WirelessProject"
                    Bit Rates:1 Mb/s; 2 Mb/s; 5.5 Mb/s; 11 Mb/s; 18 Mb/s
                              24 Mb/s; 36 Mb/s; 54 Mb/s
                    Bit Rates:6 Mb/s; 9 Mb/s; 12 Mb/s; 48 Mb/s
                    Mode:Master
                    Extra:tsf=0000000000000000
2021-05-01T16:34:51.277
*-*
          Cell 01 - Address: B8:27:EB:CC:AA:D5
                    Channel:1
                    Frequency:2.412 GHz (Channel 1)
                    Quality=41/70  Signal level=-69 dBm  
                    Encryption key:on
                    ESSID:"WirelessProject"
                    Bit Rates:1 Mb/s; 2 Mb/s; 5.5 Mb/s; 11 Mb/s; 18 Mb/s
                              24 Mb/s; 36 Mb/s; 54 Mb/s
                    Bit Rates:6 Mb/s; 9 Mb/s; 12 Mb/s; 48 Mb/s
                    Mode:Master
                    Extra:tsf=0000000000000000
2021-05-01T16:35:02.403
*-*
          Cell 01 - Address: B8:27:EB:CC:AA:D5
                    Channel:1
                    Frequency:2.412 GHz (Channel 1)
                    Quality=36/70  Signal level=-74 dBm  
                    Encryption key:on
                    ESSID:"WirelessProject"
                    Bit Rates:1 Mb/s; 2 Mb/s; 5.5 Mb/s; 11 Mb/s; 18 Mb/s
                              24 Mb/s; 36 Mb/s; 54 Mb/s
                    Bit Rates:6 Mb/s; 9 Mb/s; 12 Mb/s; 48 Mb/s
                    Mode:Master
                    Extra:tsf=0000000000000000
2021-05-01T16:35:13.486
*-*
          Cell 01 - Address: B8:27:EB:CC:AA:D5
                    Channel:1
                    Frequency:2.412 GHz (Channel 1)
                    Quality=34/70  Signal level=-76 dBm  
                    Encryption key:on
                    ESSID:"WirelessProject"
                    Bit Rates:1 Mb/s; 2 Mb/s; 5.5 Mb/s; 11 Mb/s; 18 Mb/s
                              24 Mb/s; 36 Mb/s; 54 Mb/s
                    Bit Rates:6 Mb/s; 9 Mb/s; 12 Mb/s; 48 Mb/s
                    Mode:Master
                    Extra:tsf=0000000000000000
2021-05-01T16:35:24.566
*-*
          Cell 01 - Address: B8:27:EB:CC:AA:D5
                    Channel:1
                    Frequency:2.412 GHz (Channel 1)
                    Quality=37/70  Signal level=-73 dBm  
                    Encryption key:on
                    ESSID:"WirelessProject"
                    Bit Rates:1 Mb/s; 2 Mb/s; 5.5 Mb/s; 11 Mb/s; 18 Mb/s
                              24 Mb/s; 36 Mb/s; 54 Mb/s
                    Bit Rates:6 Mb/s; 9 Mb/s; 12 Mb/s; 48 Mb/s
                    Mode:Master
                    Extra:tsf=0000000000000000
2021-05-01T16:35:35.636
*-*
          Cell 01 - Address: B8:27:EB:CC:AA:D5
                    Channel:1
                    Frequency:2.412 GHz (Channel 1)
                    Quality=24/70  Signal level=-86 dBm  
                    Encryption key:on
                    ESSID:"WirelessProject"
                    Bit Rates:1 Mb/s; 2 Mb/s; 5.5 Mb/s; 11 Mb/s; 18 Mb/s
                              24 Mb/s; 36 Mb/s; 54 Mb/s
                    Bit Rates:6 Mb/s; 9 Mb/s; 12 Mb/s; 48 Mb/s
                    Mode:Master
                    Extra:tsf=0000000000000000
2021-05-01T16:35:46.696
*-*
          Cell 01 - Address: B8:27:EB:CC:AA:D5
                    Channel:1
                    Frequency:2.412 GHz (Channel 1)
                    Quality=23/70  Signal level=-87 dBm  
                    Encryption key:on
                    ESSID:"WirelessProject"
                    Bit Rates:1 Mb/s; 2 Mb/s; 5.5 Mb/s; 11 Mb/s; 18 Mb/s
                              24 Mb/s; 36 Mb/s; 54 Mb/s
                    Bit Rates:6 Mb/s; 9 Mb/s; 12 Mb/s; 48 Mb/s
                    Mode:Master
                    Extra:tsf=0000000000000000
2021-05-01T16:35:57.760
*-*
          Cell 01 - Address: B8:27:EB:CC:AA:D5
                    Channel:1
                    Frequency:2.412 GHz (Channel 1)
                    Quality=21/70  Signal level=-89 dBm  
                    Encryption key:on
                    ESSID:"WirelessProject"
                    Bit Rates:1 Mb/s; 2 Mb/s; 5.5 Mb/s; 11 Mb/s; 18 Mb/s
                              24 Mb/s; 36 Mb/s; 54 Mb/s
                    Bit Rates:6 Mb/s; 9 Mb/s; 12 Mb/s; 48 Mb/s
                    Mode:Master
                    Extra:tsf=0000000000000000
2021-05-01T16:36:08.835
*-*
          Cell 01 - Address: B8:27:EB:CC:AA:D5
                    Channel:1
                    Frequency:2.412 GHz (Channel 1)
                    Quality=21/70  Signal level=-89 dBm  
                    Encryption key:on
                    ESSID:"WirelessProject"
                    Bit Rates:1 Mb/s; 2 Mb/s; 5.5 Mb/s; 11 Mb/s; 18 Mb/s
                              24 Mb/s; 36 Mb/s; 54 Mb/s
                    Bit Rates:6 Mb/s; 9 Mb/s; 12 Mb/s; 48 Mb/s
                    Mode:Master
                    Extra:tsf=0000000000000000
2021-05-01T16:36:19.754
*-*
          Cell 01 - Address: B8:27:EB:CC:AA:D5
                    Channel:1
                    Frequency:2.412 GHz (Channel 1)
                    Quality=21/70  Signal level=-89 dBm  
                    Encryption key:on
                    ESSID:"WirelessProject"
                    Bit Rates:1 Mb/s; 2 Mb/s; 5.5 Mb/s; 11 Mb/s; 18 Mb/s
                              24 Mb/s; 36 Mb/s; 54 Mb/s
                    Bit Rates:6 Mb/s; 9 Mb/s; 12 Mb/s; 48 Mb/s
                    Mode:Master
                    Extra:tsf=0000000000000000
2021-05-01T16:36:30.667
*-*
2021-05-01T16:36:41.574
*-*
          Cell 72 - Address: B8:27:EB:CC:AA:D5
                    Channel:1
                    Frequency:2.412 GHz (Channel 1)
                    Quality=20/70  Signal level=-90 dBm  
                    Encryption key:on
                    ESSID:"WirelessProject"
                    Bit Rates:1 Mb/s; 2 Mb/s; 5.5 Mb/s; 11 Mb/s; 18 Mb/s
                              24 Mb/s; 36 Mb/s; 54 Mb/s
                    Bit Rates:6 Mb/s; 9 Mb/s; 12 Mb/s; 48 Mb/s
                    Mode:Master
                    Extra:tsf=0000000000000000
2021-05-01T16:36:52.485
*-*
          Cell 57 - Address: B8:27:EB:CC:AA:D5
                    Channel:1
                    Frequency:2.412 GHz (Channel 1)
                    Quality=20/70  Signal level=-90 dBm  
                    Encryption key:on
                    ESSID:"WirelessProject"
                    Bit Rates:1 Mb/s; 2 Mb/s; 5.5 Mb/s; 11 Mb/s; 18 Mb/s
                              24 Mb/s; 36 Mb/s; 54 Mb/s
                    Bit Rates:6 Mb/s; 9 Mb/s; 12 Mb/s; 48 Mb/s
                    Mode:Master
                    Extra:tsf=0000000000000000
2021-05-01T16:37:03.393
*-*
          Cell 33 - Address: B8:27:EB:CC:AA:D5
                    Channel:1
                    Frequency:2.412 GHz (Channel 1)
                    Quality=20/70  Signal level=-90 dBm  
                    Encryption key:on
                    ESSID:"WirelessProject"
                    Bit Rates:1 Mb/s; 2 Mb/s; 5.5 Mb/s; 11 Mb/s; 18 Mb/s
                              24 Mb/s; 36 Mb/s; 54 Mb/s
                    Bit Rates:6 Mb/s; 9 Mb/s; 12 Mb/s; 48 Mb/s
                    Mode:Master
                    Extra:tsf=0000000000000000
2021-05-01T16:37:14.297
*-*
2021-05-01T16:37:25.234
*-*
