Result
wlan0     IEEE 802.11  ESSID:off/any  
          Mode:Managed  Access Point: Not-Associated   Tx-Power=31 dBm   
          Retry short limit:7   RTS thr:off   Fragment thr:off
          Power Management:on
          
2021-05-05T23:13:35.243
*-*
Result
wlan0     IEEE 802.11  ESSID:off/any  
          Mode:Managed  Access Point: Not-Associated   Tx-Power=31 dBm   
          Retry short limit:7   RTS thr:off   Fragment thr:off
          Power Management:on
          
2021-05-05T23:13:36.441
*-*
Result
wlan0     IEEE 802.11  ESSID:off/any  
          Mode:Managed  Access Point: Not-Associated   Tx-Power=31 dBm   
          Retry short limit:7   RTS thr:off   Fragment thr:off
          Power Management:on
          
2021-05-05T23:13:37.709
*-*
Result
wlan0     IEEE 802.11  ESSID:off/any  
          Mode:Managed  Access Point: Not-Associated   Tx-Power=31 dBm   
          Retry short limit:7   RTS thr:off   Fragment thr:off
          Power Management:on
          
2021-05-05T23:13:38.960
*-*
Result
wlan0     IEEE 802.11  ESSID:off/any  
          Mode:Managed  Access Point: Not-Associated   Tx-Power=31 dBm   
          Retry short limit:7   RTS thr:off   Fragment thr:off
          Power Management:on
          
2021-05-05T23:13:40.213
*-*
Result
wlan0     IEEE 802.11  ESSID:off/any  
          Mode:Managed  Access Point: Not-Associated   Tx-Power=31 dBm   
          Retry short limit:7   RTS thr:off   Fragment thr:off
          Power Management:on
          
2021-05-05T23:13:41.486
*-*
Result
wlan0     IEEE 802.11  ESSID:off/any  
          Mode:Managed  Access Point: Not-Associated   Tx-Power=31 dBm   
          Retry short limit:7   RTS thr:off   Fragment thr:off
          Power Management:on
          
2021-05-05T23:13:42.760
*-*
Result
wlan0     IEEE 802.11  ESSID:off/any  
          Mode:Managed  Access Point: Not-Associated   Tx-Power=31 dBm   
          Retry short limit:7   RTS thr:off   Fragment thr:off
          Power Management:on
          
2021-05-05T23:13:44.009
*-*
Result
wlan0     IEEE 802.11  ESSID:off/any  
          Mode:Managed  Access Point: Not-Associated   Tx-Power=31 dBm   
          Retry short limit:7   RTS thr:off   Fragment thr:off
          Power Management:on
          
2021-05-05T23:13:45.195
*-*
Result
wlan0     IEEE 802.11  ESSID:off/any  
          Mode:Managed  Access Point: Not-Associated   Tx-Power=31 dBm   
          Retry short limit:7   RTS thr:off   Fragment thr:off
          Power Management:on
          
2021-05-05T23:13:46.444
*-*
Result
wlan0     IEEE 802.11  ESSID:off/any  
          Mode:Managed  Access Point: Not-Associated   Tx-Power=31 dBm   
          Retry short limit:7   RTS thr:off   Fragment thr:off
          Power Management:on
          
2021-05-05T23:13:47.693
*-*
Result
wlan0     IEEE 802.11  ESSID:off/any  
          Mode:Managed  Access Point: Not-Associated   Tx-Power=31 dBm   
          Retry short limit:7   RTS thr:off   Fragment thr:off
          Power Management:on
          
2021-05-05T23:13:48.867
*-*
Result
wlan0     IEEE 802.11  ESSID:off/any  
          Mode:Managed  Access Point: Not-Associated   Tx-Power=31 dBm   
          Retry short limit:7   RTS thr:off   Fragment thr:off
          Power Management:on
          
2021-05-05T23:13:50.114
*-*
Result
wlan0     IEEE 802.11  ESSID:off/any  
          Mode:Managed  Access Point: Not-Associated   Tx-Power=31 dBm   
          Retry short limit:7   RTS thr:off   Fragment thr:off
          Power Management:on
          
2021-05-05T23:13:51.359
*-*
Result
wlan0     IEEE 802.11  ESSID:off/any  
          Mode:Managed  Access Point: Not-Associated   Tx-Power=31 dBm   
          Retry short limit:7   RTS thr:off   Fragment thr:off
          Power Management:on
          
2021-05-05T23:13:52.643
*-*
Result
wlan0     IEEE 802.11  ESSID:off/any  
          Mode:Managed  Access Point: Not-Associated   Tx-Power=31 dBm   
          Retry short limit:7   RTS thr:off   Fragment thr:off
          Power Management:on
          
2021-05-05T23:13:53.890
*-*
Result
wlan0     IEEE 802.11  ESSID:off/any  
          Mode:Managed  Access Point: Not-Associated   Tx-Power=31 dBm   
          Retry short limit:7   RTS thr:off   Fragment thr:off
          Power Management:on
          
2021-05-05T23:13:55.139
*-*
Result
wlan0     IEEE 802.11  ESSID:off/any  
          Mode:Managed  Access Point: Not-Associated   Tx-Power=31 dBm   
          Retry short limit:7   RTS thr:off   Fragment thr:off
          Power Management:on
          
2021-05-05T23:13:56.394
*-*
Result
wlan0     IEEE 802.11  ESSID:off/any  
          Mode:Managed  Access Point: Not-Associated   Tx-Power=31 dBm   
          Retry short limit:7   RTS thr:off   Fragment thr:off
          Power Management:on
          
2021-05-05T23:13:57.643
*-*
Result
wlan0     IEEE 802.11  ESSID:off/any  
          Mode:Managed  Access Point: Not-Associated   Tx-Power=31 dBm   
          Retry short limit:7   RTS thr:off   Fragment thr:off
          Power Management:on
          
2021-05-05T23:13:58.828
*-*
Result
wlan0     IEEE 802.11  ESSID:off/any  
          Mode:Managed  Access Point: Not-Associated   Tx-Power=31 dBm   
          Retry short limit:7   RTS thr:off   Fragment thr:off
          Power Management:on
          
2021-05-05T23:14:00.073
*-*
Result
wlan0     IEEE 802.11  ESSID:off/any  
          Mode:Managed  Access Point: Not-Associated   Tx-Power=31 dBm   
          Retry short limit:7   RTS thr:off   Fragment thr:off
          Power Management:on
          
2021-05-05T23:14:01.319
*-*
Result
wlan0     IEEE 802.11  ESSID:off/any  
          Mode:Managed  Access Point: Not-Associated   Tx-Power=31 dBm   
          Retry short limit:7   RTS thr:off   Fragment thr:off
          Power Management:on
          
2021-05-05T23:14:02.567
*-*
Result
wlan0     IEEE 802.11  ESSID:off/any  
          Mode:Managed  Access Point: Not-Associated   Tx-Power=31 dBm   
          Retry short limit:7   RTS thr:off   Fragment thr:off
          Power Management:on
          
2021-05-05T23:14:03.816
*-*
Result
wlan0     IEEE 802.11  ESSID:off/any  
          Mode:Managed  Access Point: Not-Associated   Tx-Power=31 dBm   
          Retry short limit:7   RTS thr:off   Fragment thr:off
          Power Management:on
          
2021-05-05T23:14:05.071
*-*
Result
wlan0     IEEE 802.11  ESSID:off/any  
          Mode:Managed  Access Point: Not-Associated   Tx-Power=31 dBm   
          Retry short limit:7   RTS thr:off   Fragment thr:off
          Power Management:on
          
2021-05-05T23:14:06.320
*-*
Result
wlan0     IEEE 802.11  ESSID:off/any  
          Mode:Managed  Access Point: Not-Associated   Tx-Power=31 dBm   
          Retry short limit:7   RTS thr:off   Fragment thr:off
          Power Management:on
          
2021-05-05T23:14:07.565
*-*
Result
wlan0     IEEE 802.11  ESSID:off/any  
          Mode:Managed  Access Point: Not-Associated   Tx-Power=31 dBm   
          Retry short limit:7   RTS thr:off   Fragment thr:off
          Power Management:on
          
2021-05-05T23:14:08.813
*-*
Result
wlan0     IEEE 802.11  ESSID:off/any  
          Mode:Managed  Access Point: Not-Associated   Tx-Power=31 dBm   
          Retry short limit:7   RTS thr:off   Fragment thr:off
          Power Management:on
          
2021-05-05T23:14:10.058
*-*
Result
wlan0     IEEE 802.11  ESSID:off/any  
          Mode:Managed  Access Point: Not-Associated   Tx-Power=31 dBm   
          Retry short limit:7   RTS thr:off   Fragment thr:off
          Power Management:on
          
2021-05-05T23:14:11.243
*-*
Result
wlan0     IEEE 802.11  ESSID:off/any  
          Mode:Managed  Access Point: Not-Associated   Tx-Power=31 dBm   
          Retry short limit:7   RTS thr:off   Fragment thr:off
          Power Management:on
          
2021-05-05T23:14:12.491
*-*
Result
wlan0     IEEE 802.11  ESSID:off/any  
          Mode:Managed  Access Point: Not-Associated   Tx-Power=31 dBm   
          Retry short limit:7   RTS thr:off   Fragment thr:off
          Power Management:on
          
2021-05-05T23:14:13.739
*-*
Result
wlan0     IEEE 802.11  ESSID:off/any  
          Mode:Managed  Access Point: Not-Associated   Tx-Power=31 dBm   
          Retry short limit:7   RTS thr:off   Fragment thr:off
          Power Management:on
          
2021-05-05T23:14:14.985
*-*
Result
wlan0     IEEE 802.11  ESSID:off/any  
          Mode:Managed  Access Point: Not-Associated   Tx-Power=31 dBm   
          Retry short limit:7   RTS thr:off   Fragment thr:off
          Power Management:on
          
2021-05-05T23:14:16.217
*-*
Result
wlan0     IEEE 802.11  ESSID:off/any  
          Mode:Managed  Access Point: Not-Associated   Tx-Power=31 dBm   
          Retry short limit:7   RTS thr:off   Fragment thr:off
          Power Management:on
          
2021-05-05T23:14:17.459
*-*
Result
wlan0     IEEE 802.11  ESSID:off/any  
          Mode:Managed  Access Point: Not-Associated   Tx-Power=31 dBm   
          Retry short limit:7   RTS thr:off   Fragment thr:off
          Power Management:on
          
2021-05-05T23:14:18.705
*-*
Result
wlan0     IEEE 802.11  ESSID:off/any  
          Mode:Managed  Access Point: Not-Associated   Tx-Power=31 dBm   
          Retry short limit:7   RTS thr:off   Fragment thr:off
          Power Management:on
          
2021-05-05T23:14:19.951
*-*
Result
wlan0     IEEE 802.11  ESSID:off/any  
          Mode:Managed  Access Point: Not-Associated   Tx-Power=31 dBm   
          Retry short limit:7   RTS thr:off   Fragment thr:off
          Power Management:on
          
2021-05-05T23:14:21.128
*-*
Result
wlan0     IEEE 802.11  ESSID:off/any  
          Mode:Managed  Access Point: Not-Associated   Tx-Power=31 dBm   
          Retry short limit:7   RTS thr:off   Fragment thr:off
          Power Management:on
          
2021-05-05T23:14:22.372
*-*
Result
wlan0     IEEE 802.11  ESSID:off/any  
          Mode:Managed  Access Point: Not-Associated   Tx-Power=31 dBm   
          Retry short limit:7   RTS thr:off   Fragment thr:off
          Power Management:on
          
2021-05-05T23:14:23.619
*-*
Result
wlan0     IEEE 802.11  ESSID:off/any  
          Mode:Managed  Access Point: Not-Associated   Tx-Power=31 dBm   
          Retry short limit:7   RTS thr:off   Fragment thr:off
          Power Management:on
          
2021-05-05T23:14:24.862
*-*
Result
wlan0     IEEE 802.11  ESSID:off/any  
          Mode:Managed  Access Point: Not-Associated   Tx-Power=31 dBm   
          Retry short limit:7   RTS thr:off   Fragment thr:off
          Power Management:on
          
2021-05-05T23:14:26.137
*-*
Result
wlan0     IEEE 802.11  ESSID:off/any  
          Mode:Managed  Access Point: Not-Associated   Tx-Power=31 dBm   
          Retry short limit:7   RTS thr:off   Fragment thr:off
          Power Management:on
          
2021-05-05T23:14:27.419
*-*
Result
wlan0     IEEE 802.11  ESSID:off/any  
          Mode:Managed  Access Point: Not-Associated   Tx-Power=31 dBm   
          Retry short limit:7   RTS thr:off   Fragment thr:off
          Power Management:on
          
2021-05-05T23:14:28.670
*-*
Result
wlan0     IEEE 802.11  ESSID:off/any  
          Mode:Managed  Access Point: Not-Associated   Tx-Power=31 dBm   
          Retry short limit:7   RTS thr:off   Fragment thr:off
          Power Management:on
          
2021-05-05T23:14:29.919
*-*
Result
wlan0     IEEE 802.11  ESSID:off/any  
          Mode:Managed  Access Point: Not-Associated   Tx-Power=31 dBm   
          Retry short limit:7   RTS thr:off   Fragment thr:off
          Power Management:on
          
2021-05-05T23:14:31.163
*-*
Result
wlan0     IEEE 802.11  ESSID:off/any  
          Mode:Managed  Access Point: Not-Associated   Tx-Power=31 dBm   
          Retry short limit:7   RTS thr:off   Fragment thr:off
          Power Management:on
          
2021-05-05T23:14:32.411
*-*
Result
wlan0     IEEE 802.11  ESSID:off/any  
          Mode:Managed  Access Point: Not-Associated   Tx-Power=31 dBm   
          Retry short limit:7   RTS thr:off   Fragment thr:off
          Power Management:on
          
2021-05-05T23:14:33.655
*-*
Result
wlan0     IEEE 802.11  ESSID:off/any  
          Mode:Managed  Access Point: Not-Associated   Tx-Power=31 dBm   
          Retry short limit:7   RTS thr:off   Fragment thr:off
          Power Management:on
          
2021-05-05T23:14:34.897
*-*
Result
wlan0     IEEE 802.11  ESSID:off/any  
          Mode:Managed  Access Point: Not-Associated   Tx-Power=31 dBm   
          Retry short limit:7   RTS thr:off   Fragment thr:off
          Power Management:on
          
2021-05-05T23:14:36.142
*-*
Result
wlan0     IEEE 802.11  ESSID:off/any  
          Mode:Managed  Access Point: Not-Associated   Tx-Power=31 dBm   
          Retry short limit:7   RTS thr:off   Fragment thr:off
          Power Management:on
          
2021-05-05T23:14:37.393
*-*
Result
wlan0     IEEE 802.11  ESSID:off/any  
          Mode:Managed  Access Point: Not-Associated   Tx-Power=31 dBm   
          Retry short limit:7   RTS thr:off   Fragment thr:off
          Power Management:on
          
2021-05-05T23:14:38.642
*-*
Result
wlan0     IEEE 802.11  ESSID:off/any  
          Mode:Managed  Access Point: Not-Associated   Tx-Power=31 dBm   
          Retry short limit:7   RTS thr:off   Fragment thr:off
          Power Management:on
          
2021-05-05T23:14:39.892
*-*
Result
wlan0     IEEE 802.11  ESSID:off/any  
          Mode:Managed  Access Point: Not-Associated   Tx-Power=31 dBm   
          Retry short limit:7   RTS thr:off   Fragment thr:off
          Power Management:on
          
2021-05-05T23:14:41.153
*-*
Result
wlan0     IEEE 802.11  ESSID:off/any  
          Mode:Managed  Access Point: Not-Associated   Tx-Power=31 dBm   
          Retry short limit:7   RTS thr:off   Fragment thr:off
          Power Management:on
          
2021-05-05T23:14:42.401
*-*
Result
wlan0     IEEE 802.11  ESSID:off/any  
          Mode:Managed  Access Point: Not-Associated   Tx-Power=31 dBm   
          Retry short limit:7   RTS thr:off   Fragment thr:off
          Power Management:on
          
2021-05-05T23:14:43.646
*-*
Result
wlan0     IEEE 802.11  ESSID:off/any  
          Mode:Managed  Access Point: Not-Associated   Tx-Power=31 dBm   
          Retry short limit:7   RTS thr:off   Fragment thr:off
          Power Management:on
          
2021-05-05T23:14:44.891
*-*
Result
wlan0     IEEE 802.11  ESSID:off/any  
          Mode:Managed  Access Point: Not-Associated   Tx-Power=31 dBm   
          Retry short limit:7   RTS thr:off   Fragment thr:off
          Power Management:on
          
2021-05-05T23:14:46.139
*-*
Result
wlan0     IEEE 802.11  ESSID:off/any  
          Mode:Managed  Access Point: Not-Associated   Tx-Power=31 dBm   
          Retry short limit:7   RTS thr:off   Fragment thr:off
          Power Management:on
          
2021-05-05T23:14:47.385
*-*
Result
wlan0     IEEE 802.11  ESSID:off/any  
          Mode:Managed  Access Point: Not-Associated   Tx-Power=31 dBm   
          Retry short limit:7   RTS thr:off   Fragment thr:off
          Power Management:on
          
2021-05-05T23:14:48.629
*-*
Result
wlan0     IEEE 802.11  ESSID:off/any  
          Mode:Managed  Access Point: Not-Associated   Tx-Power=31 dBm   
          Retry short limit:7   RTS thr:off   Fragment thr:off
          Power Management:on
          
2021-05-05T23:14:49.879
*-*
Result
wlan0     IEEE 802.11  ESSID:off/any  
          Mode:Managed  Access Point: Not-Associated   Tx-Power=31 dBm   
          Retry short limit:7   RTS thr:off   Fragment thr:off
          Power Management:on
          
2021-05-05T23:14:51.124
*-*
Result
wlan0     IEEE 802.11  ESSID:off/any  
          Mode:Managed  Access Point: Not-Associated   Tx-Power=31 dBm   
          Retry short limit:7   RTS thr:off   Fragment thr:off
          Power Management:on
          
2021-05-05T23:14:52.368
*-*
Result
wlan0     IEEE 802.11  ESSID:off/any  
          Mode:Managed  Access Point: Not-Associated   Tx-Power=31 dBm   
          Retry short limit:7   RTS thr:off   Fragment thr:off
          Power Management:on
          
2021-05-05T23:14:53.620
*-*
Result
wlan0     IEEE 802.11  ESSID:off/any  
          Mode:Managed  Access Point: Not-Associated   Tx-Power=31 dBm   
          Retry short limit:7   RTS thr:off   Fragment thr:off
          Power Management:on
          
2021-05-05T23:14:54.869
*-*
Result
wlan0     IEEE 802.11  ESSID:off/any  
          Mode:Managed  Access Point: Not-Associated   Tx-Power=31 dBm   
          Retry short limit:7   RTS thr:off   Fragment thr:off
          Power Management:on
          
2021-05-05T23:14:56.119
*-*
Result
wlan0     IEEE 802.11  ESSID:off/any  
          Mode:Managed  Access Point: Not-Associated   Tx-Power=31 dBm   
          Retry short limit:7   RTS thr:off   Fragment thr:off
          Power Management:on
          
2021-05-05T23:14:57.372
*-*
Result
wlan0     IEEE 802.11  ESSID:off/any  
          Mode:Managed  Access Point: Not-Associated   Tx-Power=31 dBm   
          Retry short limit:7   RTS thr:off   Fragment thr:off
          Power Management:on
          
2021-05-05T23:14:58.618
*-*
Result
wlan0     IEEE 802.11  ESSID:off/any  
          Mode:Managed  Access Point: Not-Associated   Tx-Power=31 dBm   
          Retry short limit:7   RTS thr:off   Fragment thr:off
          Power Management:on
          
2021-05-05T23:14:59.863
*-*
Result
wlan0     IEEE 802.11  ESSID:off/any  
          Mode:Managed  Access Point: Not-Associated   Tx-Power=31 dBm   
          Retry short limit:7   RTS thr:off   Fragment thr:off
          Power Management:on
          
2021-05-05T23:15:01.121
*-*
Result
wlan0     IEEE 802.11  ESSID:off/any  
          Mode:Managed  Access Point: Not-Associated   Tx-Power=31 dBm   
          Retry short limit:7   RTS thr:off   Fragment thr:off
          Power Management:on
          
2021-05-05T23:15:02.374
*-*
Result
wlan0     IEEE 802.11  ESSID:off/any  
          Mode:Managed  Access Point: Not-Associated   Tx-Power=31 dBm   
          Retry short limit:7   RTS thr:off   Fragment thr:off
          Power Management:on
          
2021-05-05T23:15:03.623
*-*
Result
wlan0     IEEE 802.11  ESSID:off/any  
          Mode:Managed  Access Point: Not-Associated   Tx-Power=31 dBm   
          Retry short limit:7   RTS thr:off   Fragment thr:off
          Power Management:on
          
2021-05-05T23:15:04.871
*-*
Result
wlan0     IEEE 802.11  ESSID:off/any  
          Mode:Managed  Access Point: Not-Associated   Tx-Power=31 dBm   
          Retry short limit:7   RTS thr:off   Fragment thr:off
          Power Management:on
          
2021-05-05T23:15:06.120
*-*
Result
wlan0     IEEE 802.11  ESSID:off/any  
          Mode:Managed  Access Point: Not-Associated   Tx-Power=31 dBm   
          Retry short limit:7   RTS thr:off   Fragment thr:off
          Power Management:on
          
2021-05-05T23:15:07.367
*-*
Result
wlan0     IEEE 802.11  ESSID:off/any  
          Mode:Managed  Access Point: Not-Associated   Tx-Power=31 dBm   
          Retry short limit:7   RTS thr:off   Fragment thr:off
          Power Management:on
          
2021-05-05T23:15:08.613
*-*
Result
wlan0     IEEE 802.11  ESSID:off/any  
          Mode:Managed  Access Point: Not-Associated   Tx-Power=31 dBm   
          Retry short limit:7   RTS thr:off   Fragment thr:off
          Power Management:on
          
2021-05-05T23:15:09.862
*-*
Result
wlan0     IEEE 802.11  ESSID:off/any  
          Mode:Managed  Access Point: Not-Associated   Tx-Power=31 dBm   
          Retry short limit:7   RTS thr:off   Fragment thr:off
          Power Management:on
          
2021-05-05T23:15:11.113
*-*
Result
wlan0     IEEE 802.11  ESSID:off/any  
          Mode:Managed  Access Point: Not-Associated   Tx-Power=31 dBm   
          Retry short limit:7   RTS thr:off   Fragment thr:off
          Power Management:on
          
2021-05-05T23:15:12.358
*-*
Result
wlan0     IEEE 802.11  ESSID:off/any  
          Mode:Managed  Access Point: Not-Associated   Tx-Power=31 dBm   
          Retry short limit:7   RTS thr:off   Fragment thr:off
          Power Management:on
          
2021-05-05T23:15:13.605
*-*
Result
wlan0     IEEE 802.11  ESSID:off/any  
          Mode:Managed  Access Point: Not-Associated   Tx-Power=31 dBm   
          Retry short limit:7   RTS thr:off   Fragment thr:off
          Power Management:on
          
2021-05-05T23:15:14.852
*-*
Result
wlan0     IEEE 802.11  ESSID:off/any  
          Mode:Managed  Access Point: Not-Associated   Tx-Power=31 dBm   
          Retry short limit:7   RTS thr:off   Fragment thr:off
          Power Management:on
          
2021-05-05T23:15:16.108
*-*
Result
wlan0     IEEE 802.11  ESSID:off/any  
          Mode:Managed  Access Point: Not-Associated   Tx-Power=31 dBm   
          Retry short limit:7   RTS thr:off   Fragment thr:off
          Power Management:on
          
2021-05-05T23:15:17.353
*-*
Result
wlan0     IEEE 802.11  ESSID:off/any  
          Mode:Managed  Access Point: Not-Associated   Tx-Power=31 dBm   
          Retry short limit:7   RTS thr:off   Fragment thr:off
          Power Management:on
          
2021-05-05T23:15:18.601
*-*
Result
wlan0     IEEE 802.11  ESSID:off/any  
          Mode:Managed  Access Point: Not-Associated   Tx-Power=31 dBm   
          Retry short limit:7   RTS thr:off   Fragment thr:off
          Power Management:on
          
2021-05-05T23:15:19.846
*-*
Result
wlan0     IEEE 802.11  ESSID:off/any  
          Mode:Managed  Access Point: Not-Associated   Tx-Power=31 dBm   
          Retry short limit:7   RTS thr:off   Fragment thr:off
          Power Management:on
          
2021-05-05T23:15:21.095
*-*
Result
wlan0     IEEE 802.11  ESSID:off/any  
          Mode:Managed  Access Point: Not-Associated   Tx-Power=31 dBm   
          Retry short limit:7   RTS thr:off   Fragment thr:off
          Power Management:on
          
2021-05-05T23:15:22.345
*-*
Result
wlan0     IEEE 802.11  ESSID:off/any  
          Mode:Managed  Access Point: Not-Associated   Tx-Power=31 dBm   
          Retry short limit:7   RTS thr:off   Fragment thr:off
          Power Management:on
          
2021-05-05T23:15:23.594
*-*
Result
wlan0     IEEE 802.11  ESSID:off/any  
          Mode:Managed  Access Point: Not-Associated   Tx-Power=31 dBm   
          Retry short limit:7   RTS thr:off   Fragment thr:off
          Power Management:on
          
2021-05-05T23:15:24.839
*-*
Result
wlan0     IEEE 802.11  ESSID:off/any  
          Mode:Managed  Access Point: Not-Associated   Tx-Power=31 dBm   
          Retry short limit:7   RTS thr:off   Fragment thr:off
          Power Management:on
          
2021-05-05T23:15:26.085
*-*
Result
wlan0     IEEE 802.11  ESSID:off/any  
          Mode:Managed  Access Point: Not-Associated   Tx-Power=31 dBm   
          Retry short limit:7   RTS thr:off   Fragment thr:off
          Power Management:on
          
2021-05-05T23:15:27.339
*-*
Result
wlan0     IEEE 802.11  ESSID:off/any  
          Mode:Managed  Access Point: Not-Associated   Tx-Power=31 dBm   
          Retry short limit:7   RTS thr:off   Fragment thr:off
          Power Management:on
          
2021-05-05T23:15:28.592
*-*
Result
wlan0     IEEE 802.11  ESSID:off/any  
          Mode:Managed  Access Point: Not-Associated   Tx-Power=31 dBm   
          Retry short limit:7   RTS thr:off   Fragment thr:off
          Power Management:on
          
2021-05-05T23:15:29.841
*-*
Result
wlan0     IEEE 802.11  ESSID:off/any  
          Mode:Managed  Access Point: Not-Associated   Tx-Power=31 dBm   
          Retry short limit:7   RTS thr:off   Fragment thr:off
          Power Management:on
          
2021-05-05T23:15:31.088
*-*
Result
wlan0     IEEE 802.11  ESSID:off/any  
          Mode:Managed  Access Point: Not-Associated   Tx-Power=31 dBm   
          Retry short limit:7   RTS thr:off   Fragment thr:off
          Power Management:on
          
2021-05-05T23:15:32.333
*-*
Result
wlan0     IEEE 802.11  ESSID:off/any  
          Mode:Managed  Access Point: Not-Associated   Tx-Power=31 dBm   
          Retry short limit:7   RTS thr:off   Fragment thr:off
          Power Management:on
          
2021-05-05T23:15:33.587
*-*
Result
wlan0     IEEE 802.11  ESSID:off/any  
          Mode:Managed  Access Point: Not-Associated   Tx-Power=31 dBm   
          Retry short limit:7   RTS thr:off   Fragment thr:off
          Power Management:on
          
2021-05-05T23:15:34.833
*-*
Result
wlan0     IEEE 802.11  ESSID:off/any  
          Mode:Managed  Access Point: Not-Associated   Tx-Power=31 dBm   
          Retry short limit:7   RTS thr:off   Fragment thr:off
          Power Management:on
          
2021-05-05T23:15:36.088
*-*
Result
wlan0     IEEE 802.11  ESSID:off/any  
          Mode:Managed  Access Point: Not-Associated   Tx-Power=31 dBm   
          Retry short limit:7   RTS thr:off   Fragment thr:off
          Power Management:on
          
2021-05-05T23:15:37.343
*-*
Result
wlan0     IEEE 802.11  ESSID:off/any  
          Mode:Managed  Access Point: Not-Associated   Tx-Power=31 dBm   
          Retry short limit:7   RTS thr:off   Fragment thr:off
          Power Management:on
          
2021-05-05T23:15:38.603
*-*
Result
wlan0     IEEE 802.11  ESSID:off/any  
          Mode:Managed  Access Point: Not-Associated   Tx-Power=31 dBm   
          Retry short limit:7   RTS thr:off   Fragment thr:off
          Power Management:on
          
2021-05-05T23:15:39.851
*-*
Result
wlan0     IEEE 802.11  ESSID:off/any  
          Mode:Managed  Access Point: Not-Associated   Tx-Power=31 dBm   
          Retry short limit:7   RTS thr:off   Fragment thr:off
          Power Management:on
          
2021-05-05T23:15:41.100
*-*
Result
wlan0     IEEE 802.11  ESSID:off/any  
          Mode:Managed  Access Point: Not-Associated   Tx-Power=31 dBm   
          Retry short limit:7   RTS thr:off   Fragment thr:off
          Power Management:on
          
2021-05-05T23:15:42.348
*-*
Result
wlan0     IEEE 802.11  ESSID:off/any  
          Mode:Managed  Access Point: Not-Associated   Tx-Power=31 dBm   
          Retry short limit:7   RTS thr:off   Fragment thr:off
          Power Management:on
          
2021-05-05T23:15:43.596
*-*
Result
wlan0     IEEE 802.11  ESSID:off/any  
          Mode:Managed  Access Point: Not-Associated   Tx-Power=31 dBm   
          Retry short limit:7   RTS thr:off   Fragment thr:off
          Power Management:on
          
2021-05-05T23:15:44.844
*-*
Result
wlan0     IEEE 802.11  ESSID:off/any  
          Mode:Managed  Access Point: Not-Associated   Tx-Power=31 dBm   
          Retry short limit:7   RTS thr:off   Fragment thr:off
          Power Management:on
          
2021-05-05T23:15:46.095
*-*
Result
wlan0     IEEE 802.11  ESSID:off/any  
          Mode:Managed  Access Point: Not-Associated   Tx-Power=31 dBm   
          Retry short limit:7   RTS thr:off   Fragment thr:off
          Power Management:on
          
2021-05-05T23:15:47.340
*-*
Result
wlan0     IEEE 802.11  ESSID:off/any  
          Mode:Managed  Access Point: Not-Associated   Tx-Power=31 dBm   
          Retry short limit:7   RTS thr:off   Fragment thr:off
          Power Management:on
          
2021-05-05T23:15:48.585
*-*
Result
wlan0     IEEE 802.11  ESSID:off/any  
          Mode:Managed  Access Point: Not-Associated   Tx-Power=31 dBm   
          Retry short limit:7   RTS thr:off   Fragment thr:off
          Power Management:on
          
2021-05-05T23:15:49.834
*-*
Result
wlan0     IEEE 802.11  ESSID:off/any  
          Mode:Managed  Access Point: Not-Associated   Tx-Power=31 dBm   
          Retry short limit:7   RTS thr:off   Fragment thr:off
          Power Management:on
          
2021-05-05T23:15:51.088
*-*
Result
wlan0     IEEE 802.11  ESSID:off/any  
          Mode:Managed  Access Point: Not-Associated   Tx-Power=31 dBm   
          Retry short limit:7   RTS thr:off   Fragment thr:off
          Power Management:on
          
2021-05-05T23:15:52.334
*-*
Result
wlan0     IEEE 802.11  ESSID:off/any  
          Mode:Managed  Access Point: Not-Associated   Tx-Power=31 dBm   
          Retry short limit:7   RTS thr:off   Fragment thr:off
          Power Management:on
          
2021-05-05T23:15:53.580
*-*
Result
wlan0     IEEE 802.11  ESSID:off/any  
          Mode:Managed  Access Point: Not-Associated   Tx-Power=31 dBm   
          Retry short limit:7   RTS thr:off   Fragment thr:off
          Power Management:on
          
2021-05-05T23:15:54.830
*-*
Result
wlan0     IEEE 802.11  ESSID:off/any  
          Mode:Managed  Access Point: Not-Associated   Tx-Power=31 dBm   
          Retry short limit:7   RTS thr:off   Fragment thr:off
          Power Management:on
          
2021-05-05T23:15:56.011
*-*
Result
wlan0     IEEE 802.11  ESSID:off/any  
          Mode:Managed  Access Point: Not-Associated   Tx-Power=31 dBm   
          Retry short limit:7   RTS thr:off   Fragment thr:off
          Power Management:on
          
2021-05-05T23:15:57.260
*-*
Result
wlan0     IEEE 802.11  ESSID:off/any  
          Mode:Managed  Access Point: Not-Associated   Tx-Power=31 dBm   
          Retry short limit:7   RTS thr:off   Fragment thr:off
          Power Management:on
          
2021-05-05T23:15:58.509
*-*
Result
wlan0     IEEE 802.11  ESSID:off/any  
          Mode:Managed  Access Point: Not-Associated   Tx-Power=31 dBm   
          Retry short limit:7   RTS thr:off   Fragment thr:off
          Power Management:on
          
2021-05-05T23:15:59.766
*-*
Result
wlan0     IEEE 802.11  ESSID:off/any  
          Mode:Managed  Access Point: Not-Associated   Tx-Power=31 dBm   
          Retry short limit:7   RTS thr:off   Fragment thr:off
          Power Management:on
          
2021-05-05T23:16:01.016
*-*
Result
wlan0     IEEE 802.11  ESSID:off/any  
          Mode:Managed  Access Point: Not-Associated   Tx-Power=31 dBm   
          Retry short limit:7   RTS thr:off   Fragment thr:off
          Power Management:on
          
2021-05-05T23:16:02.260
*-*
Result
wlan0     IEEE 802.11  ESSID:off/any  
          Mode:Managed  Access Point: Not-Associated   Tx-Power=31 dBm   
          Retry short limit:7   RTS thr:off   Fragment thr:off
          Power Management:on
          
2021-05-05T23:16:03.506
*-*
Result
wlan0     IEEE 802.11  ESSID:off/any  
          Mode:Managed  Access Point: Not-Associated   Tx-Power=31 dBm   
          Retry short limit:7   RTS thr:off   Fragment thr:off
          Power Management:on
          
2021-05-05T23:16:04.751
*-*
Result
wlan0     IEEE 802.11  ESSID:off/any  
          Mode:Managed  Access Point: Not-Associated   Tx-Power=31 dBm   
          Retry short limit:7   RTS thr:off   Fragment thr:off
          Power Management:on
          
2021-05-05T23:16:05.996
*-*
Result
wlan0     IEEE 802.11  ESSID:off/any  
          Mode:Managed  Access Point: Not-Associated   Tx-Power=31 dBm   
          Retry short limit:7   RTS thr:off   Fragment thr:off
          Power Management:on
          
2021-05-05T23:16:07.245
*-*
Result
wlan0     IEEE 802.11  ESSID:off/any  
          Mode:Managed  Access Point: Not-Associated   Tx-Power=31 dBm   
          Retry short limit:7   RTS thr:off   Fragment thr:off
          Power Management:on
          
2021-05-05T23:16:08.425
*-*
Result
wlan0     IEEE 802.11  ESSID:off/any  
          Mode:Managed  Access Point: Not-Associated   Tx-Power=31 dBm   
          Retry short limit:7   RTS thr:off   Fragment thr:off
          Power Management:on
          
2021-05-05T23:16:09.675
*-*
Result
wlan0     IEEE 802.11  ESSID:off/any  
          Mode:Managed  Access Point: Not-Associated   Tx-Power=31 dBm   
          Retry short limit:7   RTS thr:off   Fragment thr:off
          Power Management:on
          
2021-05-05T23:16:10.924
*-*
Result
wlan0     IEEE 802.11  ESSID:off/any  
          Mode:Managed  Access Point: Not-Associated   Tx-Power=31 dBm   
          Retry short limit:7   RTS thr:off   Fragment thr:off
          Power Management:on
          
2021-05-05T23:16:12.184
*-*
Result
wlan0     IEEE 802.11  ESSID:off/any  
          Mode:Managed  Access Point: Not-Associated   Tx-Power=31 dBm   
          Retry short limit:7   RTS thr:off   Fragment thr:off
          Power Management:on
          
2021-05-05T23:16:13.431
*-*
Result
wlan0     IEEE 802.11  ESSID:off/any  
          Mode:Managed  Access Point: Not-Associated   Tx-Power=31 dBm   
          Retry short limit:7   RTS thr:off   Fragment thr:off
          Power Management:on
          
2021-05-05T23:16:14.676
*-*
Result
wlan0     IEEE 802.11  ESSID:off/any  
          Mode:Managed  Access Point: Not-Associated   Tx-Power=31 dBm   
          Retry short limit:7   RTS thr:off   Fragment thr:off
          Power Management:on
          
2021-05-05T23:16:15.915
*-*
Result
wlan0     IEEE 802.11  ESSID:off/any  
          Mode:Managed  Access Point: Not-Associated   Tx-Power=31 dBm   
          Retry short limit:7   RTS thr:off   Fragment thr:off
          Power Management:on
          
2021-05-05T23:16:17.049
*-*
Result
wlan0     IEEE 802.11  ESSID:off/any  
          Mode:Managed  Access Point: Not-Associated   Tx-Power=31 dBm   
          Retry short limit:7   RTS thr:off   Fragment thr:off
          Power Management:on
          
2021-05-05T23:16:18.215
*-*
Result
wlan0     IEEE 802.11  ESSID:off/any  
          Mode:Managed  Access Point: Not-Associated   Tx-Power=31 dBm   
          Retry short limit:7   RTS thr:off   Fragment thr:off
          Power Management:on
          
2021-05-05T23:16:19.336
*-*
Result
wlan0     IEEE 802.11  ESSID:off/any  
          Mode:Managed  Access Point: Not-Associated   Tx-Power=31 dBm   
          Retry short limit:7   RTS thr:off   Fragment thr:off
          Power Management:on
          
2021-05-05T23:16:20.518
*-*
Result
wlan0     IEEE 802.11  ESSID:off/any  
          Mode:Managed  Access Point: Not-Associated   Tx-Power=31 dBm   
          Retry short limit:7   RTS thr:off   Fragment thr:off
          Power Management:on
          
2021-05-05T23:16:21.764
*-*
Result
wlan0     IEEE 802.11  ESSID:off/any  
          Mode:Managed  Access Point: Not-Associated   Tx-Power=31 dBm   
          Retry short limit:7   RTS thr:off   Fragment thr:off
          Power Management:on
          
2021-05-05T23:16:23.015
*-*
Result
wlan0     IEEE 802.11  ESSID:off/any  
          Mode:Managed  Access Point: Not-Associated   Tx-Power=31 dBm   
          Retry short limit:7   RTS thr:off   Fragment thr:off
          Power Management:on
          
2021-05-05T23:16:24.263
*-*
Result
wlan0     IEEE 802.11  ESSID:off/any  
          Mode:Managed  Access Point: Not-Associated   Tx-Power=31 dBm   
          Retry short limit:7   RTS thr:off   Fragment thr:off
          Power Management:on
          
2021-05-05T23:16:25.505
*-*
Result
wlan0     IEEE 802.11  ESSID:off/any  
          Mode:Managed  Access Point: Not-Associated   Tx-Power=31 dBm   
          Retry short limit:7   RTS thr:off   Fragment thr:off
          Power Management:on
          
2021-05-05T23:16:26.748
*-*
Result
wlan0     IEEE 802.11  ESSID:off/any  
          Mode:Managed  Access Point: Not-Associated   Tx-Power=31 dBm   
          Retry short limit:7   RTS thr:off   Fragment thr:off
          Power Management:on
          
2021-05-05T23:16:27.992
*-*
Result
wlan0     IEEE 802.11  ESSID:off/any  
          Mode:Managed  Access Point: Not-Associated   Tx-Power=31 dBm   
          Retry short limit:7   RTS thr:off   Fragment thr:off
          Power Management:on
          
2021-05-05T23:16:29.238
*-*
Result
wlan0     IEEE 802.11  ESSID:off/any  
          Mode:Managed  Access Point: Not-Associated   Tx-Power=31 dBm   
          Retry short limit:7   RTS thr:off   Fragment thr:off
          Power Management:on
          
2021-05-05T23:16:30.485
*-*
Result
wlan0     IEEE 802.11  ESSID:off/any  
          Mode:Managed  Access Point: Not-Associated   Tx-Power=31 dBm   
          Retry short limit:7   RTS thr:off   Fragment thr:off
          Power Management:on
          
2021-05-05T23:16:31.697
*-*
Result
wlan0     IEEE 802.11  ESSID:off/any  
          Mode:Managed  Access Point: Not-Associated   Tx-Power=31 dBm   
          Retry short limit:7   RTS thr:off   Fragment thr:off
          Power Management:on
          
2021-05-05T23:16:32.946
*-*
Result
wlan0     IEEE 802.11  ESSID:off/any  
          Mode:Managed  Access Point: Not-Associated   Tx-Power=31 dBm   
          Retry short limit:7   RTS thr:off   Fragment thr:off
          Power Management:on
          
2021-05-05T23:16:34.193
*-*
Result
wlan0     IEEE 802.11  ESSID:off/any  
          Mode:Managed  Access Point: Not-Associated   Tx-Power=31 dBm   
          Retry short limit:7   RTS thr:off   Fragment thr:off
          Power Management:on
          
2021-05-05T23:16:35.356
*-*
Result
wlan0     IEEE 802.11  ESSID:off/any  
          Mode:Managed  Access Point: Not-Associated   Tx-Power=31 dBm   
          Retry short limit:7   RTS thr:off   Fragment thr:off
          Power Management:on
          
2021-05-05T23:16:36.598
*-*
Result
wlan0     IEEE 802.11  ESSID:off/any  
          Mode:Managed  Access Point: Not-Associated   Tx-Power=31 dBm   
          Retry short limit:7   RTS thr:off   Fragment thr:off
          Power Management:on
          
2021-05-05T23:16:37.835
*-*
Result
wlan0     IEEE 802.11  ESSID:off/any  
          Mode:Managed  Access Point: Not-Associated   Tx-Power=31 dBm   
          Retry short limit:7   RTS thr:off   Fragment thr:off
          Power Management:on
          
2021-05-05T23:16:38.958
*-*
Result
wlan0     IEEE 802.11  ESSID:off/any  
          Mode:Managed  Access Point: Not-Associated   Tx-Power=31 dBm   
          Retry short limit:7   RTS thr:off   Fragment thr:off
          Power Management:on
          
2021-05-05T23:16:40.137
*-*
Result
wlan0     IEEE 802.11  ESSID:off/any  
          Mode:Managed  Access Point: Not-Associated   Tx-Power=31 dBm   
          Retry short limit:7   RTS thr:off   Fragment thr:off
          Power Management:on
          
2021-05-05T23:16:41.384
*-*
Result
wlan0     IEEE 802.11  ESSID:off/any  
          Mode:Managed  Access Point: Not-Associated   Tx-Power=31 dBm   
          Retry short limit:7   RTS thr:off   Fragment thr:off
          Power Management:on
          
2021-05-05T23:16:42.634
*-*
Result
wlan0     IEEE 802.11  ESSID:off/any  
          Mode:Managed  Access Point: Not-Associated   Tx-Power=31 dBm   
          Retry short limit:7   RTS thr:off   Fragment thr:off
          Power Management:on
          
2021-05-05T23:16:43.888
*-*
Result
wlan0     IEEE 802.11  ESSID:off/any  
          Mode:Managed  Access Point: Not-Associated   Tx-Power=31 dBm   
          Retry short limit:7   RTS thr:off   Fragment thr:off
          Power Management:on
          
2021-05-05T23:16:45.134
*-*
Result
wlan0     IEEE 802.11  ESSID:off/any  
          Mode:Managed  Access Point: Not-Associated   Tx-Power=31 dBm   
          Retry short limit:7   RTS thr:off   Fragment thr:off
          Power Management:on
          
2021-05-05T23:16:46.313
*-*
Result
wlan0     IEEE 802.11  ESSID:off/any  
          Mode:Managed  Access Point: Not-Associated   Tx-Power=31 dBm   
          Retry short limit:7   RTS thr:off   Fragment thr:off
          Power Management:on
          
2021-05-05T23:16:47.562
*-*
Result
wlan0     IEEE 802.11  ESSID:off/any  
          Mode:Managed  Access Point: Not-Associated   Tx-Power=31 dBm   
          Retry short limit:7   RTS thr:off   Fragment thr:off
          Power Management:on
          
2021-05-05T23:16:48.810
*-*
Result
wlan0     IEEE 802.11  ESSID:off/any  
          Mode:Managed  Access Point: Not-Associated   Tx-Power=31 dBm   
          Retry short limit:7   RTS thr:off   Fragment thr:off
          Power Management:on
          
2021-05-05T23:16:49.993
*-*
Result
wlan0     IEEE 802.11  ESSID:off/any  
          Mode:Managed  Access Point: Not-Associated   Tx-Power=31 dBm   
          Retry short limit:7   RTS thr:off   Fragment thr:off
          Power Management:on
          
2021-05-05T23:16:51.164
*-*
Result
wlan0     IEEE 802.11  ESSID:off/any  
          Mode:Managed  Access Point: Not-Associated   Tx-Power=31 dBm   
          Retry short limit:7   RTS thr:off   Fragment thr:off
          Power Management:on
          
2021-05-05T23:16:52.320
*-*
Result
wlan0     IEEE 802.11  ESSID:off/any  
          Mode:Managed  Access Point: Not-Associated   Tx-Power=31 dBm   
          Retry short limit:7   RTS thr:off   Fragment thr:off
          Power Management:on
          
2021-05-05T23:16:53.559
*-*
Result
wlan0     IEEE 802.11  ESSID:off/any  
          Mode:Managed  Access Point: Not-Associated   Tx-Power=31 dBm   
          Retry short limit:7   RTS thr:off   Fragment thr:off
          Power Management:on
          
2021-05-05T23:16:54.804
*-*
Result
wlan0     IEEE 802.11  ESSID:off/any  
          Mode:Managed  Access Point: Not-Associated   Tx-Power=31 dBm   
          Retry short limit:7   RTS thr:off   Fragment thr:off
          Power Management:on
          
2021-05-05T23:16:56.048
*-*
Result
wlan0     IEEE 802.11  ESSID:off/any  
          Mode:Managed  Access Point: Not-Associated   Tx-Power=31 dBm   
          Retry short limit:7   RTS thr:off   Fragment thr:off
          Power Management:on
          
2021-05-05T23:16:57.293
*-*
Result
wlan0     IEEE 802.11  ESSID:off/any  
          Mode:Managed  Access Point: Not-Associated   Tx-Power=31 dBm   
          Retry short limit:7   RTS thr:off   Fragment thr:off
          Power Management:on
          
2021-05-05T23:16:58.538
*-*
Result
wlan0     IEEE 802.11  ESSID:off/any  
          Mode:Managed  Access Point: Not-Associated   Tx-Power=31 dBm   
          Retry short limit:7   RTS thr:off   Fragment thr:off
          Power Management:on
          
2021-05-05T23:16:59.783
*-*
Result
wlan0     IEEE 802.11  ESSID:off/any  
          Mode:Managed  Access Point: Not-Associated   Tx-Power=31 dBm   
          Retry short limit:7   RTS thr:off   Fragment thr:off
          Power Management:on
          
2021-05-05T23:17:01.036
*-*
Result
wlan0     IEEE 802.11  ESSID:"WirelessProject"  
          Mode:Managed  Frequency:5.18 GHz  Access Point: B8:27:EB:6C:F0:84   
          Bit Rate=65 Mb/s   Tx-Power=31 dBm   
          Retry short limit:7   RTS thr:off   Fragment thr:off
          Power Management:on
          Link Quality=28/70  Signal level=-82 dBm  
          Rx invalid nwid:0  Rx invalid crypt:0  Rx invalid frag:0
          Tx excessive retries:1  Invalid misc:0   Missed beacon:0

2021-05-05T23:17:02.291
*-*
Result
wlan0     IEEE 802.11  ESSID:"WirelessProject"  
          Mode:Managed  Frequency:5.18 GHz  Access Point: B8:27:EB:6C:F0:84   
          Bit Rate=58.5 Mb/s   Tx-Power=31 dBm   
          Retry short limit:7   RTS thr:off   Fragment thr:off
          Power Management:on
          Link Quality=28/70  Signal level=-82 dBm  
          Rx invalid nwid:0  Rx invalid crypt:0  Rx invalid frag:0
          Tx excessive retries:1  Invalid misc:0   Missed beacon:0

2021-05-05T23:17:03.543
*-*
Result
wlan0     IEEE 802.11  ESSID:"WirelessProject"  
          Mode:Managed  Frequency:5.18 GHz  Access Point: B8:27:EB:6C:F0:84   
          Bit Rate=58.5 Mb/s   Tx-Power=31 dBm   
          Retry short limit:7   RTS thr:off   Fragment thr:off
          Power Management:on
          Link Quality=28/70  Signal level=-82 dBm  
          Rx invalid nwid:0  Rx invalid crypt:0  Rx invalid frag:0
          Tx excessive retries:1  Invalid misc:0   Missed beacon:0

2021-05-05T23:17:04.721
*-*
Result
wlan0     IEEE 802.11  ESSID:"WirelessProject"  
          Mode:Managed  Frequency:5.18 GHz  Access Point: B8:27:EB:6C:F0:84   
          Bit Rate=24 Mb/s   Tx-Power=31 dBm   
          Retry short limit:7   RTS thr:off   Fragment thr:off
          Power Management:on
          Link Quality=28/70  Signal level=-82 dBm  
          Rx invalid nwid:0  Rx invalid crypt:0  Rx invalid frag:0
          Tx excessive retries:7  Invalid misc:0   Missed beacon:0

2021-05-05T23:17:05.910
*-*
Result
wlan0     IEEE 802.11  ESSID:"WirelessProject"  
          Mode:Managed  Frequency:5.18 GHz  Access Point: B8:27:EB:6C:F0:84   
          Bit Rate=24 Mb/s   Tx-Power=31 dBm   
          Retry short limit:7   RTS thr:off   Fragment thr:off
          Power Management:on
          Link Quality=28/70  Signal level=-82 dBm  
          Rx invalid nwid:0  Rx invalid crypt:0  Rx invalid frag:0
          Tx excessive retries:9  Invalid misc:0   Missed beacon:0

2021-05-05T23:17:07.165
*-*
Result
wlan0     IEEE 802.11  ESSID:"WirelessProject"  
          Mode:Managed  Frequency:5.18 GHz  Access Point: B8:27:EB:6C:F0:84   
          Bit Rate=39 Mb/s   Tx-Power=31 dBm   
          Retry short limit:7   RTS thr:off   Fragment thr:off
          Power Management:on
          Link Quality=27/70  Signal level=-83 dBm  
          Rx invalid nwid:0  Rx invalid crypt:0  Rx invalid frag:0
          Tx excessive retries:14  Invalid misc:0   Missed beacon:0

2021-05-05T23:17:08.427
*-*
Result
wlan0     IEEE 802.11  ESSID:"WirelessProject"  
          Mode:Managed  Frequency:5.18 GHz  Access Point: B8:27:EB:6C:F0:84   
          Bit Rate=24 Mb/s   Tx-Power=31 dBm   
          Retry short limit:7   RTS thr:off   Fragment thr:off
          Power Management:on
          Link Quality=27/70  Signal level=-83 dBm  
          Rx invalid nwid:0  Rx invalid crypt:0  Rx invalid frag:0
          Tx excessive retries:14  Invalid misc:0   Missed beacon:0

2021-05-05T23:17:09.591
*-*
Result
wlan0     IEEE 802.11  ESSID:"WirelessProject"  
          Mode:Managed  Frequency:5.18 GHz  Access Point: B8:27:EB:6C:F0:84   
          Bit Rate=39 Mb/s   Tx-Power=31 dBm   
          Retry short limit:7   RTS thr:off   Fragment thr:off
          Power Management:on
          Link Quality=28/70  Signal level=-82 dBm  
          Rx invalid nwid:0  Rx invalid crypt:0  Rx invalid frag:0
          Tx excessive retries:14  Invalid misc:0   Missed beacon:0

2021-05-05T23:17:10.834
*-*
Result
wlan0     IEEE 802.11  ESSID:"WirelessProject"  
          Mode:Managed  Frequency:5.18 GHz  Access Point: B8:27:EB:6C:F0:84   
          Bit Rate=24 Mb/s   Tx-Power=31 dBm   
          Retry short limit:7   RTS thr:off   Fragment thr:off
          Power Management:on
          Link Quality=31/70  Signal level=-79 dBm  
          Rx invalid nwid:0  Rx invalid crypt:0  Rx invalid frag:0
          Tx excessive retries:14  Invalid misc:0   Missed beacon:0

2021-05-05T23:17:12.085
*-*
Result
wlan0     IEEE 802.11  ESSID:"WirelessProject"  
          Mode:Managed  Frequency:5.18 GHz  Access Point: B8:27:EB:6C:F0:84   
          Bit Rate=43.3 Mb/s   Tx-Power=31 dBm   
          Retry short limit:7   RTS thr:off   Fragment thr:off
          Power Management:on
          Link Quality=40/70  Signal level=-70 dBm  
          Rx invalid nwid:0  Rx invalid crypt:0  Rx invalid frag:0
          Tx excessive retries:14  Invalid misc:0   Missed beacon:0

2021-05-05T23:17:13.263
*-*
Result
wlan0     IEEE 802.11  ESSID:"WirelessProject"  
          Mode:Managed  Frequency:5.18 GHz  Access Point: B8:27:EB:6C:F0:84   
          Bit Rate=39 Mb/s   Tx-Power=31 dBm   
          Retry short limit:7   RTS thr:off   Fragment thr:off
          Power Management:on
          Link Quality=42/70  Signal level=-68 dBm  
          Rx invalid nwid:0  Rx invalid crypt:0  Rx invalid frag:0
          Tx excessive retries:14  Invalid misc:0   Missed beacon:0

2021-05-05T23:17:14.512
*-*
Result
wlan0     IEEE 802.11  ESSID:"WirelessProject"  
          Mode:Managed  Frequency:5.18 GHz  Access Point: B8:27:EB:6C:F0:84   
          Bit Rate=39 Mb/s   Tx-Power=31 dBm   
          Retry short limit:7   RTS thr:off   Fragment thr:off
          Power Management:on
          Link Quality=39/70  Signal level=-71 dBm  
          Rx invalid nwid:0  Rx invalid crypt:0  Rx invalid frag:0
          Tx excessive retries:14  Invalid misc:0   Missed beacon:0

2021-05-05T23:17:15.762
*-*
Result
wlan0     IEEE 802.11  ESSID:"WirelessProject"  
          Mode:Managed  Frequency:5.18 GHz  Access Point: B8:27:EB:6C:F0:84   
          Bit Rate=39 Mb/s   Tx-Power=31 dBm   
          Retry short limit:7   RTS thr:off   Fragment thr:off
          Power Management:on
          Link Quality=37/70  Signal level=-73 dBm  
          Rx invalid nwid:0  Rx invalid crypt:0  Rx invalid frag:0
          Tx excessive retries:14  Invalid misc:0   Missed beacon:0

2021-05-05T23:17:16.933
*-*
Result
wlan0     IEEE 802.11  ESSID:"WirelessProject"  
          Mode:Managed  Frequency:5.18 GHz  Access Point: B8:27:EB:6C:F0:84   
          Bit Rate=43.3 Mb/s   Tx-Power=31 dBm   
          Retry short limit:7   RTS thr:off   Fragment thr:off
          Power Management:on
          Link Quality=36/70  Signal level=-74 dBm  
          Rx invalid nwid:0  Rx invalid crypt:0  Rx invalid frag:0
          Tx excessive retries:14  Invalid misc:0   Missed beacon:0

2021-05-05T23:17:18.057
*-*
Result
wlan0     IEEE 802.11  ESSID:"WirelessProject"  
          Mode:Managed  Frequency:5.18 GHz  Access Point: B8:27:EB:6C:F0:84   
          Bit Rate=43.3 Mb/s   Tx-Power=31 dBm   
          Retry short limit:7   RTS thr:off   Fragment thr:off
          Power Management:on
          Link Quality=36/70  Signal level=-74 dBm  
          Rx invalid nwid:0  Rx invalid crypt:0  Rx invalid frag:0
          Tx excessive retries:14  Invalid misc:0   Missed beacon:0

2021-05-05T23:17:19.236
*-*
Result
wlan0     IEEE 802.11  ESSID:"WirelessProject"  
          Mode:Managed  Frequency:5.18 GHz  Access Point: B8:27:EB:6C:F0:84   
          Bit Rate=24 Mb/s   Tx-Power=31 dBm   
          Retry short limit:7   RTS thr:off   Fragment thr:off
          Power Management:on
          Link Quality=35/70  Signal level=-75 dBm  
          Rx invalid nwid:0  Rx invalid crypt:0  Rx invalid frag:0
          Tx excessive retries:14  Invalid misc:0   Missed beacon:0

2021-05-05T23:17:20.414
*-*
Result
wlan0     IEEE 802.11  ESSID:"WirelessProject"  
          Mode:Managed  Frequency:5.18 GHz  Access Point: B8:27:EB:6C:F0:84   
          Bit Rate=24 Mb/s   Tx-Power=31 dBm   
          Retry short limit:7   RTS thr:off   Fragment thr:off
          Power Management:on
          Link Quality=34/70  Signal level=-76 dBm  
          Rx invalid nwid:0  Rx invalid crypt:0  Rx invalid frag:0
          Tx excessive retries:14  Invalid misc:0   Missed beacon:0

2021-05-05T23:17:21.662
*-*
Result
wlan0     IEEE 802.11  ESSID:"WirelessProject"  
          Mode:Managed  Frequency:5.18 GHz  Access Point: B8:27:EB:6C:F0:84   
          Bit Rate=24 Mb/s   Tx-Power=31 dBm   
          Retry short limit:7   RTS thr:off   Fragment thr:off
          Power Management:on
          Link Quality=34/70  Signal level=-76 dBm  
          Rx invalid nwid:0  Rx invalid crypt:0  Rx invalid frag:0
          Tx excessive retries:14  Invalid misc:0   Missed beacon:0

2021-05-05T23:17:22.898
*-*
Result
wlan0     IEEE 802.11  ESSID:"WirelessProject"  
          Mode:Managed  Frequency:5.18 GHz  Access Point: B8:27:EB:6C:F0:84   
          Bit Rate=24 Mb/s   Tx-Power=31 dBm   
          Retry short limit:7   RTS thr:off   Fragment thr:off
          Power Management:on
          Link Quality=34/70  Signal level=-76 dBm  
          Rx invalid nwid:0  Rx invalid crypt:0  Rx invalid frag:0
          Tx excessive retries:14  Invalid misc:0   Missed beacon:0

2021-05-05T23:17:24.032
*-*
Result
wlan0     IEEE 802.11  ESSID:"WirelessProject"  
          Mode:Managed  Frequency:5.18 GHz  Access Point: B8:27:EB:6C:F0:84   
          Bit Rate=24 Mb/s   Tx-Power=31 dBm   
          Retry short limit:7   RTS thr:off   Fragment thr:off
          Power Management:on
          Link Quality=34/70  Signal level=-76 dBm  
          Rx invalid nwid:0  Rx invalid crypt:0  Rx invalid frag:0
          Tx excessive retries:14  Invalid misc:0   Missed beacon:0

2021-05-05T23:17:25.282
*-*
Result
wlan0     IEEE 802.11  ESSID:"WirelessProject"  
          Mode:Managed  Frequency:5.18 GHz  Access Point: B8:27:EB:6C:F0:84   
          Bit Rate=24 Mb/s   Tx-Power=31 dBm   
          Retry short limit:7   RTS thr:off   Fragment thr:off
          Power Management:on
          Link Quality=34/70  Signal level=-76 dBm  
          Rx invalid nwid:0  Rx invalid crypt:0  Rx invalid frag:0
          Tx excessive retries:14  Invalid misc:0   Missed beacon:0

2021-05-05T23:17:26.529
*-*
Result
wlan0     IEEE 802.11  ESSID:"WirelessProject"  
          Mode:Managed  Frequency:5.18 GHz  Access Point: B8:27:EB:6C:F0:84   
          Bit Rate=24 Mb/s   Tx-Power=31 dBm   
          Retry short limit:7   RTS thr:off   Fragment thr:off
          Power Management:on
          Link Quality=43/70  Signal level=-67 dBm  
          Rx invalid nwid:0  Rx invalid crypt:0  Rx invalid frag:0
          Tx excessive retries:14  Invalid misc:0   Missed beacon:0

2021-05-05T23:17:27.712
*-*
Result
wlan0     IEEE 802.11  ESSID:"WirelessProject"  
          Mode:Managed  Frequency:5.18 GHz  Access Point: B8:27:EB:6C:F0:84   
          Bit Rate=86.6 Mb/s   Tx-Power=31 dBm   
          Retry short limit:7   RTS thr:off   Fragment thr:off
          Power Management:on
          Link Quality=47/70  Signal level=-63 dBm  
          Rx invalid nwid:0  Rx invalid crypt:0  Rx invalid frag:0
          Tx excessive retries:14  Invalid misc:0   Missed beacon:0

2021-05-05T23:17:28.983
*-*
Result
wlan0     IEEE 802.11  ESSID:"WirelessProject"  
          Mode:Managed  Frequency:5.18 GHz  Access Point: B8:27:EB:6C:F0:84   
          Bit Rate=86.6 Mb/s   Tx-Power=31 dBm   
          Retry short limit:7   RTS thr:off   Fragment thr:off
          Power Management:on
          Link Quality=51/70  Signal level=-59 dBm  
          Rx invalid nwid:0  Rx invalid crypt:0  Rx invalid frag:0
          Tx excessive retries:48  Invalid misc:0   Missed beacon:0

2021-05-05T23:17:30.232
*-*
Result
wlan0     IEEE 802.11  ESSID:"WirelessProject"  
          Mode:Managed  Frequency:5.18 GHz  Access Point: B8:27:EB:6C:F0:84   
          Bit Rate=86.6 Mb/s   Tx-Power=31 dBm   
          Retry short limit:7   RTS thr:off   Fragment thr:off
          Power Management:on
          Link Quality=51/70  Signal level=-59 dBm  
          Rx invalid nwid:0  Rx invalid crypt:0  Rx invalid frag:0
          Tx excessive retries:48  Invalid misc:0   Missed beacon:0

2021-05-05T23:17:31.483
*-*
Result
wlan0     IEEE 802.11  ESSID:"WirelessProject"  
          Mode:Managed  Frequency:5.18 GHz  Access Point: B8:27:EB:6C:F0:84   
          Bit Rate=86.6 Mb/s   Tx-Power=31 dBm   
          Retry short limit:7   RTS thr:off   Fragment thr:off
          Power Management:on
          Link Quality=50/70  Signal level=-60 dBm  
          Rx invalid nwid:0  Rx invalid crypt:0  Rx invalid frag:0
          Tx excessive retries:48  Invalid misc:0   Missed beacon:0

2021-05-05T23:17:32.754
*-*
Result
wlan0     IEEE 802.11  ESSID:"WirelessProject"  
          Mode:Managed  Frequency:5.18 GHz  Access Point: B8:27:EB:6C:F0:84   
          Bit Rate=24 Mb/s   Tx-Power=31 dBm   
          Retry short limit:7   RTS thr:off   Fragment thr:off
          Power Management:on
          Link Quality=38/70  Signal level=-72 dBm  
          Rx invalid nwid:0  Rx invalid crypt:0  Rx invalid frag:0
          Tx excessive retries:78  Invalid misc:0   Missed beacon:0

2021-05-05T23:17:34.054
*-*
Result
wlan0     IEEE 802.11  ESSID:"WirelessProject"  
          Mode:Managed  Frequency:5.18 GHz  Access Point: B8:27:EB:6C:F0:84   
          Bit Rate=24 Mb/s   Tx-Power=31 dBm   
          Retry short limit:7   RTS thr:off   Fragment thr:off
          Power Management:on
          Link Quality=46/70  Signal level=-64 dBm  
          Rx invalid nwid:0  Rx invalid crypt:0  Rx invalid frag:0
          Tx excessive retries:78  Invalid misc:0   Missed beacon:0

2021-05-05T23:17:35.307
*-*
Result
wlan0     IEEE 802.11  ESSID:"WirelessProject"  
          Mode:Managed  Frequency:5.18 GHz  Access Point: B8:27:EB:6C:F0:84   
          Bit Rate=24 Mb/s   Tx-Power=31 dBm   
          Retry short limit:7   RTS thr:off   Fragment thr:off
          Power Management:on
          Link Quality=36/70  Signal level=-74 dBm  
          Rx invalid nwid:0  Rx invalid crypt:0  Rx invalid frag:0
          Tx excessive retries:78  Invalid misc:0   Missed beacon:0

2021-05-05T23:17:36.568
*-*
Result
wlan0     IEEE 802.11  ESSID:"WirelessProject"  
          Mode:Managed  Frequency:5.18 GHz  Access Point: B8:27:EB:6C:F0:84   
          Bit Rate=26 Mb/s   Tx-Power=31 dBm   
          Retry short limit:7   RTS thr:off   Fragment thr:off
          Power Management:on
          Link Quality=42/70  Signal level=-68 dBm  
          Rx invalid nwid:0  Rx invalid crypt:0  Rx invalid frag:0
          Tx excessive retries:81  Invalid misc:0   Missed beacon:0

2021-05-05T23:17:37.828
*-*
Result
wlan0     IEEE 802.11  ESSID:"WirelessProject"  
          Mode:Managed  Frequency:5.18 GHz  Access Point: B8:27:EB:6C:F0:84   
          Bit Rate=43.3 Mb/s   Tx-Power=31 dBm   
          Retry short limit:7   RTS thr:off   Fragment thr:off
          Power Management:on
          Link Quality=33/70  Signal level=-77 dBm  
          Rx invalid nwid:0  Rx invalid crypt:0  Rx invalid frag:0
          Tx excessive retries:81  Invalid misc:0   Missed beacon:0

2021-05-05T23:17:39.088
*-*
Result
wlan0     IEEE 802.11  ESSID:"WirelessProject"  
          Mode:Managed  Frequency:5.18 GHz  Access Point: B8:27:EB:6C:F0:84   
          Bit Rate=24 Mb/s   Tx-Power=31 dBm   
          Retry short limit:7   RTS thr:off   Fragment thr:off
          Power Management:on
          Link Quality=39/70  Signal level=-71 dBm  
          Rx invalid nwid:0  Rx invalid crypt:0  Rx invalid frag:0
          Tx excessive retries:81  Invalid misc:0   Missed beacon:0

2021-05-05T23:17:40.337
*-*
Result
wlan0     IEEE 802.11  ESSID:"WirelessProject"  
          Mode:Managed  Frequency:5.18 GHz  Access Point: B8:27:EB:6C:F0:84   
          Bit Rate=24 Mb/s   Tx-Power=31 dBm   
          Retry short limit:7   RTS thr:off   Fragment thr:off
          Power Management:on
          Link Quality=31/70  Signal level=-79 dBm  
          Rx invalid nwid:0  Rx invalid crypt:0  Rx invalid frag:0
          Tx excessive retries:81  Invalid misc:0   Missed beacon:0

2021-05-05T23:17:41.574
*-*
Result
wlan0     IEEE 802.11  ESSID:"WirelessProject"  
          Mode:Managed  Frequency:5.18 GHz  Access Point: B8:27:EB:6C:F0:84   
          Bit Rate=57.7 Mb/s   Tx-Power=31 dBm   
          Retry short limit:7   RTS thr:off   Fragment thr:off
          Power Management:on
          Link Quality=35/70  Signal level=-75 dBm  
          Rx invalid nwid:0  Rx invalid crypt:0  Rx invalid frag:0
          Tx excessive retries:81  Invalid misc:0   Missed beacon:0

2021-05-05T23:17:42.703
*-*
Result
wlan0     IEEE 802.11  ESSID:"WirelessProject"  
          Mode:Managed  Frequency:5.18 GHz  Access Point: B8:27:EB:6C:F0:84   
          Bit Rate=24 Mb/s   Tx-Power=31 dBm   
          Retry short limit:7   RTS thr:off   Fragment thr:off
          Power Management:on
          Link Quality=30/70  Signal level=-80 dBm  
          Rx invalid nwid:0  Rx invalid crypt:0  Rx invalid frag:0
          Tx excessive retries:81  Invalid misc:0   Missed beacon:0

2021-05-05T23:17:43.951
*-*
Result
wlan0     IEEE 802.11  ESSID:"WirelessProject"  
          Mode:Managed  Frequency:5.18 GHz  Access Point: B8:27:EB:6C:F0:84   
          Bit Rate=24 Mb/s   Tx-Power=31 dBm   
          Retry short limit:7   RTS thr:off   Fragment thr:off
          Power Management:on
          Link Quality=29/70  Signal level=-81 dBm  
          Rx invalid nwid:0  Rx invalid crypt:0  Rx invalid frag:0
          Tx excessive retries:87  Invalid misc:0   Missed beacon:0

2021-05-05T23:17:45.162
*-*
Result
wlan0     IEEE 802.11  ESSID:"WirelessProject"  
          Mode:Managed  Frequency:5.18 GHz  Access Point: B8:27:EB:6C:F0:84   
          Bit Rate=24 Mb/s   Tx-Power=31 dBm   
          Retry short limit:7   RTS thr:off   Fragment thr:off
          Power Management:on
          Link Quality=29/70  Signal level=-81 dBm  
          Rx invalid nwid:0  Rx invalid crypt:0  Rx invalid frag:0
          Tx excessive retries:98  Invalid misc:0   Missed beacon:0

2021-05-05T23:17:46.410
*-*
Result
wlan0     IEEE 802.11  ESSID:"WirelessProject"  
          Mode:Managed  Frequency:5.18 GHz  Access Point: B8:27:EB:6C:F0:84   
          Bit Rate=24 Mb/s   Tx-Power=31 dBm   
          Retry short limit:7   RTS thr:off   Fragment thr:off
          Power Management:on
          Link Quality=29/70  Signal level=-81 dBm  
          Rx invalid nwid:0  Rx invalid crypt:0  Rx invalid frag:0
          Tx excessive retries:106  Invalid misc:0   Missed beacon:0

2021-05-05T23:17:47.657
*-*
Result
wlan0     IEEE 802.11  ESSID:off/any  
          Mode:Managed  Access Point: Not-Associated   Tx-Power=31 dBm   
          Retry short limit:7   RTS thr:off   Fragment thr:off
          Power Management:on
          
2021-05-05T23:17:48.832
*-*
Result
wlan0     IEEE 802.11  ESSID:off/any  
          Mode:Managed  Access Point: Not-Associated   Tx-Power=31 dBm   
          Retry short limit:7   RTS thr:off   Fragment thr:off
          Power Management:on
          
2021-05-05T23:17:50.086
*-*
Result
wlan0     IEEE 802.11  ESSID:off/any  
          Mode:Managed  Access Point: Not-Associated   Tx-Power=31 dBm   
          Retry short limit:7   RTS thr:off   Fragment thr:off
          Power Management:on
          
2021-05-05T23:17:51.329
*-*
Result
wlan0     IEEE 802.11  ESSID:off/any  
          Mode:Managed  Access Point: Not-Associated   Tx-Power=31 dBm   
          Retry short limit:7   RTS thr:off   Fragment thr:off
          Power Management:on
          
2021-05-05T23:17:52.490
*-*
Result
wlan0     IEEE 802.11  ESSID:off/any  
          Mode:Managed  Access Point: Not-Associated   Tx-Power=31 dBm   
          Retry short limit:7   RTS thr:off   Fragment thr:off
          Power Management:on
          
2021-05-05T23:17:53.652
*-*
Result
wlan0     IEEE 802.11  ESSID:off/any  
          Mode:Managed  Access Point: Not-Associated   Tx-Power=31 dBm   
          Retry short limit:7   RTS thr:off   Fragment thr:off
          Power Management:on
          
2021-05-05T23:17:54.815
*-*
Result
wlan0     IEEE 802.11  ESSID:off/any  
          Mode:Managed  Access Point: Not-Associated   Tx-Power=31 dBm   
          Retry short limit:7   RTS thr:off   Fragment thr:off
          Power Management:on
          
2021-05-05T23:17:56.063
*-*
Result
wlan0     IEEE 802.11  ESSID:off/any  
          Mode:Managed  Access Point: Not-Associated   Tx-Power=31 dBm   
          Retry short limit:7   RTS thr:off   Fragment thr:off
          Power Management:on
          
2021-05-05T23:17:57.311
*-*
Result
wlan0     IEEE 802.11  ESSID:off/any  
          Mode:Managed  Access Point: Not-Associated   Tx-Power=31 dBm   
          Retry short limit:7   RTS thr:off   Fragment thr:off
          Power Management:on
          
2021-05-05T23:17:58.478
*-*
Result
wlan0     IEEE 802.11  ESSID:off/any  
          Mode:Managed  Access Point: Not-Associated   Tx-Power=31 dBm   
          Retry short limit:7   RTS thr:off   Fragment thr:off
          Power Management:on
          
2021-05-05T23:17:59.727
*-*
Result
wlan0     IEEE 802.11  ESSID:off/any  
          Mode:Managed  Access Point: Not-Associated   Tx-Power=31 dBm   
          Retry short limit:7   RTS thr:off   Fragment thr:off
          Power Management:on
          
2021-05-05T23:18:00.973
*-*
Result
wlan0     IEEE 802.11  ESSID:off/any  
          Mode:Managed  Access Point: Not-Associated   Tx-Power=31 dBm   
          Retry short limit:7   RTS thr:off   Fragment thr:off
          Power Management:on
          
2021-05-05T23:18:03.953
*-*
Result
wlan0     IEEE 802.11  ESSID:off/any  
          Mode:Managed  Access Point: Not-Associated   Tx-Power=31 dBm   
          Retry short limit:7   RTS thr:off   Fragment thr:off
          Power Management:on
          
2021-05-05T23:18:05.211
*-*
Result
wlan0     IEEE 802.11  ESSID:off/any  
          Mode:Managed  Access Point: Not-Associated   Tx-Power=31 dBm   
          Retry short limit:7   RTS thr:off   Fragment thr:off
          Power Management:on
          
2021-05-05T23:18:06.457
*-*
Result
wlan0     IEEE 802.11  ESSID:"WirelessProject"  
          Mode:Managed  Frequency:5.18 GHz  Access Point: B8:27:EB:75:C1:31   
          Bit Rate=65 Mb/s   Tx-Power=31 dBm   
          Retry short limit:7   RTS thr:off   Fragment thr:off
          Power Management:on
          Link Quality=29/70  Signal level=-81 dBm  
          Rx invalid nwid:0  Rx invalid crypt:0  Rx invalid frag:0
          Tx excessive retries:0  Invalid misc:0   Missed beacon:0

2021-05-05T23:18:07.691
*-*
Result
wlan0     IEEE 802.11  ESSID:"WirelessProject"  
          Mode:Managed  Frequency:5.18 GHz  Access Point: B8:27:EB:75:C1:31   
          Bit Rate=58.5 Mb/s   Tx-Power=31 dBm   
          Retry short limit:7   RTS thr:off   Fragment thr:off
          Power Management:on
          Link Quality=27/70  Signal level=-83 dBm  
          Rx invalid nwid:0  Rx invalid crypt:0  Rx invalid frag:0
          Tx excessive retries:1  Invalid misc:0   Missed beacon:0

2021-05-05T23:18:08.814
*-*
Result
wlan0     IEEE 802.11  ESSID:"WirelessProject"  
          Mode:Managed  Frequency:5.18 GHz  Access Point: B8:27:EB:75:C1:31   
          Bit Rate=24 Mb/s   Tx-Power=31 dBm   
          Retry short limit:7   RTS thr:off   Fragment thr:off
          Power Management:on
          Link Quality=27/70  Signal level=-83 dBm  
          Rx invalid nwid:0  Rx invalid crypt:0  Rx invalid frag:0
          Tx excessive retries:1  Invalid misc:0   Missed beacon:0

2021-05-05T23:18:10.005
*-*
Result
wlan0     IEEE 802.11  ESSID:"WirelessProject"  
          Mode:Managed  Frequency:5.18 GHz  Access Point: B8:27:EB:75:C1:31   
          Bit Rate=24 Mb/s   Tx-Power=31 dBm   
          Retry short limit:7   RTS thr:off   Fragment thr:off
          Power Management:on
          Link Quality=27/70  Signal level=-83 dBm  
          Rx invalid nwid:0  Rx invalid crypt:0  Rx invalid frag:0
          Tx excessive retries:2  Invalid misc:0   Missed beacon:0

2021-05-05T23:18:11.261
*-*
Result
wlan0     IEEE 802.11  ESSID:"WirelessProject"  
          Mode:Managed  Frequency:5.18 GHz  Access Point: B8:27:EB:75:C1:31   
          Bit Rate=24 Mb/s   Tx-Power=31 dBm   
          Retry short limit:7   RTS thr:off   Fragment thr:off
          Power Management:on
          Link Quality=28/70  Signal level=-82 dBm  
          Rx invalid nwid:0  Rx invalid crypt:0  Rx invalid frag:0
          Tx excessive retries:2  Invalid misc:0   Missed beacon:0

2021-05-05T23:18:12.508
*-*
Result
wlan0     IEEE 802.11  ESSID:"WirelessProject"  
          Mode:Managed  Frequency:5.18 GHz  Access Point: B8:27:EB:75:C1:31   
          Bit Rate=52 Mb/s   Tx-Power=31 dBm   
          Retry short limit:7   RTS thr:off   Fragment thr:off
          Power Management:on
          Link Quality=37/70  Signal level=-73 dBm  
          Rx invalid nwid:0  Rx invalid crypt:0  Rx invalid frag:0
          Tx excessive retries:2  Invalid misc:0   Missed beacon:0

2021-05-05T23:18:13.663
*-*
Result
wlan0     IEEE 802.11  ESSID:"WirelessProject"  
          Mode:Managed  Frequency:5.18 GHz  Access Point: B8:27:EB:75:C1:31   
          Bit Rate=57.7 Mb/s   Tx-Power=31 dBm   
          Retry short limit:7   RTS thr:off   Fragment thr:off
          Power Management:on
          Link Quality=39/70  Signal level=-71 dBm  
          Rx invalid nwid:0  Rx invalid crypt:0  Rx invalid frag:0
          Tx excessive retries:2  Invalid misc:0   Missed beacon:0

2021-05-05T23:18:14.925
*-*
Result
wlan0     IEEE 802.11  ESSID:"WirelessProject"  
          Mode:Managed  Frequency:5.18 GHz  Access Point: B8:27:EB:75:C1:31   
          Bit Rate=57.7 Mb/s   Tx-Power=31 dBm   
          Retry short limit:7   RTS thr:off   Fragment thr:off
          Power Management:on
          Link Quality=41/70  Signal level=-69 dBm  
          Rx invalid nwid:0  Rx invalid crypt:0  Rx invalid frag:0
          Tx excessive retries:2  Invalid misc:0   Missed beacon:0

2021-05-05T23:18:16.173
*-*
Result
wlan0     IEEE 802.11  ESSID:"WirelessProject"  
          Mode:Managed  Frequency:5.18 GHz  Access Point: B8:27:EB:75:C1:31   
          Bit Rate=57.7 Mb/s   Tx-Power=31 dBm   
          Retry short limit:7   RTS thr:off   Fragment thr:off
          Power Management:on
          Link Quality=41/70  Signal level=-69 dBm  
          Rx invalid nwid:0  Rx invalid crypt:0  Rx invalid frag:0
          Tx excessive retries:2  Invalid misc:0   Missed beacon:0

2021-05-05T23:18:17.332
*-*
Result
wlan0     IEEE 802.11  ESSID:"WirelessProject"  
          Mode:Managed  Frequency:5.18 GHz  Access Point: B8:27:EB:75:C1:31   
          Bit Rate=57.7 Mb/s   Tx-Power=31 dBm   
          Retry short limit:7   RTS thr:off   Fragment thr:off
          Power Management:on
          Link Quality=41/70  Signal level=-69 dBm  
          Rx invalid nwid:0  Rx invalid crypt:0  Rx invalid frag:0
          Tx excessive retries:2  Invalid misc:0   Missed beacon:0

2021-05-05T23:18:18.444
*-*
Result
wlan0     IEEE 802.11  ESSID:"WirelessProject"  
          Mode:Managed  Frequency:5.18 GHz  Access Point: B8:27:EB:75:C1:31   
          Bit Rate=57.7 Mb/s   Tx-Power=31 dBm   
          Retry short limit:7   RTS thr:off   Fragment thr:off
          Power Management:on
          Link Quality=41/70  Signal level=-69 dBm  
          Rx invalid nwid:0  Rx invalid crypt:0  Rx invalid frag:0
          Tx excessive retries:2  Invalid misc:0   Missed beacon:0

2021-05-05T23:18:19.564
*-*
Result
wlan0     IEEE 802.11  ESSID:"WirelessProject"  
          Mode:Managed  Frequency:5.18 GHz  Access Point: B8:27:EB:75:C1:31   
          Bit Rate=24 Mb/s   Tx-Power=31 dBm   
          Retry short limit:7   RTS thr:off   Fragment thr:off
          Power Management:on
          Link Quality=41/70  Signal level=-69 dBm  
          Rx invalid nwid:0  Rx invalid crypt:0  Rx invalid frag:0
          Tx excessive retries:7  Invalid misc:0   Missed beacon:0

2021-05-05T23:18:20.745
*-*
Result
wlan0     IEEE 802.11  ESSID:"WirelessProject"  
          Mode:Managed  Frequency:5.18 GHz  Access Point: B8:27:EB:75:C1:31   
          Bit Rate=24 Mb/s   Tx-Power=31 dBm   
          Retry short limit:7   RTS thr:off   Fragment thr:off
          Power Management:on
          Link Quality=41/70  Signal level=-69 dBm  
          Rx invalid nwid:0  Rx invalid crypt:0  Rx invalid frag:0
          Tx excessive retries:15  Invalid misc:0   Missed beacon:0

2021-05-05T23:18:21.909
*-*
Result
wlan0     IEEE 802.11  ESSID:"WirelessProject"  
          Mode:Managed  Frequency:5.18 GHz  Access Point: B8:27:EB:75:C1:31   
          Bit Rate=24 Mb/s   Tx-Power=31 dBm   
          Retry short limit:7   RTS thr:off   Fragment thr:off
          Power Management:on
          Link Quality=41/70  Signal level=-69 dBm  
          Rx invalid nwid:0  Rx invalid crypt:0  Rx invalid frag:0
          Tx excessive retries:19  Invalid misc:0   Missed beacon:0

2021-05-05T23:18:23.073
*-*
Result
wlan0     IEEE 802.11  ESSID:"WirelessProject"  
          Mode:Managed  Frequency:5.18 GHz  Access Point: B8:27:EB:75:C1:31   
          Bit Rate=24 Mb/s   Tx-Power=31 dBm   
          Retry short limit:7   RTS thr:off   Fragment thr:off
          Power Management:on
          Link Quality=41/70  Signal level=-69 dBm  
          Rx invalid nwid:0  Rx invalid crypt:0  Rx invalid frag:0
          Tx excessive retries:26  Invalid misc:0   Missed beacon:0

2021-05-05T23:18:24.240
*-*
Result
wlan0     IEEE 802.11  ESSID:"WirelessProject"  
          Mode:Managed  Frequency:5.18 GHz  Access Point: B8:27:EB:75:C1:31   
          Bit Rate=24 Mb/s   Tx-Power=31 dBm   
          Retry short limit:7   RTS thr:off   Fragment thr:off
          Power Management:on
          Link Quality=41/70  Signal level=-69 dBm  
          Rx invalid nwid:0  Rx invalid crypt:0  Rx invalid frag:0
          Tx excessive retries:34  Invalid misc:0   Missed beacon:0

2021-05-05T23:18:25.486
*-*
Result
wlan0     IEEE 802.11  ESSID:"WirelessProject"  
          Mode:Managed  Frequency:5.18 GHz  Access Point: B8:27:EB:75:C1:31   
          Bit Rate=24 Mb/s   Tx-Power=31 dBm   
          Retry short limit:7   RTS thr:off   Fragment thr:off
          Power Management:on
          Link Quality=41/70  Signal level=-69 dBm  
          Rx invalid nwid:0  Rx invalid crypt:0  Rx invalid frag:0
          Tx excessive retries:42  Invalid misc:0   Missed beacon:0

2021-05-05T23:18:26.733
*-*
Result
wlan0     IEEE 802.11  ESSID:off/any  
          Mode:Managed  Access Point: Not-Associated   Tx-Power=31 dBm   
          Retry short limit:7   RTS thr:off   Fragment thr:off
          Power Management:on
          
2021-05-05T23:18:27.909
*-*
Result
wlan0     IEEE 802.11  ESSID:off/any  
          Mode:Managed  Access Point: Not-Associated   Tx-Power=31 dBm   
          Retry short limit:7   RTS thr:off   Fragment thr:off
          Power Management:on
          
2021-05-05T23:18:29.152
*-*
Result
wlan0     IEEE 802.11  ESSID:off/any  
          Mode:Managed  Access Point: Not-Associated   Tx-Power=31 dBm   
          Retry short limit:7   RTS thr:off   Fragment thr:off
          Power Management:on
          
2021-05-05T23:18:30.396
*-*
Result
wlan0     IEEE 802.11  ESSID:off/any  
          Mode:Managed  Access Point: Not-Associated   Tx-Power=31 dBm   
          Retry short limit:7   RTS thr:off   Fragment thr:off
          Power Management:on
          
2021-05-05T23:18:31.556
*-*
Result
wlan0     IEEE 802.11  ESSID:off/any  
          Mode:Managed  Access Point: Not-Associated   Tx-Power=31 dBm   
          Retry short limit:7   RTS thr:off   Fragment thr:off
          Power Management:on
          
2021-05-05T23:18:32.799
*-*
Result
wlan0     IEEE 802.11  ESSID:off/any  
          Mode:Managed  Access Point: Not-Associated   Tx-Power=31 dBm   
          Retry short limit:7   RTS thr:off   Fragment thr:off
          Power Management:on
          
2021-05-05T23:18:34.043
*-*
Result
wlan0     IEEE 802.11  ESSID:off/any  
          Mode:Managed  Access Point: Not-Associated   Tx-Power=31 dBm   
          Retry short limit:7   RTS thr:off   Fragment thr:off
          Power Management:on
          
2021-05-05T23:18:35.220
*-*
Result
wlan0     IEEE 802.11  ESSID:off/any  
          Mode:Managed  Access Point: Not-Associated   Tx-Power=31 dBm   
          Retry short limit:7   RTS thr:off   Fragment thr:off
          Power Management:on
          
2021-05-05T23:18:36.467
*-*
Result
wlan0     IEEE 802.11  ESSID:off/any  
          Mode:Managed  Access Point: Not-Associated   Tx-Power=31 dBm   
          Retry short limit:7   RTS thr:off   Fragment thr:off
          Power Management:on
          
2021-05-05T23:18:37.718
*-*
Result
wlan0     IEEE 802.11  ESSID:off/any  
          Mode:Managed  Access Point: Not-Associated   Tx-Power=31 dBm   
          Retry short limit:7   RTS thr:off   Fragment thr:off
          Power Management:on
          
2021-05-05T23:18:38.868
*-*
Result
wlan0     IEEE 802.11  ESSID:off/any  
          Mode:Managed  Access Point: Not-Associated   Tx-Power=31 dBm   
          Retry short limit:7   RTS thr:off   Fragment thr:off
          Power Management:on
          
2021-05-05T23:18:40.113
*-*
Result
wlan0     IEEE 802.11  ESSID:off/any  
          Mode:Managed  Access Point: Not-Associated   Tx-Power=31 dBm   
          Retry short limit:7   RTS thr:off   Fragment thr:off
          Power Management:on
          
2021-05-05T23:18:41.359
*-*
Result
wlan0     IEEE 802.11  ESSID:off/any  
          Mode:Managed  Access Point: Not-Associated   Tx-Power=31 dBm   
          Retry short limit:7   RTS thr:off   Fragment thr:off
          Power Management:on
          
2021-05-05T23:18:42.601
*-*
Result
wlan0     IEEE 802.11  ESSID:off/any  
          Mode:Managed  Access Point: Not-Associated   Tx-Power=31 dBm   
          Retry short limit:7   RTS thr:off   Fragment thr:off
          Power Management:on
          
2021-05-05T23:18:43.845
*-*
Result
wlan0     IEEE 802.11  ESSID:off/any  
          Mode:Managed  Access Point: Not-Associated   Tx-Power=31 dBm   
          Retry short limit:7   RTS thr:off   Fragment thr:off
          Power Management:on
          
2021-05-05T23:18:45.015
*-*
Result
wlan0     IEEE 802.11  ESSID:off/any  
          Mode:Managed  Access Point: Not-Associated   Tx-Power=31 dBm   
          Retry short limit:7   RTS thr:off   Fragment thr:off
          Power Management:on
          
2021-05-05T23:18:46.184
*-*
Result
wlan0     IEEE 802.11  ESSID:off/any  
          Mode:Managed  Access Point: Not-Associated   Tx-Power=31 dBm   
          Retry short limit:7   RTS thr:off   Fragment thr:off
          Power Management:on
          
2021-05-05T23:18:47.427
*-*
Result
wlan0     IEEE 802.11  ESSID:off/any  
          Mode:Managed  Access Point: Not-Associated   Tx-Power=31 dBm   
          Retry short limit:7   RTS thr:off   Fragment thr:off
          Power Management:on
          
2021-05-05T23:18:48.644
*-*
Result
wlan0     IEEE 802.11  ESSID:off/any  
          Mode:Managed  Access Point: Not-Associated   Tx-Power=31 dBm   
          Retry short limit:7   RTS thr:off   Fragment thr:off
          Power Management:on
          
2021-05-05T23:18:49.890
*-*
Result
wlan0     IEEE 802.11  ESSID:off/any  
          Mode:Managed  Access Point: Not-Associated   Tx-Power=31 dBm   
          Retry short limit:7   RTS thr:off   Fragment thr:off
          Power Management:on
          
2021-05-05T23:18:51.134
*-*
Result
wlan0     IEEE 802.11  ESSID:off/any  
          Mode:Managed  Access Point: Not-Associated   Tx-Power=31 dBm   
          Retry short limit:7   RTS thr:off   Fragment thr:off
          Power Management:on
          
2021-05-05T23:18:52.305
*-*
Result
wlan0     IEEE 802.11  ESSID:off/any  
          Mode:Managed  Access Point: Not-Associated   Tx-Power=31 dBm   
          Retry short limit:7   RTS thr:off   Fragment thr:off
          Power Management:on
          
2021-05-05T23:18:53.424
*-*
Result
wlan0     IEEE 802.11  ESSID:off/any  
          Mode:Managed  Access Point: Not-Associated   Tx-Power=31 dBm   
          Retry short limit:7   RTS thr:off   Fragment thr:off
          Power Management:on
          
2021-05-05T23:18:54.597
*-*
Result
wlan0     IEEE 802.11  ESSID:off/any  
          Mode:Managed  Access Point: Not-Associated   Tx-Power=31 dBm   
          Retry short limit:7   RTS thr:off   Fragment thr:off
          Power Management:on
          
2021-05-05T23:18:55.845
*-*
Result
wlan0     IEEE 802.11  ESSID:off/any  
          Mode:Managed  Access Point: Not-Associated   Tx-Power=31 dBm   
          Retry short limit:7   RTS thr:off   Fragment thr:off
          Power Management:on
          
2021-05-05T23:18:57.093
*-*
Result
wlan0     IEEE 802.11  ESSID:off/any  
          Mode:Managed  Access Point: Not-Associated   Tx-Power=31 dBm   
          Retry short limit:7   RTS thr:off   Fragment thr:off
          Power Management:on
          
2021-05-05T23:18:58.265
*-*
Result
wlan0     IEEE 802.11  ESSID:off/any  
          Mode:Managed  Access Point: Not-Associated   Tx-Power=31 dBm   
          Retry short limit:7   RTS thr:off   Fragment thr:off
          Power Management:on
          
2021-05-05T23:18:59.441
*-*
Result
wlan0     IEEE 802.11  ESSID:off/any  
          Mode:Managed  Access Point: Not-Associated   Tx-Power=31 dBm   
          Retry short limit:7   RTS thr:off   Fragment thr:off
          Power Management:on
          
2021-05-05T23:19:00.687
*-*
Result
wlan0     IEEE 802.11  ESSID:off/any  
          Mode:Managed  Access Point: Not-Associated   Tx-Power=31 dBm   
          Retry short limit:7   RTS thr:off   Fragment thr:off
          Power Management:on
          
2021-05-05T23:19:01.931
*-*
Result
wlan0     IEEE 802.11  ESSID:off/any  
          Mode:Managed  Access Point: Not-Associated   Tx-Power=31 dBm   
          Retry short limit:7   RTS thr:off   Fragment thr:off
          Power Management:on
          
2021-05-05T23:19:03.100
*-*
Result
wlan0     IEEE 802.11  ESSID:off/any  
          Mode:Managed  Access Point: Not-Associated   Tx-Power=31 dBm   
          Retry short limit:7   RTS thr:off   Fragment thr:off
          Power Management:on
          
2021-05-05T23:19:04.218
*-*
Result
wlan0     IEEE 802.11  ESSID:off/any  
          Mode:Managed  Access Point: Not-Associated   Tx-Power=31 dBm   
          Retry short limit:7   RTS thr:off   Fragment thr:off
          Power Management:on
          
2021-05-05T23:19:05.372
*-*
Result
wlan0     IEEE 802.11  ESSID:off/any  
          Mode:Managed  Access Point: Not-Associated   Tx-Power=31 dBm   
          Retry short limit:7   RTS thr:off   Fragment thr:off
          Power Management:on
          
2021-05-05T23:19:06.617
*-*
Result
wlan0     IEEE 802.11  ESSID:off/any  
          Mode:Managed  Access Point: Not-Associated   Tx-Power=31 dBm   
          Retry short limit:7   RTS thr:off   Fragment thr:off
          Power Management:on
          
2021-05-05T23:19:07.881
*-*
Result
wlan0     IEEE 802.11  ESSID:off/any  
          Mode:Managed  Access Point: Not-Associated   Tx-Power=31 dBm   
          Retry short limit:7   RTS thr:off   Fragment thr:off
          Power Management:on
          
2021-05-05T23:19:09.048
*-*
Result
wlan0     IEEE 802.11  ESSID:off/any  
          Mode:Managed  Access Point: Not-Associated   Tx-Power=31 dBm   
          Retry short limit:7   RTS thr:off   Fragment thr:off
          Power Management:on
          
2021-05-05T23:19:10.226
*-*
Result
wlan0     IEEE 802.11  ESSID:off/any  
          Mode:Managed  Access Point: Not-Associated   Tx-Power=31 dBm   
          Retry short limit:7   RTS thr:off   Fragment thr:off
          Power Management:on
          
2021-05-05T23:19:11.395
*-*
Result
wlan0     IEEE 802.11  ESSID:off/any  
          Mode:Managed  Access Point: Not-Associated   Tx-Power=31 dBm   
          Retry short limit:7   RTS thr:off   Fragment thr:off
          Power Management:on
          
2021-05-05T23:19:12.639
*-*
Result
wlan0     IEEE 802.11  ESSID:off/any  
          Mode:Managed  Access Point: Not-Associated   Tx-Power=31 dBm   
          Retry short limit:7   RTS thr:off   Fragment thr:off
          Power Management:on
          
2021-05-05T23:19:13.887
*-*
Result
wlan0     IEEE 802.11  ESSID:off/any  
          Mode:Managed  Access Point: Not-Associated   Tx-Power=31 dBm   
          Retry short limit:7   RTS thr:off   Fragment thr:off
          Power Management:on
          
2021-05-05T23:19:15.134
*-*
Result
wlan0     IEEE 802.11  ESSID:off/any  
          Mode:Managed  Access Point: Not-Associated   Tx-Power=31 dBm   
          Retry short limit:7   RTS thr:off   Fragment thr:off
          Power Management:on
          
2021-05-05T23:19:16.383
*-*
Result
wlan0     IEEE 802.11  ESSID:off/any  
          Mode:Managed  Access Point: Not-Associated   Tx-Power=31 dBm   
          Retry short limit:7   RTS thr:off   Fragment thr:off
          Power Management:on
          
2021-05-05T23:19:17.546
*-*
Result
wlan0     IEEE 802.11  ESSID:off/any  
          Mode:Managed  Access Point: Not-Associated   Tx-Power=31 dBm   
          Retry short limit:7   RTS thr:off   Fragment thr:off
          Power Management:on
          
2021-05-05T23:19:18.792
*-*
Result
wlan0     IEEE 802.11  ESSID:off/any  
          Mode:Managed  Access Point: Not-Associated   Tx-Power=31 dBm   
          Retry short limit:7   RTS thr:off   Fragment thr:off
          Power Management:on
          
2021-05-05T23:19:20.066
*-*
Result
wlan0     IEEE 802.11  ESSID:off/any  
          Mode:Managed  Access Point: Not-Associated   Tx-Power=31 dBm   
          Retry short limit:7   RTS thr:off   Fragment thr:off
          Power Management:on
          
2021-05-05T23:19:21.323
*-*
Result
wlan0     IEEE 802.11  ESSID:off/any  
          Mode:Managed  Access Point: Not-Associated   Tx-Power=31 dBm   
          Retry short limit:7   RTS thr:off   Fragment thr:off
          Power Management:on
          
2021-05-05T23:19:22.568
*-*
Result
wlan0     IEEE 802.11  ESSID:off/any  
          Mode:Managed  Access Point: Not-Associated   Tx-Power=31 dBm   
          Retry short limit:7   RTS thr:off   Fragment thr:off
          Power Management:on
          
2021-05-05T23:19:23.815
*-*
Result
wlan0     IEEE 802.11  ESSID:off/any  
          Mode:Managed  Access Point: Not-Associated   Tx-Power=31 dBm   
          Retry short limit:7   RTS thr:off   Fragment thr:off
          Power Management:on
          
2021-05-05T23:19:24.985
*-*
Result
wlan0     IEEE 802.11  ESSID:off/any  
          Mode:Managed  Access Point: Not-Associated   Tx-Power=31 dBm   
          Retry short limit:7   RTS thr:off   Fragment thr:off
          Power Management:on
          
2021-05-05T23:19:26.233
*-*
Result
wlan0     IEEE 802.11  ESSID:off/any  
          Mode:Managed  Access Point: Not-Associated   Tx-Power=31 dBm   
          Retry short limit:7   RTS thr:off   Fragment thr:off
          Power Management:on
          
2021-05-05T23:19:27.482
*-*
Result
wlan0     IEEE 802.11  ESSID:off/any  
          Mode:Managed  Access Point: Not-Associated   Tx-Power=31 dBm   
          Retry short limit:7   RTS thr:off   Fragment thr:off
          Power Management:on
          
2021-05-05T23:19:28.724
*-*
Result
wlan0     IEEE 802.11  ESSID:off/any  
          Mode:Managed  Access Point: Not-Associated   Tx-Power=31 dBm   
          Retry short limit:7   RTS thr:off   Fragment thr:off
          Power Management:on
          
2021-05-05T23:19:29.983
*-*
Result
wlan0     IEEE 802.11  ESSID:off/any  
          Mode:Managed  Access Point: Not-Associated   Tx-Power=31 dBm   
          Retry short limit:7   RTS thr:off   Fragment thr:off
          Power Management:on
          
2021-05-05T23:19:31.155
*-*
Result
wlan0     IEEE 802.11  ESSID:off/any  
          Mode:Managed  Access Point: Not-Associated   Tx-Power=31 dBm   
          Retry short limit:7   RTS thr:off   Fragment thr:off
          Power Management:on
          
2021-05-05T23:19:32.404
*-*
Result
wlan0     IEEE 802.11  ESSID:off/any  
          Mode:Managed  Access Point: Not-Associated   Tx-Power=31 dBm   
          Retry short limit:7   RTS thr:off   Fragment thr:off
          Power Management:on
          
2021-05-05T23:19:33.652
*-*
Result
wlan0     IEEE 802.11  ESSID:off/any  
          Mode:Managed  Access Point: Not-Associated   Tx-Power=31 dBm   
          Retry short limit:7   RTS thr:off   Fragment thr:off
          Power Management:on
          
2021-05-05T23:19:34.821
*-*
Result
wlan0     IEEE 802.11  ESSID:off/any  
          Mode:Managed  Access Point: Not-Associated   Tx-Power=31 dBm   
          Retry short limit:7   RTS thr:off   Fragment thr:off
          Power Management:on
          
2021-05-05T23:19:36.070
*-*
Result
wlan0     IEEE 802.11  ESSID:off/any  
          Mode:Managed  Access Point: Not-Associated   Tx-Power=31 dBm   
          Retry short limit:7   RTS thr:off   Fragment thr:off
          Power Management:on
          
2021-05-05T23:19:37.311
*-*
Result
wlan0     IEEE 802.11  ESSID:off/any  
          Mode:Managed  Access Point: Not-Associated   Tx-Power=31 dBm   
          Retry short limit:7   RTS thr:off   Fragment thr:off
          Power Management:on
          
2021-05-05T23:19:38.487
*-*
Result
wlan0     IEEE 802.11  ESSID:off/any  
          Mode:Managed  Access Point: Not-Associated   Tx-Power=31 dBm   
          Retry short limit:7   RTS thr:off   Fragment thr:off
          Power Management:on
          
2021-05-05T23:19:39.735
*-*
Result
wlan0     IEEE 802.11  ESSID:off/any  
          Mode:Managed  Access Point: Not-Associated   Tx-Power=31 dBm   
          Retry short limit:7   RTS thr:off   Fragment thr:off
          Power Management:on
          
2021-05-05T23:19:40.983
*-*
Result
wlan0     IEEE 802.11  ESSID:off/any  
          Mode:Managed  Access Point: Not-Associated   Tx-Power=31 dBm   
          Retry short limit:7   RTS thr:off   Fragment thr:off
          Power Management:on
          
2021-05-05T23:19:42.238
*-*
Result
wlan0     IEEE 802.11  ESSID:off/any  
          Mode:Managed  Access Point: Not-Associated   Tx-Power=31 dBm   
          Retry short limit:7   RTS thr:off   Fragment thr:off
          Power Management:on
          
2021-05-05T23:19:43.480
*-*
Result
wlan0     IEEE 802.11  ESSID:off/any  
          Mode:Managed  Access Point: Not-Associated   Tx-Power=31 dBm   
          Retry short limit:7   RTS thr:off   Fragment thr:off
          Power Management:on
          
2021-05-05T23:19:44.722
*-*
Result
wlan0     IEEE 802.11  ESSID:off/any  
          Mode:Managed  Access Point: Not-Associated   Tx-Power=31 dBm   
          Retry short limit:7   RTS thr:off   Fragment thr:off
          Power Management:on
          
2021-05-05T23:19:45.966
*-*
Result
wlan0     IEEE 802.11  ESSID:off/any  
          Mode:Managed  Access Point: Not-Associated   Tx-Power=31 dBm   
          Retry short limit:7   RTS thr:off   Fragment thr:off
          Power Management:on
          
2021-05-05T23:19:47.146
*-*
Result
wlan0     IEEE 802.11  ESSID:off/any  
          Mode:Managed  Access Point: Not-Associated   Tx-Power=31 dBm   
          Retry short limit:7   RTS thr:off   Fragment thr:off
          Power Management:on
          
2021-05-05T23:19:48.393
*-*
Result
wlan0     IEEE 802.11  ESSID:off/any  
          Mode:Managed  Access Point: Not-Associated   Tx-Power=31 dBm   
          Retry short limit:7   RTS thr:off   Fragment thr:off
          Power Management:on
          
2021-05-05T23:19:49.642
*-*
Result
wlan0     IEEE 802.11  ESSID:off/any  
          Mode:Managed  Access Point: Not-Associated   Tx-Power=31 dBm   
          Retry short limit:7   RTS thr:off   Fragment thr:off
          Power Management:on
          
2021-05-05T23:19:50.809
*-*
Result
wlan0     IEEE 802.11  ESSID:off/any  
          Mode:Managed  Access Point: Not-Associated   Tx-Power=31 dBm   
          Retry short limit:7   RTS thr:off   Fragment thr:off
          Power Management:on
          
2021-05-05T23:19:51.986
*-*
Result
wlan0     IEEE 802.11  ESSID:off/any  
          Mode:Managed  Access Point: Not-Associated   Tx-Power=31 dBm   
          Retry short limit:7   RTS thr:off   Fragment thr:off
          Power Management:on
          
2021-05-05T23:19:53.230
*-*
Result
wlan0     IEEE 802.11  ESSID:off/any  
          Mode:Managed  Access Point: Not-Associated   Tx-Power=31 dBm   
          Retry short limit:7   RTS thr:off   Fragment thr:off
          Power Management:on
          
2021-05-05T23:19:54.495
*-*
Result
wlan0     IEEE 802.11  ESSID:off/any  
          Mode:Managed  Access Point: Not-Associated   Tx-Power=31 dBm   
          Retry short limit:7   RTS thr:off   Fragment thr:off
          Power Management:on
          
2021-05-05T23:19:55.660
*-*
Result
wlan0     IEEE 802.11  ESSID:off/any  
          Mode:Managed  Access Point: Not-Associated   Tx-Power=31 dBm   
          Retry short limit:7   RTS thr:off   Fragment thr:off
          Power Management:on
          
2021-05-05T23:19:56.902
*-*
Result
wlan0     IEEE 802.11  ESSID:off/any  
          Mode:Managed  Access Point: Not-Associated   Tx-Power=31 dBm   
          Retry short limit:7   RTS thr:off   Fragment thr:off
          Power Management:on
          
2021-05-05T23:19:58.148
*-*
Result
wlan0     IEEE 802.11  ESSID:off/any  
          Mode:Managed  Access Point: Not-Associated   Tx-Power=31 dBm   
          Retry short limit:7   RTS thr:off   Fragment thr:off
          Power Management:on
          
2021-05-05T23:19:59.328
*-*
Result
wlan0     IEEE 802.11  ESSID:off/any  
          Mode:Managed  Access Point: Not-Associated   Tx-Power=31 dBm   
          Retry short limit:7   RTS thr:off   Fragment thr:off
          Power Management:on
          
2021-05-05T23:20:00.575
*-*
Result
wlan0     IEEE 802.11  ESSID:off/any  
          Mode:Managed  Access Point: Not-Associated   Tx-Power=31 dBm   
          Retry short limit:7   RTS thr:off   Fragment thr:off
          Power Management:on
          
2021-05-05T23:20:01.822
*-*
Result
wlan0     IEEE 802.11  ESSID:off/any  
          Mode:Managed  Access Point: Not-Associated   Tx-Power=31 dBm   
          Retry short limit:7   RTS thr:off   Fragment thr:off
          Power Management:on
          
2021-05-05T23:20:02.996
*-*
Result
wlan0     IEEE 802.11  ESSID:off/any  
          Mode:Managed  Access Point: Not-Associated   Tx-Power=31 dBm   
          Retry short limit:7   RTS thr:off   Fragment thr:off
          Power Management:on
          
2021-05-05T23:20:04.241
*-*
Result
wlan0     IEEE 802.11  ESSID:off/any  
          Mode:Managed  Access Point: Not-Associated   Tx-Power=31 dBm   
          Retry short limit:7   RTS thr:off   Fragment thr:off
          Power Management:on
          
2021-05-05T23:20:05.486
*-*
Result
wlan0     IEEE 802.11  ESSID:off/any  
          Mode:Managed  Access Point: Not-Associated   Tx-Power=31 dBm   
          Retry short limit:7   RTS thr:off   Fragment thr:off
          Power Management:on
          
2021-05-05T23:20:06.640
*-*
Result
wlan0     IEEE 802.11  ESSID:off/any  
          Mode:Managed  Access Point: Not-Associated   Tx-Power=31 dBm   
          Retry short limit:7   RTS thr:off   Fragment thr:off
          Power Management:on
          
2021-05-05T23:20:07.887
*-*
Result
wlan0     IEEE 802.11  ESSID:off/any  
          Mode:Managed  Access Point: Not-Associated   Tx-Power=31 dBm   
          Retry short limit:7   RTS thr:off   Fragment thr:off
          Power Management:on
          
2021-05-05T23:20:09.137
*-*
Result
wlan0     IEEE 802.11  ESSID:off/any  
          Mode:Managed  Access Point: Not-Associated   Tx-Power=31 dBm   
          Retry short limit:7   RTS thr:off   Fragment thr:off
          Power Management:on
          
2021-05-05T23:20:10.268
*-*
Result
wlan0     IEEE 802.11  ESSID:off/any  
          Mode:Managed  Access Point: Not-Associated   Tx-Power=31 dBm   
          Retry short limit:7   RTS thr:off   Fragment thr:off
          Power Management:on
          
2021-05-05T23:20:11.442
*-*
Result
wlan0     IEEE 802.11  ESSID:off/any  
          Mode:Managed  Access Point: Not-Associated   Tx-Power=31 dBm   
          Retry short limit:7   RTS thr:off   Fragment thr:off
          Power Management:on
          
2021-05-05T23:20:12.607
*-*
Result
wlan0     IEEE 802.11  ESSID:off/any  
          Mode:Managed  Access Point: Not-Associated   Tx-Power=31 dBm   
          Retry short limit:7   RTS thr:off   Fragment thr:off
          Power Management:on
          
2021-05-05T23:20:13.749
*-*
Result
wlan0     IEEE 802.11  ESSID:off/any  
          Mode:Managed  Access Point: Not-Associated   Tx-Power=31 dBm   
          Retry short limit:7   RTS thr:off   Fragment thr:off
          Power Management:on
          
2021-05-05T23:20:14.999
*-*
Result
wlan0     IEEE 802.11  ESSID:off/any  
          Mode:Managed  Access Point: Not-Associated   Tx-Power=31 dBm   
          Retry short limit:7   RTS thr:off   Fragment thr:off
          Power Management:on
          
2021-05-05T23:20:16.261
*-*
Result
wlan0     IEEE 802.11  ESSID:off/any  
          Mode:Managed  Access Point: Not-Associated   Tx-Power=31 dBm   
          Retry short limit:7   RTS thr:off   Fragment thr:off
          Power Management:on
          
2021-05-05T23:20:17.509
*-*
Result
wlan0     IEEE 802.11  ESSID:off/any  
          Mode:Managed  Access Point: Not-Associated   Tx-Power=31 dBm   
          Retry short limit:7   RTS thr:off   Fragment thr:off
          Power Management:on
          
2021-05-05T23:20:18.765
*-*
Result
wlan0     IEEE 802.11  ESSID:off/any  
          Mode:Managed  Access Point: Not-Associated   Tx-Power=31 dBm   
          Retry short limit:7   RTS thr:off   Fragment thr:off
          Power Management:on
          
2021-05-05T23:20:19.933
*-*
Result
wlan0     IEEE 802.11  ESSID:off/any  
          Mode:Managed  Access Point: Not-Associated   Tx-Power=31 dBm   
          Retry short limit:7   RTS thr:off   Fragment thr:off
          Power Management:on
          
2021-05-05T23:20:21.112
*-*
Result
wlan0     IEEE 802.11  ESSID:off/any  
          Mode:Managed  Access Point: Not-Associated   Tx-Power=31 dBm   
          Retry short limit:7   RTS thr:off   Fragment thr:off
          Power Management:on
          
2021-05-05T23:20:22.273
*-*
Result
wlan0     IEEE 802.11  ESSID:off/any  
          Mode:Managed  Access Point: Not-Associated   Tx-Power=31 dBm   
          Retry short limit:7   RTS thr:off   Fragment thr:off
          Power Management:on
          
2021-05-05T23:20:23.439
*-*
Result
wlan0     IEEE 802.11  ESSID:off/any  
          Mode:Managed  Access Point: Not-Associated   Tx-Power=31 dBm   
          Retry short limit:7   RTS thr:off   Fragment thr:off
          Power Management:on
          
2021-05-05T23:20:24.691
*-*
Result
wlan0     IEEE 802.11  ESSID:off/any  
          Mode:Managed  Access Point: Not-Associated   Tx-Power=31 dBm   
          Retry short limit:7   RTS thr:off   Fragment thr:off
          Power Management:on
          
2021-05-05T23:20:25.935
*-*
Result
wlan0     IEEE 802.11  ESSID:off/any  
          Mode:Managed  Access Point: Not-Associated   Tx-Power=31 dBm   
          Retry short limit:7   RTS thr:off   Fragment thr:off
          Power Management:on
          
2021-05-05T23:20:27.051
*-*
Result
wlan0     IEEE 802.11  ESSID:off/any  
          Mode:Managed  Access Point: Not-Associated   Tx-Power=31 dBm   
          Retry short limit:7   RTS thr:off   Fragment thr:off
          Power Management:on
          
2021-05-05T23:20:28.239
*-*
Result
wlan0     IEEE 802.11  ESSID:off/any  
          Mode:Managed  Access Point: Not-Associated   Tx-Power=31 dBm   
          Retry short limit:7   RTS thr:off   Fragment thr:off
          Power Management:on
          
2021-05-05T23:20:29.488
*-*
Result
wlan0     IEEE 802.11  ESSID:off/any  
          Mode:Managed  Access Point: Not-Associated   Tx-Power=31 dBm   
          Retry short limit:7   RTS thr:off   Fragment thr:off
          Power Management:on
          
2021-05-05T23:20:30.695
*-*
Result
wlan0     IEEE 802.11  ESSID:off/any  
          Mode:Managed  Access Point: Not-Associated   Tx-Power=31 dBm   
          Retry short limit:7   RTS thr:off   Fragment thr:off
          Power Management:on
          
2021-05-05T23:20:31.986
*-*
Result
wlan0     IEEE 802.11  ESSID:off/any  
          Mode:Managed  Access Point: Not-Associated   Tx-Power=31 dBm   
          Retry short limit:7   RTS thr:off   Fragment thr:off
          Power Management:on
          
2021-05-05T23:20:33.240
*-*
Result
wlan0     IEEE 802.11  ESSID:off/any  
          Mode:Managed  Access Point: Not-Associated   Tx-Power=31 dBm   
          Retry short limit:7   RTS thr:off   Fragment thr:off
          Power Management:on
          
2021-05-05T23:20:34.404
*-*
