Sat May  1 13:26:27 2021
iperf3: error - unable to connect to server: Resource temporarily unavailable
Sat May  1 13:26:34 2021
iperf3: error - unable to connect to server: Resource temporarily unavailable
Sat May  1 13:26:41 2021
iperf3: error - unable to connect to server: Resource temporarily unavailable
Sat May  1 13:26:48 2021
iperf3: error - unable to connect to server: Resource temporarily unavailable
Sat May  1 13:26:55 2021
iperf3: error - unable to connect to server: Resource temporarily unavailable
Sat May  1 13:27:02 2021
iperf3: error - unable to connect to server: Resource temporarily unavailable
Sat May  1 13:27:09 2021
iperf3: error - unable to connect to server: Resource temporarily unavailable
Sat May  1 13:27:16 2021
iperf3: error - unable to connect to server: Resource temporarily unavailable
Sat May  1 13:27:23 2021
iperf3: error - unable to connect to server: Resource temporarily unavailable
Sat May  1 13:27:30 2021
iperf3: error - unable to connect to server: Resource temporarily unavailable
Sat May  1 13:27:37 2021
iperf3: error - unable to connect to server: Resource temporarily unavailable
Sat May  1 13:27:44 2021
iperf3: error - unable to connect to server: Resource temporarily unavailable
Sat May  1 13:27:51 2021
iperf3: error - unable to connect to server: Resource temporarily unavailable
Sat May  1 13:27:58 2021
iperf3: error - unable to connect to server: Resource temporarily unavailable
Sat May  1 13:28:05 2021
iperf3: error - unable to connect to server: Resource temporarily unavailable
Sat May  1 13:28:12 2021
iperf3: error - unable to connect to server: Resource temporarily unavailable
Sat May  1 13:28:19 2021
iperf3: error - unable to connect to server: Resource temporarily unavailable
Sat May  1 13:28:26 2021
iperf3: error - unable to connect to server: Resource temporarily unavailable
Sat May  1 13:28:33 2021
iperf3: error - unable to connect to server: Resource temporarily unavailable
Sat May  1 13:28:40 2021
iperf3: error - unable to connect to server: Resource temporarily unavailable
Sat May  1 13:28:47 2021
iperf3: error - unable to connect to server: Resource temporarily unavailable
Sat May  1 13:28:54 2021
iperf3: error - unable to connect to server: Resource temporarily unavailable
Sat May  1 13:29:01 2021
iperf3: error - unable to connect to server: Resource temporarily unavailable
Sat May  1 13:29:08 2021
iperf3: error - unable to connect to server: Resource temporarily unavailable
Sat May  1 13:29:15 2021
iperf3: error - unable to connect to server: Resource temporarily unavailable
Sat May  1 13:29:22 2021
iperf3: error - unable to connect to server: Resource temporarily unavailable
Sat May  1 13:29:29 2021
iperf3: error - unable to connect to server: Resource temporarily unavailable
Sat May  1 13:29:36 2021
iperf3: error - unable to connect to server: Resource temporarily unavailable
Sat May  1 13:29:43 2021
iperf3: error - unable to connect to server: Resource temporarily unavailable
Sat May  1 13:29:50 2021
iperf3: error - unable to connect to server: Resource temporarily unavailable
Sat May  1 13:29:57 2021
iperf3: error - unable to connect to server: Resource temporarily unavailable
Sat May  1 13:30:04 2021
iperf3: error - unable to connect to server: Resource temporarily unavailable
Sat May  1 13:30:11 2021
iperf3: error - unable to connect to server: Resource temporarily unavailable
Sat May  1 13:30:18 2021
iperf3: error - unable to connect to server: Resource temporarily unavailable
Sat May  1 13:30:25 2021
iperf3: error - unable to connect to server: Resource temporarily unavailable
Sat May  1 13:30:32 2021
iperf3: error - unable to connect to server: Resource temporarily unavailable
Sat May  1 13:30:39 2021
iperf3: error - unable to connect to server: Resource temporarily unavailable
Sat May  1 13:30:46 2021
iperf3: error - unable to connect to server: Resource temporarily unavailable
Sat May  1 13:30:53 2021
iperf3: error - unable to connect to server: Resource temporarily unavailable
Sat May  1 13:31:00 2021
iperf3: error - unable to connect to server: Resource temporarily unavailable
Sat May  1 13:31:07 2021
iperf3: error - unable to connect to server: Resource temporarily unavailable
Sat May  1 13:31:14 2021
iperf3: error - unable to connect to server: Resource temporarily unavailable
Sat May  1 13:31:21 2021
iperf3: error - unable to connect to server: Resource temporarily unavailable
Sat May  1 13:31:28 2021
iperf3: error - unable to connect to server: Resource temporarily unavailable
Sat May  1 13:31:35 2021
iperf3: error - unable to connect to server: Resource temporarily unavailable
Sat May  1 13:31:42 2021
iperf3: error - unable to connect to server: Resource temporarily unavailable
Sat May  1 13:31:49 2021
iperf3: error - unable to connect to server: Resource temporarily unavailable
Sat May  1 13:31:56 2021
iperf3: error - unable to connect to server: Resource temporarily unavailable
Sat May  1 13:32:03 2021
iperf3: error - unable to connect to server: Resource temporarily unavailable
Sat May  1 13:32:10 2021
iperf3: error - unable to connect to server: Resource temporarily unavailable
Sat May  1 13:32:17 2021
iperf3: error - unable to connect to server: Resource temporarily unavailable
Sat May  1 13:32:24 2021
iperf3: error - unable to connect to server: Resource temporarily unavailable
Sat May  1 13:32:31 2021
iperf3: error - unable to connect to server: Resource temporarily unavailable
Sat May  1 13:32:38 2021
iperf3: error - unable to connect to server: Resource temporarily unavailable
Sat May  1 13:32:45 2021
iperf3: error - unable to connect to server: Resource temporarily unavailable
Sat May  1 13:32:52 2021
iperf3: error - unable to connect to server: Resource temporarily unavailable
Sat May  1 13:32:59 2021
iperf3: error - unable to connect to server: Resource temporarily unavailable
Sat May  1 13:33:06 2021
iperf3: error - unable to connect to server: Resource temporarily unavailable
Sat May  1 13:33:13 2021
iperf3: error - unable to connect to server: Resource temporarily unavailable
Sat May  1 13:33:20 2021
iperf3: error - unable to connect to server: Resource temporarily unavailable
Sat May  1 13:33:27 2021
iperf3: error - unable to connect to server: Resource temporarily unavailable
Sat May  1 13:33:34 2021
iperf3: error - unable to connect to server: Resource temporarily unavailable
Sat May  1 13:33:41 2021
iperf3: error - unable to connect to server: Resource temporarily unavailable
Sat May  1 13:33:48 2021
iperf3: error - unable to connect to server: Resource temporarily unavailable
Sat May  1 13:33:55 2021
iperf3: error - unable to connect to server: Resource temporarily unavailable
Sat May  1 13:34:02 2021
iperf3: error - unable to connect to server: Resource temporarily unavailable
Sat May  1 13:34:09 2021
iperf3: error - unable to connect to server: Resource temporarily unavailable
Sat May  1 13:34:16 2021
iperf3: error - unable to connect to server: Resource temporarily unavailable
Sat May  1 13:34:23 2021
iperf3: error - unable to connect to server: Resource temporarily unavailable
Sat May  1 13:34:30 2021
iperf3: error - unable to connect to server: Resource temporarily unavailable
Sat May  1 13:34:37 2021
iperf3: error - unable to connect to server: Resource temporarily unavailable
Sat May  1 13:34:44 2021
iperf3: error - unable to connect to server: Resource temporarily unavailable
Sat May  1 13:34:51 2021
iperf3: error - unable to connect to server: Resource temporarily unavailable
Sat May  1 13:34:58 2021
iperf3: error - unable to connect to server: Resource temporarily unavailable
Sat May  1 13:35:05 2021
iperf3: error - unable to connect to server: Resource temporarily unavailable
Sat May  1 13:35:12 2021
iperf3: error - unable to connect to server: Resource temporarily unavailable
Sat May  1 13:35:19 2021
iperf3: error - unable to connect to server: Resource temporarily unavailable
Sat May  1 13:35:26 2021
iperf3: error - unable to connect to server: Resource temporarily unavailable
Sat May  1 13:35:33 2021
iperf3: error - unable to connect to server: Resource temporarily unavailable
Sat May  1 13:35:40 2021
iperf3: error - unable to connect to server: Resource temporarily unavailable
Sat May  1 13:35:47 2021
iperf3: error - unable to connect to server: Resource temporarily unavailable
Sat May  1 13:35:54 2021
iperf3: error - unable to connect to server: Resource temporarily unavailable
Sat May  1 13:36:01 2021
iperf3: error - unable to connect to server: Resource temporarily unavailable
Sat May  1 13:36:08 2021
iperf3: error - unable to connect to server: Resource temporarily unavailable
Sat May  1 13:36:15 2021
iperf3: error - unable to connect to server: Resource temporarily unavailable
Sat May  1 13:36:22 2021
iperf3: error - unable to connect to server: Resource temporarily unavailable
Sat May  1 13:36:29 2021
iperf3: error - unable to connect to server: Resource temporarily unavailable
Sat May  1 13:36:36 2021
iperf3: error - unable to connect to server: Resource temporarily unavailable
Sat May  1 13:36:43 2021
iperf3: error - unable to connect to server: Resource temporarily unavailable
Sat May  1 13:36:50 2021
iperf3: error - unable to connect to server: Resource temporarily unavailable
Sat May  1 13:36:57 2021
iperf3: error - unable to connect to server: Resource temporarily unavailable
Sat May  1 13:37:04 2021
iperf3: error - unable to connect to server: Resource temporarily unavailable
Sat May  1 13:37:11 2021
iperf3: error - unable to connect to server: Resource temporarily unavailable
Sat May  1 13:37:18 2021
iperf3: error - unable to connect to server: Resource temporarily unavailable
Sat May  1 13:37:25 2021
iperf3: error - unable to connect to server: Resource temporarily unavailable
Sat May  1 13:37:32 2021
iperf3: error - unable to connect to server: Resource temporarily unavailable
Sat May  1 13:37:39 2021
iperf3: error - unable to connect to server: Resource temporarily unavailable
Sat May  1 13:37:46 2021
iperf3: error - unable to connect to server: Resource temporarily unavailable
Sat May  1 13:37:53 2021
iperf3: error - unable to connect to server: Resource temporarily unavailable
Sat May  1 13:38:00 2021
iperf3: error - unable to connect to server: Resource temporarily unavailable
Sat May  1 13:38:07 2021
iperf3: error - unable to connect to server: Resource temporarily unavailable
Sat May  1 13:38:14 2021
iperf3: error - unable to connect to server: Resource temporarily unavailable
Sat May  1 13:38:21 2021
iperf3: error - unable to connect to server: Resource temporarily unavailable
Sat May  1 13:38:28 2021
iperf3: error - unable to connect to server: Resource temporarily unavailable
Sat May  1 13:38:35 2021
iperf3: error - unable to connect to server: Resource temporarily unavailable
Sat May  1 13:38:42 2021
iperf3: error - unable to connect to server: Resource temporarily unavailable
Sat May  1 13:38:49 2021
iperf3: error - unable to connect to server: Resource temporarily unavailable
Sat May  1 13:38:56 2021
iperf3: error - unable to connect to server: Resource temporarily unavailable
Sat May  1 13:39:03 2021
iperf3: error - unable to connect to server: Resource temporarily unavailable
Sat May  1 13:39:10 2021
iperf3: error - unable to connect to server: Resource temporarily unavailable
Sat May  1 13:39:17 2021
iperf3: error - unable to connect to server: Resource temporarily unavailable
Sat May  1 13:39:24 2021
iperf3: error - unable to connect to server: Resource temporarily unavailable
Sat May  1 13:39:31 2021
iperf3: error - unable to connect to server: Resource temporarily unavailable
Sat May  1 13:39:38 2021
iperf3: error - unable to connect to server: Resource temporarily unavailable
Sat May  1 13:39:45 2021
iperf3: error - unable to connect to server: Resource temporarily unavailable
Sat May  1 13:39:52 2021
iperf3: error - unable to connect to server: Resource temporarily unavailable
Sat May  1 13:39:59 2021
iperf3: error - unable to connect to server: Resource temporarily unavailable
Sat May  1 15:50:06 2021
iperf3: error - unable to connect to server: Resource temporarily unavailable
Sat May  1 15:50:13 2021
iperf3: error - unable to connect to server: Resource temporarily unavailable
Sat May  1 15:50:20 2021
iperf3: error - unable to connect to server: Resource temporarily unavailable
Sat May  1 15:50:27 2021
iperf3: error - unable to connect to server: Resource temporarily unavailable
Sat May  1 15:50:34 2021
iperf3: error - unable to connect to server: Resource temporarily unavailable
Sat May  1 15:50:41 2021
iperf3: error - unable to connect to server: Resource temporarily unavailable
Sat May  1 15:50:48 2021
iperf3: error - unable to connect to server: Resource temporarily unavailable
Sat May  1 15:50:55 2021
iperf3: error - unable to connect to server: Resource temporarily unavailable
Sat May  1 15:51:02 2021
iperf3: error - unable to connect to server: Resource temporarily unavailable
Sat May  1 15:51:09 2021
iperf3: error - unable to connect to server: Resource temporarily unavailable
Sat May  1 15:51:16 2021
iperf3: error - unable to connect to server: Resource temporarily unavailable
Sat May  1 15:51:23 2021
iperf3: error - unable to connect to server: Resource temporarily unavailable
Sat May  1 15:51:30 2021
iperf3: error - unable to connect to server: Resource temporarily unavailable
Sat May  1 15:51:37 2021
iperf3: error - unable to connect to server: Resource temporarily unavailable
Sat May  1 15:51:44 2021
iperf3: error - unable to connect to server: Resource temporarily unavailable
Sat May  1 15:51:51 2021
iperf3: error - unable to connect to server: Resource temporarily unavailable
Sat May  1 15:51:58 2021
iperf3: error - unable to connect to server: Resource temporarily unavailable
Sat May  1 15:52:05 2021
iperf3: error - unable to connect to server: Resource temporarily unavailable
Sat May  1 15:52:12 2021
iperf3: error - unable to connect to server: Resource temporarily unavailable
Sat May  1 15:52:19 2021
iperf3: error - unable to connect to server: Resource temporarily unavailable
Sat May  1 15:52:26 2021
iperf3: error - unable to connect to server: Resource temporarily unavailable
Sat May  1 15:52:33 2021
iperf3: error - unable to connect to server: Resource temporarily unavailable
Sat May  1 15:52:40 2021
iperf3: error - unable to connect to server: Resource temporarily unavailable
Sat May  1 15:52:47 2021
iperf3: error - unable to connect to server: Resource temporarily unavailable
Sat May  1 15:52:54 2021
iperf3: error - unable to connect to server: Resource temporarily unavailable
Sat May  1 15:53:01 2021
iperf3: error - unable to connect to server: Resource temporarily unavailable
Sat May  1 15:53:08 2021
iperf3: error - unable to connect to server: Resource temporarily unavailable
Sat May  1 15:53:15 2021
iperf3: error - unable to connect to server: Resource temporarily unavailable
Sat May  1 15:53:22 2021
iperf3: error - unable to connect to server: Resource temporarily unavailable
Sat May  1 15:53:29 2021
Sat May  1 15:53:36 2021
Sat May  1 15:53:43 2021
Sat May  1 15:53:50 2021
Sat May  1 15:53:57 2021
Sat May  1 15:54:04 2021
Sat May  1 15:54:11 2021
Sat May  1 15:54:18 2021
Sat May  1 15:54:25 2021
Sat May  1 15:54:32 2021
Sat May  1 15:54:39 2021
Connecting to host nprabhalmac.wifi.local.cmu.edu, port 6003
[  5] local 192.168.7.208 port 50342 connected to 172.26.211.223 port 6003
[ ID] Interval           Transfer     Bitrate         Retr  Cwnd
[  5]   0.00-1.00   sec   906 KBytes  7.42 Mbits/sec   12   53.7 KBytes       
[  5]   1.00-2.00   sec   126 KBytes  1.03 Mbits/sec    0   59.0 KBytes       
[  5]   2.00-3.00   sec   568 KBytes  4.65 Mbits/sec    0   61.7 KBytes       
[  5]   3.00-4.00   sec   505 KBytes  4.13 Mbits/sec   16   33.5 KBytes       
[  5]   4.00-5.00   sec   189 KBytes  1.55 Mbits/sec    1   25.5 KBytes       
- - - - - - - - - - - - - - - - - - - - - - - - -
[ ID] Interval           Transfer     Bitrate         Retr
[  5]   0.00-5.00   sec  2.24 MBytes  3.76 Mbits/sec   29             sender
[  5]   0.00-5.00   sec  1.97 MBytes  3.31 Mbits/sec                  receiver

iperf Done.
Sat May  1 15:54:46 2021
Connecting to host nprabhalmac.wifi.local.cmu.edu, port 6003
[  5] local 192.168.7.208 port 50346 connected to 172.26.211.223 port 6003
[ ID] Interval           Transfer     Bitrate         Retr  Cwnd
[  5]   0.00-1.00   sec   761 KBytes  6.23 Mbits/sec    0    170 KBytes       
[  5]   1.00-2.00   sec   505 KBytes  4.13 Mbits/sec    7   81.8 KBytes       
[  5]   2.00-3.00   sec   631 KBytes  5.17 Mbits/sec    0   88.6 KBytes       
[  5]   3.00-4.00   sec   252 KBytes  2.07 Mbits/sec    0   88.6 KBytes       
[  5]   4.00-5.00   sec   189 KBytes  1.55 Mbits/sec    2   61.7 KBytes       
- - - - - - - - - - - - - - - - - - - - - - - - -
[ ID] Interval           Transfer     Bitrate         Retr
[  5]   0.00-5.00   sec  2.28 MBytes  3.83 Mbits/sec    9             sender
[  5]   0.00-5.00   sec  1.97 MBytes  3.30 Mbits/sec                  receiver

iperf Done.
Sat May  1 15:54:53 2021
Connecting to host nprabhalmac.wifi.local.cmu.edu, port 6003
[  5] local 192.168.7.208 port 50350 connected to 172.26.211.223 port 6003
[ ID] Interval           Transfer     Bitrate         Retr  Cwnd
[  5]   0.00-1.00   sec  1.05 MBytes  8.78 Mbits/sec    7   83.2 KBytes       
[  5]   1.00-2.00   sec   378 KBytes  3.10 Mbits/sec   11   45.6 KBytes       
[  5]   2.00-3.00   sec   568 KBytes  4.65 Mbits/sec    9   29.5 KBytes       
[  5]   3.00-4.00   sec   946 KBytes  7.75 Mbits/sec    0   44.3 KBytes       
[  5]   4.00-5.00   sec   568 KBytes  4.65 Mbits/sec    5   40.3 KBytes       
- - - - - - - - - - - - - - - - - - - - - - - - -
[ ID] Interval           Transfer     Bitrate         Retr
[  5]   0.00-5.00   sec  3.45 MBytes  5.79 Mbits/sec   32             sender
[  5]   0.00-5.00   sec  3.10 MBytes  5.19 Mbits/sec                  receiver

iperf Done.
Sat May  1 15:55:00 2021
Connecting to host nprabhalmac.wifi.local.cmu.edu, port 6003
[  5] local 192.168.7.208 port 50354 connected to 172.26.211.223 port 6003
[ ID] Interval           Transfer     Bitrate         Retr  Cwnd
[  5]   0.00-1.00   sec   953 KBytes  7.80 Mbits/sec    0    105 KBytes       
[  5]   1.00-2.00   sec   505 KBytes  4.13 Mbits/sec    2   77.8 KBytes       
[  5]   2.00-3.00   sec   946 KBytes  7.75 Mbits/sec    0   93.9 KBytes       
[  5]   3.00-4.00   sec   378 KBytes  3.10 Mbits/sec    0    102 KBytes       
[  5]   4.00-5.00   sec   441 KBytes  3.62 Mbits/sec    1   79.2 KBytes       
- - - - - - - - - - - - - - - - - - - - - - - - -
[ ID] Interval           Transfer     Bitrate         Retr
[  5]   0.00-5.00   sec  3.15 MBytes  5.28 Mbits/sec    3             sender
[  5]   0.00-5.00   sec  3.00 MBytes  5.03 Mbits/sec                  receiver

iperf Done.
Sat May  1 15:55:07 2021
Connecting to host nprabhalmac.wifi.local.cmu.edu, port 6003
[  5] local 192.168.7.208 port 50358 connected to 172.26.211.223 port 6003
[ ID] Interval           Transfer     Bitrate         Retr  Cwnd
[  5]   0.00-1.00   sec  1.09 MBytes  9.18 Mbits/sec    1    103 KBytes       
[  5]   1.00-2.00   sec   757 KBytes  6.20 Mbits/sec    7   56.4 KBytes       
[  5]   2.00-3.00   sec   378 KBytes  3.10 Mbits/sec    1   42.9 KBytes       
[  5]   3.00-4.00   sec   378 KBytes  3.10 Mbits/sec    0   49.6 KBytes       
[  5]   4.00-5.00   sec  0.00 Bytes  0.00 bits/sec    0   52.3 KBytes       
- - - - - - - - - - - - - - - - - - - - - - - - -
[ ID] Interval           Transfer     Bitrate         Retr
[  5]   0.00-5.00   sec  2.57 MBytes  4.31 Mbits/sec    9             sender
[  5]   0.00-5.00   sec  2.28 MBytes  3.82 Mbits/sec                  receiver

iperf Done.
Sat May  1 15:55:14 2021
Sat May  1 15:55:21 2021
Sat May  1 15:55:28 2021
Connecting to host nprabhalmac.wifi.local.cmu.edu, port 6003
[  5] local 192.168.7.208 port 50370 connected to 172.26.211.223 port 6003
[ ID] Interval           Transfer     Bitrate         Retr  Cwnd
[  5]   0.00-1.00   sec   170 KBytes  1.40 Mbits/sec    3   18.8 KBytes       
[  5]   1.00-2.00   sec  57.7 KBytes   472 Kbits/sec    0   21.5 KBytes       
[  5]   2.00-3.00   sec   107 KBytes   879 Kbits/sec    1   16.1 KBytes       
[  5]   3.00-4.00   sec  96.6 KBytes   792 Kbits/sec    0   20.1 KBytes       
[  5]   4.00-5.00   sec  52.3 KBytes   429 Kbits/sec    0   21.5 KBytes       
- - - - - - - - - - - - - - - - - - - - - - - - -
[ ID] Interval           Transfer     Bitrate         Retr
[  5]   0.00-5.00   sec   484 KBytes   794 Kbits/sec    4             sender
[  5]   0.00-5.00   sec   436 KBytes   714 Kbits/sec                  receiver

iperf Done.
Sat May  1 15:55:35 2021
Sat May  1 15:55:42 2021
Sat May  1 15:55:49 2021
Sat May  1 15:55:56 2021
Sat May  1 15:56:03 2021
Sat May  1 15:56:10 2021
Sat May  1 15:56:17 2021
Sat May  1 15:56:24 2021
iperf3: error - unable to connect stream: Resource temporarily unavailable
Connecting to host nprabhalmac.wifi.local.cmu.edu, port 6003
Sat May  1 15:56:31 2021
iperf3: error - unable to connect to server: Resource temporarily unavailable
Sat May  1 15:56:38 2021
Sat May  1 15:56:45 2021
Sat May  1 15:56:52 2021
Connecting to host nprabhalmac.wifi.local.cmu.edu, port 6002
[  5] local 192.168.7.208 port 45200 connected to 172.26.211.223 port 6002
[ ID] Interval           Transfer     Bitrate         Retr  Cwnd
[  5]   0.00-1.00   sec   425 KBytes  3.48 Mbits/sec    1   60.4 KBytes       
[  5]   1.00-2.00   sec   252 KBytes  2.07 Mbits/sec    4   33.5 KBytes       
[  5]   2.00-3.00   sec   252 KBytes  2.07 Mbits/sec    7   12.1 KBytes       
[  5]   3.00-4.00   sec   252 KBytes  2.07 Mbits/sec    1   21.5 KBytes       
[  5]   4.00-5.00   sec   505 KBytes  4.13 Mbits/sec    4   26.8 KBytes       
- - - - - - - - - - - - - - - - - - - - - - - - -
[ ID] Interval           Transfer     Bitrate         Retr
[  5]   0.00-5.00   sec  1.65 MBytes  2.76 Mbits/sec   17             sender
[  5]   0.00-5.00   sec  1.41 MBytes  2.36 Mbits/sec                  receiver

iperf Done.
Sat May  1 15:56:59 2021
Connecting to host nprabhalmac.wifi.local.cmu.edu, port 6002
[  5] local 192.168.7.208 port 45204 connected to 172.26.211.223 port 6002
[ ID] Interval           Transfer     Bitrate         Retr  Cwnd
[  5]   0.00-1.00   sec   785 KBytes  6.43 Mbits/sec    2   81.8 KBytes       
[  5]   1.00-2.00   sec   757 KBytes  6.20 Mbits/sec    0   99.3 KBytes       
[  5]   2.00-3.00   sec  1.11 MBytes  9.30 Mbits/sec    0    107 KBytes       
[  5]   3.00-4.00   sec   568 KBytes  4.65 Mbits/sec    0    109 KBytes       
[  5]   4.00-5.00   sec   189 KBytes  1.55 Mbits/sec    2   75.1 KBytes       
- - - - - - - - - - - - - - - - - - - - - - - - -
[ ID] Interval           Transfer     Bitrate         Retr
[  5]   0.00-5.00   sec  3.35 MBytes  5.62 Mbits/sec    4             sender
[  5]   0.00-5.00   sec  3.15 MBytes  5.28 Mbits/sec                  receiver

iperf Done.
Sat May  1 15:57:06 2021
Connecting to host nprabhalmac.wifi.local.cmu.edu, port 6002
[  5] local 192.168.7.208 port 45208 connected to 172.26.211.223 port 6002
[ ID] Interval           Transfer     Bitrate         Retr  Cwnd
[  5]   0.00-1.00   sec   307 KBytes  2.52 Mbits/sec    9   10.7 KBytes       
[  5]   1.00-2.00   sec  87.2 KBytes   714 Kbits/sec    4   6.71 KBytes       
[  5]   2.00-3.00   sec   172 KBytes  1.41 Mbits/sec    4   10.7 KBytes       
[  5]   3.00-4.00   sec   174 KBytes  1.43 Mbits/sec    3   8.05 KBytes       
[  5]   4.00-5.00   sec  84.5 KBytes   692 Kbits/sec    2   9.39 KBytes       
- - - - - - - - - - - - - - - - - - - - - - - - -
[ ID] Interval           Transfer     Bitrate         Retr
[  5]   0.00-5.00   sec   825 KBytes  1.35 Mbits/sec   22             sender
[  5]   0.00-5.00   sec   746 KBytes  1.22 Mbits/sec                  receiver

iperf Done.
Sat May  1 15:57:13 2021
Connecting to host nprabhalmac.wifi.local.cmu.edu, port 6002
[  5] local 192.168.7.208 port 45212 connected to 172.26.211.223 port 6002
[ ID] Interval           Transfer     Bitrate         Retr  Cwnd
[  5]   0.00-1.00   sec   192 KBytes  1.57 Mbits/sec    4   8.05 KBytes       
[  5]   1.00-2.00   sec  81.8 KBytes   671 Kbits/sec    0   13.4 KBytes       
[  5]   2.00-3.00   sec   115 KBytes   945 Kbits/sec    2   9.39 KBytes       
[  5]   3.00-4.00   sec  44.3 KBytes   363 Kbits/sec    0   13.4 KBytes       
[  5]   4.00-5.00   sec   119 KBytes   978 Kbits/sec    5   9.39 KBytes       
- - - - - - - - - - - - - - - - - - - - - - - - -
[ ID] Interval           Transfer     Bitrate         Retr
[  5]   0.00-5.00   sec   553 KBytes   906 Kbits/sec   11             sender
[  5]   0.00-5.00   sec   509 KBytes   833 Kbits/sec                  receiver

iperf Done.
Sat May  1 15:57:20 2021
Connecting to host nprabhalmac.wifi.local.cmu.edu, port 6002
[  5] local 192.168.7.208 port 45216 connected to 172.26.211.223 port 6002
[ ID] Interval           Transfer     Bitrate         Retr  Cwnd
[  5]   0.00-1.00   sec   393 KBytes  3.22 Mbits/sec   12   16.1 KBytes       
[  5]   1.00-2.00   sec  63.1 KBytes   517 Kbits/sec   13   6.71 KBytes       
[  5]   2.00-3.00   sec   126 KBytes  1.03 Mbits/sec    2   9.39 KBytes       
[  5]   3.00-4.00   sec  63.1 KBytes   516 Kbits/sec    2   9.39 KBytes       
[  5]   4.00-5.00   sec   126 KBytes  1.03 Mbits/sec    8   9.39 KBytes       
- - - - - - - - - - - - - - - - - - - - - - - - -
[ ID] Interval           Transfer     Bitrate         Retr
[  5]   0.00-5.00   sec   772 KBytes  1.26 Mbits/sec   37             sender
[  5]   0.00-5.00   sec   655 KBytes  1.07 Mbits/sec                  receiver

iperf Done.
Sat May  1 15:57:27 2021
Connecting to host nprabhalmac.wifi.local.cmu.edu, port 6002
[  5] local 192.168.7.208 port 45220 connected to 172.26.211.223 port 6002
[ ID] Interval           Transfer     Bitrate         Retr  Cwnd
[  5]   0.00-1.00   sec   160 KBytes  1.31 Mbits/sec    2   12.1 KBytes       
[  5]   1.00-2.00   sec   119 KBytes   978 Kbits/sec    2   9.39 KBytes       
[  5]   2.00-3.00   sec   107 KBytes   879 Kbits/sec    6   8.05 KBytes       
[  5]   3.00-4.00   sec   130 KBytes  1.07 Mbits/sec    6   5.37 KBytes       
[  5]   4.00-5.00   sec  88.6 KBytes   725 Kbits/sec    7   5.37 KBytes       
- - - - - - - - - - - - - - - - - - - - - - - - -
[ ID] Interval           Transfer     Bitrate         Retr
[  5]   0.00-5.00   sec   605 KBytes   991 Kbits/sec   23             sender
[  5]   0.00-5.00   sec   558 KBytes   914 Kbits/sec                  receiver

iperf Done.
Sat May  1 15:57:34 2021
Connecting to host nprabhalmac.wifi.local.cmu.edu, port 6002
[  5] local 192.168.7.208 port 45224 connected to 172.26.211.223 port 6002
[ ID] Interval           Transfer     Bitrate         Retr  Cwnd
[  5]   0.00-1.00   sec  76.5 KBytes   626 Kbits/sec    3   8.05 KBytes       
[  5]   1.00-2.00   sec  99.3 KBytes   814 Kbits/sec    2   10.7 KBytes       
[  5]   2.00-3.00   sec  53.7 KBytes   440 Kbits/sec    1   8.05 KBytes       
[  5]   3.00-4.00   sec  53.7 KBytes   440 Kbits/sec    1   8.05 KBytes       
[  5]   4.00-5.00   sec  51.0 KBytes   418 Kbits/sec    4   9.39 KBytes       
- - - - - - - - - - - - - - - - - - - - - - - - -
[ ID] Interval           Transfer     Bitrate         Retr
[  5]   0.00-5.00   sec   334 KBytes   547 Kbits/sec   11             sender
[  5]   0.00-5.00   sec   283 KBytes   464 Kbits/sec                  receiver

iperf Done.
Sat May  1 15:57:41 2021
Connecting to host nprabhalmac.wifi.local.cmu.edu, port 6002
[  5] local 192.168.7.208 port 45228 connected to 172.26.211.223 port 6002
[ ID] Interval           Transfer     Bitrate         Retr  Cwnd
[  5]   0.00-1.00   sec   121 KBytes   989 Kbits/sec    4   16.1 KBytes       
[  5]   1.00-2.00   sec  80.5 KBytes   660 Kbits/sec    2   10.7 KBytes       
[  5]   2.00-3.00   sec  81.8 KBytes   670 Kbits/sec    7   6.71 KBytes       
[  5]   3.00-4.00   sec   102 KBytes   836 Kbits/sec    1   9.39 KBytes       
[  5]   4.00-5.00   sec  34.9 KBytes   286 Kbits/sec    2   9.39 KBytes       
- - - - - - - - - - - - - - - - - - - - - - - - -
[ ID] Interval           Transfer     Bitrate         Retr
[  5]   0.00-5.00   sec   420 KBytes   688 Kbits/sec   16             sender
[  5]   0.00-5.00   sec   399 KBytes   653 Kbits/sec                  receiver

iperf Done.
Sat May  1 15:57:48 2021
Sat May  1 15:57:55 2021
Sat May  1 15:58:02 2021
Sat May  1 15:58:09 2021
Sat May  1 15:58:16 2021
Sat May  1 15:58:23 2021
Sat May  1 15:58:30 2021
Sat May  1 15:58:37 2021
Sat May  1 15:58:44 2021
Sat May  1 15:58:51 2021
iperf3: error - unable to connect to server: Resource temporarily unavailable
Sat May  1 15:58:58 2021
Connecting to host nprabhalmac.wifi.local.cmu.edu, port 6001
[  5] local 192.168.7.208 port 53850 connected to 172.26.211.223 port 6001
[ ID] Interval           Transfer     Bitrate         Retr  Cwnd
[  5]   0.00-1.00   sec   199 KBytes  1.63 Mbits/sec   13   8.05 KBytes       
[  5]   1.00-2.00   sec   126 KBytes  1.03 Mbits/sec    8   24.2 KBytes       
[  5]   2.00-3.00   sec   126 KBytes  1.03 Mbits/sec   15   13.4 KBytes       
[  5]   3.00-4.00   sec   315 KBytes  2.58 Mbits/sec    7   20.1 KBytes       
[  5]   4.00-5.00   sec   189 KBytes  1.55 Mbits/sec    4   10.7 KBytes       
- - - - - - - - - - - - - - - - - - - - - - - - -
[ ID] Interval           Transfer     Bitrate         Retr
[  5]   0.00-5.00   sec   955 KBytes  1.56 Mbits/sec   47             sender
[  5]   0.00-5.00   sec   780 KBytes  1.28 Mbits/sec                  receiver

iperf Done.
Sat May  1 15:59:05 2021
Connecting to host nprabhalmac.wifi.local.cmu.edu, port 6001
[  5] local 192.168.7.208 port 53854 connected to 172.26.211.223 port 6001
[ ID] Interval           Transfer     Bitrate         Retr  Cwnd
[  5]   0.00-1.00   sec   266 KBytes  2.18 Mbits/sec   17   32.2 KBytes       
[  5]   1.00-2.00   sec   138 KBytes  1.13 Mbits/sec   15   20.1 KBytes       
[  5]   2.00-3.00   sec   318 KBytes  2.61 Mbits/sec   11   18.8 KBytes       
[  5]   3.00-4.00   sec   378 KBytes  3.10 Mbits/sec   10   14.8 KBytes       
[  5]   4.00-5.00   sec   189 KBytes  1.55 Mbits/sec    9   10.7 KBytes       
- - - - - - - - - - - - - - - - - - - - - - - - -
[ ID] Interval           Transfer     Bitrate         Retr
[  5]   0.00-5.00   sec  1.26 MBytes  2.11 Mbits/sec   62             sender
[  5]   0.00-5.00   sec  1.15 MBytes  1.93 Mbits/sec                  receiver

iperf Done.
Sat May  1 15:59:12 2021
Connecting to host nprabhalmac.wifi.local.cmu.edu, port 6001
[  5] local 192.168.7.208 port 53858 connected to 172.26.211.223 port 6001
[ ID] Interval           Transfer     Bitrate         Retr  Cwnd
[  5]   0.00-1.00   sec   177 KBytes  1.45 Mbits/sec   14   16.1 KBytes       
[  5]   1.00-2.00   sec   195 KBytes  1.59 Mbits/sec    7   18.8 KBytes       
[  5]   2.00-3.00   sec   195 KBytes  1.59 Mbits/sec   20   10.7 KBytes       
[  5]   3.00-4.00   sec   399 KBytes  3.26 Mbits/sec    8   17.4 KBytes       
[  5]   4.00-5.00   sec  63.1 KBytes   516 Kbits/sec    5   13.4 KBytes       
- - - - - - - - - - - - - - - - - - - - - - - - -
[ ID] Interval           Transfer     Bitrate         Retr
[  5]   0.00-5.00   sec  1.00 MBytes  1.68 Mbits/sec   54             sender
[  5]   0.00-5.00   sec   908 KBytes  1.49 Mbits/sec                  receiver

iperf Done.
Sat May  1 15:59:19 2021
Connecting to host nprabhalmac.wifi.local.cmu.edu, port 6001
[  5] local 192.168.7.208 port 53862 connected to 172.26.211.223 port 6001
[ ID] Interval           Transfer     Bitrate         Retr  Cwnd
[  5]   0.00-1.00   sec   377 KBytes  3.09 Mbits/sec   26   57.7 KBytes       
[  5]   1.00-2.00   sec  0.00 Bytes  0.00 bits/sec    2   8.05 KBytes       
[  5]   2.00-3.00   sec   126 KBytes  1.03 Mbits/sec   17   12.1 KBytes       
[  5]   3.00-4.00   sec   126 KBytes  1.03 Mbits/sec   10   20.1 KBytes       
[  5]   4.00-5.00   sec   126 KBytes  1.03 Mbits/sec    1   20.1 KBytes       
- - - - - - - - - - - - - - - - - - - - - - - - -
[ ID] Interval           Transfer     Bitrate         Retr
[  5]   0.00-5.00   sec   755 KBytes  1.24 Mbits/sec   56             sender
[  5]   0.00-5.00   sec   537 KBytes   879 Kbits/sec                  receiver

iperf Done.
Sat May  1 15:59:26 2021
Connecting to host nprabhalmac.wifi.local.cmu.edu, port 6001
[  5] local 192.168.7.208 port 53866 connected to 172.26.211.223 port 6001
[ ID] Interval           Transfer     Bitrate         Retr  Cwnd
[  5]   0.00-1.00   sec   161 KBytes  1.32 Mbits/sec   16   18.8 KBytes       
[  5]   1.00-2.00   sec   105 KBytes   858 Kbits/sec   10   12.1 KBytes       
[  5]   2.00-3.00   sec   205 KBytes  1.68 Mbits/sec   10   13.4 KBytes       
[  5]   3.00-4.00   sec  0.00 Bytes  0.00 bits/sec    6   5.37 KBytes       
[  5]   4.00-5.00   sec   126 KBytes  1.03 Mbits/sec    4   10.7 KBytes       
- - - - - - - - - - - - - - - - - - - - - - - - -
[ ID] Interval           Transfer     Bitrate         Retr
[  5]   0.00-5.00   sec   597 KBytes   978 Kbits/sec   46             sender
[  5]   0.00-5.00   sec   479 KBytes   785 Kbits/sec                  receiver

iperf Done.
Sat May  1 15:59:33 2021
Sat May  1 15:59:40 2021
iperf3: error - unable to connect to server: Resource temporarily unavailable
Sat May  1 15:59:47 2021
Connecting to host nprabhalmac.wifi.local.cmu.edu, port 6002
[  5] local 192.168.7.208 port 45280 connected to 172.26.211.223 port 6002
[ ID] Interval           Transfer     Bitrate         Retr  Cwnd
[  5]   0.00-1.00   sec   263 KBytes  2.15 Mbits/sec   12   6.71 KBytes       
[  5]   1.00-2.00   sec   248 KBytes  2.03 Mbits/sec    3   9.39 KBytes       
[  5]   2.00-3.00   sec  48.3 KBytes   395 Kbits/sec    0   13.4 KBytes       
[  5]   3.00-4.00   sec   118 KBytes   968 Kbits/sec    6   6.71 KBytes       
[  5]   4.00-5.00   sec   121 KBytes   989 Kbits/sec    4   9.39 KBytes       
- - - - - - - - - - - - - - - - - - - - - - - - -
[ ID] Interval           Transfer     Bitrate         Retr
[  5]   0.00-5.00   sec   798 KBytes  1.31 Mbits/sec   25             sender
[  5]   0.00-5.00   sec   770 KBytes  1.26 Mbits/sec                  receiver

iperf Done.
Sat May  1 15:59:54 2021
Connecting to host nprabhalmac.wifi.local.cmu.edu, port 6002
[  5] local 192.168.7.208 port 45284 connected to 172.26.211.223 port 6002
[ ID] Interval           Transfer     Bitrate         Retr  Cwnd
[  5]   0.00-1.00   sec   305 KBytes  2.49 Mbits/sec    1   32.2 KBytes       
[  5]   1.00-2.00   sec  77.8 KBytes   637 Kbits/sec   10   8.05 KBytes       
[  5]   2.00-3.00   sec   192 KBytes  1.57 Mbits/sec    7   6.71 KBytes       
[  5]   3.00-4.00   sec   126 KBytes  1.03 Mbits/sec    7   5.37 KBytes       
[  5]   4.00-5.00   sec   252 KBytes  2.07 Mbits/sec    2   13.4 KBytes       
- - - - - - - - - - - - - - - - - - - - - - - - -
[ ID] Interval           Transfer     Bitrate         Retr
[  5]   0.00-5.00   sec   953 KBytes  1.56 Mbits/sec   27             sender
[  5]   0.00-5.00   sec   828 KBytes  1.36 Mbits/sec                  receiver

iperf Done.
Sat May  1 16:00:01 2021
Connecting to host nprabhalmac.wifi.local.cmu.edu, port 6002
[  5] local 192.168.7.208 port 45288 connected to 172.26.211.223 port 6002
[ ID] Interval           Transfer     Bitrate         Retr  Cwnd
[  5]   0.00-1.00   sec   291 KBytes  2.38 Mbits/sec    2   17.4 KBytes       
[  5]   1.00-2.00   sec   250 KBytes  2.04 Mbits/sec    4   12.1 KBytes       
[  5]   2.00-3.00   sec   344 KBytes  2.81 Mbits/sec    9   8.05 KBytes       
[  5]   3.00-4.00   sec   188 KBytes  1.54 Mbits/sec    6   5.37 KBytes       
[  5]   4.00-5.00   sec   174 KBytes  1.43 Mbits/sec    5   9.39 KBytes       
- - - - - - - - - - - - - - - - - - - - - - - - -
[ ID] Interval           Transfer     Bitrate         Retr
[  5]   0.00-5.00   sec  1.22 MBytes  2.04 Mbits/sec   26             sender
[  5]   0.00-5.00   sec  1.15 MBytes  1.93 Mbits/sec                  receiver

iperf Done.
Sat May  1 16:00:08 2021
Connecting to host nprabhalmac.wifi.local.cmu.edu, port 6002
[  5] local 192.168.7.208 port 45292 connected to 172.26.211.223 port 6002
[ ID] Interval           Transfer     Bitrate         Retr  Cwnd
[  5]   0.00-1.00   sec   354 KBytes  2.90 Mbits/sec    6   9.39 KBytes       
[  5]   1.00-2.00   sec  89.9 KBytes   736 Kbits/sec    4   9.39 KBytes       
[  5]   2.00-3.00   sec   157 KBytes  1.29 Mbits/sec    0   17.4 KBytes       
[  5]   3.00-4.00   sec  81.8 KBytes   670 Kbits/sec    0   20.1 KBytes       
[  5]   4.00-5.00   sec   193 KBytes  1.58 Mbits/sec    0   25.5 KBytes       
- - - - - - - - - - - - - - - - - - - - - - - - -
[ ID] Interval           Transfer     Bitrate         Retr
[  5]   0.00-5.00   sec   876 KBytes  1.44 Mbits/sec   10             sender
[  5]   0.00-5.00   sec   827 KBytes  1.35 Mbits/sec                  receiver

iperf Done.
Sat May  1 16:00:15 2021
Connecting to host nprabhalmac.wifi.local.cmu.edu, port 6002
[  5] local 192.168.7.208 port 45296 connected to 172.26.211.223 port 6002
[ ID] Interval           Transfer     Bitrate         Retr  Cwnd
[  5]   0.00-1.00   sec   209 KBytes  1.71 Mbits/sec    8   10.7 KBytes       
[  5]   1.00-2.00   sec   126 KBytes  1.03 Mbits/sec    5   9.39 KBytes       
[  5]   2.00-3.00   sec   150 KBytes  1.23 Mbits/sec    0   16.1 KBytes       
[  5]   3.00-4.00   sec   201 KBytes  1.65 Mbits/sec    9   8.05 KBytes       
[  5]   4.00-5.00   sec   357 KBytes  2.92 Mbits/sec    5   14.8 KBytes       
- - - - - - - - - - - - - - - - - - - - - - - - -
[ ID] Interval           Transfer     Bitrate         Retr
[  5]   0.00-5.00   sec  1.02 MBytes  1.71 Mbits/sec   27             sender
[  5]   0.00-5.00   sec   988 KBytes  1.62 Mbits/sec                  receiver

iperf Done.
Sat May  1 16:00:22 2021
Connecting to host nprabhalmac.wifi.local.cmu.edu, port 6002
[  5] local 192.168.7.208 port 45300 connected to 172.26.211.223 port 6002
[ ID] Interval           Transfer     Bitrate         Retr  Cwnd
[  5]   0.00-1.00   sec   309 KBytes  2.53 Mbits/sec    2   41.6 KBytes       
[  5]   1.00-2.00   sec   189 KBytes  1.55 Mbits/sec    6   29.5 KBytes       
[  5]   2.00-3.00   sec   252 KBytes  2.07 Mbits/sec    1   25.5 KBytes       
[  5]   3.00-4.00   sec   252 KBytes  2.07 Mbits/sec    1   21.5 KBytes       
[  5]   4.00-5.00   sec   126 KBytes  1.03 Mbits/sec    4   5.37 KBytes       
- - - - - - - - - - - - - - - - - - - - - - - - -
[ ID] Interval           Transfer     Bitrate         Retr
[  5]   0.00-5.00   sec  1.10 MBytes  1.85 Mbits/sec   14             sender
[  5]   0.00-5.00   sec   832 KBytes  1.36 Mbits/sec                  receiver

iperf Done.
Sat May  1 16:00:29 2021
Sat May  1 16:00:36 2021
Connecting to host nprabhalmac.wifi.local.cmu.edu, port 6002
[  5] local 192.168.7.208 port 45308 connected to 172.26.211.223 port 6002
[ ID] Interval           Transfer     Bitrate         Retr  Cwnd
[  5]   0.00-1.01   sec   301 KBytes  2.44 Mbits/sec    4   30.9 KBytes       
[  5]   1.01-2.00   sec   126 KBytes  1.04 Mbits/sec    2   18.8 KBytes       
[  5]   2.00-3.00   sec   189 KBytes  1.55 Mbits/sec    1   17.4 KBytes       
[  5]   3.00-4.00   sec   195 KBytes  1.59 Mbits/sec    0   22.8 KBytes       
[  5]   4.00-5.00   sec   133 KBytes  1.09 Mbits/sec    5   18.8 KBytes       
- - - - - - - - - - - - - - - - - - - - - - - - -
[ ID] Interval           Transfer     Bitrate         Retr
[  5]   0.00-5.00   sec   943 KBytes  1.55 Mbits/sec   12             sender
[  5]   0.00-5.00   sec   816 KBytes  1.34 Mbits/sec                  receiver

iperf Done.
Sat May  1 16:00:43 2021
Connecting to host nprabhalmac.wifi.local.cmu.edu, port 6002
[  5] local 192.168.7.208 port 45312 connected to 172.26.211.223 port 6002
[ ID] Interval           Transfer     Bitrate         Retr  Cwnd
[  5]   0.00-1.00   sec   294 KBytes  2.41 Mbits/sec    1   34.9 KBytes       
[  5]   1.00-2.00   sec  63.1 KBytes   517 Kbits/sec    9   12.1 KBytes       
[  5]   2.00-3.00   sec   126 KBytes  1.03 Mbits/sec    5   6.71 KBytes       
[  5]   3.00-4.00   sec   126 KBytes  1.03 Mbits/sec    1   12.1 KBytes       
[  5]   4.00-5.00   sec   126 KBytes  1.03 Mbits/sec    8   5.37 KBytes       
- - - - - - - - - - - - - - - - - - - - - - - - -
[ ID] Interval           Transfer     Bitrate         Retr
[  5]   0.00-5.00   sec   735 KBytes  1.20 Mbits/sec   24             sender
[  5]   0.00-5.00   sec   588 KBytes   963 Kbits/sec                  receiver

iperf Done.
Sat May  1 16:00:50 2021
Connecting to host nprabhalmac.wifi.local.cmu.edu, port 6002
[  5] local 192.168.7.208 port 45316 connected to 172.26.211.223 port 6002
[ ID] Interval           Transfer     Bitrate         Retr  Cwnd
[  5]   0.00-1.00   sec   225 KBytes  1.85 Mbits/sec   13   14.8 KBytes       
[  5]   1.00-2.00   sec  68.4 KBytes   560 Kbits/sec    2   14.8 KBytes       
[  5]   2.00-3.00   sec  63.1 KBytes   517 Kbits/sec    0   18.8 KBytes       
[  5]   3.00-4.00   sec   130 KBytes  1.07 Mbits/sec    8   5.37 KBytes       
[  5]   4.00-5.00   sec  63.1 KBytes   516 Kbits/sec    3   6.71 KBytes       
- - - - - - - - - - - - - - - - - - - - - - - - -
[ ID] Interval           Transfer     Bitrate         Retr
[  5]   0.00-5.00   sec   550 KBytes   901 Kbits/sec   26             sender
[  5]   0.00-5.00   sec   466 KBytes   763 Kbits/sec                  receiver

iperf Done.
Sat May  1 16:00:57 2021
Connecting to host nprabhalmac.wifi.local.cmu.edu, port 6002
[  5] local 192.168.7.208 port 45320 connected to 172.26.211.223 port 6002
[ ID] Interval           Transfer     Bitrate         Retr  Cwnd
[  5]   0.00-1.00   sec   122 KBytes  1000 Kbits/sec    8   16.1 KBytes       
[  5]   1.00-2.00   sec  49.6 KBytes   407 Kbits/sec    0   20.1 KBytes       
[  5]   2.00-3.00   sec  53.7 KBytes   440 Kbits/sec    0   20.1 KBytes       
[  5]   3.00-4.00   sec  0.00 Bytes  0.00 bits/sec    0   20.1 KBytes       
[  5]   4.00-5.00   sec  60.4 KBytes   495 Kbits/sec    1   17.4 KBytes       
- - - - - - - - - - - - - - - - - - - - - - - - -
[ ID] Interval           Transfer     Bitrate         Retr
[  5]   0.00-5.00   sec   286 KBytes   468 Kbits/sec    9             sender
[  5]   0.00-5.00   sec   256 KBytes   420 Kbits/sec                  receiver

iperf Done.
Sat May  1 16:01:04 2021
Connecting to host nprabhalmac.wifi.local.cmu.edu, port 6002
[  5] local 192.168.7.208 port 45324 connected to 172.26.211.223 port 6002
[ ID] Interval           Transfer     Bitrate         Retr  Cwnd
[  5]   0.00-1.00   sec  76.5 KBytes   626 Kbits/sec    0   26.8 KBytes       
[  5]   1.00-2.00   sec   101 KBytes   824 Kbits/sec    0   52.3 KBytes       
[  5]   2.00-3.00   sec  0.00 Bytes  0.00 bits/sec    0   52.3 KBytes       
[  5]   3.00-4.00   sec  0.00 Bytes  0.00 bits/sec    1   40.3 KBytes       
[  5]   4.00-5.00   sec   109 KBytes   891 Kbits/sec    0   37.6 KBytes       
- - - - - - - - - - - - - - - - - - - - - - - - -
[ ID] Interval           Transfer     Bitrate         Retr
[  5]   0.00-5.00   sec   286 KBytes   468 Kbits/sec    1             sender
[  5]   0.00-5.00   sec   150 KBytes   246 Kbits/sec                  receiver

iperf Done.
Sat May  1 16:01:11 2021
Sat May  1 16:01:18 2021
Sat May  1 16:01:25 2021
Sat May  1 16:01:32 2021
Sat May  1 16:01:39 2021
iperf3: error - unable to connect to server: Resource temporarily unavailable
Sat May  1 16:01:46 2021
Connecting to host nprabhalmac.wifi.local.cmu.edu, port 6003
[  5] local 192.168.7.208 port 50536 connected to 172.26.211.223 port 6003
[ ID] Interval           Transfer     Bitrate         Retr  Cwnd
[  5]   0.00-1.00   sec   396 KBytes  3.24 Mbits/sec   23   21.5 KBytes       
[  5]   1.00-2.00   sec   378 KBytes  3.10 Mbits/sec   22   10.7 KBytes       
[  5]   2.00-3.00   sec   126 KBytes  1.03 Mbits/sec   15   8.05 KBytes       
[  5]   3.00-4.00   sec   378 KBytes  3.10 Mbits/sec    4   18.8 KBytes       
[  5]   4.00-5.00   sec   126 KBytes  1.03 Mbits/sec   19   9.39 KBytes       
- - - - - - - - - - - - - - - - - - - - - - - - -
[ ID] Interval           Transfer     Bitrate         Retr
[  5]   0.00-5.00   sec  1.37 MBytes  2.30 Mbits/sec   83             sender
[  5]   0.00-5.00   sec  1.20 MBytes  2.00 Mbits/sec                  receiver

iperf Done.
Sat May  1 16:01:53 2021
Connecting to host nprabhalmac.wifi.local.cmu.edu, port 6003
[  5] local 192.168.7.208 port 50540 connected to 172.26.211.223 port 6003
[ ID] Interval           Transfer     Bitrate         Retr  Cwnd
[  5]   0.00-1.00   sec   496 KBytes  4.07 Mbits/sec   16   10.7 KBytes       
[  5]   1.00-2.00   sec   189 KBytes  1.55 Mbits/sec   17   16.1 KBytes       
[  5]   2.00-3.00   sec   568 KBytes  4.65 Mbits/sec    6   25.5 KBytes       
[  5]   3.00-4.00   sec   648 KBytes  5.31 Mbits/sec    8   26.8 KBytes       
[  5]   4.00-5.00   sec   189 KBytes  1.55 Mbits/sec   15   13.4 KBytes       
- - - - - - - - - - - - - - - - - - - - - - - - -
[ ID] Interval           Transfer     Bitrate         Retr
[  5]   0.00-5.00   sec  2.04 MBytes  3.43 Mbits/sec   62             sender
[  5]   0.00-5.00   sec  1.91 MBytes  3.20 Mbits/sec                  receiver

iperf Done.
Sat May  1 16:02:00 2021
Connecting to host nprabhalmac.wifi.local.cmu.edu, port 6003
[  5] local 192.168.7.208 port 50544 connected to 172.26.211.223 port 6003
[ ID] Interval           Transfer     Bitrate         Retr  Cwnd
[  5]   0.00-1.00   sec   717 KBytes  5.87 Mbits/sec    2   61.7 KBytes       
[  5]   1.00-2.00   sec   315 KBytes  2.58 Mbits/sec   11   48.3 KBytes       
[  5]   2.00-3.00   sec   126 KBytes  1.03 Mbits/sec    0   55.0 KBytes       
[  5]   3.00-4.00   sec   126 KBytes  1.03 Mbits/sec    2   41.6 KBytes       
[  5]   4.00-5.00   sec   252 KBytes  2.07 Mbits/sec    3   33.5 KBytes       
- - - - - - - - - - - - - - - - - - - - - - - - -
[ ID] Interval           Transfer     Bitrate         Retr
[  5]   0.00-5.00   sec  1.50 MBytes  2.52 Mbits/sec   18             sender
[  5]   0.00-5.00   sec  1.29 MBytes  2.16 Mbits/sec                  receiver

iperf Done.
Sat May  1 16:02:07 2021
Sat May  1 16:02:15 2021
Connecting to host nprabhalmac.wifi.local.cmu.edu, port 6003
[  5] local 192.168.7.208 port 50552 connected to 172.26.211.223 port 6003
[ ID] Interval           Transfer     Bitrate         Retr  Cwnd
[  5]   0.00-1.00   sec   887 KBytes  7.26 Mbits/sec   16    109 KBytes       
[  5]   1.00-2.00   sec   441 KBytes  3.62 Mbits/sec   15   56.4 KBytes       
[  5]   2.00-3.00   sec   189 KBytes  1.55 Mbits/sec   20   18.8 KBytes       
[  5]   3.00-4.00   sec   568 KBytes  4.65 Mbits/sec    4   25.5 KBytes       
[  5]   4.00-5.00   sec   378 KBytes  3.10 Mbits/sec    5   18.8 KBytes       
- - - - - - - - - - - - - - - - - - - - - - - - -
[ ID] Interval           Transfer     Bitrate         Retr
[  5]   0.00-5.00   sec  2.41 MBytes  4.04 Mbits/sec   60             sender
[  5]   0.00-5.00   sec  1.92 MBytes  3.23 Mbits/sec                  receiver

iperf Done.
Sat May  1 16:02:22 2021
Connecting to host nprabhalmac.wifi.local.cmu.edu, port 6003
[  5] local 192.168.7.208 port 50556 connected to 172.26.211.223 port 6003
[ ID] Interval           Transfer     Bitrate         Retr  Cwnd
[  5]   0.00-1.00   sec   376 KBytes  3.08 Mbits/sec    9   29.5 KBytes       
[  5]   1.00-2.00   sec   337 KBytes  2.76 Mbits/sec   16   20.1 KBytes       
[  5]   2.00-3.00   sec   152 KBytes  1.24 Mbits/sec   11   6.71 KBytes       
[  5]   3.00-4.00   sec  63.1 KBytes   516 Kbits/sec    1   1.34 KBytes       
[  5]   4.00-5.00   sec   152 KBytes  1.24 Mbits/sec    1   17.4 KBytes       
- - - - - - - - - - - - - - - - - - - - - - - - -
[ ID] Interval           Transfer     Bitrate         Retr
[  5]   0.00-5.00   sec  1.05 MBytes  1.77 Mbits/sec   38             sender
[  5]   0.00-5.00   sec   963 KBytes  1.58 Mbits/sec                  receiver

iperf Done.
Sat May  1 16:02:29 2021
Connecting to host nprabhalmac.wifi.local.cmu.edu, port 6003
[  5] local 192.168.7.208 port 50560 connected to 172.26.211.223 port 6003
[ ID] Interval           Transfer     Bitrate         Retr  Cwnd
[  5]   0.00-1.00   sec   337 KBytes  2.76 Mbits/sec    3   10.7 KBytes       
[  5]   1.00-2.00   sec   337 KBytes  2.76 Mbits/sec    1   16.1 KBytes       
[  5]   2.00-3.00   sec   127 KBytes  1.04 Mbits/sec    9   9.39 KBytes       
[  5]   3.00-4.00   sec   153 KBytes  1.25 Mbits/sec    0   17.4 KBytes       
[  5]   4.00-5.00   sec   357 KBytes  2.92 Mbits/sec    3   20.1 KBytes       
- - - - - - - - - - - - - - - - - - - - - - - - -
[ ID] Interval           Transfer     Bitrate         Retr
[  5]   0.00-5.00   sec  1.28 MBytes  2.15 Mbits/sec   16             sender
[  5]   0.00-5.00   sec  1.23 MBytes  2.06 Mbits/sec                  receiver

iperf Done.
Sat May  1 16:02:36 2021
Connecting to host nprabhalmac.wifi.local.cmu.edu, port 6003
[  5] local 192.168.7.208 port 50564 connected to 172.26.211.223 port 6003
[ ID] Interval           Transfer     Bitrate         Retr  Cwnd
[  5]   0.00-1.00   sec   177 KBytes  1.45 Mbits/sec   15   21.5 KBytes       
[  5]   1.00-2.00   sec  0.00 Bytes  0.00 bits/sec    0   21.5 KBytes       
[  5]   2.00-3.00   sec  0.00 Bytes  0.00 bits/sec    1   1.34 KBytes       
[  5]   3.00-4.00   sec  0.00 Bytes  0.00 bits/sec   16   13.4 KBytes       
[  5]   4.00-5.00   sec  80.5 KBytes   660 Kbits/sec   13   9.39 KBytes       
- - - - - - - - - - - - - - - - - - - - - - - - -
[ ID] Interval           Transfer     Bitrate         Retr
[  5]   0.00-5.00   sec   258 KBytes   422 Kbits/sec   45             sender
[  5]   0.00-5.00   sec   156 KBytes   255 Kbits/sec                  receiver

iperf Done.
Sat May  1 16:02:43 2021
Sat May  1 16:02:50 2021
Connecting to host nprabhalmac.wifi.local.cmu.edu, port 6003
[  5] local 192.168.7.208 port 50568 connected to 172.26.211.223 port 6003
[ ID] Interval           Transfer     Bitrate         Retr  Cwnd
[  5]   0.00-1.00   sec   184 KBytes  1.51 Mbits/sec    5   13.4 KBytes       
[  5]   1.00-2.00   sec  0.00 Bytes  0.00 bits/sec   10   6.71 KBytes       
[  5]   2.00-3.00   sec  85.9 KBytes   704 Kbits/sec    0   12.1 KBytes       
[  5]   3.00-4.00   sec  0.00 Bytes  0.00 bits/sec    0   12.1 KBytes       
[  5]   4.00-5.00   sec  0.00 Bytes  0.00 bits/sec    0   12.1 KBytes       
- - - - - - - - - - - - - - - - - - - - - - - - -
[ ID] Interval           Transfer     Bitrate         Retr
[  5]   0.00-5.00   sec   270 KBytes   442 Kbits/sec   15             sender
[  5]   0.00-5.00   sec   219 KBytes   358 Kbits/sec                  receiver

iperf Done.
Sat May  1 16:02:57 2021
Sat May  1 16:03:05 2021
Sat May  1 16:03:11 2021
Sat May  1 16:03:18 2021
Sat May  1 16:03:26 2021
Sat May  1 16:03:32 2021
Sat May  1 16:03:39 2021
Sat May  1 16:03:46 2021
iperf3: error - unable to receive control message: Connection reset by peer
Sat May  1 16:03:53 2021
Sat May  1 16:04:00 2021
Connecting to host nprabhalmac.wifi.local.cmu.edu, port 6003
[  5] local 192.168.7.208 port 50596 connected to 172.26.211.223 port 6003
[ ID] Interval           Transfer     Bitrate         Retr  Cwnd
[  5]   0.00-1.00   sec  76.5 KBytes   626 Kbits/sec    2   1.34 KBytes       
[  5]   1.00-2.00   sec  0.00 Bytes  0.00 bits/sec   10   5.37 KBytes       
[  5]   2.00-3.00   sec  0.00 Bytes  0.00 bits/sec    1   2.68 KBytes       
[  5]   3.00-4.00   sec  0.00 Bytes  0.00 bits/sec    4   2.68 KBytes       
[  5]   4.00-5.00   sec  0.00 Bytes  0.00 bits/sec    0   2.68 KBytes       
- - - - - - - - - - - - - - - - - - - - - - - - -
[ ID] Interval           Transfer     Bitrate         Retr
[  5]   0.00-5.00   sec  76.5 KBytes   125 Kbits/sec   17             sender
[  5]   0.00-5.00   sec  25.5 KBytes  41.8 Kbits/sec                  receiver

iperf Done.
Sat May  1 16:04:07 2021
Sat May  1 16:04:14 2021
iperf3: error - unable to connect to server: Resource temporarily unavailable
Sat May  1 16:04:21 2021
iperf3: error - unable to connect to server: Resource temporarily unavailable
Sat May  1 16:04:28 2021
iperf3: error - unable to connect to server: Resource temporarily unavailable
Sat May  1 16:04:35 2021
iperf3: error - unable to connect to server: Resource temporarily unavailable
Sat May  1 16:04:42 2021
iperf3: error - unable to connect to server: Resource temporarily unavailable
Sat May  1 16:04:49 2021
iperf3: error - unable to connect to server: Resource temporarily unavailable
Sat May  1 16:04:56 2021
iperf3: error - unable to connect to server: Resource temporarily unavailable
Sat May  1 16:05:03 2021
iperf3: error - unable to connect to server: Resource temporarily unavailable
Sat May  1 16:05:10 2021
iperf3: error - unable to connect to server: Resource temporarily unavailable
Sat May  1 16:05:17 2021
iperf3: error - unable to connect to server: Resource temporarily unavailable
Sat May  1 16:05:24 2021
iperf3: error - unable to connect to server: Resource temporarily unavailable
Sat May  1 16:05:31 2021
iperf3: error - unable to connect to server: Resource temporarily unavailable
Sat May  1 16:05:38 2021
iperf3: error - unable to connect to server: Resource temporarily unavailable
Sat May  1 16:05:45 2021
iperf3: error - unable to connect to server: Resource temporarily unavailable
