Sat May  1 16:53:29 2021
iperf3: error - unable to connect to server: Resource temporarily unavailable
Sat May  1 16:53:36 2021
iperf3: error - unable to connect to server: Resource temporarily unavailable
Sat May  1 16:53:43 2021
iperf3: error - unable to connect to server: Resource temporarily unavailable
Sat May  1 16:53:50 2021
iperf3: error - unable to connect to server: Resource temporarily unavailable
Sat May  1 16:53:57 2021
iperf3: error - unable to connect to server: Resource temporarily unavailable
Sat May  1 16:54:04 2021
iperf3: error - unable to connect to server: Resource temporarily unavailable
Sat May  1 16:54:11 2021
iperf3: error - unable to connect to server: Resource temporarily unavailable
Sat May  1 16:54:18 2021
iperf3: error - unable to connect to server: Resource temporarily unavailable
Sat May  1 16:54:25 2021
iperf3: error - unable to connect to server: Resource temporarily unavailable
Sat May  1 16:54:32 2021
iperf3: error - unable to connect to server: Resource temporarily unavailable
Sat May  1 16:54:39 2021
iperf3: error - unable to connect to server: Resource temporarily unavailable
Sat May  1 16:54:46 2021
iperf3: error - unable to connect to server: Resource temporarily unavailable
Sat May  1 16:54:53 2021
iperf3: error - unable to connect to server: Resource temporarily unavailable
Sat May  1 16:55:00 2021
iperf3: error - unable to connect to server: Resource temporarily unavailable
Sat May  1 16:55:07 2021
iperf3: error - unable to connect to server: Resource temporarily unavailable
Sat May  1 16:55:14 2021
iperf3: error - unable to connect to server: Resource temporarily unavailable
Sat May  1 16:55:21 2021
Sat May  1 16:55:28 2021
iperf3: error - unable to connect to server: Connection reset by peer
Sat May  1 16:55:35 2021
Connecting to host nprabhalmac.wifi.local.cmu.edu, port 6003
[  5] local 192.168.7.176 port 59384 connected to 172.26.211.223 port 6003
[ ID] Interval           Transfer     Bitrate         Retr  Cwnd
[  5]   0.00-1.00   sec   161 KBytes  1.32 Mbits/sec    2   21.5 KBytes       
[  5]   1.00-2.00   sec  0.00 Bytes  0.00 bits/sec    0   26.8 KBytes       
[  5]   2.00-3.00   sec  48.3 KBytes   396 Kbits/sec    0   26.8 KBytes       
[  5]   3.00-4.00   sec  48.3 KBytes   396 Kbits/sec    0   28.2 KBytes       
[  5]   4.00-5.00   sec  0.00 Bytes  0.00 bits/sec    1   24.2 KBytes       
- - - - - - - - - - - - - - - - - - - - - - - - -
[ ID] Interval           Transfer     Bitrate         Retr
[  5]   0.00-5.00   sec   258 KBytes   422 Kbits/sec    3             sender
[  5]   0.00-5.00   sec   227 KBytes   371 Kbits/sec                  receiver

iperf Done.
Sat May  1 16:55:42 2021
Connecting to host nprabhalmac.wifi.local.cmu.edu, port 6003
[  5] local 192.168.7.176 port 59388 connected to 172.26.211.223 port 6003
[ ID] Interval           Transfer     Bitrate         Retr  Cwnd
[  5]   0.00-1.00   sec   193 KBytes  1.58 Mbits/sec    0   42.9 KBytes       
[  5]   1.00-2.00   sec  0.00 Bytes  0.00 bits/sec    0   44.3 KBytes       
[  5]   2.00-3.00   sec  0.00 Bytes  0.00 bits/sec    0   45.6 KBytes       
[  5]   3.00-4.00   sec   106 KBytes   869 Kbits/sec    1   34.9 KBytes       
[  5]   4.00-5.00   sec  0.00 Bytes  0.00 bits/sec    0   41.6 KBytes       
- - - - - - - - - - - - - - - - - - - - - - - - -
[ ID] Interval           Transfer     Bitrate         Retr
[  5]   0.00-5.00   sec   299 KBytes   490 Kbits/sec    1             sender
[  5]   0.00-5.00   sec   259 KBytes   424 Kbits/sec                  receiver

iperf Done.
Sat May  1 16:55:49 2021
Sat May  1 16:55:57 2021
Sat May  1 16:56:03 2021
Sat May  1 16:56:10 2021
Sat May  1 16:56:18 2021
Sat May  1 16:56:25 2021
Sat May  1 16:56:31 2021
Sat May  1 16:56:38 2021
Sat May  1 16:56:45 2021
Sat May  1 16:56:52 2021
Sat May  1 16:56:59 2021
Sat May  1 16:57:07 2021
Sat May  1 16:57:13 2021
Connecting to host nprabhalmac.wifi.local.cmu.edu, port 6003
[  5] local 192.168.7.176 port 59434 connected to 172.26.211.223 port 6003
[ ID] Interval           Transfer     Bitrate         Retr  Cwnd
[  5]   0.00-1.00   sec   185 KBytes  1.52 Mbits/sec    1   49.6 KBytes       
[  5]   1.00-2.00   sec   248 KBytes  2.03 Mbits/sec    1   40.3 KBytes       
[  5]   2.00-3.00   sec   154 KBytes  1.26 Mbits/sec    0   49.6 KBytes       
[  5]   3.00-4.00   sec   144 KBytes  1.18 Mbits/sec    1   37.6 KBytes       
[  5]   4.00-5.00   sec   126 KBytes  1.03 Mbits/sec    3   14.8 KBytes       
- - - - - - - - - - - - - - - - - - - - - - - - -
[ ID] Interval           Transfer     Bitrate         Retr
[  5]   0.00-5.00   sec   857 KBytes  1.40 Mbits/sec    6             sender
[  5]   0.00-5.00   sec   734 KBytes  1.20 Mbits/sec                  receiver

iperf Done.
Sat May  1 16:57:20 2021
Connecting to host nprabhalmac.wifi.local.cmu.edu, port 6003
[  5] local 192.168.7.176 port 59438 connected to 172.26.211.223 port 6003
[ ID] Interval           Transfer     Bitrate         Retr  Cwnd
[  5]   0.00-1.00   sec   191 KBytes  1.56 Mbits/sec   11   33.5 KBytes       
[  5]   1.00-2.00   sec  71.1 KBytes   583 Kbits/sec   10   14.8 KBytes       
[  5]   2.00-3.00   sec  63.1 KBytes   517 Kbits/sec   14   6.71 KBytes       
[  5]   3.00-4.00   sec  0.00 Bytes  0.00 bits/sec    7   1.34 KBytes       
[  5]   4.00-5.00   sec  63.1 KBytes   517 Kbits/sec    6   4.03 KBytes       
- - - - - - - - - - - - - - - - - - - - - - - - -
[ ID] Interval           Transfer     Bitrate         Retr
[  5]   0.00-5.00   sec   388 KBytes   635 Kbits/sec   48             sender
[  5]   0.00-5.00   sec   233 KBytes   382 Kbits/sec                  receiver

iperf Done.
Sat May  1 16:57:27 2021
Sat May  1 16:57:34 2021
iperf3: error - unable to receive control message: Connection reset by peer
Sat May  1 16:57:41 2021
Connecting to host nprabhalmac.wifi.local.cmu.edu, port 6003
[  5] local 192.168.7.176 port 59448 connected to 172.26.211.223 port 6003
[ ID] Interval           Transfer     Bitrate         Retr  Cwnd
[  5]   0.00-1.00   sec  1.19 MBytes  9.97 Mbits/sec    2    131 KBytes       
[  5]   1.00-2.00   sec   252 KBytes  2.07 Mbits/sec   16   63.1 KBytes       
[  5]   2.00-3.00   sec   252 KBytes  2.07 Mbits/sec    3   34.9 KBytes       
[  5]   3.00-4.00   sec   252 KBytes  2.07 Mbits/sec    1   25.5 KBytes       
[  5]   4.00-5.00   sec  0.00 Bytes  0.00 bits/sec    7   16.1 KBytes       
- - - - - - - - - - - - - - - - - - - - - - - - -
[ ID] Interval           Transfer     Bitrate         Retr
[  5]   0.00-5.00   sec  1.93 MBytes  3.23 Mbits/sec   29             sender
[  5]   0.00-5.00   sec  1.49 MBytes  2.50 Mbits/sec                  receiver

iperf Done.
Sat May  1 16:57:48 2021
Sat May  1 16:57:55 2021
Sat May  1 16:58:03 2021
Sat May  1 16:58:10 2021
Sat May  1 16:58:16 2021
iperf3: error - unable to connect to server: Connection refused
Sat May  1 16:58:23 2021
iperf3: error - unable to connect to server: Resource temporarily unavailable
Sat May  1 16:58:30 2021
iperf3: error - unable to connect to server: Resource temporarily unavailable
Sat May  1 16:58:37 2021
Connecting to host nprabhalmac.wifi.local.cmu.edu, port 6002
[  5] local 192.168.7.176 port 46808 connected to 172.26.211.223 port 6002
[ ID] Interval           Transfer     Bitrate         Retr  Cwnd
[  5]   0.00-1.00   sec   353 KBytes  2.89 Mbits/sec    3   14.8 KBytes       
[  5]   1.00-2.00   sec   309 KBytes  2.53 Mbits/sec    0   25.5 KBytes       
[  5]   2.00-3.00   sec   268 KBytes  2.20 Mbits/sec    0   30.9 KBytes       
[  5]   3.00-4.00   sec   168 KBytes  1.37 Mbits/sec    7   13.4 KBytes       
[  5]   4.00-5.00   sec   200 KBytes  1.64 Mbits/sec    2   12.1 KBytes       
- - - - - - - - - - - - - - - - - - - - - - - - -
[ ID] Interval           Transfer     Bitrate         Retr
[  5]   0.00-5.00   sec  1.27 MBytes  2.13 Mbits/sec   12             sender
[  5]   0.00-5.00   sec  1.17 MBytes  1.97 Mbits/sec                  receiver

iperf Done.
Sat May  1 16:58:44 2021
Connecting to host nprabhalmac.wifi.local.cmu.edu, port 6002
[  5] local 192.168.7.176 port 46812 connected to 172.26.211.223 port 6002
[ ID] Interval           Transfer     Bitrate         Retr  Cwnd
[  5]   0.00-1.00   sec   224 KBytes  1.84 Mbits/sec    5   13.4 KBytes       
[  5]   1.00-2.00   sec  83.2 KBytes   681 Kbits/sec    1   13.4 KBytes       
[  5]   2.00-3.00   sec  38.9 KBytes   319 Kbits/sec    4   8.05 KBytes       
[  5]   3.00-4.00   sec  71.1 KBytes   583 Kbits/sec    4   8.05 KBytes       
[  5]   4.00-5.00   sec   140 KBytes  1.14 Mbits/sec    4   5.37 KBytes       
- - - - - - - - - - - - - - - - - - - - - - - - -
[ ID] Interval           Transfer     Bitrate         Retr
[  5]   0.00-5.00   sec   557 KBytes   912 Kbits/sec   18             sender
[  5]   0.00-5.00   sec   509 KBytes   833 Kbits/sec                  receiver

iperf Done.
Sat May  1 16:58:51 2021
Sat May  1 16:58:59 2021
Sat May  1 16:59:05 2021
Sat May  1 16:59:12 2021
Sat May  1 16:59:19 2021
Sat May  1 16:59:26 2021
Sat May  1 16:59:33 2021
Sat May  1 16:59:40 2021
Sat May  1 16:59:47 2021
Connecting to host nprabhalmac.wifi.local.cmu.edu, port 6002
[  5] local 192.168.7.176 port 46848 connected to 172.26.211.223 port 6002
[ ID] Interval           Transfer     Bitrate         Retr  Cwnd
[  5]   0.00-1.00   sec   200 KBytes  1.64 Mbits/sec    0   44.3 KBytes       
[  5]   1.00-2.00   sec  99.3 KBytes   813 Kbits/sec    0   48.3 KBytes       
[  5]   2.00-3.00   sec  89.9 KBytes   736 Kbits/sec    0   52.3 KBytes       
[  5]   3.00-4.00   sec  84.5 KBytes   693 Kbits/sec    0   52.3 KBytes       
[  5]   4.00-5.00   sec  81.8 KBytes   671 Kbits/sec    0   52.3 KBytes       
- - - - - - - - - - - - - - - - - - - - - - - - -
[ ID] Interval           Transfer     Bitrate         Retr
[  5]   0.00-5.00   sec   556 KBytes   910 Kbits/sec    0             sender
[  5]   0.00-5.00   sec   455 KBytes   745 Kbits/sec                  receiver

iperf Done.
Sat May  1 16:59:54 2021
Connecting to host nprabhalmac.wifi.local.cmu.edu, port 6002
[  5] local 192.168.7.176 port 46852 connected to 172.26.211.223 port 6002
[ ID] Interval           Transfer     Bitrate         Retr  Cwnd
[  5]   0.00-1.00   sec   129 KBytes  1.05 Mbits/sec    1   13.4 KBytes       
[  5]   1.00-2.00   sec   114 KBytes   935 Kbits/sec    0   17.4 KBytes       
[  5]   2.00-3.00   sec  55.0 KBytes   451 Kbits/sec    0   20.1 KBytes       
[  5]   3.00-4.00   sec   113 KBytes   924 Kbits/sec    0   22.8 KBytes       
[  5]   4.00-5.00   sec  51.0 KBytes   418 Kbits/sec    0   25.5 KBytes       
- - - - - - - - - - - - - - - - - - - - - - - - -
[ ID] Interval           Transfer     Bitrate         Retr
[  5]   0.00-5.00   sec   462 KBytes   756 Kbits/sec    1             sender
[  5]   0.00-5.00   sec   411 KBytes   673 Kbits/sec                  receiver

iperf Done.
Sat May  1 17:00:01 2021
Connecting to host nprabhalmac.wifi.local.cmu.edu, port 6002
[  5] local 192.168.7.176 port 46856 connected to 172.26.211.223 port 6002
[ ID] Interval           Transfer     Bitrate         Retr  Cwnd
[  5]   0.00-1.00   sec   200 KBytes  1.64 Mbits/sec    0   42.9 KBytes       
[  5]   1.00-2.00   sec  98.0 KBytes   803 Kbits/sec    0   47.0 KBytes       
[  5]   2.00-3.00   sec  0.00 Bytes  0.00 bits/sec    0   48.3 KBytes       
[  5]   3.00-4.00   sec  81.8 KBytes   671 Kbits/sec    0   53.7 KBytes       
[  5]   4.00-5.00   sec  79.2 KBytes   649 Kbits/sec    0   53.7 KBytes       
- - - - - - - - - - - - - - - - - - - - - - - - -
[ ID] Interval           Transfer     Bitrate         Retr
[  5]   0.00-5.00   sec   459 KBytes   752 Kbits/sec    0             sender
[  5]   0.00-5.00   sec   361 KBytes   591 Kbits/sec                  receiver

iperf Done.
Sat May  1 17:00:08 2021
Sat May  1 17:00:15 2021
Connecting to host nprabhalmac.wifi.local.cmu.edu, port 6002
[  5] local 192.168.7.176 port 46864 connected to 172.26.211.223 port 6002
[ ID] Interval           Transfer     Bitrate         Retr  Cwnd
[  5]   0.00-2.63   sec  75.1 KBytes   234 Kbits/sec    0   13.4 KBytes       
[  5]   2.63-3.00   sec  0.00 Bytes  0.00 bits/sec    0   22.8 KBytes       
[  5]   3.00-4.00   sec   106 KBytes   868 Kbits/sec    1   36.2 KBytes       
[  5]   4.00-5.00   sec  0.00 Bytes  0.00 bits/sec    1   14.8 KBytes       
- - - - - - - - - - - - - - - - - - - - - - - - -
[ ID] Interval           Transfer     Bitrate         Retr
[  5]   0.00-5.00   sec   181 KBytes   297 Kbits/sec    2             sender
[  5]   0.00-5.00   sec  22.8 KBytes  37.4 Kbits/sec                  receiver

iperf Done.
Sat May  1 17:00:22 2021
Sat May  1 17:00:29 2021
Sat May  1 17:00:36 2021
iperf3: error - unable to connect to server: Resource temporarily unavailable
Sat May  1 17:00:43 2021
Sat May  1 17:00:50 2021
Sat May  1 17:00:57 2021
Connecting to host nprabhalmac.wifi.local.cmu.edu, port 6003
[  5] local 192.168.7.176 port 59536 connected to 172.26.211.223 port 6003
[ ID] Interval           Transfer     Bitrate         Retr  Cwnd
[  5]   0.00-1.00   sec   113 KBytes   923 Kbits/sec    4   13.4 KBytes       
[  5]   1.00-2.00   sec   131 KBytes  1.08 Mbits/sec    1   12.1 KBytes       
[  5]   2.00-3.00   sec  0.00 Bytes  0.00 bits/sec    1   8.05 KBytes       
[  5]   3.00-4.00   sec  0.00 Bytes  0.00 bits/sec    1   9.39 KBytes       
[  5]   4.00-5.00   sec  92.6 KBytes   759 Kbits/sec    0   12.1 KBytes       
- - - - - - - - - - - - - - - - - - - - - - - - -
[ ID] Interval           Transfer     Bitrate         Retr
[  5]   0.00-5.00   sec   337 KBytes   552 Kbits/sec    7             sender
[  5]   0.00-5.00   sec   223 KBytes   365 Kbits/sec                  receiver

iperf Done.
Sat May  1 17:01:04 2021
Sat May  1 17:01:11 2021
Sat May  1 17:01:18 2021
Sat May  1 17:01:25 2021
Sat May  1 17:01:32 2021
Sat May  1 17:01:40 2021
Sat May  1 17:01:46 2021
iperf3: error - unable to connect to server: Connection refused
Sat May  1 17:01:53 2021
iperf3: error - unable to connect to server: Connection refused
Sat May  1 17:02:00 2021
iperf3: error - unable to connect to server: Resource temporarily unavailable
Sat May  1 17:02:07 2021
iperf3: error - unable to connect to server: Resource temporarily unavailable
Sat May  1 17:02:14 2021
iperf3: error - unable to connect to server: Resource temporarily unavailable
Sat May  1 17:02:21 2021
iperf3: error - unable to connect to server: Resource temporarily unavailable
Sat May  1 17:02:28 2021
iperf3: error - unable to connect to server: Resource temporarily unavailable
Sat May  1 17:02:35 2021
iperf3: error - unable to connect to server: Resource temporarily unavailable
Sat May  1 17:02:42 2021
iperf3: error - unable to connect to server: Resource temporarily unavailable
Sat May  1 17:02:49 2021
iperf3: error - unable to connect to server: Resource temporarily unavailable
Sat May  1 17:02:56 2021
iperf3: error - unable to connect to server: Resource temporarily unavailable
Sat May  1 17:03:03 2021
iperf3: error - unable to connect to server: Resource temporarily unavailable
Sat May  1 17:03:10 2021
iperf3: error - unable to connect to server: Resource temporarily unavailable
Sat May  1 17:03:17 2021
iperf3: error - unable to connect to server: Resource temporarily unavailable
