Sat May  1 17:05:28 2021
iperf3: error - unable to connect to server: Resource temporarily unavailable
Sat May  1 17:05:35 2021
iperf3: error - unable to connect to server: Resource temporarily unavailable
Sat May  1 17:05:42 2021
iperf3: error - unable to connect to server: Resource temporarily unavailable
Sat May  1 17:05:49 2021
iperf3: error - unable to connect to server: Resource temporarily unavailable
Sat May  1 17:05:56 2021
iperf3: error - unable to connect to server: Resource temporarily unavailable
Sat May  1 17:06:03 2021
iperf3: error - unable to connect to server: Resource temporarily unavailable
Sat May  1 17:06:10 2021
iperf3: error - unable to connect to server: Resource temporarily unavailable
Sat May  1 17:06:17 2021
iperf3: error - unable to connect to server: Resource temporarily unavailable
Sat May  1 17:06:24 2021
iperf3: error - unable to connect to server: Resource temporarily unavailable
Sat May  1 17:06:31 2021
iperf3: error - unable to connect to server: Resource temporarily unavailable
Sat May  1 17:06:38 2021
iperf3: error - unable to connect to server: Resource temporarily unavailable
Sat May  1 17:06:45 2021
iperf3: error - unable to connect to server: Resource temporarily unavailable
Sat May  1 17:06:52 2021
iperf3: error - unable to connect to server: Connection refused
Sat May  1 17:06:59 2021
iperf3: error - unable to connect to server: Connection refused
Sat May  1 17:07:06 2021
iperf3: error - unable to connect to server: Connection refused
Sat May  1 17:07:13 2021
iperf3: error - unable to connect to server: Connection refused
Sat May  1 17:07:20 2021
iperf3: error - unable to connect to server: Connection refused
Sat May  1 17:07:27 2021
iperf3: error - unable to connect to server: Connection refused
Sat May  1 17:07:34 2021
iperf3: error - unable to connect to server: Connection refused
Sat May  1 17:07:41 2021
iperf3: error - unable to connect to server: Connection refused
Sat May  1 17:07:48 2021
Connecting to host nprabhalmac.wifi.local.cmu.edu, port 6003
[  5] local 192.168.7.176 port 59600 connected to 172.26.211.223 port 6003
[ ID] Interval           Transfer     Bitrate         Retr  Cwnd
[  5]   0.00-1.00   sec   119 KBytes   978 Kbits/sec    2   22.8 KBytes       
[  5]   1.00-2.00   sec   113 KBytes   923 Kbits/sec   12   16.1 KBytes       
[  5]   2.00-3.00   sec  0.00 Bytes  0.00 bits/sec    0   18.8 KBytes       
[  5]   3.00-4.00   sec  85.9 KBytes   704 Kbits/sec    0   18.8 KBytes       
[  5]   4.00-5.00   sec  0.00 Bytes  0.00 bits/sec    0   18.8 KBytes       
- - - - - - - - - - - - - - - - - - - - - - - - -
[ ID] Interval           Transfer     Bitrate         Retr
[  5]   0.00-5.00   sec   318 KBytes   521 Kbits/sec   14             sender
[  5]   0.00-5.00   sec   237 KBytes   389 Kbits/sec                  receiver

iperf Done.
Sat May  1 17:07:55 2021
iperf3: error - unable to connect to server: Resource temporarily unavailable
Sat May  1 17:08:02 2021
iperf3: error - unable to connect to server: Resource temporarily unavailable
Sat May  1 17:08:09 2021
iperf3: error - unable to connect to server: Resource temporarily unavailable
Sat May  1 17:08:16 2021
iperf3: error - unable to connect to server: Resource temporarily unavailable
Sat May  1 17:08:23 2021
Sat May  1 17:08:30 2021
Sat May  1 17:08:37 2021
Sat May  1 17:08:44 2021
Sat May  1 17:08:51 2021
Sat May  1 17:08:58 2021
Sat May  1 17:09:05 2021
Sat May  1 17:09:12 2021
Connecting to host nprabhalmac.wifi.local.cmu.edu, port 6003
[  5] local 192.168.7.176 port 59628 connected to 172.26.211.223 port 6003
[ ID] Interval           Transfer     Bitrate         Retr  Cwnd
[  5]   0.00-1.00   sec   236 KBytes  1.93 Mbits/sec    5   13.4 KBytes       
[  5]   1.00-2.00   sec  40.3 KBytes   330 Kbits/sec    4   8.05 KBytes       
[  5]   2.00-3.00   sec  44.3 KBytes   363 Kbits/sec    0   9.39 KBytes       
[  5]   3.00-4.00   sec  0.00 Bytes  0.00 bits/sec    0   10.7 KBytes       
[  5]   4.00-5.00   sec  48.3 KBytes   396 Kbits/sec    0   13.4 KBytes       
- - - - - - - - - - - - - - - - - - - - - - - - -
[ ID] Interval           Transfer     Bitrate         Retr
[  5]   0.00-5.00   sec   369 KBytes   604 Kbits/sec    9             sender
[  5]   0.00-5.00   sec   319 KBytes   523 Kbits/sec                  receiver

iperf Done.
Sat May  1 17:09:19 2021
Sat May  1 17:09:26 2021
Sat May  1 17:09:33 2021
Sat May  1 17:09:40 2021
Connecting to host nprabhalmac.wifi.local.cmu.edu, port 6003
[  5] local 192.168.7.176 port 59644 connected to 172.26.211.223 port 6003
[ ID] Interval           Transfer     Bitrate         Retr  Cwnd
[  5]   0.00-1.00   sec   564 KBytes  4.62 Mbits/sec    1   61.7 KBytes       
[  5]   1.00-2.00   sec   126 KBytes  1.03 Mbits/sec    0   67.1 KBytes       
[  5]   2.00-3.00   sec   378 KBytes  3.10 Mbits/sec    0   84.5 KBytes       
[  5]   3.00-4.00   sec   252 KBytes  2.07 Mbits/sec    1   63.1 KBytes       
[  5]   4.00-5.00   sec   441 KBytes  3.62 Mbits/sec   12   51.0 KBytes       
- - - - - - - - - - - - - - - - - - - - - - - - -
[ ID] Interval           Transfer     Bitrate         Retr
[  5]   0.00-5.00   sec  1.72 MBytes  2.89 Mbits/sec   14             sender
[  5]   0.00-5.00   sec  1.50 MBytes  2.51 Mbits/sec                  receiver

iperf Done.
Sat May  1 17:09:47 2021
Connecting to host nprabhalmac.wifi.local.cmu.edu, port 6003
[  5] local 192.168.7.176 port 59648 connected to 172.26.211.223 port 6003
[ ID] Interval           Transfer     Bitrate         Retr  Cwnd
[  5]   0.00-1.00   sec   558 KBytes  4.57 Mbits/sec    5   38.9 KBytes       
[  5]   1.00-2.00   sec   378 KBytes  3.10 Mbits/sec    7   30.9 KBytes       
[  5]   2.00-3.00   sec   378 KBytes  3.10 Mbits/sec    5   8.05 KBytes       
[  5]   3.00-4.00   sec   378 KBytes  3.10 Mbits/sec    8   22.8 KBytes       
[  5]   4.00-5.00   sec   378 KBytes  3.10 Mbits/sec   12   18.8 KBytes       
- - - - - - - - - - - - - - - - - - - - - - - - -
[ ID] Interval           Transfer     Bitrate         Retr
[  5]   0.00-5.00   sec  2.02 MBytes  3.39 Mbits/sec   37             sender
[  5]   0.00-5.00   sec  1.87 MBytes  3.13 Mbits/sec                  receiver

iperf Done.
Sat May  1 17:09:54 2021
Connecting to host nprabhalmac.wifi.local.cmu.edu, port 6003
[  5] local 192.168.7.176 port 59652 connected to 172.26.211.223 port 6003
[ ID] Interval           Transfer     Bitrate         Retr  Cwnd
[  5]   0.00-1.00   sec   580 KBytes  4.75 Mbits/sec   17   37.6 KBytes       
[  5]   1.00-2.00   sec   378 KBytes  3.10 Mbits/sec    6   24.2 KBytes       
[  5]   2.00-3.00   sec   378 KBytes  3.10 Mbits/sec    4   18.8 KBytes       
[  5]   3.00-4.00   sec   252 KBytes  2.07 Mbits/sec    0   26.8 KBytes       
[  5]   4.00-5.00   sec   126 KBytes  1.03 Mbits/sec    2   24.2 KBytes       
- - - - - - - - - - - - - - - - - - - - - - - - -
[ ID] Interval           Transfer     Bitrate         Retr
[  5]   0.00-5.00   sec  1.67 MBytes  2.81 Mbits/sec   29             sender
[  5]   0.00-5.00   sec  1.52 MBytes  2.54 Mbits/sec                  receiver

iperf Done.
Sat May  1 17:10:01 2021
Connecting to host nprabhalmac.wifi.local.cmu.edu, port 6003
[  5] local 192.168.7.176 port 59656 connected to 172.26.211.223 port 6003
[ ID] Interval           Transfer     Bitrate         Retr  Cwnd
[  5]   0.00-1.00   sec  1.03 MBytes  8.67 Mbits/sec    4    145 KBytes       
[  5]   1.00-2.00   sec   252 KBytes  2.07 Mbits/sec   11   1.34 KBytes       
[  5]   2.00-3.00   sec   252 KBytes  2.07 Mbits/sec    9   28.2 KBytes       
[  5]   3.00-4.00   sec   252 KBytes  2.07 Mbits/sec    8   21.5 KBytes       
[  5]   4.00-5.00   sec   505 KBytes  4.13 Mbits/sec    4   30.9 KBytes       
- - - - - - - - - - - - - - - - - - - - - - - - -
[ ID] Interval           Transfer     Bitrate         Retr
[  5]   0.00-5.00   sec  2.27 MBytes  3.80 Mbits/sec   36             sender
[  5]   0.00-5.00   sec  1.86 MBytes  3.12 Mbits/sec                  receiver

iperf Done.
Sat May  1 17:10:08 2021
Connecting to host nprabhalmac.wifi.local.cmu.edu, port 6003
[  5] local 192.168.7.176 port 59660 connected to 172.26.211.223 port 6003
[ ID] Interval           Transfer     Bitrate         Retr  Cwnd
[  5]   0.00-1.00   sec   759 KBytes  6.22 Mbits/sec   11   49.6 KBytes       
[  5]   1.00-2.00   sec   505 KBytes  4.13 Mbits/sec   16   41.6 KBytes       
[  5]   2.00-3.00   sec   694 KBytes  5.68 Mbits/sec    0   52.3 KBytes       
[  5]   3.00-4.00   sec   378 KBytes  3.10 Mbits/sec   10   44.3 KBytes       
[  5]   4.00-5.00   sec  0.00 Bytes  0.00 bits/sec    5   33.5 KBytes       
- - - - - - - - - - - - - - - - - - - - - - - - -
[ ID] Interval           Transfer     Bitrate         Retr
[  5]   0.00-5.00   sec  2.28 MBytes  3.83 Mbits/sec   42             sender
[  5]   0.00-5.00   sec  2.11 MBytes  3.54 Mbits/sec                  receiver

iperf Done.
Sat May  1 17:10:15 2021
Sat May  1 17:10:22 2021
Sat May  1 17:10:29 2021
Sat May  1 17:10:36 2021
Sat May  1 17:10:43 2021
iperf3: error - unable to connect to server: Resource temporarily unavailable
Sat May  1 17:10:50 2021
iperf3: error - unable to connect to server: Resource temporarily unavailable
Sat May  1 17:10:57 2021
Connecting to host nprabhalmac.wifi.local.cmu.edu, port 6002
[  5] local 192.168.7.176 port 47010 connected to 172.26.211.223 port 6002
[ ID] Interval           Transfer     Bitrate         Retr  Cwnd
[  5]   0.00-1.00   sec   556 KBytes  4.55 Mbits/sec    3   40.3 KBytes       
[  5]   1.00-2.00   sec   378 KBytes  3.10 Mbits/sec   14   10.7 KBytes       
[  5]   2.00-3.00   sec   126 KBytes  1.03 Mbits/sec    1   13.4 KBytes       
[  5]   3.00-4.00   sec  0.00 Bytes  0.00 bits/sec    0   16.1 KBytes       
[  5]   4.00-5.00   sec   126 KBytes  1.03 Mbits/sec    2   10.7 KBytes       
- - - - - - - - - - - - - - - - - - - - - - - - -
[ ID] Interval           Transfer     Bitrate         Retr
[  5]   0.00-5.00   sec  1.16 MBytes  1.94 Mbits/sec   20             sender
[  5]   0.00-5.00   sec  1.01 MBytes  1.70 Mbits/sec                  receiver

iperf Done.
Sat May  1 17:11:04 2021
Connecting to host nprabhalmac.wifi.local.cmu.edu, port 6002
[  5] local 192.168.7.176 port 47014 connected to 172.26.211.223 port 6002
[ ID] Interval           Transfer     Bitrate         Retr  Cwnd
[  5]   0.00-1.00   sec   121 KBytes   989 Kbits/sec    5   9.39 KBytes       
[  5]   1.00-2.00   sec  44.3 KBytes   363 Kbits/sec    3   9.39 KBytes       
[  5]   2.00-3.00   sec  88.6 KBytes   726 Kbits/sec    1   9.39 KBytes       
[  5]   3.00-4.00   sec  0.00 Bytes  0.00 bits/sec    7   5.37 KBytes       
[  5]   4.00-5.00   sec  45.6 KBytes   374 Kbits/sec    0   10.7 KBytes       
- - - - - - - - - - - - - - - - - - - - - - - - -
[ ID] Interval           Transfer     Bitrate         Retr
[  5]   0.00-5.00   sec   299 KBytes   490 Kbits/sec   16             sender
[  5]   0.00-5.00   sec   239 KBytes   391 Kbits/sec                  receiver

iperf Done.
Sat May  1 17:11:11 2021
Sat May  1 17:11:18 2021
Sat May  1 17:11:25 2021
Sat May  1 17:11:32 2021
iperf3: error - unable to connect to server: Resource temporarily unavailable
Sat May  1 17:11:39 2021
iperf3: error - unable to connect to server: Resource temporarily unavailable
Sat May  1 17:11:46 2021
Sat May  1 17:11:53 2021
Sat May  1 17:12:00 2021
Sat May  1 17:12:07 2021
Sat May  1 17:12:14 2021
iperf3: error - unable to connect to server: Resource temporarily unavailable
Sat May  1 17:12:21 2021
Sat May  1 17:12:28 2021
Sat May  1 17:12:35 2021
Sat May  1 17:12:42 2021
iperf3: error - unable to connect to server: Resource temporarily unavailable
Sat May  1 17:12:49 2021
iperf3: error - unable to connect to server: Resource temporarily unavailable
Sat May  1 17:12:56 2021
Connecting to host nprabhalmac.wifi.local.cmu.edu, port 6003
[  5] local 192.168.7.176 port 59696 connected to 172.26.211.223 port 6003
[ ID] Interval           Transfer     Bitrate         Retr  Cwnd
[  5]   0.00-1.00   sec   193 KBytes  1.58 Mbits/sec   13   6.71 KBytes       
[  5]   1.00-2.00   sec  34.9 KBytes   286 Kbits/sec    4   2.68 KBytes       
[  5]   2.00-3.00   sec   109 KBytes   891 Kbits/sec    1   8.05 KBytes       
[  5]   3.00-4.00   sec  36.2 KBytes   297 Kbits/sec    1   6.71 KBytes       
[  5]   4.00-5.00   sec  0.00 Bytes  0.00 bits/sec    0   10.7 KBytes       
- - - - - - - - - - - - - - - - - - - - - - - - -
[ ID] Interval           Transfer     Bitrate         Retr
[  5]   0.00-5.00   sec   373 KBytes   611 Kbits/sec   19             sender
[  5]   0.00-5.00   sec   346 KBytes   567 Kbits/sec                  receiver

iperf Done.
Sat May  1 17:13:03 2021
Sat May  1 17:13:10 2021
Connecting to host nprabhalmac.wifi.local.cmu.edu, port 6003
[  5] local 192.168.7.176 port 59702 connected to 172.26.211.223 port 6003
[ ID] Interval           Transfer     Bitrate         Retr  Cwnd
[  5]   0.00-1.00   sec   136 KBytes  1.11 Mbits/sec    0   42.9 KBytes       
[  5]   1.00-2.00   sec   102 KBytes   835 Kbits/sec    0   45.6 KBytes       
[  5]   2.00-3.00   sec  99.3 KBytes   814 Kbits/sec    0   48.3 KBytes       
[  5]   3.00-4.00   sec  0.00 Bytes  0.00 bits/sec    3   34.9 KBytes       
[  5]   4.00-5.00   sec  77.8 KBytes   638 Kbits/sec    0   42.9 KBytes       
- - - - - - - - - - - - - - - - - - - - - - - - -
[ ID] Interval           Transfer     Bitrate         Retr
[  5]   0.00-5.00   sec   415 KBytes   679 Kbits/sec    3             sender
[  5]   0.00-5.00   sec   358 KBytes   587 Kbits/sec                  receiver

iperf Done.
Sat May  1 17:13:17 2021
Connecting to host nprabhalmac.wifi.local.cmu.edu, port 6003
[  5] local 192.168.7.176 port 59706 connected to 172.26.211.223 port 6003
[ ID] Interval           Transfer     Bitrate         Retr  Cwnd
[  5]   0.00-1.00   sec   421 KBytes  3.45 Mbits/sec    0    110 KBytes       
[  5]   1.00-2.00   sec   189 KBytes  1.55 Mbits/sec    1   77.8 KBytes       
[  5]   2.00-3.00   sec   126 KBytes  1.03 Mbits/sec    0   77.8 KBytes       
[  5]   3.00-4.00   sec   189 KBytes  1.55 Mbits/sec   13   53.7 KBytes       
[  5]   4.00-5.00   sec  0.00 Bytes  0.00 bits/sec   17   40.3 KBytes       
- - - - - - - - - - - - - - - - - - - - - - - - -
[ ID] Interval           Transfer     Bitrate         Retr
[  5]   0.00-5.00   sec   926 KBytes  1.52 Mbits/sec   31             sender
[  5]   0.00-5.00   sec   726 KBytes  1.19 Mbits/sec                  receiver

iperf Done.
Sat May  1 17:13:24 2021
Sat May  1 17:13:31 2021
Sat May  1 17:13:38 2021
iperf3: error - unable to connect to server: Resource temporarily unavailable
Sat May  1 17:13:45 2021
iperf3: error - unable to connect to server: Resource temporarily unavailable
Sat May  1 17:13:52 2021
iperf3: error - unable to connect to server: Resource temporarily unavailable
Sat May  1 17:13:59 2021
Connecting to host nprabhalmac.wifi.local.cmu.edu, port 6003
[  5] local 192.168.7.176 port 59718 connected to 172.26.211.223 port 6003
[ ID] Interval           Transfer     Bitrate         Retr  Cwnd
[  5]   0.00-1.00   sec   330 KBytes  2.70 Mbits/sec   10   40.3 KBytes       
[  5]   1.00-2.00   sec   252 KBytes  2.07 Mbits/sec    4   38.9 KBytes       
[  5]   2.00-3.00   sec   252 KBytes  2.07 Mbits/sec    4   32.2 KBytes       
[  5]   3.00-4.00   sec   252 KBytes  2.07 Mbits/sec    8   25.5 KBytes       
[  5]   4.00-5.00   sec  0.00 Bytes  0.00 bits/sec   10   5.37 KBytes       
- - - - - - - - - - - - - - - - - - - - - - - - -
[ ID] Interval           Transfer     Bitrate         Retr
[  5]   0.00-5.00   sec  1.06 MBytes  1.78 Mbits/sec   36             sender
[  5]   0.00-5.00   sec   926 KBytes  1.52 Mbits/sec                  receiver

iperf Done.
Sat May  1 17:14:06 2021
Connecting to host nprabhalmac.wifi.local.cmu.edu, port 6003
[  5] local 192.168.7.176 port 59722 connected to 172.26.211.223 port 6003
[ ID] Interval           Transfer     Bitrate         Retr  Cwnd
[  5]   0.00-1.00   sec   188 KBytes  1.54 Mbits/sec    4   9.39 KBytes       
[  5]   1.00-2.00   sec   160 KBytes  1.31 Mbits/sec    6   6.71 KBytes       
[  5]   2.00-3.00   sec   235 KBytes  1.92 Mbits/sec    3   12.1 KBytes       
[  5]   3.00-4.00   sec  29.5 KBytes   242 Kbits/sec   11   5.37 KBytes       
[  5]   4.00-5.00   sec  56.4 KBytes   462 Kbits/sec    7   4.03 KBytes       
- - - - - - - - - - - - - - - - - - - - - - - - -
[ ID] Interval           Transfer     Bitrate         Retr
[  5]   0.00-5.00   sec   668 KBytes  1.09 Mbits/sec   31             sender
[  5]   0.00-5.00   sec   606 KBytes   994 Kbits/sec                  receiver

iperf Done.
Sat May  1 17:14:13 2021
Sat May  1 17:14:20 2021
Connecting to host nprabhalmac.wifi.local.cmu.edu, port 6003
[  5] local 192.168.7.176 port 59730 connected to 172.26.211.223 port 6003
[ ID] Interval           Transfer     Bitrate         Retr  Cwnd
[  5]   0.00-1.00   sec   349 KBytes  2.86 Mbits/sec   10   36.2 KBytes       
[  5]   1.00-2.00   sec   274 KBytes  2.24 Mbits/sec    7   16.1 KBytes       
[  5]   2.00-3.00   sec  63.1 KBytes   516 Kbits/sec   17   8.05 KBytes       
[  5]   3.00-4.00   sec   189 KBytes  1.55 Mbits/sec    4   14.8 KBytes       
[  5]   4.00-5.00   sec  63.1 KBytes   516 Kbits/sec    5   4.03 KBytes       
- - - - - - - - - - - - - - - - - - - - - - - - -
[ ID] Interval           Transfer     Bitrate         Retr
[  5]   0.00-5.00   sec   938 KBytes  1.54 Mbits/sec   43             sender
[  5]   0.00-5.00   sec   844 KBytes  1.38 Mbits/sec                  receiver

iperf Done.
Sat May  1 17:14:27 2021
Sat May  1 17:14:34 2021
Sat May  1 17:14:41 2021
Sat May  1 17:14:48 2021
Sat May  1 17:14:55 2021
Sat May  1 17:15:02 2021
Sat May  1 17:15:09 2021
Sat May  1 17:15:16 2021
iperf3: error - unable to connect to server: Connection refused
Sat May  1 17:15:23 2021
iperf3: error - unable to connect to server: Connection refused
Sat May  1 17:15:30 2021
iperf3: error - unable to connect to server: Connection refused
Sat May  1 17:15:37 2021
Sat May  1 17:15:44 2021
iperf3: error - unable to connect to server: Resource temporarily unavailable
Sat May  1 17:15:51 2021
iperf3: error - unable to connect to server: Resource temporarily unavailable
Sat May  1 17:15:58 2021
iperf3: error - unable to connect to server: Resource temporarily unavailable
Sat May  1 17:16:05 2021
iperf3: error - unable to connect to server: Resource temporarily unavailable
Sat May  1 17:16:12 2021
iperf3: error - unable to connect to server: Resource temporarily unavailable
Sat May  1 17:16:19 2021
iperf3: error - unable to connect to server: Resource temporarily unavailable
Sat May  1 17:16:26 2021
iperf3: error - unable to connect to server: Resource temporarily unavailable
Sat May  1 17:16:33 2021
iperf3: error - unable to connect to server: Resource temporarily unavailable
Sat May  1 17:16:40 2021
iperf3: error - unable to connect to server: Resource temporarily unavailable
Sat May  1 17:16:47 2021
iperf3: error - unable to connect to server: Resource temporarily unavailable
Sat May  1 17:16:54 2021
iperf3: error - unable to connect to server: Resource temporarily unavailable
