2021-05-01T17:05:26.443
*-*
2021-05-01T17:05:37.323
*-*
2021-05-01T17:05:48.216
*-*
2021-05-01T17:05:59.119
*-*
2021-05-01T17:06:10.017
*-*
2021-05-01T17:06:20.929
*-*
2021-05-01T17:06:31.839
*-*
2021-05-01T17:06:42.750
*-*
          Cell 53 - Address: B8:27:EB:CC:AA:D5
                    Channel:1
                    Frequency:2.412 GHz (Channel 1)
                    Quality=31/70  Signal level=-79 dBm  
                    Encryption key:on
                    ESSID:"WirelessProject"
                    Bit Rates:1 Mb/s; 2 Mb/s; 5.5 Mb/s; 11 Mb/s; 18 Mb/s
                              24 Mb/s; 36 Mb/s; 54 Mb/s
                    Bit Rates:6 Mb/s; 9 Mb/s; 12 Mb/s; 48 Mb/s
                    Mode:Master
                    Extra:tsf=0000000000000000
2021-05-01T17:06:53.829
*-*
          Cell 39 - Address: B8:27:EB:CC:AA:D5
                    Channel:1
                    Frequency:2.412 GHz (Channel 1)
                    Quality=33/70  Signal level=-77 dBm  
                    Encryption key:on
                    ESSID:"WirelessProject"
                    Bit Rates:1 Mb/s; 2 Mb/s; 5.5 Mb/s; 11 Mb/s; 18 Mb/s
                              24 Mb/s; 36 Mb/s; 54 Mb/s
                    Bit Rates:6 Mb/s; 9 Mb/s; 12 Mb/s; 48 Mb/s
                    Mode:Master
                    Extra:tsf=0000000000000000
2021-05-01T17:07:04.928
*-*
          Cell 04 - Address: B8:27:EB:CC:AA:D5
                    Channel:1
                    Frequency:2.412 GHz (Channel 1)
                    Quality=28/70  Signal level=-82 dBm  
                    Encryption key:on
                    ESSID:"WirelessProject"
                    Bit Rates:1 Mb/s; 2 Mb/s; 5.5 Mb/s; 11 Mb/s; 18 Mb/s
                              24 Mb/s; 36 Mb/s; 54 Mb/s
                    Bit Rates:6 Mb/s; 9 Mb/s; 12 Mb/s; 48 Mb/s
                    Mode:Master
                    Extra:tsf=0000000000000000
2021-05-01T17:07:16.002
*-*
          Cell 02 - Address: B8:27:EB:CC:AA:D5
                    Channel:1
                    Frequency:2.412 GHz (Channel 1)
                    Quality=28/70  Signal level=-82 dBm  
                    Encryption key:on
                    ESSID:"WirelessProject"
                    Bit Rates:1 Mb/s; 2 Mb/s; 5.5 Mb/s; 11 Mb/s; 18 Mb/s
                              24 Mb/s; 36 Mb/s; 54 Mb/s
                    Bit Rates:6 Mb/s; 9 Mb/s; 12 Mb/s; 48 Mb/s
                    Mode:Master
                    Extra:tsf=0000000000000000
2021-05-01T17:07:27.088
*-*
          Cell 02 - Address: B8:27:EB:CC:AA:D5
                    Channel:1
                    Frequency:2.412 GHz (Channel 1)
                    Quality=24/70  Signal level=-86 dBm  
                    Encryption key:on
                    ESSID:"WirelessProject"
                    Bit Rates:1 Mb/s; 2 Mb/s; 5.5 Mb/s; 11 Mb/s; 18 Mb/s
                              24 Mb/s; 36 Mb/s; 54 Mb/s
                    Bit Rates:6 Mb/s; 9 Mb/s; 12 Mb/s; 48 Mb/s
                    Mode:Master
                    Extra:tsf=0000000000000000
2021-05-01T17:07:38.174
*-*
          Cell 02 - Address: B8:27:EB:CC:AA:D5
                    Channel:1
                    Frequency:2.412 GHz (Channel 1)
                    Quality=25/70  Signal level=-85 dBm  
                    Encryption key:on
                    ESSID:"WirelessProject"
                    Bit Rates:1 Mb/s; 2 Mb/s; 5.5 Mb/s; 11 Mb/s; 18 Mb/s
                              24 Mb/s; 36 Mb/s; 54 Mb/s
                    Bit Rates:6 Mb/s; 9 Mb/s; 12 Mb/s; 48 Mb/s
                    Mode:Master
                    Extra:tsf=0000000000000000
2021-05-01T17:07:49.257
*-*
2021-05-01T17:07:59.557
*-*
2021-05-01T17:08:09.867
*-*
          Cell 01 - Address: B8:27:EB:CC:AA:D5
                    Channel:1
                    Frequency:2.412 GHz (Channel 1)
                    Quality=28/70  Signal level=-82 dBm  
                    Encryption key:on
                    ESSID:"WirelessProject"
                    Bit Rates:1 Mb/s; 2 Mb/s; 5.5 Mb/s; 11 Mb/s; 18 Mb/s
                              24 Mb/s; 36 Mb/s; 54 Mb/s
                    Bit Rates:6 Mb/s; 9 Mb/s; 12 Mb/s; 48 Mb/s
                    Mode:Master
                    Extra:tsf=0000000000000000
2021-05-01T17:08:20.929
*-*
          Cell 01 - Address: B8:27:EB:CC:AA:D5
                    Channel:1
                    Frequency:2.412 GHz (Channel 1)
                    Quality=31/70  Signal level=-79 dBm  
                    Encryption key:on
                    ESSID:"WirelessProject"
                    Bit Rates:1 Mb/s; 2 Mb/s; 5.5 Mb/s; 11 Mb/s; 18 Mb/s
                              24 Mb/s; 36 Mb/s; 54 Mb/s
                    Bit Rates:6 Mb/s; 9 Mb/s; 12 Mb/s; 48 Mb/s
                    Mode:Master
                    Extra:tsf=0000000000000000
2021-05-01T17:08:31.996
*-*
          Cell 01 - Address: B8:27:EB:CC:AA:D5
                    Channel:1
                    Frequency:2.412 GHz (Channel 1)
                    Quality=28/70  Signal level=-82 dBm  
                    Encryption key:on
                    ESSID:"WirelessProject"
                    Bit Rates:1 Mb/s; 2 Mb/s; 5.5 Mb/s; 11 Mb/s; 18 Mb/s
                              24 Mb/s; 36 Mb/s; 54 Mb/s
                    Bit Rates:6 Mb/s; 9 Mb/s; 12 Mb/s; 48 Mb/s
                    Mode:Master
                    Extra:tsf=0000000000000000
2021-05-01T17:08:43.310
*-*
          Cell 01 - Address: B8:27:EB:CC:AA:D5
                    Channel:1
                    Frequency:2.412 GHz (Channel 1)
                    Quality=33/70  Signal level=-77 dBm  
                    Encryption key:on
                    ESSID:"WirelessProject"
                    Bit Rates:1 Mb/s; 2 Mb/s; 5.5 Mb/s; 11 Mb/s; 18 Mb/s
                              24 Mb/s; 36 Mb/s; 54 Mb/s
                    Bit Rates:6 Mb/s; 9 Mb/s; 12 Mb/s; 48 Mb/s
                    Mode:Master
                    Extra:tsf=0000000000000000
2021-05-01T17:08:54.385
*-*
          Cell 01 - Address: B8:27:EB:CC:AA:D5
                    Channel:1
                    Frequency:2.412 GHz (Channel 1)
                    Quality=36/70  Signal level=-74 dBm  
                    Encryption key:on
                    ESSID:"WirelessProject"
                    Bit Rates:1 Mb/s; 2 Mb/s; 5.5 Mb/s; 11 Mb/s; 18 Mb/s
                              24 Mb/s; 36 Mb/s; 54 Mb/s
                    Bit Rates:6 Mb/s; 9 Mb/s; 12 Mb/s; 48 Mb/s
                    Mode:Master
                    Extra:tsf=0000000000000000
2021-05-01T17:09:05.494
*-*
          Cell 01 - Address: B8:27:EB:CC:AA:D5
                    Channel:1
                    Frequency:2.412 GHz (Channel 1)
                    Quality=29/70  Signal level=-81 dBm  
                    Encryption key:on
                    ESSID:"WirelessProject"
                    Bit Rates:1 Mb/s; 2 Mb/s; 5.5 Mb/s; 11 Mb/s; 18 Mb/s
                              24 Mb/s; 36 Mb/s; 54 Mb/s
                    Bit Rates:6 Mb/s; 9 Mb/s; 12 Mb/s; 48 Mb/s
                    Mode:Master
                    Extra:tsf=0000000000000000
2021-05-01T17:09:16.577
*-*
          Cell 01 - Address: B8:27:EB:CC:AA:D5
                    Channel:1
                    Frequency:2.412 GHz (Channel 1)
                    Quality=35/70  Signal level=-75 dBm  
                    Encryption key:on
                    ESSID:"WirelessProject"
                    Bit Rates:1 Mb/s; 2 Mb/s; 5.5 Mb/s; 11 Mb/s; 18 Mb/s
                              24 Mb/s; 36 Mb/s; 54 Mb/s
                    Bit Rates:6 Mb/s; 9 Mb/s; 12 Mb/s; 48 Mb/s
                    Mode:Master
                    Extra:tsf=0000000000000000
2021-05-01T17:09:27.656
*-*
          Cell 01 - Address: B8:27:EB:CC:AA:D5
                    Channel:1
                    Frequency:2.412 GHz (Channel 1)
                    Quality=35/70  Signal level=-75 dBm  
                    Encryption key:on
                    ESSID:"WirelessProject"
                    Bit Rates:1 Mb/s; 2 Mb/s; 5.5 Mb/s; 11 Mb/s; 18 Mb/s
                              24 Mb/s; 36 Mb/s; 54 Mb/s
                    Bit Rates:6 Mb/s; 9 Mb/s; 12 Mb/s; 48 Mb/s
                    Mode:Master
                    Extra:tsf=0000000000000000
2021-05-01T17:09:38.723
*-*
          Cell 01 - Address: B8:27:EB:CC:AA:D5
                    Channel:1
                    Frequency:2.412 GHz (Channel 1)
                    Quality=55/70  Signal level=-55 dBm  
                    Encryption key:on
                    ESSID:"WirelessProject"
                    Bit Rates:1 Mb/s; 2 Mb/s; 5.5 Mb/s; 11 Mb/s; 18 Mb/s
                              24 Mb/s; 36 Mb/s; 54 Mb/s
                    Bit Rates:6 Mb/s; 9 Mb/s; 12 Mb/s; 48 Mb/s
                    Mode:Master
                    Extra:tsf=0000000000000000
2021-05-01T17:09:49.805
*-*
          Cell 01 - Address: B8:27:EB:CC:AA:D5
                    Channel:1
                    Frequency:2.412 GHz (Channel 1)
                    Quality=42/70  Signal level=-68 dBm  
                    Encryption key:on
                    ESSID:"WirelessProject"
                    Bit Rates:1 Mb/s; 2 Mb/s; 5.5 Mb/s; 11 Mb/s; 18 Mb/s
                              24 Mb/s; 36 Mb/s; 54 Mb/s
                    Bit Rates:6 Mb/s; 9 Mb/s; 12 Mb/s; 48 Mb/s
                    Mode:Master
                    Extra:tsf=0000000000000000
2021-05-01T17:10:01.514
*-*
          Cell 01 - Address: B8:27:EB:CC:AA:D5
                    Channel:1
                    Frequency:2.412 GHz (Channel 1)
                    Quality=44/70  Signal level=-66 dBm  
                    Encryption key:on
                    ESSID:"WirelessProject"
                    Bit Rates:1 Mb/s; 2 Mb/s; 5.5 Mb/s; 11 Mb/s; 18 Mb/s
                              24 Mb/s; 36 Mb/s; 54 Mb/s
                    Bit Rates:6 Mb/s; 9 Mb/s; 12 Mb/s; 48 Mb/s
                    Mode:Master
                    Extra:tsf=0000000000000000
2021-05-01T17:10:12.655
*-*
          Cell 01 - Address: B8:27:EB:CC:AA:D5
                    Channel:1
                    Frequency:2.412 GHz (Channel 1)
                    Quality=25/70  Signal level=-85 dBm  
                    Encryption key:on
                    ESSID:"WirelessProject"
                    Bit Rates:1 Mb/s; 2 Mb/s; 5.5 Mb/s; 11 Mb/s; 18 Mb/s
                              24 Mb/s; 36 Mb/s; 54 Mb/s
                    Bit Rates:6 Mb/s; 9 Mb/s; 12 Mb/s; 48 Mb/s
                    Mode:Master
                    Extra:tsf=0000000000000000
2021-05-01T17:10:23.747
*-*
          Cell 01 - Address: B8:27:EB:CC:AA:D5
                    Channel:1
                    Frequency:2.412 GHz (Channel 1)
                    Quality=17/70  Signal level=-93 dBm  
                    Encryption key:on
                    ESSID:"WirelessProject"
                    Bit Rates:1 Mb/s; 2 Mb/s; 5.5 Mb/s; 11 Mb/s; 18 Mb/s
                              24 Mb/s; 36 Mb/s; 54 Mb/s
                    Bit Rates:6 Mb/s; 9 Mb/s; 12 Mb/s; 48 Mb/s
                    Mode:Master
                    Extra:tsf=0000000000000000
2021-05-01T17:10:34.834
*-*
          Cell 01 - Address: B8:27:EB:CC:AA:D5
                    Channel:1
                    Frequency:2.412 GHz (Channel 1)
                    Quality=17/70  Signal level=-93 dBm  
                    Encryption key:on
                    ESSID:"WirelessProject"
                    Bit Rates:1 Mb/s; 2 Mb/s; 5.5 Mb/s; 11 Mb/s; 18 Mb/s
                              24 Mb/s; 36 Mb/s; 54 Mb/s
                    Bit Rates:6 Mb/s; 9 Mb/s; 12 Mb/s; 48 Mb/s
                    Mode:Master
                    Extra:tsf=0000000000000000
--
          Cell 47 - Address: B8:27:EB:75:C1:31
                    Channel:1
                    Frequency:2.412 GHz (Channel 1)
                    Quality=29/70  Signal level=-81 dBm  
                    Encryption key:on
                    ESSID:"WirelessProject"
                    Bit Rates:1 Mb/s; 2 Mb/s; 5.5 Mb/s; 11 Mb/s; 18 Mb/s
                              24 Mb/s; 36 Mb/s; 54 Mb/s
                    Bit Rates:6 Mb/s; 9 Mb/s; 12 Mb/s; 48 Mb/s
                    Mode:Master
                    Extra:tsf=0000000000000000
2021-05-01T17:10:45.903
*-*
          Cell 01 - Address: B8:27:EB:CC:AA:D5
                    Channel:1
                    Frequency:2.412 GHz (Channel 1)
                    Quality=17/70  Signal level=-93 dBm  
                    Encryption key:on
                    ESSID:"WirelessProject"
                    Bit Rates:1 Mb/s; 2 Mb/s; 5.5 Mb/s; 11 Mb/s; 18 Mb/s
                              24 Mb/s; 36 Mb/s; 54 Mb/s
                    Bit Rates:6 Mb/s; 9 Mb/s; 12 Mb/s; 48 Mb/s
                    Mode:Master
                    Extra:tsf=0000000000000000
--
          Cell 29 - Address: B8:27:EB:75:C1:31
                    Channel:1
                    Frequency:2.412 GHz (Channel 1)
                    Quality=47/70  Signal level=-63 dBm  
                    Encryption key:on
                    ESSID:"WirelessProject"
                    Bit Rates:1 Mb/s; 2 Mb/s; 5.5 Mb/s; 11 Mb/s; 18 Mb/s
                              24 Mb/s; 36 Mb/s; 54 Mb/s
                    Bit Rates:6 Mb/s; 9 Mb/s; 12 Mb/s; 48 Mb/s
                    Mode:Master
                    Extra:tsf=0000000000000000
2021-05-01T17:10:56.959
*-*
          Cell 03 - Address: B8:27:EB:75:C1:31
                    Channel:1
                    Frequency:2.412 GHz (Channel 1)
                    Quality=32/70  Signal level=-78 dBm  
                    Encryption key:on
                    ESSID:"WirelessProject"
                    Bit Rates:1 Mb/s; 2 Mb/s; 5.5 Mb/s; 11 Mb/s; 18 Mb/s
                              24 Mb/s; 36 Mb/s; 54 Mb/s
                    Bit Rates:6 Mb/s; 9 Mb/s; 12 Mb/s; 48 Mb/s
                    Mode:Master
                    Extra:tsf=0000000000000000
--
          Cell 40 - Address: B8:27:EB:6C:F0:84
                    Channel:1
                    Frequency:2.412 GHz (Channel 1)
                    Quality=30/70  Signal level=-80 dBm  
                    Encryption key:on
                    ESSID:"WirelessProject"
                    Bit Rates:1 Mb/s; 2 Mb/s; 5.5 Mb/s; 11 Mb/s; 18 Mb/s
                              24 Mb/s; 36 Mb/s; 54 Mb/s
                    Bit Rates:6 Mb/s; 9 Mb/s; 12 Mb/s; 48 Mb/s
                    Mode:Master
                    Extra:tsf=0000000000000000
2021-05-01T17:11:07.936
*-*
          Cell 03 - Address: B8:27:EB:75:C1:31
                    Channel:1
                    Frequency:2.412 GHz (Channel 1)
                    Quality=32/70  Signal level=-78 dBm  
                    Encryption key:on
                    ESSID:"WirelessProject"
                    Bit Rates:1 Mb/s; 2 Mb/s; 5.5 Mb/s; 11 Mb/s; 18 Mb/s
                              24 Mb/s; 36 Mb/s; 54 Mb/s
                    Bit Rates:6 Mb/s; 9 Mb/s; 12 Mb/s; 48 Mb/s
                    Mode:Master
                    Extra:tsf=0000000000000000
--
          Cell 31 - Address: B8:27:EB:6C:F0:84
                    Channel:1
                    Frequency:2.412 GHz (Channel 1)
                    Quality=32/70  Signal level=-78 dBm  
                    Encryption key:on
                    ESSID:"WirelessProject"
                    Bit Rates:1 Mb/s; 2 Mb/s; 5.5 Mb/s; 11 Mb/s; 18 Mb/s
                              24 Mb/s; 36 Mb/s; 54 Mb/s
                    Bit Rates:6 Mb/s; 9 Mb/s; 12 Mb/s; 48 Mb/s
                    Mode:Master
                    Extra:tsf=0000000000000000
2021-05-01T17:11:19.014
*-*
          Cell 03 - Address: B8:27:EB:75:C1:31
                    Channel:1
                    Frequency:2.412 GHz (Channel 1)
                    Quality=42/70  Signal level=-68 dBm  
                    Encryption key:on
                    ESSID:"WirelessProject"
                    Bit Rates:1 Mb/s; 2 Mb/s; 5.5 Mb/s; 11 Mb/s; 18 Mb/s
                              24 Mb/s; 36 Mb/s; 54 Mb/s
                    Bit Rates:6 Mb/s; 9 Mb/s; 12 Mb/s; 48 Mb/s
                    Mode:Master
                    Extra:tsf=0000000000000000
--
          Cell 14 - Address: B8:27:EB:6C:F0:84
                    Channel:1
                    Frequency:2.412 GHz (Channel 1)
                    Quality=41/70  Signal level=-69 dBm  
                    Encryption key:on
                    ESSID:"WirelessProject"
                    Bit Rates:1 Mb/s; 2 Mb/s; 5.5 Mb/s; 11 Mb/s; 18 Mb/s
                              24 Mb/s; 36 Mb/s; 54 Mb/s
                    Bit Rates:6 Mb/s; 9 Mb/s; 12 Mb/s; 48 Mb/s
                    Mode:Master
                    Extra:tsf=0000000000000000
2021-05-01T17:11:30.055
*-*
          Cell 03 - Address: B8:27:EB:75:C1:31
                    Channel:1
                    Frequency:2.412 GHz (Channel 1)
                    Quality=39/70  Signal level=-71 dBm  
                    Encryption key:on
                    ESSID:"WirelessProject"
                    Bit Rates:1 Mb/s; 2 Mb/s; 5.5 Mb/s; 11 Mb/s; 18 Mb/s
                              24 Mb/s; 36 Mb/s; 54 Mb/s
                    Bit Rates:6 Mb/s; 9 Mb/s; 12 Mb/s; 48 Mb/s
                    Mode:Master
                    Extra:tsf=0000000000000000
--
          Cell 09 - Address: B8:27:EB:6C:F0:84
                    Channel:1
                    Frequency:2.412 GHz (Channel 1)
                    Quality=35/70  Signal level=-75 dBm  
                    Encryption key:on
                    ESSID:"WirelessProject"
                    Bit Rates:1 Mb/s; 2 Mb/s; 5.5 Mb/s; 11 Mb/s; 18 Mb/s
                              24 Mb/s; 36 Mb/s; 54 Mb/s
                    Bit Rates:6 Mb/s; 9 Mb/s; 12 Mb/s; 48 Mb/s
                    Mode:Master
                    Extra:tsf=0000000000000000
2021-05-01T17:11:41.124
*-*
          Cell 03 - Address: B8:27:EB:75:C1:31
                    Channel:1
                    Frequency:2.412 GHz (Channel 1)
                    Quality=41/70  Signal level=-69 dBm  
                    Encryption key:on
                    ESSID:"WirelessProject"
                    Bit Rates:1 Mb/s; 2 Mb/s; 5.5 Mb/s; 11 Mb/s; 18 Mb/s
                              24 Mb/s; 36 Mb/s; 54 Mb/s
                    Bit Rates:6 Mb/s; 9 Mb/s; 12 Mb/s; 48 Mb/s
                    Mode:Master
                    Extra:tsf=0000000000000000
--
          Cell 09 - Address: B8:27:EB:6C:F0:84
                    Channel:1
                    Frequency:2.412 GHz (Channel 1)
                    Quality=35/70  Signal level=-75 dBm  
                    Encryption key:on
                    ESSID:"WirelessProject"
                    Bit Rates:1 Mb/s; 2 Mb/s; 5.5 Mb/s; 11 Mb/s; 18 Mb/s
                              24 Mb/s; 36 Mb/s; 54 Mb/s
                    Bit Rates:6 Mb/s; 9 Mb/s; 12 Mb/s; 48 Mb/s
                    Mode:Master
                    Extra:tsf=0000000000000000
2021-05-01T17:11:52.188
*-*
          Cell 02 - Address: B8:27:EB:75:C1:31
                    Channel:1
                    Frequency:2.412 GHz (Channel 1)
                    Quality=40/70  Signal level=-70 dBm  
                    Encryption key:on
                    ESSID:"WirelessProject"
                    Bit Rates:1 Mb/s; 2 Mb/s; 5.5 Mb/s; 11 Mb/s; 18 Mb/s
                              24 Mb/s; 36 Mb/s; 54 Mb/s
                    Bit Rates:6 Mb/s; 9 Mb/s; 12 Mb/s; 48 Mb/s
                    Mode:Master
                    Extra:tsf=0000000000000000
--
          Cell 05 - Address: B8:27:EB:6C:F0:84
                    Channel:1
                    Frequency:2.412 GHz (Channel 1)
                    Quality=21/70  Signal level=-89 dBm  
                    Encryption key:on
                    ESSID:"WirelessProject"
                    Bit Rates:1 Mb/s; 2 Mb/s; 5.5 Mb/s; 11 Mb/s; 18 Mb/s
                              24 Mb/s; 36 Mb/s; 54 Mb/s
                    Bit Rates:6 Mb/s; 9 Mb/s; 12 Mb/s; 48 Mb/s
                    Mode:Master
                    Extra:tsf=0000000000000000
2021-05-01T17:12:03.133
*-*
          Cell 02 - Address: B8:27:EB:75:C1:31
                    Channel:1
                    Frequency:2.412 GHz (Channel 1)
                    Quality=46/70  Signal level=-64 dBm  
                    Encryption key:on
                    ESSID:"WirelessProject"
                    Bit Rates:1 Mb/s; 2 Mb/s; 5.5 Mb/s; 11 Mb/s; 18 Mb/s
                              24 Mb/s; 36 Mb/s; 54 Mb/s
                    Bit Rates:6 Mb/s; 9 Mb/s; 12 Mb/s; 48 Mb/s
                    Mode:Master
                    Extra:tsf=0000000000000000
--
          Cell 05 - Address: B8:27:EB:6C:F0:84
                    Channel:1
                    Frequency:2.412 GHz (Channel 1)
                    Quality=21/70  Signal level=-89 dBm  
                    Encryption key:on
                    ESSID:"WirelessProject"
                    Bit Rates:1 Mb/s; 2 Mb/s; 5.5 Mb/s; 11 Mb/s; 18 Mb/s
                              24 Mb/s; 36 Mb/s; 54 Mb/s
                    Bit Rates:6 Mb/s; 9 Mb/s; 12 Mb/s; 48 Mb/s
                    Mode:Master
                    Extra:tsf=0000000000000000
2021-05-01T17:12:14.202
*-*
          Cell 02 - Address: B8:27:EB:75:C1:31
                    Channel:1
                    Frequency:2.412 GHz (Channel 1)
                    Quality=34/70  Signal level=-76 dBm  
                    Encryption key:on
                    ESSID:"WirelessProject"
                    Bit Rates:1 Mb/s; 2 Mb/s; 5.5 Mb/s; 11 Mb/s; 18 Mb/s
                              24 Mb/s; 36 Mb/s; 54 Mb/s
                    Bit Rates:6 Mb/s; 9 Mb/s; 12 Mb/s; 48 Mb/s
                    Mode:Master
                    Extra:tsf=0000000000000000
--
          Cell 05 - Address: B8:27:EB:6C:F0:84
                    Channel:1
                    Frequency:2.412 GHz (Channel 1)
                    Quality=21/70  Signal level=-89 dBm  
                    Encryption key:on
                    ESSID:"WirelessProject"
                    Bit Rates:1 Mb/s; 2 Mb/s; 5.5 Mb/s; 11 Mb/s; 18 Mb/s
                              24 Mb/s; 36 Mb/s; 54 Mb/s
                    Bit Rates:6 Mb/s; 9 Mb/s; 12 Mb/s; 48 Mb/s
                    Mode:Master
                    Extra:tsf=0000000000000000
--
          Cell 57 - Address: B8:27:EB:CC:AA:D5
                    Channel:1
                    Frequency:2.412 GHz (Channel 1)
                    Quality=24/70  Signal level=-86 dBm  
                    Encryption key:on
                    ESSID:"WirelessProject"
                    Bit Rates:1 Mb/s; 2 Mb/s; 5.5 Mb/s; 11 Mb/s; 18 Mb/s
                              24 Mb/s; 36 Mb/s; 54 Mb/s
                    Bit Rates:6 Mb/s; 9 Mb/s; 12 Mb/s; 48 Mb/s
                    Mode:Master
                    Extra:tsf=0000000000000000
2021-05-01T17:12:25.268
*-*
          Cell 02 - Address: B8:27:EB:75:C1:31
                    Channel:1
                    Frequency:2.412 GHz (Channel 1)
                    Quality=34/70  Signal level=-76 dBm  
                    Encryption key:on
                    ESSID:"WirelessProject"
                    Bit Rates:1 Mb/s; 2 Mb/s; 5.5 Mb/s; 11 Mb/s; 18 Mb/s
                              24 Mb/s; 36 Mb/s; 54 Mb/s
                    Bit Rates:6 Mb/s; 9 Mb/s; 12 Mb/s; 48 Mb/s
                    Mode:Master
                    Extra:tsf=0000000000000000
--
          Cell 28 - Address: B8:27:EB:CC:AA:D5
                    Channel:1
                    Frequency:2.412 GHz (Channel 1)
                    Quality=24/70  Signal level=-86 dBm  
                    Encryption key:on
                    ESSID:"WirelessProject"
                    Bit Rates:1 Mb/s; 2 Mb/s; 5.5 Mb/s; 11 Mb/s; 18 Mb/s
                              24 Mb/s; 36 Mb/s; 54 Mb/s
                    Bit Rates:6 Mb/s; 9 Mb/s; 12 Mb/s; 48 Mb/s
                    Mode:Master
                    Extra:tsf=0000000000000000
2021-05-01T17:12:36.479
*-*
          Cell 02 - Address: B8:27:EB:75:C1:31
                    Channel:1
                    Frequency:2.412 GHz (Channel 1)
                    Quality=34/70  Signal level=-76 dBm  
                    Encryption key:on
                    ESSID:"WirelessProject"
                    Bit Rates:1 Mb/s; 2 Mb/s; 5.5 Mb/s; 11 Mb/s; 18 Mb/s
                              24 Mb/s; 36 Mb/s; 54 Mb/s
                    Bit Rates:6 Mb/s; 9 Mb/s; 12 Mb/s; 48 Mb/s
                    Mode:Master
                    Extra:tsf=0000000000000000
--
          Cell 08 - Address: B8:27:EB:CC:AA:D5
                    Channel:1
                    Frequency:2.412 GHz (Channel 1)
                    Quality=52/70  Signal level=-58 dBm  
                    Encryption key:on
                    ESSID:"WirelessProject"
                    Bit Rates:1 Mb/s; 2 Mb/s; 5.5 Mb/s; 11 Mb/s; 18 Mb/s
                              24 Mb/s; 36 Mb/s; 54 Mb/s
                    Bit Rates:6 Mb/s; 9 Mb/s; 12 Mb/s; 48 Mb/s
                    Mode:Master
                    Extra:tsf=0000000000000000
2021-05-01T17:12:47.565
*-*
          Cell 05 - Address: B8:27:EB:CC:AA:D5
                    Channel:1
                    Frequency:2.412 GHz (Channel 1)
                    Quality=40/70  Signal level=-70 dBm  
                    Encryption key:on
                    ESSID:"WirelessProject"
                    Bit Rates:1 Mb/s; 2 Mb/s; 5.5 Mb/s; 11 Mb/s; 18 Mb/s
                              24 Mb/s; 36 Mb/s; 54 Mb/s
                    Bit Rates:6 Mb/s; 9 Mb/s; 12 Mb/s; 48 Mb/s
                    Mode:Master
                    Extra:tsf=0000000000000000
2021-05-01T17:12:58.619
*-*
          Cell 02 - Address: B8:27:EB:CC:AA:D5
                    Channel:1
                    Frequency:2.412 GHz (Channel 1)
                    Quality=30/70  Signal level=-80 dBm  
                    Encryption key:on
                    ESSID:"WirelessProject"
                    Bit Rates:1 Mb/s; 2 Mb/s; 5.5 Mb/s; 11 Mb/s; 18 Mb/s
                              24 Mb/s; 36 Mb/s; 54 Mb/s
                    Bit Rates:6 Mb/s; 9 Mb/s; 12 Mb/s; 48 Mb/s
                    Mode:Master
                    Extra:tsf=0000000000000000
2021-05-01T17:13:09.687
*-*
          Cell 02 - Address: B8:27:EB:CC:AA:D5
                    Channel:1
                    Frequency:2.412 GHz (Channel 1)
                    Quality=38/70  Signal level=-72 dBm  
                    Encryption key:on
                    ESSID:"WirelessProject"
                    Bit Rates:1 Mb/s; 2 Mb/s; 5.5 Mb/s; 11 Mb/s; 18 Mb/s
                              24 Mb/s; 36 Mb/s; 54 Mb/s
                    Bit Rates:6 Mb/s; 9 Mb/s; 12 Mb/s; 48 Mb/s
                    Mode:Master
                    Extra:tsf=0000000000000000
2021-05-01T17:13:20.679
*-*
          Cell 02 - Address: B8:27:EB:CC:AA:D5
                    Channel:1
                    Frequency:2.412 GHz (Channel 1)
                    Quality=30/70  Signal level=-80 dBm  
                    Encryption key:on
                    ESSID:"WirelessProject"
                    Bit Rates:1 Mb/s; 2 Mb/s; 5.5 Mb/s; 11 Mb/s; 18 Mb/s
                              24 Mb/s; 36 Mb/s; 54 Mb/s
                    Bit Rates:6 Mb/s; 9 Mb/s; 12 Mb/s; 48 Mb/s
                    Mode:Master
                    Extra:tsf=0000000000000000
2021-05-01T17:13:31.879
*-*
2021-05-01T17:13:42.184
*-*
          Cell 01 - Address: B8:27:EB:CC:AA:D5
                    Channel:1
                    Frequency:2.412 GHz (Channel 1)
                    Quality=35/70  Signal level=-75 dBm  
                    Encryption key:on
                    ESSID:"WirelessProject"
                    Bit Rates:1 Mb/s; 2 Mb/s; 5.5 Mb/s; 11 Mb/s; 18 Mb/s
                              24 Mb/s; 36 Mb/s; 54 Mb/s
                    Bit Rates:6 Mb/s; 9 Mb/s; 12 Mb/s; 48 Mb/s
                    Mode:Master
                    Extra:tsf=0000000000000000
2021-05-01T17:13:53.265
*-*
          Cell 01 - Address: B8:27:EB:CC:AA:D5
                    Channel:1
                    Frequency:2.412 GHz (Channel 1)
                    Quality=37/70  Signal level=-73 dBm  
                    Encryption key:on
                    ESSID:"WirelessProject"
                    Bit Rates:1 Mb/s; 2 Mb/s; 5.5 Mb/s; 11 Mb/s; 18 Mb/s
                              24 Mb/s; 36 Mb/s; 54 Mb/s
                    Bit Rates:6 Mb/s; 9 Mb/s; 12 Mb/s; 48 Mb/s
                    Mode:Master
                    Extra:tsf=0000000000000000
2021-05-01T17:14:04.359
*-*
          Cell 01 - Address: B8:27:EB:CC:AA:D5
                    Channel:1
                    Frequency:2.412 GHz (Channel 1)
                    Quality=35/70  Signal level=-75 dBm  
                    Encryption key:on
                    ESSID:"WirelessProject"
                    Bit Rates:1 Mb/s; 2 Mb/s; 5.5 Mb/s; 11 Mb/s; 18 Mb/s
                              24 Mb/s; 36 Mb/s; 54 Mb/s
                    Bit Rates:6 Mb/s; 9 Mb/s; 12 Mb/s; 48 Mb/s
                    Mode:Master
                    Extra:tsf=0000000000000000
2021-05-01T17:14:15.400
*-*
          Cell 01 - Address: B8:27:EB:CC:AA:D5
                    Channel:1
                    Frequency:2.412 GHz (Channel 1)
                    Quality=33/70  Signal level=-77 dBm  
                    Encryption key:on
                    ESSID:"WirelessProject"
                    Bit Rates:1 Mb/s; 2 Mb/s; 5.5 Mb/s; 11 Mb/s; 18 Mb/s
                              24 Mb/s; 36 Mb/s; 54 Mb/s
                    Bit Rates:6 Mb/s; 9 Mb/s; 12 Mb/s; 48 Mb/s
                    Mode:Master
                    Extra:tsf=0000000000000000
2021-05-01T17:14:26.472
*-*
          Cell 01 - Address: B8:27:EB:CC:AA:D5
                    Channel:1
                    Frequency:2.412 GHz (Channel 1)
                    Quality=34/70  Signal level=-76 dBm  
                    Encryption key:on
                    ESSID:"WirelessProject"
                    Bit Rates:1 Mb/s; 2 Mb/s; 5.5 Mb/s; 11 Mb/s; 18 Mb/s
                              24 Mb/s; 36 Mb/s; 54 Mb/s
                    Bit Rates:6 Mb/s; 9 Mb/s; 12 Mb/s; 48 Mb/s
                    Mode:Master
                    Extra:tsf=0000000000000000
2021-05-01T17:14:37.593
*-*
          Cell 01 - Address: B8:27:EB:CC:AA:D5
                    Channel:1
                    Frequency:2.412 GHz (Channel 1)
                    Quality=34/70  Signal level=-76 dBm  
                    Encryption key:on
                    ESSID:"WirelessProject"
                    Bit Rates:1 Mb/s; 2 Mb/s; 5.5 Mb/s; 11 Mb/s; 18 Mb/s
                              24 Mb/s; 36 Mb/s; 54 Mb/s
                    Bit Rates:6 Mb/s; 9 Mb/s; 12 Mb/s; 48 Mb/s
                    Mode:Master
                    Extra:tsf=0000000000000000
2021-05-01T17:14:48.738
*-*
          Cell 01 - Address: B8:27:EB:CC:AA:D5
                    Channel:1
                    Frequency:2.412 GHz (Channel 1)
                    Quality=28/70  Signal level=-82 dBm  
                    Encryption key:on
                    ESSID:"WirelessProject"
                    Bit Rates:1 Mb/s; 2 Mb/s; 5.5 Mb/s; 11 Mb/s; 18 Mb/s
                              24 Mb/s; 36 Mb/s; 54 Mb/s
                    Bit Rates:6 Mb/s; 9 Mb/s; 12 Mb/s; 48 Mb/s
                    Mode:Master
                    Extra:tsf=0000000000000000
2021-05-01T17:14:59.834
*-*
          Cell 01 - Address: B8:27:EB:CC:AA:D5
                    Channel:1
                    Frequency:2.412 GHz (Channel 1)
                    Quality=27/70  Signal level=-83 dBm  
                    Encryption key:on
                    ESSID:"WirelessProject"
                    Bit Rates:1 Mb/s; 2 Mb/s; 5.5 Mb/s; 11 Mb/s; 18 Mb/s
                              24 Mb/s; 36 Mb/s; 54 Mb/s
                    Bit Rates:6 Mb/s; 9 Mb/s; 12 Mb/s; 48 Mb/s
                    Mode:Master
                    Extra:tsf=0000000000000000
2021-05-01T17:15:10.903
*-*
          Cell 01 - Address: B8:27:EB:CC:AA:D5
                    Channel:1
                    Frequency:2.412 GHz (Channel 1)
                    Quality=31/70  Signal level=-79 dBm  
                    Encryption key:on
                    ESSID:"WirelessProject"
                    Bit Rates:1 Mb/s; 2 Mb/s; 5.5 Mb/s; 11 Mb/s; 18 Mb/s
                              24 Mb/s; 36 Mb/s; 54 Mb/s
                    Bit Rates:6 Mb/s; 9 Mb/s; 12 Mb/s; 48 Mb/s
                    Mode:Master
                    Extra:tsf=0000000000000000
2021-05-01T17:15:21.954
*-*
          Cell 01 - Address: B8:27:EB:CC:AA:D5
                    Channel:1
                    Frequency:2.412 GHz (Channel 1)
                    Quality=28/70  Signal level=-82 dBm  
                    Encryption key:on
                    ESSID:"WirelessProject"
                    Bit Rates:1 Mb/s; 2 Mb/s; 5.5 Mb/s; 11 Mb/s; 18 Mb/s
                              24 Mb/s; 36 Mb/s; 54 Mb/s
                    Bit Rates:6 Mb/s; 9 Mb/s; 12 Mb/s; 48 Mb/s
                    Mode:Master
                    Extra:tsf=0000000000000000
2021-05-01T17:15:32.906
*-*
          Cell 01 - Address: B8:27:EB:CC:AA:D5
                    Channel:1
                    Frequency:2.412 GHz (Channel 1)
                    Quality=28/70  Signal level=-82 dBm  
                    Encryption key:on
                    ESSID:"WirelessProject"
                    Bit Rates:1 Mb/s; 2 Mb/s; 5.5 Mb/s; 11 Mb/s; 18 Mb/s
                              24 Mb/s; 36 Mb/s; 54 Mb/s
                    Bit Rates:6 Mb/s; 9 Mb/s; 12 Mb/s; 48 Mb/s
                    Mode:Master
                    Extra:tsf=0000000000000000
2021-05-01T17:15:44.257
*-*
          Cell 01 - Address: B8:27:EB:CC:AA:D5
                    Channel:1
                    Frequency:2.412 GHz (Channel 1)
                    Quality=28/70  Signal level=-82 dBm  
                    Encryption key:on
                    ESSID:"WirelessProject"
                    Bit Rates:1 Mb/s; 2 Mb/s; 5.5 Mb/s; 11 Mb/s; 18 Mb/s
                              24 Mb/s; 36 Mb/s; 54 Mb/s
                    Bit Rates:6 Mb/s; 9 Mb/s; 12 Mb/s; 48 Mb/s
                    Mode:Master
                    Extra:tsf=0000000000000000
2021-05-01T17:15:55.164
*-*
2021-05-01T17:16:06.060
*-*
2021-05-01T17:16:16.954
*-*
2021-05-01T17:16:27.864
*-*
2021-05-01T17:16:38.766
*-*
2021-05-01T17:16:49.663
*-*
