Connecting to host nprabhalmac.wifi.local.cmu.edu, port 5201
[  5] local 192.168.7.63 port 37096 connected to 172.26.211.223 port 5201
[ ID] Interval           Transfer     Bitrate         Retr  Cwnd
[  5]   0.00-1.00   sec   882 KBytes  7.22 Mbits/sec   15   42.9 KBytes       
[  5]   1.00-2.00   sec   189 KBytes  1.55 Mbits/sec    9   25.5 KBytes       
[  5]   2.00-3.00   sec   189 KBytes  1.55 Mbits/sec    6   1.34 KBytes       
[  5]   3.00-4.00   sec   378 KBytes  3.10 Mbits/sec    3   40.3 KBytes       
[  5]   4.00-5.00   sec   189 KBytes  1.55 Mbits/sec   25   9.39 KBytes       
- - - - - - - - - - - - - - - - - - - - - - - - -
[ ID] Interval           Transfer     Bitrate         Retr
[  5]   0.00-5.00   sec  1.78 MBytes  2.99 Mbits/sec   58             sender
[  5]   0.00-5.00   sec  1.46 MBytes  2.45 Mbits/sec                  receiver

iperf Done.
Connecting to host nprabhalmac.wifi.local.cmu.edu, port 5201
[  5] local 192.168.7.63 port 37100 connected to 172.26.211.223 port 5201
[ ID] Interval           Transfer     Bitrate         Retr  Cwnd
[  5]   0.00-1.00   sec   703 KBytes  5.76 Mbits/sec   12   45.6 KBytes       
[  5]   1.00-2.00   sec   126 KBytes  1.03 Mbits/sec   18   16.1 KBytes       
[  5]   2.00-3.00   sec   252 KBytes  2.07 Mbits/sec    6   16.1 KBytes       
[  5]   3.00-4.00   sec   631 KBytes  5.17 Mbits/sec    9   25.5 KBytes       
[  5]   4.00-5.00   sec   505 KBytes  4.13 Mbits/sec    8   29.5 KBytes       
- - - - - - - - - - - - - - - - - - - - - - - - -
[ ID] Interval           Transfer     Bitrate         Retr
[  5]   0.00-5.00   sec  2.16 MBytes  3.63 Mbits/sec   53             sender
[  5]   0.00-5.00   sec  2.00 MBytes  3.35 Mbits/sec                  receiver

iperf Done.
Connecting to host nprabhalmac.wifi.local.cmu.edu, port 5201
[  5] local 192.168.7.63 port 37104 connected to 172.26.211.223 port 5201
[ ID] Interval           Transfer     Bitrate         Retr  Cwnd
[  5]   0.00-1.00   sec   692 KBytes  5.67 Mbits/sec   13   33.5 KBytes       
[  5]   1.00-2.00   sec   631 KBytes  5.17 Mbits/sec    1   32.2 KBytes       
[  5]   2.00-3.00   sec   252 KBytes  2.07 Mbits/sec    8   25.5 KBytes       
[  5]   3.00-4.00   sec   631 KBytes  5.17 Mbits/sec    5   29.5 KBytes       
[  5]   4.00-5.00   sec   441 KBytes  3.62 Mbits/sec   14   32.2 KBytes       
- - - - - - - - - - - - - - - - - - - - - - - - -
[ ID] Interval           Transfer     Bitrate         Retr
[  5]   0.00-5.00   sec  2.59 MBytes  4.34 Mbits/sec   41             sender
[  5]   0.00-5.00   sec  2.47 MBytes  4.14 Mbits/sec                  receiver

iperf Done.
Connecting to host nprabhalmac.wifi.local.cmu.edu, port 5201
[  5] local 192.168.7.63 port 37108 connected to 172.26.211.223 port 5201
[ ID] Interval           Transfer     Bitrate         Retr  Cwnd
[  5]   0.00-1.00   sec   645 KBytes  5.29 Mbits/sec   13   17.4 KBytes       
[  5]   1.00-2.00   sec   126 KBytes  1.03 Mbits/sec    8   26.8 KBytes       
[  5]   2.00-3.00   sec   378 KBytes  3.10 Mbits/sec   17   18.8 KBytes       
[  5]   3.00-4.00   sec   378 KBytes  3.10 Mbits/sec    6   25.5 KBytes       
[  5]   4.00-5.00   sec   252 KBytes  2.07 Mbits/sec   12   18.8 KBytes       
- - - - - - - - - - - - - - - - - - - - - - - - -
[ ID] Interval           Transfer     Bitrate         Retr
[  5]   0.00-5.00   sec  1.74 MBytes  2.92 Mbits/sec   56             sender
[  5]   0.00-5.00   sec  1.48 MBytes  2.49 Mbits/sec                  receiver

iperf Done.
Connecting to host nprabhalmac.wifi.local.cmu.edu, port 5201
[  5] local 192.168.7.63 port 37112 connected to 172.26.211.223 port 5201
[ ID] Interval           Transfer     Bitrate         Retr  Cwnd
[  5]   0.00-1.00   sec   403 KBytes  3.30 Mbits/sec    0   56.4 KBytes       
[  5]   1.00-2.00   sec   480 KBytes  3.94 Mbits/sec    8   49.6 KBytes       
[  5]   2.00-3.00   sec   126 KBytes  1.03 Mbits/sec   15   25.5 KBytes       
[  5]   3.00-4.00   sec   189 KBytes  1.55 Mbits/sec    9   18.8 KBytes       
[  5]   4.00-5.00   sec  63.1 KBytes   516 Kbits/sec    5   6.71 KBytes       
- - - - - - - - - - - - - - - - - - - - - - - - -
[ ID] Interval           Transfer     Bitrate         Retr
[  5]   0.00-5.00   sec  1.23 MBytes  2.07 Mbits/sec   37             sender
[  5]   0.00-5.00   sec  1.12 MBytes  1.87 Mbits/sec                  receiver

iperf Done.
Connecting to host nprabhalmac.wifi.local.cmu.edu, port 5201
[  5] local 192.168.7.63 port 37116 connected to 172.26.211.223 port 5201
[ ID] Interval           Transfer     Bitrate         Retr  Cwnd
[  5]   0.00-1.00   sec   114 KBytes   934 Kbits/sec    2   18.8 KBytes       
[  5]   1.00-2.00   sec  98.0 KBytes   802 Kbits/sec    0   24.2 KBytes       
[  5]   2.00-3.00   sec  0.00 Bytes  0.00 bits/sec    0   24.2 KBytes       
[  5]   3.00-4.00   sec  44.3 KBytes   363 Kbits/sec    0   24.2 KBytes       
[  5]   4.00-5.00   sec  47.0 KBytes   385 Kbits/sec    0   25.5 KBytes       
- - - - - - - - - - - - - - - - - - - - - - - - -
[ ID] Interval           Transfer     Bitrate         Retr
[  5]   0.00-5.00   sec   303 KBytes   497 Kbits/sec    2             sender
[  5]   0.00-5.00   sec   243 KBytes   398 Kbits/sec                  receiver

iperf Done.
Connecting to host nprabhalmac.wifi.local.cmu.edu, port 5201
[  5] local 192.168.7.63 port 37120 connected to 172.26.211.223 port 5201
[ ID] Interval           Transfer     Bitrate         Retr  Cwnd
[  5]   0.00-1.00   sec  76.5 KBytes   626 Kbits/sec    0   32.2 KBytes       
[  5]   1.00-2.00   sec   102 KBytes   836 Kbits/sec   17   10.7 KBytes       
[  5]   2.00-3.00   sec  0.00 Bytes  0.00 bits/sec    3   25.5 KBytes       
[  5]   3.00-4.00   sec  0.00 Bytes  0.00 bits/sec    0   30.9 KBytes       
[  5]   4.00-5.00   sec  0.00 Bytes  0.00 bits/sec    0   30.9 KBytes       
- - - - - - - - - - - - - - - - - - - - - - - - -
[ ID] Interval           Transfer     Bitrate         Retr
[  5]   0.00-5.00   sec   178 KBytes   292 Kbits/sec   20             sender
[  5]   0.00-5.00   sec   106 KBytes   174 Kbits/sec                  receiver

iperf Done.
Connecting to host nprabhalmac.wifi.local.cmu.edu, port 5201
[  5] local 192.168.7.63 port 37124 connected to 172.26.211.223 port 5201
[ ID] Interval           Transfer     Bitrate         Retr  Cwnd
[  5]   0.00-1.00   sec   547 KBytes  4.48 Mbits/sec    5   49.6 KBytes       
[  5]   1.00-2.00   sec  1009 KBytes  8.27 Mbits/sec    1   49.6 KBytes       
[  5]   2.00-3.00   sec   252 KBytes  2.07 Mbits/sec    2   1.34 KBytes       
[  5]   3.00-4.00   sec  0.00 Bytes  0.00 bits/sec   16   21.5 KBytes       
[  5]   4.00-5.00   sec   126 KBytes  1.03 Mbits/sec   15   21.5 KBytes       
- - - - - - - - - - - - - - - - - - - - - - - - -
[ ID] Interval           Transfer     Bitrate         Retr
[  5]   0.00-5.00   sec  1.89 MBytes  3.17 Mbits/sec   39             sender
[  5]   0.00-5.00   sec  1.72 MBytes  2.89 Mbits/sec                  receiver

iperf Done.
Connecting to host nprabhalmac.wifi.local.cmu.edu, port 5201
[  5] local 192.168.7.63 port 37128 connected to 172.26.211.223 port 5201
[ ID] Interval           Transfer     Bitrate         Retr  Cwnd
[  5]   0.00-1.00   sec   547 KBytes  4.48 Mbits/sec    9   12.1 KBytes       
[  5]   1.00-2.00   sec   262 KBytes  2.14 Mbits/sec    6   12.1 KBytes       
[  5]   2.00-3.00   sec   224 KBytes  1.84 Mbits/sec    2   14.8 KBytes       
[  5]   3.00-4.00   sec   421 KBytes  3.45 Mbits/sec    6   24.2 KBytes       
[  5]   4.00-5.00   sec   247 KBytes  2.02 Mbits/sec   15   16.1 KBytes       
- - - - - - - - - - - - - - - - - - - - - - - - -
[ ID] Interval           Transfer     Bitrate         Retr
[  5]   0.00-5.00   sec  1.66 MBytes  2.79 Mbits/sec   38             sender
[  5]   0.00-5.00   sec  1.61 MBytes  2.70 Mbits/sec                  receiver

iperf Done.
Connecting to host nprabhalmac.wifi.local.cmu.edu, port 5201
[  5] local 192.168.7.63 port 37132 connected to 172.26.211.223 port 5201
[ ID] Interval           Transfer     Bitrate         Retr  Cwnd
[  5]   0.00-1.00   sec   468 KBytes  3.84 Mbits/sec   30   40.3 KBytes       
[  5]   1.00-2.00   sec   126 KBytes  1.03 Mbits/sec   13   13.4 KBytes       
[  5]   2.00-3.00   sec   505 KBytes  4.13 Mbits/sec    2   21.5 KBytes       
[  5]   3.00-4.00   sec   505 KBytes  4.13 Mbits/sec    7   24.2 KBytes       
[  5]   4.00-5.00   sec   631 KBytes  5.17 Mbits/sec    5   30.9 KBytes       
- - - - - - - - - - - - - - - - - - - - - - - - -
[ ID] Interval           Transfer     Bitrate         Retr
[  5]   0.00-5.00   sec  2.18 MBytes  3.66 Mbits/sec   57             sender
[  5]   0.00-5.00   sec  1.92 MBytes  3.22 Mbits/sec                  receiver

iperf Done.
Connecting to host nprabhalmac.wifi.local.cmu.edu, port 5201
[  5] local 192.168.7.63 port 37136 connected to 172.26.211.223 port 5201
[ ID] Interval           Transfer     Bitrate         Retr  Cwnd
[  5]   0.00-1.00   sec   710 KBytes  5.81 Mbits/sec   14   56.4 KBytes       
[  5]   1.00-2.00   sec   189 KBytes  1.55 Mbits/sec    8   44.3 KBytes       
[  5]   2.00-3.00   sec   378 KBytes  3.10 Mbits/sec   16   24.2 KBytes       
[  5]   3.00-4.00   sec   568 KBytes  4.65 Mbits/sec    6   25.5 KBytes       
- - - - - - - - - - - - - - - - - - - - - - - - -
[ ID] Interval           Transfer     Bitrate         Retr
[  5]   0.00-4.06   sec  1.80 MBytes  3.72 Mbits/sec   44             sender
[  5]   0.00-4.06   sec  0.00 Bytes  0.00 bits/sec                  receiver
