          Cell 01 - Address: B8:27:EB:6C:F0:84
                    Channel:1
                    Frequency:2.412 GHz (Channel 1)
                    Quality=51/70  Signal level=-59 dBm  
                    Encryption key:on
                    ESSID:"WirelessProject"
                    Bit Rates:1 Mb/s; 2 Mb/s; 5.5 Mb/s; 11 Mb/s; 18 Mb/s
                              24 Mb/s; 36 Mb/s; 54 Mb/s
                    Bit Rates:6 Mb/s; 9 Mb/s; 12 Mb/s; 48 Mb/s
                    Mode:Master
                    Extra:tsf=0000000000000000
2021-04-21T19:14:29.373
*-*
          Cell 01 - Address: B8:27:EB:6C:F0:84
                    Channel:1
                    Frequency:2.412 GHz (Channel 1)
                    Quality=45/70  Signal level=-65 dBm  
                    Encryption key:on
                    ESSID:"WirelessProject"
                    Bit Rates:1 Mb/s; 2 Mb/s; 5.5 Mb/s; 11 Mb/s; 18 Mb/s
                              24 Mb/s; 36 Mb/s; 54 Mb/s
                    Bit Rates:6 Mb/s; 9 Mb/s; 12 Mb/s; 48 Mb/s
                    Mode:Master
                    Extra:tsf=0000000000000000
2021-04-21T19:14:40.323
*-*
          Cell 01 - Address: B8:27:EB:6C:F0:84
                    Channel:1
                    Frequency:2.412 GHz (Channel 1)
                    Quality=53/70  Signal level=-57 dBm  
                    Encryption key:on
                    ESSID:"WirelessProject"
                    Bit Rates:1 Mb/s; 2 Mb/s; 5.5 Mb/s; 11 Mb/s; 18 Mb/s
                              24 Mb/s; 36 Mb/s; 54 Mb/s
                    Bit Rates:6 Mb/s; 9 Mb/s; 12 Mb/s; 48 Mb/s
                    Mode:Master
                    Extra:tsf=0000000000000000
2021-04-21T19:14:51.258
*-*
          Cell 01 - Address: B8:27:EB:6C:F0:84
                    Channel:1
                    Frequency:2.412 GHz (Channel 1)
                    Quality=65/70  Signal level=-45 dBm  
                    Encryption key:on
                    ESSID:"WirelessProject"
                    Bit Rates:1 Mb/s; 2 Mb/s; 5.5 Mb/s; 11 Mb/s; 18 Mb/s
                              24 Mb/s; 36 Mb/s; 54 Mb/s
                    Bit Rates:6 Mb/s; 9 Mb/s; 12 Mb/s; 48 Mb/s
                    Mode:Master
                    Extra:tsf=0000000000000000
2021-04-21T19:15:02.199
*-*
          Cell 01 - Address: B8:27:EB:6C:F0:84
                    Channel:1
                    Frequency:2.412 GHz (Channel 1)
                    Quality=38/70  Signal level=-72 dBm  
                    Encryption key:on
                    ESSID:"WirelessProject"
                    Bit Rates:1 Mb/s; 2 Mb/s; 5.5 Mb/s; 11 Mb/s; 18 Mb/s
                              24 Mb/s; 36 Mb/s; 54 Mb/s
                    Bit Rates:6 Mb/s; 9 Mb/s; 12 Mb/s; 48 Mb/s
                    Mode:Master
                    Extra:tsf=0000000000000000
2021-04-21T19:15:13.139
*-*
          Cell 01 - Address: B8:27:EB:6C:F0:84
                    Channel:1
                    Frequency:2.412 GHz (Channel 1)
                    Quality=33/70  Signal level=-77 dBm  
                    Encryption key:on
                    ESSID:"WirelessProject"
                    Bit Rates:1 Mb/s; 2 Mb/s; 5.5 Mb/s; 11 Mb/s; 18 Mb/s
                              24 Mb/s; 36 Mb/s; 54 Mb/s
                    Bit Rates:6 Mb/s; 9 Mb/s; 12 Mb/s; 48 Mb/s
                    Mode:Master
                    Extra:tsf=0000000000000000
2021-04-21T19:15:24.078
*-*
          Cell 01 - Address: B8:27:EB:6C:F0:84
                    Channel:1
                    Frequency:2.412 GHz (Channel 1)
                    Quality=26/70  Signal level=-84 dBm  
                    Encryption key:on
                    ESSID:"WirelessProject"
                    Bit Rates:1 Mb/s; 2 Mb/s; 5.5 Mb/s; 11 Mb/s; 18 Mb/s
                              24 Mb/s; 36 Mb/s; 54 Mb/s
                    Bit Rates:6 Mb/s; 9 Mb/s; 12 Mb/s; 48 Mb/s
                    Mode:Master
                    Extra:tsf=0000000000000000
--
          Cell 43 - Address: B8:27:EB:75:C1:31
                    Channel:1
                    Frequency:2.412 GHz (Channel 1)
                    Quality=49/70  Signal level=-61 dBm  
                    Encryption key:on
                    ESSID:"WirelessProject"
                    Bit Rates:1 Mb/s; 2 Mb/s; 5.5 Mb/s; 11 Mb/s; 18 Mb/s
                              24 Mb/s; 36 Mb/s; 54 Mb/s
                    Bit Rates:6 Mb/s; 9 Mb/s; 12 Mb/s; 48 Mb/s
                    Mode:Master
                    Extra:tsf=0000000000000000
2021-04-21T19:15:35.019
*-*
          Cell 01 - Address: B8:27:EB:6C:F0:84
                    Channel:1
                    Frequency:2.412 GHz (Channel 1)
                    Quality=21/70  Signal level=-89 dBm  
                    Encryption key:on
                    ESSID:"WirelessProject"
                    Bit Rates:1 Mb/s; 2 Mb/s; 5.5 Mb/s; 11 Mb/s; 18 Mb/s
                              24 Mb/s; 36 Mb/s; 54 Mb/s
                    Bit Rates:6 Mb/s; 9 Mb/s; 12 Mb/s; 48 Mb/s
                    Mode:Master
                    Extra:tsf=0000000000000000
--
          Cell 18 - Address: B8:27:EB:75:C1:31
                    Channel:1
                    Frequency:2.412 GHz (Channel 1)
                    Quality=20/70  Signal level=-90 dBm  
                    Encryption key:on
                    ESSID:"WirelessProject"
                    Bit Rates:1 Mb/s; 2 Mb/s; 5.5 Mb/s; 11 Mb/s; 18 Mb/s
                              24 Mb/s; 36 Mb/s; 54 Mb/s
                    Bit Rates:6 Mb/s; 9 Mb/s; 12 Mb/s; 48 Mb/s
                    Mode:Master
                    Extra:tsf=0000000000000000
2021-04-21T19:15:45.959
*-*
2021-04-21T19:15:56.135
*-*
2021-04-21T19:16:06.293
*-*
          Cell 01 - Address: B8:27:EB:75:C1:31
                    Channel:1
                    Frequency:2.412 GHz (Channel 1)
                    Quality=25/70  Signal level=-85 dBm  
                    Encryption key:on
                    ESSID:"WirelessProject"
                    Bit Rates:1 Mb/s; 2 Mb/s; 5.5 Mb/s; 11 Mb/s; 18 Mb/s
                              24 Mb/s; 36 Mb/s; 54 Mb/s
                    Bit Rates:6 Mb/s; 9 Mb/s; 12 Mb/s; 48 Mb/s
                    Mode:Master
                    Extra:tsf=0000000000000000
--
          Cell 14 - Address: B8:27:EB:CC:AA:D5
                    Channel:1
                    Frequency:2.412 GHz (Channel 1)
                    Quality=36/70  Signal level=-74 dBm  
                    Encryption key:on
                    ESSID:"WirelessProject"
                    Bit Rates:1 Mb/s; 2 Mb/s; 5.5 Mb/s; 11 Mb/s; 18 Mb/s
                              24 Mb/s; 36 Mb/s; 54 Mb/s
                    Bit Rates:6 Mb/s; 9 Mb/s; 12 Mb/s; 48 Mb/s
                    Mode:Master
                    Extra:tsf=0000000000000000
2021-04-21T19:16:17.211
*-*
          Cell 01 - Address: B8:27:EB:75:C1:31
                    Channel:1
                    Frequency:2.412 GHz (Channel 1)
                    Quality=33/70  Signal level=-77 dBm  
                    Encryption key:on
                    ESSID:"WirelessProject"
                    Bit Rates:1 Mb/s; 2 Mb/s; 5.5 Mb/s; 11 Mb/s; 18 Mb/s
                              24 Mb/s; 36 Mb/s; 54 Mb/s
                    Bit Rates:6 Mb/s; 9 Mb/s; 12 Mb/s; 48 Mb/s
                    Mode:Master
                    Extra:tsf=0000000000000000
--
          Cell 09 - Address: B8:27:EB:CC:AA:D5
                    Channel:1
                    Frequency:2.412 GHz (Channel 1)
                    Quality=39/70  Signal level=-71 dBm  
                    Encryption key:on
                    ESSID:"WirelessProject"
                    Bit Rates:1 Mb/s; 2 Mb/s; 5.5 Mb/s; 11 Mb/s; 18 Mb/s
                              24 Mb/s; 36 Mb/s; 54 Mb/s
                    Bit Rates:6 Mb/s; 9 Mb/s; 12 Mb/s; 48 Mb/s
                    Mode:Master
                    Extra:tsf=0000000000000000
2021-04-21T19:16:28.136
*-*
          Cell 01 - Address: B8:27:EB:75:C1:31
                    Channel:1
                    Frequency:2.412 GHz (Channel 1)
                    Quality=68/70  Signal level=-42 dBm  
                    Encryption key:on
                    ESSID:"WirelessProject"
                    Bit Rates:1 Mb/s; 2 Mb/s; 5.5 Mb/s; 11 Mb/s; 18 Mb/s
                              24 Mb/s; 36 Mb/s; 54 Mb/s
                    Bit Rates:6 Mb/s; 9 Mb/s; 12 Mb/s; 48 Mb/s
                    Mode:Master
                    Extra:tsf=0000000000000000
--
          Cell 07 - Address: B8:27:EB:CC:AA:D5
                    Channel:1
                    Frequency:2.412 GHz (Channel 1)
                    Quality=39/70  Signal level=-71 dBm  
                    Encryption key:on
                    ESSID:"WirelessProject"
                    Bit Rates:1 Mb/s; 2 Mb/s; 5.5 Mb/s; 11 Mb/s; 18 Mb/s
                              24 Mb/s; 36 Mb/s; 54 Mb/s
                    Bit Rates:6 Mb/s; 9 Mb/s; 12 Mb/s; 48 Mb/s
                    Mode:Master
                    Extra:tsf=0000000000000000
2021-04-21T19:16:39.078
*-*
          Cell 01 - Address: B8:27:EB:75:C1:31
                    Channel:1
                    Frequency:2.412 GHz (Channel 1)
                    Quality=39/70  Signal level=-71 dBm  
                    Encryption key:on
                    ESSID:"WirelessProject"
                    Bit Rates:1 Mb/s; 2 Mb/s; 5.5 Mb/s; 11 Mb/s; 18 Mb/s
                              24 Mb/s; 36 Mb/s; 54 Mb/s
                    Bit Rates:6 Mb/s; 9 Mb/s; 12 Mb/s; 48 Mb/s
                    Mode:Master
                    Extra:tsf=0000000000000000
--
          Cell 06 - Address: B8:27:EB:CC:AA:D5
                    Channel:1
                    Frequency:2.412 GHz (Channel 1)
                    Quality=39/70  Signal level=-71 dBm  
                    Encryption key:on
                    ESSID:"WirelessProject"
                    Bit Rates:1 Mb/s; 2 Mb/s; 5.5 Mb/s; 11 Mb/s; 18 Mb/s
                              24 Mb/s; 36 Mb/s; 54 Mb/s
                    Bit Rates:6 Mb/s; 9 Mb/s; 12 Mb/s; 48 Mb/s
                    Mode:Master
                    Extra:tsf=0000000000000000
2021-04-21T19:16:50.021
*-*
          Cell 01 - Address: B8:27:EB:75:C1:31
                    Channel:1
                    Frequency:2.412 GHz (Channel 1)
                    Quality=32/70  Signal level=-78 dBm  
                    Encryption key:on
                    ESSID:"WirelessProject"
                    Bit Rates:1 Mb/s; 2 Mb/s; 5.5 Mb/s; 11 Mb/s; 18 Mb/s
                              24 Mb/s; 36 Mb/s; 54 Mb/s
                    Bit Rates:6 Mb/s; 9 Mb/s; 12 Mb/s; 48 Mb/s
                    Mode:Master
                    Extra:tsf=0000000000000000
2021-04-21T19:17:00.964
*-*
          Cell 01 - Address: B8:27:EB:75:C1:31
                    Channel:1
                    Frequency:2.412 GHz (Channel 1)
                    Quality=26/70  Signal level=-84 dBm  
                    Encryption key:on
                    ESSID:"WirelessProject"
                    Bit Rates:1 Mb/s; 2 Mb/s; 5.5 Mb/s; 11 Mb/s; 18 Mb/s
                              24 Mb/s; 36 Mb/s; 54 Mb/s
                    Bit Rates:6 Mb/s; 9 Mb/s; 12 Mb/s; 48 Mb/s
                    Mode:Master
                    Extra:tsf=0000000000000000
2021-04-21T19:17:11.882
*-*
          Cell 01 - Address: B8:27:EB:75:C1:31
                    Channel:1
                    Frequency:2.412 GHz (Channel 1)
                    Quality=26/70  Signal level=-84 dBm  
                    Encryption key:on
                    ESSID:"WirelessProject"
                    Bit Rates:1 Mb/s; 2 Mb/s; 5.5 Mb/s; 11 Mb/s; 18 Mb/s
                              24 Mb/s; 36 Mb/s; 54 Mb/s
                    Bit Rates:6 Mb/s; 9 Mb/s; 12 Mb/s; 48 Mb/s
                    Mode:Master
                    Extra:tsf=0000000000000000
--
          Cell 65 - Address: B8:27:EB:6C:F0:84
                    Channel:1
                    Frequency:2.412 GHz (Channel 1)
                    Quality=18/70  Signal level=-92 dBm  
                    Encryption key:on
                    ESSID:"WirelessProject"
                    Bit Rates:1 Mb/s; 2 Mb/s; 5.5 Mb/s; 11 Mb/s; 18 Mb/s
                              24 Mb/s; 36 Mb/s; 54 Mb/s
                    Bit Rates:6 Mb/s; 9 Mb/s; 12 Mb/s; 48 Mb/s
                    Mode:Master
                    Extra:tsf=0000000000000000
2021-04-21T19:17:22.849
*-*
          Cell 01 - Address: B8:27:EB:75:C1:31
                    Channel:1
                    Frequency:2.412 GHz (Channel 1)
                    Quality=26/70  Signal level=-84 dBm  
                    Encryption key:on
                    ESSID:"WirelessProject"
                    Bit Rates:1 Mb/s; 2 Mb/s; 5.5 Mb/s; 11 Mb/s; 18 Mb/s
                              24 Mb/s; 36 Mb/s; 54 Mb/s
                    Bit Rates:6 Mb/s; 9 Mb/s; 12 Mb/s; 48 Mb/s
                    Mode:Master
                    Extra:tsf=0000000000000000
--
          Cell 34 - Address: B8:27:EB:6C:F0:84
                    Channel:1
                    Frequency:2.412 GHz (Channel 1)
                    Quality=55/70  Signal level=-55 dBm  
                    Encryption key:on
                    ESSID:"WirelessProject"
                    Bit Rates:1 Mb/s; 2 Mb/s; 5.5 Mb/s; 11 Mb/s; 18 Mb/s
                              24 Mb/s; 36 Mb/s; 54 Mb/s
                    Bit Rates:6 Mb/s; 9 Mb/s; 12 Mb/s; 48 Mb/s
                    Mode:Master
                    Extra:tsf=0000000000000000
2021-04-21T19:17:33.798
*-*
          Cell 09 - Address: B8:27:EB:6C:F0:84
                    Channel:1
                    Frequency:2.412 GHz (Channel 1)
                    Quality=53/70  Signal level=-57 dBm  
                    Encryption key:on
                    ESSID:"WirelessProject"
                    Bit Rates:1 Mb/s; 2 Mb/s; 5.5 Mb/s; 11 Mb/s; 18 Mb/s
                              24 Mb/s; 36 Mb/s; 54 Mb/s
                    Bit Rates:6 Mb/s; 9 Mb/s; 12 Mb/s; 48 Mb/s
                    Mode:Master
                    Extra:tsf=0000000000000000
2021-04-21T19:17:44.765
*-*
          Cell 02 - Address: B8:27:EB:6C:F0:84
                    Channel:1
                    Frequency:2.412 GHz (Channel 1)
                    Quality=44/70  Signal level=-66 dBm  
                    Encryption key:on
                    ESSID:"WirelessProject"
                    Bit Rates:1 Mb/s; 2 Mb/s; 5.5 Mb/s; 11 Mb/s; 18 Mb/s
                              24 Mb/s; 36 Mb/s; 54 Mb/s
                    Bit Rates:6 Mb/s; 9 Mb/s; 12 Mb/s; 48 Mb/s
                    Mode:Master
                    Extra:tsf=0000000000000000
2021-04-21T19:17:55.727
*-*
          Cell 01 - Address: B8:27:EB:6C:F0:84
                    Channel:1
                    Frequency:2.412 GHz (Channel 1)
                    Quality=49/70  Signal level=-61 dBm  
                    Encryption key:on
                    ESSID:"WirelessProject"
                    Bit Rates:1 Mb/s; 2 Mb/s; 5.5 Mb/s; 11 Mb/s; 18 Mb/s
                              24 Mb/s; 36 Mb/s; 54 Mb/s
                    Bit Rates:6 Mb/s; 9 Mb/s; 12 Mb/s; 48 Mb/s
                    Mode:Master
                    Extra:tsf=0000000000000000
2021-04-21T19:18:06.689
*-*
