Result
wlan0     IEEE 802.11  ESSID:"WirelessProject"  
          Mode:Managed  Frequency:2.412 GHz  Access Point: B8:27:EB:6C:F0:84   
          Bit Rate=24 Mb/s   Tx-Power=31 dBm   
          Retry short limit:7   RTS thr:off   Fragment thr:off
          Power Management:on
          Link Quality=45/70  Signal level=-65 dBm  
          Rx invalid nwid:0  Rx invalid crypt:0  Rx invalid frag:0
          Tx excessive retries:69  Invalid misc:0   Missed beacon:0

2021-04-21T19:14:26.273
*-*
Result
wlan0     IEEE 802.11  ESSID:"WirelessProject"  
          Mode:Managed  Frequency:2.412 GHz  Access Point: B8:27:EB:6C:F0:84   
          Bit Rate=24 Mb/s   Tx-Power=31 dBm   
          Retry short limit:7   RTS thr:off   Fragment thr:off
          Power Management:on
          Link Quality=45/70  Signal level=-65 dBm  
          Rx invalid nwid:0  Rx invalid crypt:0  Rx invalid frag:0
          Tx excessive retries:69  Invalid misc:0   Missed beacon:0

2021-04-21T19:14:27.402
*-*
Result
wlan0     IEEE 802.11  ESSID:"WirelessProject"  
          Mode:Managed  Frequency:2.412 GHz  Access Point: B8:27:EB:6C:F0:84   
          Bit Rate=24 Mb/s   Tx-Power=31 dBm   
          Retry short limit:7   RTS thr:off   Fragment thr:off
          Power Management:on
          Link Quality=45/70  Signal level=-65 dBm  
          Rx invalid nwid:0  Rx invalid crypt:0  Rx invalid frag:0
          Tx excessive retries:69  Invalid misc:0   Missed beacon:0

2021-04-21T19:14:28.537
*-*
Result
wlan0     IEEE 802.11  ESSID:"WirelessProject"  
          Mode:Managed  Frequency:2.412 GHz  Access Point: B8:27:EB:6C:F0:84   
          Bit Rate=24 Mb/s   Tx-Power=31 dBm   
          Retry short limit:7   RTS thr:off   Fragment thr:off
          Power Management:on
          Link Quality=45/70  Signal level=-65 dBm  
          Rx invalid nwid:0  Rx invalid crypt:0  Rx invalid frag:0
          Tx excessive retries:69  Invalid misc:0   Missed beacon:0

2021-04-21T19:14:29.672
*-*
Result
wlan0     IEEE 802.11  ESSID:"WirelessProject"  
          Mode:Managed  Frequency:2.412 GHz  Access Point: B8:27:EB:6C:F0:84   
          Bit Rate=24 Mb/s   Tx-Power=31 dBm   
          Retry short limit:7   RTS thr:off   Fragment thr:off
          Power Management:on
          Link Quality=45/70  Signal level=-65 dBm  
          Rx invalid nwid:0  Rx invalid crypt:0  Rx invalid frag:0
          Tx excessive retries:69  Invalid misc:0   Missed beacon:0

2021-04-21T19:14:30.799
*-*
Result
wlan0     IEEE 802.11  ESSID:"WirelessProject"  
          Mode:Managed  Frequency:2.412 GHz  Access Point: B8:27:EB:6C:F0:84   
          Bit Rate=57.7 Mb/s   Tx-Power=31 dBm   
          Retry short limit:7   RTS thr:off   Fragment thr:off
          Power Management:on
          Link Quality=45/70  Signal level=-65 dBm  
          Rx invalid nwid:0  Rx invalid crypt:0  Rx invalid frag:0
          Tx excessive retries:69  Invalid misc:0   Missed beacon:0

2021-04-21T19:14:31.928
*-*
Result
wlan0     IEEE 802.11  ESSID:"WirelessProject"  
          Mode:Managed  Frequency:2.412 GHz  Access Point: B8:27:EB:6C:F0:84   
          Bit Rate=65 Mb/s   Tx-Power=31 dBm   
          Retry short limit:7   RTS thr:off   Fragment thr:off
          Power Management:on
          Link Quality=49/70  Signal level=-61 dBm  
          Rx invalid nwid:0  Rx invalid crypt:0  Rx invalid frag:0
          Tx excessive retries:69  Invalid misc:0   Missed beacon:0

2021-04-21T19:14:33.059
*-*
Result
wlan0     IEEE 802.11  ESSID:"WirelessProject"  
          Mode:Managed  Frequency:2.412 GHz  Access Point: B8:27:EB:6C:F0:84   
          Bit Rate=72.2 Mb/s   Tx-Power=31 dBm   
          Retry short limit:7   RTS thr:off   Fragment thr:off
          Power Management:on
          Link Quality=49/70  Signal level=-61 dBm  
          Rx invalid nwid:0  Rx invalid crypt:0  Rx invalid frag:0
          Tx excessive retries:69  Invalid misc:0   Missed beacon:0

2021-04-21T19:14:34.209
*-*
Result
wlan0     IEEE 802.11  ESSID:"WirelessProject"  
          Mode:Managed  Frequency:2.412 GHz  Access Point: B8:27:EB:6C:F0:84   
          Bit Rate=72.2 Mb/s   Tx-Power=31 dBm   
          Retry short limit:7   RTS thr:off   Fragment thr:off
          Power Management:on
          Link Quality=49/70  Signal level=-61 dBm  
          Rx invalid nwid:0  Rx invalid crypt:0  Rx invalid frag:0
          Tx excessive retries:69  Invalid misc:0   Missed beacon:0

2021-04-21T19:14:35.354
*-*
Result
wlan0     IEEE 802.11  ESSID:"WirelessProject"  
          Mode:Managed  Frequency:2.412 GHz  Access Point: B8:27:EB:6C:F0:84   
          Bit Rate=72.2 Mb/s   Tx-Power=31 dBm   
          Retry short limit:7   RTS thr:off   Fragment thr:off
          Power Management:on
          Link Quality=49/70  Signal level=-61 dBm  
          Rx invalid nwid:0  Rx invalid crypt:0  Rx invalid frag:0
          Tx excessive retries:69  Invalid misc:0   Missed beacon:0

2021-04-21T19:14:36.488
*-*
Result
wlan0     IEEE 802.11  ESSID:"WirelessProject"  
          Mode:Managed  Frequency:2.412 GHz  Access Point: B8:27:EB:6C:F0:84   
          Bit Rate=72.2 Mb/s   Tx-Power=31 dBm   
          Retry short limit:7   RTS thr:off   Fragment thr:off
          Power Management:on
          Link Quality=48/70  Signal level=-62 dBm  
          Rx invalid nwid:0  Rx invalid crypt:0  Rx invalid frag:0
          Tx excessive retries:69  Invalid misc:0   Missed beacon:0

2021-04-21T19:14:37.617
*-*
Result
wlan0     IEEE 802.11  ESSID:"WirelessProject"  
          Mode:Managed  Frequency:2.412 GHz  Access Point: B8:27:EB:6C:F0:84   
          Bit Rate=72.2 Mb/s   Tx-Power=31 dBm   
          Retry short limit:7   RTS thr:off   Fragment thr:off
          Power Management:on
          Link Quality=48/70  Signal level=-62 dBm  
          Rx invalid nwid:0  Rx invalid crypt:0  Rx invalid frag:0
          Tx excessive retries:69  Invalid misc:0   Missed beacon:0

2021-04-21T19:14:38.743
*-*
Result
wlan0     IEEE 802.11  ESSID:"WirelessProject"  
          Mode:Managed  Frequency:2.412 GHz  Access Point: B8:27:EB:6C:F0:84   
          Bit Rate=24 Mb/s   Tx-Power=31 dBm   
          Retry short limit:7   RTS thr:off   Fragment thr:off
          Power Management:on
          Link Quality=48/70  Signal level=-62 dBm  
          Rx invalid nwid:0  Rx invalid crypt:0  Rx invalid frag:0
          Tx excessive retries:69  Invalid misc:0   Missed beacon:0

2021-04-21T19:14:39.868
*-*
Result
wlan0     IEEE 802.11  ESSID:"WirelessProject"  
          Mode:Managed  Frequency:2.412 GHz  Access Point: B8:27:EB:6C:F0:84   
          Bit Rate=24 Mb/s   Tx-Power=31 dBm   
          Retry short limit:7   RTS thr:off   Fragment thr:off
          Power Management:on
          Link Quality=48/70  Signal level=-62 dBm  
          Rx invalid nwid:0  Rx invalid crypt:0  Rx invalid frag:0
          Tx excessive retries:69  Invalid misc:0   Missed beacon:0

2021-04-21T19:14:40.995
*-*
Result
wlan0     IEEE 802.11  ESSID:"WirelessProject"  
          Mode:Managed  Frequency:2.412 GHz  Access Point: B8:27:EB:6C:F0:84   
          Bit Rate=24 Mb/s   Tx-Power=31 dBm   
          Retry short limit:7   RTS thr:off   Fragment thr:off
          Power Management:on
          Link Quality=48/70  Signal level=-62 dBm  
          Rx invalid nwid:0  Rx invalid crypt:0  Rx invalid frag:0
          Tx excessive retries:69  Invalid misc:0   Missed beacon:0

2021-04-21T19:14:42.122
*-*
Result
wlan0     IEEE 802.11  ESSID:"WirelessProject"  
          Mode:Managed  Frequency:2.412 GHz  Access Point: B8:27:EB:6C:F0:84   
          Bit Rate=72.2 Mb/s   Tx-Power=31 dBm   
          Retry short limit:7   RTS thr:off   Fragment thr:off
          Power Management:on
          Link Quality=47/70  Signal level=-63 dBm  
          Rx invalid nwid:0  Rx invalid crypt:0  Rx invalid frag:0
          Tx excessive retries:69  Invalid misc:0   Missed beacon:0

2021-04-21T19:14:43.245
*-*
Result
wlan0     IEEE 802.11  ESSID:"WirelessProject"  
          Mode:Managed  Frequency:2.412 GHz  Access Point: B8:27:EB:6C:F0:84   
          Bit Rate=72.2 Mb/s   Tx-Power=31 dBm   
          Retry short limit:7   RTS thr:off   Fragment thr:off
          Power Management:on
          Link Quality=45/70  Signal level=-65 dBm  
          Rx invalid nwid:0  Rx invalid crypt:0  Rx invalid frag:0
          Tx excessive retries:69  Invalid misc:0   Missed beacon:0

2021-04-21T19:14:44.370
*-*
Result
wlan0     IEEE 802.11  ESSID:"WirelessProject"  
          Mode:Managed  Frequency:2.412 GHz  Access Point: B8:27:EB:6C:F0:84   
          Bit Rate=24 Mb/s   Tx-Power=31 dBm   
          Retry short limit:7   RTS thr:off   Fragment thr:off
          Power Management:on
          Link Quality=34/70  Signal level=-76 dBm  
          Rx invalid nwid:0  Rx invalid crypt:0  Rx invalid frag:0
          Tx excessive retries:72  Invalid misc:0   Missed beacon:0

2021-04-21T19:14:45.493
*-*
Result
wlan0     IEEE 802.11  ESSID:"WirelessProject"  
          Mode:Managed  Frequency:2.412 GHz  Access Point: B8:27:EB:6C:F0:84   
          Bit Rate=43.3 Mb/s   Tx-Power=31 dBm   
          Retry short limit:7   RTS thr:off   Fragment thr:off
          Power Management:on
          Link Quality=41/70  Signal level=-69 dBm  
          Rx invalid nwid:0  Rx invalid crypt:0  Rx invalid frag:0
          Tx excessive retries:72  Invalid misc:0   Missed beacon:0

2021-04-21T19:14:46.618
*-*
Result
wlan0     IEEE 802.11  ESSID:"WirelessProject"  
          Mode:Managed  Frequency:2.412 GHz  Access Point: B8:27:EB:6C:F0:84   
          Bit Rate=43.3 Mb/s   Tx-Power=31 dBm   
          Retry short limit:7   RTS thr:off   Fragment thr:off
          Power Management:on
          Link Quality=38/70  Signal level=-72 dBm  
          Rx invalid nwid:0  Rx invalid crypt:0  Rx invalid frag:0
          Tx excessive retries:72  Invalid misc:0   Missed beacon:0

2021-04-21T19:14:47.744
*-*
Result
wlan0     IEEE 802.11  ESSID:"WirelessProject"  
          Mode:Managed  Frequency:2.412 GHz  Access Point: B8:27:EB:6C:F0:84   
          Bit Rate=52 Mb/s   Tx-Power=31 dBm   
          Retry short limit:7   RTS thr:off   Fragment thr:off
          Power Management:on
          Link Quality=40/70  Signal level=-70 dBm  
          Rx invalid nwid:0  Rx invalid crypt:0  Rx invalid frag:0
          Tx excessive retries:72  Invalid misc:0   Missed beacon:0

2021-04-21T19:14:48.873
*-*
Result
wlan0     IEEE 802.11  ESSID:"WirelessProject"  
          Mode:Managed  Frequency:2.412 GHz  Access Point: B8:27:EB:6C:F0:84   
          Bit Rate=52 Mb/s   Tx-Power=31 dBm   
          Retry short limit:7   RTS thr:off   Fragment thr:off
          Power Management:on
          Link Quality=40/70  Signal level=-70 dBm  
          Rx invalid nwid:0  Rx invalid crypt:0  Rx invalid frag:0
          Tx excessive retries:72  Invalid misc:0   Missed beacon:0

2021-04-21T19:14:49.999
*-*
Result
wlan0     IEEE 802.11  ESSID:"WirelessProject"  
          Mode:Managed  Frequency:2.412 GHz  Access Point: B8:27:EB:6C:F0:84   
          Bit Rate=24 Mb/s   Tx-Power=31 dBm   
          Retry short limit:7   RTS thr:off   Fragment thr:off
          Power Management:on
          Link Quality=40/70  Signal level=-70 dBm  
          Rx invalid nwid:0  Rx invalid crypt:0  Rx invalid frag:0
          Tx excessive retries:72  Invalid misc:0   Missed beacon:0

2021-04-21T19:14:51.122
*-*
Result
wlan0     IEEE 802.11  ESSID:"WirelessProject"  
          Mode:Managed  Frequency:2.412 GHz  Access Point: B8:27:EB:6C:F0:84   
          Bit Rate=24 Mb/s   Tx-Power=31 dBm   
          Retry short limit:7   RTS thr:off   Fragment thr:off
          Power Management:on
          Link Quality=40/70  Signal level=-70 dBm  
          Rx invalid nwid:0  Rx invalid crypt:0  Rx invalid frag:0
          Tx excessive retries:72  Invalid misc:0   Missed beacon:0

2021-04-21T19:14:52.254
*-*
Result
wlan0     IEEE 802.11  ESSID:"WirelessProject"  
          Mode:Managed  Frequency:2.412 GHz  Access Point: B8:27:EB:6C:F0:84   
          Bit Rate=24 Mb/s   Tx-Power=31 dBm   
          Retry short limit:7   RTS thr:off   Fragment thr:off
          Power Management:on
          Link Quality=40/70  Signal level=-70 dBm  
          Rx invalid nwid:0  Rx invalid crypt:0  Rx invalid frag:0
          Tx excessive retries:72  Invalid misc:0   Missed beacon:0

2021-04-21T19:14:53.381
*-*
Result
wlan0     IEEE 802.11  ESSID:"WirelessProject"  
          Mode:Managed  Frequency:2.412 GHz  Access Point: B8:27:EB:6C:F0:84   
          Bit Rate=24 Mb/s   Tx-Power=31 dBm   
          Retry short limit:7   RTS thr:off   Fragment thr:off
          Power Management:on
          Link Quality=40/70  Signal level=-70 dBm  
          Rx invalid nwid:0  Rx invalid crypt:0  Rx invalid frag:0
          Tx excessive retries:72  Invalid misc:0   Missed beacon:0

2021-04-21T19:14:54.507
*-*
Result
wlan0     IEEE 802.11  ESSID:"WirelessProject"  
          Mode:Managed  Frequency:2.412 GHz  Access Point: B8:27:EB:6C:F0:84   
          Bit Rate=57.7 Mb/s   Tx-Power=31 dBm   
          Retry short limit:7   RTS thr:off   Fragment thr:off
          Power Management:on
          Link Quality=44/70  Signal level=-66 dBm  
          Rx invalid nwid:0  Rx invalid crypt:0  Rx invalid frag:0
          Tx excessive retries:72  Invalid misc:0   Missed beacon:0

2021-04-21T19:14:55.636
*-*
Result
wlan0     IEEE 802.11  ESSID:"WirelessProject"  
          Mode:Managed  Frequency:2.412 GHz  Access Point: B8:27:EB:6C:F0:84   
          Bit Rate=43.3 Mb/s   Tx-Power=31 dBm   
          Retry short limit:7   RTS thr:off   Fragment thr:off
          Power Management:on
          Link Quality=43/70  Signal level=-67 dBm  
          Rx invalid nwid:0  Rx invalid crypt:0  Rx invalid frag:0
          Tx excessive retries:72  Invalid misc:0   Missed beacon:0

2021-04-21T19:14:56.773
*-*
Result
wlan0     IEEE 802.11  ESSID:"WirelessProject"  
          Mode:Managed  Frequency:2.412 GHz  Access Point: B8:27:EB:6C:F0:84   
          Bit Rate=65 Mb/s   Tx-Power=31 dBm   
          Retry short limit:7   RTS thr:off   Fragment thr:off
          Power Management:on
          Link Quality=48/70  Signal level=-62 dBm  
          Rx invalid nwid:0  Rx invalid crypt:0  Rx invalid frag:0
          Tx excessive retries:72  Invalid misc:0   Missed beacon:0

2021-04-21T19:14:57.900
*-*
Result
wlan0     IEEE 802.11  ESSID:"WirelessProject"  
          Mode:Managed  Frequency:2.412 GHz  Access Point: B8:27:EB:6C:F0:84   
          Bit Rate=65 Mb/s   Tx-Power=31 dBm   
          Retry short limit:7   RTS thr:off   Fragment thr:off
          Power Management:on
          Link Quality=50/70  Signal level=-60 dBm  
          Rx invalid nwid:0  Rx invalid crypt:0  Rx invalid frag:0
          Tx excessive retries:72  Invalid misc:0   Missed beacon:0

2021-04-21T19:14:59.037
*-*
Result
wlan0     IEEE 802.11  ESSID:"WirelessProject"  
          Mode:Managed  Frequency:2.412 GHz  Access Point: B8:27:EB:6C:F0:84   
          Bit Rate=65 Mb/s   Tx-Power=31 dBm   
          Retry short limit:7   RTS thr:off   Fragment thr:off
          Power Management:on
          Link Quality=63/70  Signal level=-47 dBm  
          Rx invalid nwid:0  Rx invalid crypt:0  Rx invalid frag:0
          Tx excessive retries:72  Invalid misc:0   Missed beacon:0

2021-04-21T19:15:00.170
*-*
Result
wlan0     IEEE 802.11  ESSID:"WirelessProject"  
          Mode:Managed  Frequency:2.412 GHz  Access Point: B8:27:EB:6C:F0:84   
          Bit Rate=65 Mb/s   Tx-Power=31 dBm   
          Retry short limit:7   RTS thr:off   Fragment thr:off
          Power Management:on
          Link Quality=62/70  Signal level=-48 dBm  
          Rx invalid nwid:0  Rx invalid crypt:0  Rx invalid frag:0
          Tx excessive retries:72  Invalid misc:0   Missed beacon:0

2021-04-21T19:15:01.295
*-*
Result
wlan0     IEEE 802.11  ESSID:"WirelessProject"  
          Mode:Managed  Frequency:2.412 GHz  Access Point: B8:27:EB:6C:F0:84   
          Bit Rate=24 Mb/s   Tx-Power=31 dBm   
          Retry short limit:7   RTS thr:off   Fragment thr:off
          Power Management:on
          Link Quality=62/70  Signal level=-48 dBm  
          Rx invalid nwid:0  Rx invalid crypt:0  Rx invalid frag:0
          Tx excessive retries:72  Invalid misc:0   Missed beacon:0

2021-04-21T19:15:02.434
*-*
Result
wlan0     IEEE 802.11  ESSID:"WirelessProject"  
          Mode:Managed  Frequency:2.412 GHz  Access Point: B8:27:EB:6C:F0:84   
          Bit Rate=24 Mb/s   Tx-Power=31 dBm   
          Retry short limit:7   RTS thr:off   Fragment thr:off
          Power Management:on
          Link Quality=62/70  Signal level=-48 dBm  
          Rx invalid nwid:0  Rx invalid crypt:0  Rx invalid frag:0
          Tx excessive retries:72  Invalid misc:0   Missed beacon:0

2021-04-21T19:15:05.067
*-*
Result
wlan0     IEEE 802.11  ESSID:"WirelessProject"  
          Mode:Managed  Frequency:2.412 GHz  Access Point: B8:27:EB:6C:F0:84   
          Bit Rate=24 Mb/s   Tx-Power=31 dBm   
          Retry short limit:7   RTS thr:off   Fragment thr:off
          Power Management:on
          Link Quality=62/70  Signal level=-48 dBm  
          Rx invalid nwid:0  Rx invalid crypt:0  Rx invalid frag:0
          Tx excessive retries:72  Invalid misc:0   Missed beacon:0

2021-04-21T19:15:06.193
*-*
Result
wlan0     IEEE 802.11  ESSID:"WirelessProject"  
          Mode:Managed  Frequency:2.412 GHz  Access Point: B8:27:EB:6C:F0:84   
          Bit Rate=65 Mb/s   Tx-Power=31 dBm   
          Retry short limit:7   RTS thr:off   Fragment thr:off
          Power Management:on
          Link Quality=46/70  Signal level=-64 dBm  
          Rx invalid nwid:0  Rx invalid crypt:0  Rx invalid frag:0
          Tx excessive retries:72  Invalid misc:0   Missed beacon:0

2021-04-21T19:15:07.322
*-*
Result
wlan0     IEEE 802.11  ESSID:"WirelessProject"  
          Mode:Managed  Frequency:2.412 GHz  Access Point: B8:27:EB:6C:F0:84   
          Bit Rate=28.8 Mb/s   Tx-Power=31 dBm   
          Retry short limit:7   RTS thr:off   Fragment thr:off
          Power Management:on
          Link Quality=38/70  Signal level=-72 dBm  
          Rx invalid nwid:0  Rx invalid crypt:0  Rx invalid frag:0
          Tx excessive retries:73  Invalid misc:0   Missed beacon:0

2021-04-21T19:15:08.451
*-*
Result
wlan0     IEEE 802.11  ESSID:"WirelessProject"  
          Mode:Managed  Frequency:2.412 GHz  Access Point: B8:27:EB:6C:F0:84   
          Bit Rate=57.7 Mb/s   Tx-Power=31 dBm   
          Retry short limit:7   RTS thr:off   Fragment thr:off
          Power Management:on
          Link Quality=37/70  Signal level=-73 dBm  
          Rx invalid nwid:0  Rx invalid crypt:0  Rx invalid frag:0
          Tx excessive retries:73  Invalid misc:0   Missed beacon:0

2021-04-21T19:15:09.575
*-*
Result
wlan0     IEEE 802.11  ESSID:"WirelessProject"  
          Mode:Managed  Frequency:2.412 GHz  Access Point: B8:27:EB:6C:F0:84   
          Bit Rate=39 Mb/s   Tx-Power=31 dBm   
          Retry short limit:7   RTS thr:off   Fragment thr:off
          Power Management:on
          Link Quality=41/70  Signal level=-69 dBm  
          Rx invalid nwid:0  Rx invalid crypt:0  Rx invalid frag:0
          Tx excessive retries:73  Invalid misc:0   Missed beacon:0

2021-04-21T19:15:10.698
*-*
Result
wlan0     IEEE 802.11  ESSID:"WirelessProject"  
          Mode:Managed  Frequency:2.412 GHz  Access Point: B8:27:EB:6C:F0:84   
          Bit Rate=39 Mb/s   Tx-Power=31 dBm   
          Retry short limit:7   RTS thr:off   Fragment thr:off
          Power Management:on
          Link Quality=42/70  Signal level=-68 dBm  
          Rx invalid nwid:0  Rx invalid crypt:0  Rx invalid frag:0
          Tx excessive retries:73  Invalid misc:0   Missed beacon:0

2021-04-21T19:15:11.823
*-*
Result
wlan0     IEEE 802.11  ESSID:"WirelessProject"  
          Mode:Managed  Frequency:2.412 GHz  Access Point: B8:27:EB:6C:F0:84   
          Bit Rate=24 Mb/s   Tx-Power=31 dBm   
          Retry short limit:7   RTS thr:off   Fragment thr:off
          Power Management:on
          Link Quality=33/70  Signal level=-77 dBm  
          Rx invalid nwid:0  Rx invalid crypt:0  Rx invalid frag:0
          Tx excessive retries:73  Invalid misc:0   Missed beacon:0

2021-04-21T19:15:12.954
*-*
Result
wlan0     IEEE 802.11  ESSID:"WirelessProject"  
          Mode:Managed  Frequency:2.412 GHz  Access Point: B8:27:EB:6C:F0:84   
          Bit Rate=24 Mb/s   Tx-Power=31 dBm   
          Retry short limit:7   RTS thr:off   Fragment thr:off
          Power Management:on
          Link Quality=33/70  Signal level=-77 dBm  
          Rx invalid nwid:0  Rx invalid crypt:0  Rx invalid frag:0
          Tx excessive retries:73  Invalid misc:0   Missed beacon:0

2021-04-21T19:15:14.101
*-*
Result
wlan0     IEEE 802.11  ESSID:"WirelessProject"  
          Mode:Managed  Frequency:2.412 GHz  Access Point: B8:27:EB:6C:F0:84   
          Bit Rate=24 Mb/s   Tx-Power=31 dBm   
          Retry short limit:7   RTS thr:off   Fragment thr:off
          Power Management:on
          Link Quality=33/70  Signal level=-77 dBm  
          Rx invalid nwid:0  Rx invalid crypt:0  Rx invalid frag:0
          Tx excessive retries:73  Invalid misc:0   Missed beacon:0

2021-04-21T19:15:15.229
*-*
Result
wlan0     IEEE 802.11  ESSID:"WirelessProject"  
          Mode:Managed  Frequency:2.412 GHz  Access Point: B8:27:EB:6C:F0:84   
          Bit Rate=24 Mb/s   Tx-Power=31 dBm   
          Retry short limit:7   RTS thr:off   Fragment thr:off
          Power Management:on
          Link Quality=33/70  Signal level=-77 dBm  
          Rx invalid nwid:0  Rx invalid crypt:0  Rx invalid frag:0
          Tx excessive retries:73  Invalid misc:0   Missed beacon:0

2021-04-21T19:15:16.354
*-*
Result
wlan0     IEEE 802.11  ESSID:"WirelessProject"  
          Mode:Managed  Frequency:2.412 GHz  Access Point: B8:27:EB:6C:F0:84   
          Bit Rate=24 Mb/s   Tx-Power=31 dBm   
          Retry short limit:7   RTS thr:off   Fragment thr:off
          Power Management:on
          Link Quality=33/70  Signal level=-77 dBm  
          Rx invalid nwid:0  Rx invalid crypt:0  Rx invalid frag:0
          Tx excessive retries:73  Invalid misc:0   Missed beacon:0

2021-04-21T19:15:17.481
*-*
Result
wlan0     IEEE 802.11  ESSID:"WirelessProject"  
          Mode:Managed  Frequency:2.412 GHz  Access Point: B8:27:EB:6C:F0:84   
          Bit Rate=39 Mb/s   Tx-Power=31 dBm   
          Retry short limit:7   RTS thr:off   Fragment thr:off
          Power Management:on
          Link Quality=29/70  Signal level=-81 dBm  
          Rx invalid nwid:0  Rx invalid crypt:0  Rx invalid frag:0
          Tx excessive retries:73  Invalid misc:0   Missed beacon:0

2021-04-21T19:15:18.599
*-*
Result
wlan0     IEEE 802.11  ESSID:"WirelessProject"  
          Mode:Managed  Frequency:2.412 GHz  Access Point: B8:27:EB:6C:F0:84   
          Bit Rate=26 Mb/s   Tx-Power=31 dBm   
          Retry short limit:7   RTS thr:off   Fragment thr:off
          Power Management:on
          Link Quality=31/70  Signal level=-79 dBm  
          Rx invalid nwid:0  Rx invalid crypt:0  Rx invalid frag:0
          Tx excessive retries:73  Invalid misc:0   Missed beacon:0

2021-04-21T19:15:19.739
*-*
Result
wlan0     IEEE 802.11  ESSID:"WirelessProject"  
          Mode:Managed  Frequency:2.412 GHz  Access Point: B8:27:EB:6C:F0:84   
          Bit Rate=26 Mb/s   Tx-Power=31 dBm   
          Retry short limit:7   RTS thr:off   Fragment thr:off
          Power Management:on
          Link Quality=30/70  Signal level=-80 dBm  
          Rx invalid nwid:0  Rx invalid crypt:0  Rx invalid frag:0
          Tx excessive retries:73  Invalid misc:0   Missed beacon:0

2021-04-21T19:15:20.877
*-*
Result
wlan0     IEEE 802.11  ESSID:"WirelessProject"  
          Mode:Managed  Frequency:2.412 GHz  Access Point: B8:27:EB:6C:F0:84   
          Bit Rate=13 Mb/s   Tx-Power=31 dBm   
          Retry short limit:7   RTS thr:off   Fragment thr:off
          Power Management:on
          Link Quality=31/70  Signal level=-79 dBm  
          Rx invalid nwid:0  Rx invalid crypt:0  Rx invalid frag:0
          Tx excessive retries:74  Invalid misc:0   Missed beacon:0

2021-04-21T19:15:22.002
*-*
Result
wlan0     IEEE 802.11  ESSID:"WirelessProject"  
          Mode:Managed  Frequency:2.412 GHz  Access Point: B8:27:EB:6C:F0:84   
          Bit Rate=5.5 Mb/s   Tx-Power=31 dBm   
          Retry short limit:7   RTS thr:off   Fragment thr:off
          Power Management:on
          Link Quality=32/70  Signal level=-78 dBm  
          Rx invalid nwid:0  Rx invalid crypt:0  Rx invalid frag:0
          Tx excessive retries:81  Invalid misc:0   Missed beacon:0

2021-04-21T19:15:23.134
*-*
Result
wlan0     IEEE 802.11  ESSID:"WirelessProject"  
          Mode:Managed  Frequency:2.412 GHz  Access Point: B8:27:EB:6C:F0:84   
          Bit Rate=6 Mb/s   Tx-Power=31 dBm   
          Retry short limit:7   RTS thr:off   Fragment thr:off
          Power Management:on
          Link Quality=31/70  Signal level=-79 dBm  
          Rx invalid nwid:0  Rx invalid crypt:0  Rx invalid frag:0
          Tx excessive retries:81  Invalid misc:0   Missed beacon:0

2021-04-21T19:15:24.263
*-*
Result
wlan0     IEEE 802.11  ESSID:"WirelessProject"  
          Mode:Managed  Frequency:2.412 GHz  Access Point: B8:27:EB:6C:F0:84   
          Bit Rate=6 Mb/s   Tx-Power=31 dBm   
          Retry short limit:7   RTS thr:off   Fragment thr:off
          Power Management:on
          Link Quality=31/70  Signal level=-79 dBm  
          Rx invalid nwid:0  Rx invalid crypt:0  Rx invalid frag:0
          Tx excessive retries:81  Invalid misc:0   Missed beacon:0

2021-04-21T19:15:25.389
*-*
Result
wlan0     IEEE 802.11  ESSID:"WirelessProject"  
          Mode:Managed  Frequency:2.412 GHz  Access Point: B8:27:EB:6C:F0:84   
          Bit Rate=6 Mb/s   Tx-Power=31 dBm   
          Retry short limit:7   RTS thr:off   Fragment thr:off
          Power Management:on
          Link Quality=31/70  Signal level=-79 dBm  
          Rx invalid nwid:0  Rx invalid crypt:0  Rx invalid frag:0
          Tx excessive retries:81  Invalid misc:0   Missed beacon:0

2021-04-21T19:15:26.514
*-*
Result
wlan0     IEEE 802.11  ESSID:"WirelessProject"  
          Mode:Managed  Frequency:2.412 GHz  Access Point: B8:27:EB:6C:F0:84   
          Bit Rate=6 Mb/s   Tx-Power=31 dBm   
          Retry short limit:7   RTS thr:off   Fragment thr:off
          Power Management:on
          Link Quality=31/70  Signal level=-79 dBm  
          Rx invalid nwid:0  Rx invalid crypt:0  Rx invalid frag:0
          Tx excessive retries:81  Invalid misc:0   Missed beacon:0

2021-04-21T19:15:27.625
*-*
Result
wlan0     IEEE 802.11  ESSID:"WirelessProject"  
          Mode:Managed  Frequency:2.412 GHz  Access Point: B8:27:EB:6C:F0:84   
          Bit Rate=6 Mb/s   Tx-Power=31 dBm   
          Retry short limit:7   RTS thr:off   Fragment thr:off
          Power Management:on
          Link Quality=31/70  Signal level=-79 dBm  
          Rx invalid nwid:0  Rx invalid crypt:0  Rx invalid frag:0
          Tx excessive retries:81  Invalid misc:0   Missed beacon:0

2021-04-21T19:15:28.737
*-*
Result
wlan0     IEEE 802.11  ESSID:"WirelessProject"  
          Mode:Managed  Frequency:2.412 GHz  Access Point: B8:27:EB:6C:F0:84   
          Bit Rate=6 Mb/s   Tx-Power=31 dBm   
          Retry short limit:7   RTS thr:off   Fragment thr:off
          Power Management:on
          Link Quality=31/70  Signal level=-79 dBm  
          Rx invalid nwid:0  Rx invalid crypt:0  Rx invalid frag:0
          Tx excessive retries:81  Invalid misc:0   Missed beacon:0

2021-04-21T19:15:29.849
*-*
Result
wlan0     IEEE 802.11  ESSID:"WirelessProject"  
          Mode:Managed  Frequency:2.412 GHz  Access Point: B8:27:EB:6C:F0:84   
          Bit Rate=2 Mb/s   Tx-Power=31 dBm   
          Retry short limit:7   RTS thr:off   Fragment thr:off
          Power Management:on
          Link Quality=27/70  Signal level=-83 dBm  
          Rx invalid nwid:0  Rx invalid crypt:0  Rx invalid frag:0
          Tx excessive retries:83  Invalid misc:0   Missed beacon:0

2021-04-21T19:15:30.957
*-*
Result
wlan0     IEEE 802.11  ESSID:"WirelessProject"  
          Mode:Managed  Frequency:2.412 GHz  Access Point: B8:27:EB:6C:F0:84   
          Bit Rate=1 Mb/s   Tx-Power=31 dBm   
          Retry short limit:7   RTS thr:off   Fragment thr:off
          Power Management:on
          Link Quality=27/70  Signal level=-83 dBm  
          Rx invalid nwid:0  Rx invalid crypt:0  Rx invalid frag:0
          Tx excessive retries:85  Invalid misc:0   Missed beacon:0

2021-04-21T19:15:32.079
*-*
Result
wlan0     IEEE 802.11  ESSID:"WirelessProject"  
          Mode:Managed  Frequency:2.412 GHz  Access Point: B8:27:EB:6C:F0:84   
          Bit Rate=1 Mb/s   Tx-Power=31 dBm   
          Retry short limit:7   RTS thr:off   Fragment thr:off
          Power Management:on
          Link Quality=27/70  Signal level=-83 dBm  
          Rx invalid nwid:0  Rx invalid crypt:0  Rx invalid frag:0
          Tx excessive retries:85  Invalid misc:0   Missed beacon:0

2021-04-21T19:15:33.204
*-*
Result
wlan0     IEEE 802.11  ESSID:"WirelessProject"  
          Mode:Managed  Frequency:2.412 GHz  Access Point: B8:27:EB:6C:F0:84   
          Bit Rate=2 Mb/s   Tx-Power=31 dBm   
          Retry short limit:7   RTS thr:off   Fragment thr:off
          Power Management:on
          Link Quality=26/70  Signal level=-84 dBm  
          Rx invalid nwid:0  Rx invalid crypt:0  Rx invalid frag:0
          Tx excessive retries:87  Invalid misc:0   Missed beacon:0

2021-04-21T19:15:34.342
*-*
Result
wlan0     IEEE 802.11  ESSID:"WirelessProject"  
          Mode:Managed  Frequency:2.412 GHz  Access Point: B8:27:EB:6C:F0:84   
          Bit Rate=1 Mb/s   Tx-Power=31 dBm   
          Retry short limit:7   RTS thr:off   Fragment thr:off
          Power Management:on
          Link Quality=27/70  Signal level=-83 dBm  
          Rx invalid nwid:0  Rx invalid crypt:0  Rx invalid frag:0
          Tx excessive retries:88  Invalid misc:0   Missed beacon:0

2021-04-21T19:15:35.475
*-*
Result
wlan0     IEEE 802.11  ESSID:"WirelessProject"  
          Mode:Managed  Frequency:2.412 GHz  Access Point: B8:27:EB:6C:F0:84   
          Bit Rate=1 Mb/s   Tx-Power=31 dBm   
          Retry short limit:7   RTS thr:off   Fragment thr:off
          Power Management:on
          Link Quality=25/70  Signal level=-85 dBm  
          Rx invalid nwid:0  Rx invalid crypt:0  Rx invalid frag:0
          Tx excessive retries:88  Invalid misc:0   Missed beacon:0

2021-04-21T19:15:36.607
*-*
Result
wlan0     IEEE 802.11  ESSID:"WirelessProject"  
          Mode:Managed  Frequency:2.412 GHz  Access Point: B8:27:EB:6C:F0:84   
          Bit Rate=1 Mb/s   Tx-Power=31 dBm   
          Retry short limit:7   RTS thr:off   Fragment thr:off
          Power Management:on
          Link Quality=25/70  Signal level=-85 dBm  
          Rx invalid nwid:0  Rx invalid crypt:0  Rx invalid frag:0
          Tx excessive retries:88  Invalid misc:0   Missed beacon:0

2021-04-21T19:15:37.736
*-*
Result
wlan0     IEEE 802.11  ESSID:"WirelessProject"  
          Mode:Managed  Frequency:2.412 GHz  Access Point: B8:27:EB:6C:F0:84   
          Bit Rate=1 Mb/s   Tx-Power=31 dBm   
          Retry short limit:7   RTS thr:off   Fragment thr:off
          Power Management:on
          Link Quality=25/70  Signal level=-85 dBm  
          Rx invalid nwid:0  Rx invalid crypt:0  Rx invalid frag:0
          Tx excessive retries:88  Invalid misc:0   Missed beacon:0

2021-04-21T19:15:38.863
*-*
Result
wlan0     IEEE 802.11  ESSID:"WirelessProject"  
          Mode:Managed  Frequency:2.412 GHz  Access Point: B8:27:EB:6C:F0:84   
          Bit Rate=1 Mb/s   Tx-Power=31 dBm   
          Retry short limit:7   RTS thr:off   Fragment thr:off
          Power Management:on
          Link Quality=25/70  Signal level=-85 dBm  
          Rx invalid nwid:0  Rx invalid crypt:0  Rx invalid frag:0
          Tx excessive retries:88  Invalid misc:0   Missed beacon:0

2021-04-21T19:15:39.988
*-*
Result
wlan0     IEEE 802.11  ESSID:"WirelessProject"  
          Mode:Managed  Frequency:2.412 GHz  Access Point: B8:27:EB:6C:F0:84   
          Bit Rate=1 Mb/s   Tx-Power=31 dBm   
          Retry short limit:7   RTS thr:off   Fragment thr:off
          Power Management:on
          Link Quality=25/70  Signal level=-85 dBm  
          Rx invalid nwid:0  Rx invalid crypt:0  Rx invalid frag:0
          Tx excessive retries:88  Invalid misc:0   Missed beacon:0

2021-04-21T19:15:41.111
*-*
Result
wlan0     IEEE 802.11  ESSID:"WirelessProject"  
          Mode:Managed  Frequency:2.412 GHz  Access Point: B8:27:EB:6C:F0:84   
          Bit Rate=2 Mb/s   Tx-Power=31 dBm   
          Retry short limit:7   RTS thr:off   Fragment thr:off
          Power Management:on
          Link Quality=26/70  Signal level=-84 dBm  
          Rx invalid nwid:0  Rx invalid crypt:0  Rx invalid frag:0
          Tx excessive retries:89  Invalid misc:0   Missed beacon:0

2021-04-21T19:15:42.234
*-*
Result
wlan0     IEEE 802.11  ESSID:"WirelessProject"  
          Mode:Managed  Frequency:2.412 GHz  Access Point: B8:27:EB:6C:F0:84   
          Bit Rate=1 Mb/s   Tx-Power=31 dBm   
          Retry short limit:7   RTS thr:off   Fragment thr:off
          Power Management:on
          Link Quality=23/70  Signal level=-87 dBm  
          Rx invalid nwid:0  Rx invalid crypt:0  Rx invalid frag:0
          Tx excessive retries:92  Invalid misc:0   Missed beacon:0

2021-04-21T19:15:43.361
*-*
Result
wlan0     IEEE 802.11  ESSID:"WirelessProject"  
          Mode:Managed  Frequency:2.412 GHz  Access Point: B8:27:EB:6C:F0:84   
          Bit Rate=1 Mb/s   Tx-Power=31 dBm   
          Retry short limit:7   RTS thr:off   Fragment thr:off
          Power Management:on
          Link Quality=21/70  Signal level=-89 dBm  
          Rx invalid nwid:0  Rx invalid crypt:0  Rx invalid frag:0
          Tx excessive retries:94  Invalid misc:0   Missed beacon:0

2021-04-21T19:15:44.485
*-*
Result
wlan0     IEEE 802.11  ESSID:"WirelessProject"  
          Mode:Managed  Frequency:2.412 GHz  Access Point: B8:27:EB:6C:F0:84   
          Bit Rate=1 Mb/s   Tx-Power=31 dBm   
          Retry short limit:7   RTS thr:off   Fragment thr:off
          Power Management:on
          Link Quality=22/70  Signal level=-88 dBm  
          Rx invalid nwid:0  Rx invalid crypt:0  Rx invalid frag:0
          Tx excessive retries:94  Invalid misc:0   Missed beacon:0

2021-04-21T19:15:45.614
*-*
Result
wlan0     IEEE 802.11  ESSID:"WirelessProject"  
          Mode:Managed  Frequency:2.412 GHz  Access Point: B8:27:EB:6C:F0:84   
          Bit Rate=1 Mb/s   Tx-Power=31 dBm   
          Retry short limit:7   RTS thr:off   Fragment thr:off
          Power Management:on
          Link Quality=22/70  Signal level=-88 dBm  
          Rx invalid nwid:0  Rx invalid crypt:0  Rx invalid frag:0
          Tx excessive retries:97  Invalid misc:0   Missed beacon:0

2021-04-21T19:15:46.744
*-*
Result
wlan0     IEEE 802.11  ESSID:"WirelessProject"  
          Mode:Managed  Frequency:2.412 GHz  Access Point: B8:27:EB:6C:F0:84   
          Bit Rate=1 Mb/s   Tx-Power=31 dBm   
          Retry short limit:7   RTS thr:off   Fragment thr:off
          Power Management:on
          Link Quality=21/70  Signal level=-89 dBm  
          Rx invalid nwid:0  Rx invalid crypt:0  Rx invalid frag:0
          Tx excessive retries:100  Invalid misc:0   Missed beacon:0

2021-04-21T19:15:47.890
*-*
Result
wlan0     IEEE 802.11  ESSID:"WirelessProject"  
          Mode:Managed  Frequency:2.412 GHz  Access Point: B8:27:EB:6C:F0:84   
          Bit Rate=2 Mb/s   Tx-Power=31 dBm   
          Retry short limit:7   RTS thr:off   Fragment thr:off
          Power Management:on
          Link Quality=19/70  Signal level=-91 dBm  
          Rx invalid nwid:0  Rx invalid crypt:0  Rx invalid frag:0
          Tx excessive retries:104  Invalid misc:0   Missed beacon:0

2021-04-21T19:15:49.013
*-*
Result
wlan0     IEEE 802.11  ESSID:"WirelessProject"  
          Mode:Managed  Frequency:2.412 GHz  Access Point: B8:27:EB:6C:F0:84   
          Bit Rate=1 Mb/s   Tx-Power=31 dBm   
          Retry short limit:7   RTS thr:off   Fragment thr:off
          Power Management:on
          Link Quality=21/70  Signal level=-89 dBm  
          Rx invalid nwid:0  Rx invalid crypt:0  Rx invalid frag:0
          Tx excessive retries:109  Invalid misc:0   Missed beacon:0

2021-04-21T19:15:50.095
*-*
Result
wlan0     IEEE 802.11  ESSID:"WirelessProject"  
          Mode:Managed  Frequency:2.412 GHz  Access Point: B8:27:EB:6C:F0:84   
          Bit Rate=1 Mb/s   Tx-Power=31 dBm   
          Retry short limit:7   RTS thr:off   Fragment thr:off
          Power Management:on
          Link Quality=24/70  Signal level=-86 dBm  
          Rx invalid nwid:0  Rx invalid crypt:0  Rx invalid frag:0
          Tx excessive retries:110  Invalid misc:0   Missed beacon:0

2021-04-21T19:15:51.235
*-*
Result
wlan0     IEEE 802.11  ESSID:"WirelessProject"  
          Mode:Managed  Frequency:2.412 GHz  Access Point: B8:27:EB:6C:F0:84   
          Bit Rate=1 Mb/s   Tx-Power=31 dBm   
          Retry short limit:7   RTS thr:off   Fragment thr:off
          Power Management:on
          Link Quality=24/70  Signal level=-86 dBm  
          Rx invalid nwid:0  Rx invalid crypt:0  Rx invalid frag:0
          Tx excessive retries:110  Invalid misc:0   Missed beacon:0

2021-04-21T19:15:52.363
*-*
Result
wlan0     IEEE 802.11  ESSID:"WirelessProject"  
          Mode:Managed  Frequency:2.412 GHz  Access Point: B8:27:EB:6C:F0:84   
          Bit Rate=1 Mb/s   Tx-Power=31 dBm   
          Retry short limit:7   RTS thr:off   Fragment thr:off
          Power Management:on
          Link Quality=24/70  Signal level=-86 dBm  
          Rx invalid nwid:0  Rx invalid crypt:0  Rx invalid frag:0
          Tx excessive retries:110  Invalid misc:0   Missed beacon:0

2021-04-21T19:15:53.489
*-*
Result
wlan0     IEEE 802.11  ESSID:"WirelessProject"  
          Mode:Managed  Frequency:2.412 GHz  Access Point: B8:27:EB:6C:F0:84   
          Bit Rate=1 Mb/s   Tx-Power=31 dBm   
          Retry short limit:7   RTS thr:off   Fragment thr:off
          Power Management:on
          Link Quality=24/70  Signal level=-86 dBm  
          Rx invalid nwid:0  Rx invalid crypt:0  Rx invalid frag:0
          Tx excessive retries:110  Invalid misc:0   Missed beacon:0

2021-04-21T19:15:54.618
*-*
Result
wlan0     IEEE 802.11  ESSID:off/any  
          Mode:Managed  Access Point: Not-Associated   Tx-Power=31 dBm   
          Retry short limit:7   RTS thr:off   Fragment thr:off
          Power Management:on
          
2021-04-21T19:15:55.748
*-*
Result
wlan0     IEEE 802.11  ESSID:off/any  
          Mode:Managed  Access Point: Not-Associated   Tx-Power=31 dBm   
          Retry short limit:7   RTS thr:off   Fragment thr:off
          Power Management:on
          
2021-04-21T19:15:56.882
*-*
Result
wlan0     IEEE 802.11  ESSID:off/any  
          Mode:Managed  Access Point: Not-Associated   Tx-Power=31 dBm   
          Retry short limit:7   RTS thr:off   Fragment thr:off
          Power Management:on
          
2021-04-21T19:15:58.003
*-*
Result
wlan0     IEEE 802.11  ESSID:off/any  
          Mode:Managed  Access Point: Not-Associated   Tx-Power=31 dBm   
          Retry short limit:7   RTS thr:off   Fragment thr:off
          Power Management:on
          
2021-04-21T19:15:59.125
*-*
Result
wlan0     IEEE 802.11  ESSID:off/any  
          Mode:Managed  Access Point: Not-Associated   Tx-Power=31 dBm   
          Retry short limit:7   RTS thr:off   Fragment thr:off
          Power Management:on
          
2021-04-21T19:16:00.245
*-*
Result
wlan0     IEEE 802.11  ESSID:off/any  
          Mode:Managed  Access Point: Not-Associated   Tx-Power=31 dBm   
          Retry short limit:7   RTS thr:off   Fragment thr:off
          Power Management:on
          
2021-04-21T19:16:01.343
*-*
Result
wlan0     IEEE 802.11  ESSID:off/any  
          Mode:Managed  Access Point: Not-Associated   Tx-Power=31 dBm   
          Retry short limit:7   RTS thr:off   Fragment thr:off
          Power Management:on
          
2021-04-21T19:16:02.464
*-*
Result
wlan0     IEEE 802.11  ESSID:off/any  
          Mode:Managed  Access Point: Not-Associated   Tx-Power=31 dBm   
          Retry short limit:7   RTS thr:off   Fragment thr:off
          Power Management:on
          
2021-04-21T19:16:03.584
*-*
Result
wlan0     IEEE 802.11  ESSID:off/any  
          Mode:Managed  Access Point: Not-Associated   Tx-Power=31 dBm   
          Retry short limit:7   RTS thr:off   Fragment thr:off
          Power Management:on
          
2021-04-21T19:16:04.693
*-*
Result
wlan0     IEEE 802.11  ESSID:off/any  
          Mode:Managed  Access Point: Not-Associated   Tx-Power=31 dBm   
          Retry short limit:7   RTS thr:off   Fragment thr:off
          Power Management:on
          
2021-04-21T19:16:05.804
*-*
Result
wlan0     IEEE 802.11  ESSID:off/any  
          Mode:Managed  Access Point: Not-Associated   Tx-Power=31 dBm   
          Retry short limit:7   RTS thr:off   Fragment thr:off
          Power Management:on
          
2021-04-21T19:16:06.905
*-*
Result
wlan0     IEEE 802.11  ESSID:"WirelessProject"  
          Mode:Managed  Frequency:2.412 GHz  Access Point: B8:27:EB:CC:AA:D5   
          Bit Rate=65 Mb/s   Tx-Power=31 dBm   
          Retry short limit:7   RTS thr:off   Fragment thr:off
          Power Management:on
          Link Quality=58/70  Signal level=-52 dBm  
          Rx invalid nwid:0  Rx invalid crypt:0  Rx invalid frag:0
          Tx excessive retries:0  Invalid misc:0   Missed beacon:0

2021-04-21T19:16:08.037
*-*
Result
wlan0     IEEE 802.11  ESSID:"WirelessProject"  
          Mode:Managed  Frequency:2.412 GHz  Access Point: B8:27:EB:CC:AA:D5   
          Bit Rate=65 Mb/s   Tx-Power=31 dBm   
          Retry short limit:7   RTS thr:off   Fragment thr:off
          Power Management:on
          Link Quality=57/70  Signal level=-53 dBm  
          Rx invalid nwid:0  Rx invalid crypt:0  Rx invalid frag:0
          Tx excessive retries:0  Invalid misc:0   Missed beacon:0

2021-04-21T19:16:09.170
*-*
Result
wlan0     IEEE 802.11  ESSID:"WirelessProject"  
          Mode:Managed  Frequency:2.412 GHz  Access Point: B8:27:EB:CC:AA:D5   
          Bit Rate=72.2 Mb/s   Tx-Power=31 dBm   
          Retry short limit:7   RTS thr:off   Fragment thr:off
          Power Management:on
          Link Quality=54/70  Signal level=-56 dBm  
          Rx invalid nwid:0  Rx invalid crypt:0  Rx invalid frag:0
          Tx excessive retries:0  Invalid misc:0   Missed beacon:0

2021-04-21T19:16:10.290
*-*
Result
wlan0     IEEE 802.11  ESSID:"WirelessProject"  
          Mode:Managed  Frequency:2.412 GHz  Access Point: B8:27:EB:CC:AA:D5   
          Bit Rate=72.2 Mb/s   Tx-Power=31 dBm   
          Retry short limit:7   RTS thr:off   Fragment thr:off
          Power Management:on
          Link Quality=51/70  Signal level=-59 dBm  
          Rx invalid nwid:0  Rx invalid crypt:0  Rx invalid frag:0
          Tx excessive retries:0  Invalid misc:0   Missed beacon:0

2021-04-21T19:16:11.368
*-*
Result
wlan0     IEEE 802.11  ESSID:"WirelessProject"  
          Mode:Managed  Frequency:2.412 GHz  Access Point: B8:27:EB:CC:AA:D5   
          Bit Rate=72.2 Mb/s   Tx-Power=31 dBm   
          Retry short limit:7   RTS thr:off   Fragment thr:off
          Power Management:on
          Link Quality=50/70  Signal level=-60 dBm  
          Rx invalid nwid:0  Rx invalid crypt:0  Rx invalid frag:0
          Tx excessive retries:0  Invalid misc:0   Missed beacon:0

2021-04-21T19:16:12.455
*-*
Result
wlan0     IEEE 802.11  ESSID:"WirelessProject"  
          Mode:Managed  Frequency:2.412 GHz  Access Point: B8:27:EB:CC:AA:D5   
          Bit Rate=65 Mb/s   Tx-Power=31 dBm   
          Retry short limit:7   RTS thr:off   Fragment thr:off
          Power Management:on
          Link Quality=46/70  Signal level=-64 dBm  
          Rx invalid nwid:0  Rx invalid crypt:0  Rx invalid frag:0
          Tx excessive retries:0  Invalid misc:0   Missed beacon:0

2021-04-21T19:16:13.581
*-*
Result
wlan0     IEEE 802.11  ESSID:"WirelessProject"  
          Mode:Managed  Frequency:2.412 GHz  Access Point: B8:27:EB:CC:AA:D5   
          Bit Rate=72.2 Mb/s   Tx-Power=31 dBm   
          Retry short limit:7   RTS thr:off   Fragment thr:off
          Power Management:on
          Link Quality=44/70  Signal level=-66 dBm  
          Rx invalid nwid:0  Rx invalid crypt:0  Rx invalid frag:0
          Tx excessive retries:0  Invalid misc:0   Missed beacon:0

2021-04-21T19:16:14.707
*-*
Result
wlan0     IEEE 802.11  ESSID:"WirelessProject"  
          Mode:Managed  Frequency:2.412 GHz  Access Point: B8:27:EB:CC:AA:D5   
          Bit Rate=72.2 Mb/s   Tx-Power=31 dBm   
          Retry short limit:7   RTS thr:off   Fragment thr:off
          Power Management:on
          Link Quality=44/70  Signal level=-66 dBm  
          Rx invalid nwid:0  Rx invalid crypt:0  Rx invalid frag:0
          Tx excessive retries:0  Invalid misc:0   Missed beacon:0

2021-04-21T19:16:15.813
*-*
Result
wlan0     IEEE 802.11  ESSID:"WirelessProject"  
          Mode:Managed  Frequency:2.412 GHz  Access Point: B8:27:EB:CC:AA:D5   
          Bit Rate=72.2 Mb/s   Tx-Power=31 dBm   
          Retry short limit:7   RTS thr:off   Fragment thr:off
          Power Management:on
          Link Quality=44/70  Signal level=-66 dBm  
          Rx invalid nwid:0  Rx invalid crypt:0  Rx invalid frag:0
          Tx excessive retries:0  Invalid misc:0   Missed beacon:0

2021-04-21T19:16:16.929
*-*
Result
wlan0     IEEE 802.11  ESSID:"WirelessProject"  
          Mode:Managed  Frequency:2.412 GHz  Access Point: B8:27:EB:CC:AA:D5   
          Bit Rate=72.2 Mb/s   Tx-Power=31 dBm   
          Retry short limit:7   RTS thr:off   Fragment thr:off
          Power Management:on
          Link Quality=42/70  Signal level=-68 dBm  
          Rx invalid nwid:0  Rx invalid crypt:0  Rx invalid frag:0
          Tx excessive retries:0  Invalid misc:0   Missed beacon:0

2021-04-21T19:16:18.065
*-*
Result
wlan0     IEEE 802.11  ESSID:"WirelessProject"  
          Mode:Managed  Frequency:2.412 GHz  Access Point: B8:27:EB:CC:AA:D5   
          Bit Rate=72.2 Mb/s   Tx-Power=31 dBm   
          Retry short limit:7   RTS thr:off   Fragment thr:off
          Power Management:on
          Link Quality=42/70  Signal level=-68 dBm  
          Rx invalid nwid:0  Rx invalid crypt:0  Rx invalid frag:0
          Tx excessive retries:0  Invalid misc:0   Missed beacon:0

2021-04-21T19:16:19.197
*-*
Result
wlan0     IEEE 802.11  ESSID:"WirelessProject"  
          Mode:Managed  Frequency:2.412 GHz  Access Point: B8:27:EB:CC:AA:D5   
          Bit Rate=72.2 Mb/s   Tx-Power=31 dBm   
          Retry short limit:7   RTS thr:off   Fragment thr:off
          Power Management:on
          Link Quality=41/70  Signal level=-69 dBm  
          Rx invalid nwid:0  Rx invalid crypt:0  Rx invalid frag:0
          Tx excessive retries:0  Invalid misc:0   Missed beacon:0

2021-04-21T19:16:20.293
*-*
Result
wlan0     IEEE 802.11  ESSID:"WirelessProject"  
          Mode:Managed  Frequency:2.412 GHz  Access Point: B8:27:EB:CC:AA:D5   
          Bit Rate=72.2 Mb/s   Tx-Power=31 dBm   
          Retry short limit:7   RTS thr:off   Fragment thr:off
          Power Management:on
          Link Quality=41/70  Signal level=-69 dBm  
          Rx invalid nwid:0  Rx invalid crypt:0  Rx invalid frag:0
          Tx excessive retries:0  Invalid misc:0   Missed beacon:0

2021-04-21T19:16:21.373
*-*
Result
wlan0     IEEE 802.11  ESSID:"WirelessProject"  
          Mode:Managed  Frequency:2.412 GHz  Access Point: B8:27:EB:CC:AA:D5   
          Bit Rate=72.2 Mb/s   Tx-Power=31 dBm   
          Retry short limit:7   RTS thr:off   Fragment thr:off
          Power Management:on
          Link Quality=40/70  Signal level=-70 dBm  
          Rx invalid nwid:0  Rx invalid crypt:0  Rx invalid frag:0
          Tx excessive retries:0  Invalid misc:0   Missed beacon:0

2021-04-21T19:16:22.498
*-*
Result
wlan0     IEEE 802.11  ESSID:"WirelessProject"  
          Mode:Managed  Frequency:2.412 GHz  Access Point: B8:27:EB:CC:AA:D5   
          Bit Rate=72.2 Mb/s   Tx-Power=31 dBm   
          Retry short limit:7   RTS thr:off   Fragment thr:off
          Power Management:on
          Link Quality=40/70  Signal level=-70 dBm  
          Rx invalid nwid:0  Rx invalid crypt:0  Rx invalid frag:0
          Tx excessive retries:0  Invalid misc:0   Missed beacon:0

2021-04-21T19:16:23.624
*-*
Result
wlan0     IEEE 802.11  ESSID:"WirelessProject"  
          Mode:Managed  Frequency:2.412 GHz  Access Point: B8:27:EB:CC:AA:D5   
          Bit Rate=72.2 Mb/s   Tx-Power=31 dBm   
          Retry short limit:7   RTS thr:off   Fragment thr:off
          Power Management:on
          Link Quality=40/70  Signal level=-70 dBm  
          Rx invalid nwid:0  Rx invalid crypt:0  Rx invalid frag:0
          Tx excessive retries:0  Invalid misc:0   Missed beacon:0

2021-04-21T19:16:24.751
*-*
Result
wlan0     IEEE 802.11  ESSID:"WirelessProject"  
          Mode:Managed  Frequency:2.412 GHz  Access Point: B8:27:EB:CC:AA:D5   
          Bit Rate=72.2 Mb/s   Tx-Power=31 dBm   
          Retry short limit:7   RTS thr:off   Fragment thr:off
          Power Management:on
          Link Quality=40/70  Signal level=-70 dBm  
          Rx invalid nwid:0  Rx invalid crypt:0  Rx invalid frag:0
          Tx excessive retries:0  Invalid misc:0   Missed beacon:0

2021-04-21T19:16:25.878
*-*
Result
wlan0     IEEE 802.11  ESSID:"WirelessProject"  
          Mode:Managed  Frequency:2.412 GHz  Access Point: B8:27:EB:CC:AA:D5   
          Bit Rate=72.2 Mb/s   Tx-Power=31 dBm   
          Retry short limit:7   RTS thr:off   Fragment thr:off
          Power Management:on
          Link Quality=40/70  Signal level=-70 dBm  
          Rx invalid nwid:0  Rx invalid crypt:0  Rx invalid frag:0
          Tx excessive retries:0  Invalid misc:0   Missed beacon:0

2021-04-21T19:16:27.002
*-*
Result
wlan0     IEEE 802.11  ESSID:"WirelessProject"  
          Mode:Managed  Frequency:2.412 GHz  Access Point: B8:27:EB:CC:AA:D5   
          Bit Rate=72.2 Mb/s   Tx-Power=31 dBm   
          Retry short limit:7   RTS thr:off   Fragment thr:off
          Power Management:on
          Link Quality=39/70  Signal level=-71 dBm  
          Rx invalid nwid:0  Rx invalid crypt:0  Rx invalid frag:0
          Tx excessive retries:0  Invalid misc:0   Missed beacon:0

2021-04-21T19:16:28.128
*-*
Result
wlan0     IEEE 802.11  ESSID:"WirelessProject"  
          Mode:Managed  Frequency:2.412 GHz  Access Point: B8:27:EB:CC:AA:D5   
          Bit Rate=72.2 Mb/s   Tx-Power=31 dBm   
          Retry short limit:7   RTS thr:off   Fragment thr:off
          Power Management:on
          Link Quality=39/70  Signal level=-71 dBm  
          Rx invalid nwid:0  Rx invalid crypt:0  Rx invalid frag:0
          Tx excessive retries:0  Invalid misc:0   Missed beacon:0

2021-04-21T19:16:29.257
*-*
Result
wlan0     IEEE 802.11  ESSID:"WirelessProject"  
          Mode:Managed  Frequency:2.412 GHz  Access Point: B8:27:EB:CC:AA:D5   
          Bit Rate=72.2 Mb/s   Tx-Power=31 dBm   
          Retry short limit:7   RTS thr:off   Fragment thr:off
          Power Management:on
          Link Quality=39/70  Signal level=-71 dBm  
          Rx invalid nwid:0  Rx invalid crypt:0  Rx invalid frag:0
          Tx excessive retries:0  Invalid misc:0   Missed beacon:0

2021-04-21T19:16:30.383
*-*
Result
wlan0     IEEE 802.11  ESSID:"WirelessProject"  
          Mode:Managed  Frequency:2.412 GHz  Access Point: B8:27:EB:CC:AA:D5   
          Bit Rate=72.2 Mb/s   Tx-Power=31 dBm   
          Retry short limit:7   RTS thr:off   Fragment thr:off
          Power Management:on
          Link Quality=40/70  Signal level=-70 dBm  
          Rx invalid nwid:0  Rx invalid crypt:0  Rx invalid frag:0
          Tx excessive retries:0  Invalid misc:0   Missed beacon:0

2021-04-21T19:16:31.518
*-*
Result
wlan0     IEEE 802.11  ESSID:"WirelessProject"  
          Mode:Managed  Frequency:2.412 GHz  Access Point: B8:27:EB:CC:AA:D5   
          Bit Rate=72.2 Mb/s   Tx-Power=31 dBm   
          Retry short limit:7   RTS thr:off   Fragment thr:off
          Power Management:on
          Link Quality=40/70  Signal level=-70 dBm  
          Rx invalid nwid:0  Rx invalid crypt:0  Rx invalid frag:0
          Tx excessive retries:0  Invalid misc:0   Missed beacon:0

2021-04-21T19:16:32.624
*-*
Result
wlan0     IEEE 802.11  ESSID:"WirelessProject"  
          Mode:Managed  Frequency:2.412 GHz  Access Point: B8:27:EB:CC:AA:D5   
          Bit Rate=72.2 Mb/s   Tx-Power=31 dBm   
          Retry short limit:7   RTS thr:off   Fragment thr:off
          Power Management:on
          Link Quality=40/70  Signal level=-70 dBm  
          Rx invalid nwid:0  Rx invalid crypt:0  Rx invalid frag:0
          Tx excessive retries:0  Invalid misc:0   Missed beacon:0

2021-04-21T19:16:33.768
*-*
Result
wlan0     IEEE 802.11  ESSID:"WirelessProject"  
          Mode:Managed  Frequency:2.412 GHz  Access Point: B8:27:EB:75:C1:31   
          Bit Rate=65 Mb/s   Tx-Power=31 dBm   
          Retry short limit:7   RTS thr:off   Fragment thr:off
          Power Management:on
          Link Quality=57/70  Signal level=-53 dBm  
          Rx invalid nwid:0  Rx invalid crypt:0  Rx invalid frag:0
          Tx excessive retries:0  Invalid misc:0   Missed beacon:0

2021-04-21T19:16:34.902
*-*
Result
wlan0     IEEE 802.11  ESSID:"WirelessProject"  
          Mode:Managed  Frequency:2.412 GHz  Access Point: B8:27:EB:75:C1:31   
          Bit Rate=65 Mb/s   Tx-Power=31 dBm   
          Retry short limit:7   RTS thr:off   Fragment thr:off
          Power Management:on
          Link Quality=58/70  Signal level=-52 dBm  
          Rx invalid nwid:0  Rx invalid crypt:0  Rx invalid frag:0
          Tx excessive retries:0  Invalid misc:0   Missed beacon:0

2021-04-21T19:16:36.046
*-*
Result
wlan0     IEEE 802.11  ESSID:"WirelessProject"  
          Mode:Managed  Frequency:2.412 GHz  Access Point: B8:27:EB:75:C1:31   
          Bit Rate=72.2 Mb/s   Tx-Power=31 dBm   
          Retry short limit:7   RTS thr:off   Fragment thr:off
          Power Management:on
          Link Quality=64/70  Signal level=-46 dBm  
          Rx invalid nwid:0  Rx invalid crypt:0  Rx invalid frag:0
          Tx excessive retries:0  Invalid misc:0   Missed beacon:0

2021-04-21T19:16:37.176
*-*
Result
wlan0     IEEE 802.11  ESSID:"WirelessProject"  
          Mode:Managed  Frequency:2.412 GHz  Access Point: B8:27:EB:75:C1:31   
          Bit Rate=72.2 Mb/s   Tx-Power=31 dBm   
          Retry short limit:7   RTS thr:off   Fragment thr:off
          Power Management:on
          Link Quality=66/70  Signal level=-44 dBm  
          Rx invalid nwid:0  Rx invalid crypt:0  Rx invalid frag:0
          Tx excessive retries:0  Invalid misc:0   Missed beacon:0

2021-04-21T19:16:38.301
*-*
Result
wlan0     IEEE 802.11  ESSID:"WirelessProject"  
          Mode:Managed  Frequency:2.412 GHz  Access Point: B8:27:EB:75:C1:31   
          Bit Rate=72.2 Mb/s   Tx-Power=31 dBm   
          Retry short limit:7   RTS thr:off   Fragment thr:off
          Power Management:on
          Link Quality=67/70  Signal level=-43 dBm  
          Rx invalid nwid:0  Rx invalid crypt:0  Rx invalid frag:0
          Tx excessive retries:0  Invalid misc:0   Missed beacon:0

2021-04-21T19:16:39.428
*-*
Result
wlan0     IEEE 802.11  ESSID:"WirelessProject"  
          Mode:Managed  Frequency:2.412 GHz  Access Point: B8:27:EB:75:C1:31   
          Bit Rate=72.2 Mb/s   Tx-Power=31 dBm   
          Retry short limit:7   RTS thr:off   Fragment thr:off
          Power Management:on
          Link Quality=66/70  Signal level=-44 dBm  
          Rx invalid nwid:0  Rx invalid crypt:0  Rx invalid frag:0
          Tx excessive retries:0  Invalid misc:0   Missed beacon:0

2021-04-21T19:16:40.555
*-*
Result
wlan0     IEEE 802.11  ESSID:"WirelessProject"  
          Mode:Managed  Frequency:2.412 GHz  Access Point: B8:27:EB:75:C1:31   
          Bit Rate=65 Mb/s   Tx-Power=31 dBm   
          Retry short limit:7   RTS thr:off   Fragment thr:off
          Power Management:on
          Link Quality=54/70  Signal level=-56 dBm  
          Rx invalid nwid:0  Rx invalid crypt:0  Rx invalid frag:0
          Tx excessive retries:0  Invalid misc:0   Missed beacon:0

2021-04-21T19:16:41.700
*-*
Result
wlan0     IEEE 802.11  ESSID:"WirelessProject"  
          Mode:Managed  Frequency:2.412 GHz  Access Point: B8:27:EB:75:C1:31   
          Bit Rate=65 Mb/s   Tx-Power=31 dBm   
          Retry short limit:7   RTS thr:off   Fragment thr:off
          Power Management:on
          Link Quality=52/70  Signal level=-58 dBm  
          Rx invalid nwid:0  Rx invalid crypt:0  Rx invalid frag:0
          Tx excessive retries:0  Invalid misc:0   Missed beacon:0

2021-04-21T19:16:42.825
*-*
Result
wlan0     IEEE 802.11  ESSID:"WirelessProject"  
          Mode:Managed  Frequency:2.412 GHz  Access Point: B8:27:EB:75:C1:31   
          Bit Rate=65 Mb/s   Tx-Power=31 dBm   
          Retry short limit:7   RTS thr:off   Fragment thr:off
          Power Management:on
          Link Quality=50/70  Signal level=-60 dBm  
          Rx invalid nwid:0  Rx invalid crypt:0  Rx invalid frag:0
          Tx excessive retries:0  Invalid misc:0   Missed beacon:0

2021-04-21T19:16:43.949
*-*
Result
wlan0     IEEE 802.11  ESSID:"WirelessProject"  
          Mode:Managed  Frequency:2.412 GHz  Access Point: B8:27:EB:75:C1:31   
          Bit Rate=72.2 Mb/s   Tx-Power=31 dBm   
          Retry short limit:7   RTS thr:off   Fragment thr:off
          Power Management:on
          Link Quality=45/70  Signal level=-65 dBm  
          Rx invalid nwid:0  Rx invalid crypt:0  Rx invalid frag:0
          Tx excessive retries:0  Invalid misc:0   Missed beacon:0

2021-04-21T19:16:45.081
*-*
Result
wlan0     IEEE 802.11  ESSID:"WirelessProject"  
          Mode:Managed  Frequency:2.412 GHz  Access Point: B8:27:EB:75:C1:31   
          Bit Rate=24 Mb/s   Tx-Power=31 dBm   
          Retry short limit:7   RTS thr:off   Fragment thr:off
          Power Management:on
          Link Quality=45/70  Signal level=-65 dBm  
          Rx invalid nwid:0  Rx invalid crypt:0  Rx invalid frag:0
          Tx excessive retries:0  Invalid misc:0   Missed beacon:0

2021-04-21T19:16:46.194
*-*
Result
wlan0     IEEE 802.11  ESSID:"WirelessProject"  
          Mode:Managed  Frequency:2.412 GHz  Access Point: B8:27:EB:75:C1:31   
          Bit Rate=72.2 Mb/s   Tx-Power=31 dBm   
          Retry short limit:7   RTS thr:off   Fragment thr:off
          Power Management:on
          Link Quality=42/70  Signal level=-68 dBm  
          Rx invalid nwid:0  Rx invalid crypt:0  Rx invalid frag:0
          Tx excessive retries:0  Invalid misc:0   Missed beacon:0

2021-04-21T19:16:47.319
*-*
Result
wlan0     IEEE 802.11  ESSID:"WirelessProject"  
          Mode:Managed  Frequency:2.412 GHz  Access Point: B8:27:EB:75:C1:31   
          Bit Rate=72.2 Mb/s   Tx-Power=31 dBm   
          Retry short limit:7   RTS thr:off   Fragment thr:off
          Power Management:on
          Link Quality=39/70  Signal level=-71 dBm  
          Rx invalid nwid:0  Rx invalid crypt:0  Rx invalid frag:0
          Tx excessive retries:0  Invalid misc:0   Missed beacon:0

2021-04-21T19:16:48.447
*-*
Result
wlan0     IEEE 802.11  ESSID:"WirelessProject"  
          Mode:Managed  Frequency:2.412 GHz  Access Point: B8:27:EB:75:C1:31   
          Bit Rate=24 Mb/s   Tx-Power=31 dBm   
          Retry short limit:7   RTS thr:off   Fragment thr:off
          Power Management:on
          Link Quality=37/70  Signal level=-73 dBm  
          Rx invalid nwid:0  Rx invalid crypt:0  Rx invalid frag:0
          Tx excessive retries:0  Invalid misc:0   Missed beacon:0

2021-04-21T19:16:49.573
*-*
Result
wlan0     IEEE 802.11  ESSID:"WirelessProject"  
          Mode:Managed  Frequency:2.412 GHz  Access Point: B8:27:EB:75:C1:31   
          Bit Rate=65 Mb/s   Tx-Power=31 dBm   
          Retry short limit:7   RTS thr:off   Fragment thr:off
          Power Management:on
          Link Quality=34/70  Signal level=-76 dBm  
          Rx invalid nwid:0  Rx invalid crypt:0  Rx invalid frag:0
          Tx excessive retries:0  Invalid misc:0   Missed beacon:0

2021-04-21T19:16:50.704
*-*
Result
wlan0     IEEE 802.11  ESSID:"WirelessProject"  
          Mode:Managed  Frequency:2.412 GHz  Access Point: B8:27:EB:75:C1:31   
          Bit Rate=65 Mb/s   Tx-Power=31 dBm   
          Retry short limit:7   RTS thr:off   Fragment thr:off
          Power Management:on
          Link Quality=34/70  Signal level=-76 dBm  
          Rx invalid nwid:0  Rx invalid crypt:0  Rx invalid frag:0
          Tx excessive retries:0  Invalid misc:0   Missed beacon:0

2021-04-21T19:16:51.831
*-*
Result
wlan0     IEEE 802.11  ESSID:"WirelessProject"  
          Mode:Managed  Frequency:2.412 GHz  Access Point: B8:27:EB:75:C1:31   
          Bit Rate=24 Mb/s   Tx-Power=31 dBm   
          Retry short limit:7   RTS thr:off   Fragment thr:off
          Power Management:on
          Link Quality=34/70  Signal level=-76 dBm  
          Rx invalid nwid:0  Rx invalid crypt:0  Rx invalid frag:0
          Tx excessive retries:0  Invalid misc:0   Missed beacon:0

2021-04-21T19:16:52.956
*-*
Result
wlan0     IEEE 802.11  ESSID:"WirelessProject"  
          Mode:Managed  Frequency:2.412 GHz  Access Point: B8:27:EB:75:C1:31   
          Bit Rate=24 Mb/s   Tx-Power=31 dBm   
          Retry short limit:7   RTS thr:off   Fragment thr:off
          Power Management:on
          Link Quality=34/70  Signal level=-76 dBm  
          Rx invalid nwid:0  Rx invalid crypt:0  Rx invalid frag:0
          Tx excessive retries:0  Invalid misc:0   Missed beacon:0

2021-04-21T19:16:54.081
*-*
Result
wlan0     IEEE 802.11  ESSID:"WirelessProject"  
          Mode:Managed  Frequency:2.412 GHz  Access Point: B8:27:EB:75:C1:31   
          Bit Rate=24 Mb/s   Tx-Power=31 dBm   
          Retry short limit:7   RTS thr:off   Fragment thr:off
          Power Management:on
          Link Quality=34/70  Signal level=-76 dBm  
          Rx invalid nwid:0  Rx invalid crypt:0  Rx invalid frag:0
          Tx excessive retries:0  Invalid misc:0   Missed beacon:0

2021-04-21T19:16:55.207
*-*
Result
wlan0     IEEE 802.11  ESSID:"WirelessProject"  
          Mode:Managed  Frequency:2.412 GHz  Access Point: B8:27:EB:75:C1:31   
          Bit Rate=24 Mb/s   Tx-Power=31 dBm   
          Retry short limit:7   RTS thr:off   Fragment thr:off
          Power Management:on
          Link Quality=34/70  Signal level=-76 dBm  
          Rx invalid nwid:0  Rx invalid crypt:0  Rx invalid frag:0
          Tx excessive retries:1  Invalid misc:0   Missed beacon:0

2021-04-21T19:16:56.332
*-*
Result
wlan0     IEEE 802.11  ESSID:"WirelessProject"  
          Mode:Managed  Frequency:2.412 GHz  Access Point: B8:27:EB:75:C1:31   
          Bit Rate=24 Mb/s   Tx-Power=31 dBm   
          Retry short limit:7   RTS thr:off   Fragment thr:off
          Power Management:on
          Link Quality=34/70  Signal level=-76 dBm  
          Rx invalid nwid:0  Rx invalid crypt:0  Rx invalid frag:0
          Tx excessive retries:1  Invalid misc:0   Missed beacon:0

2021-04-21T19:16:57.442
*-*
Result
wlan0     IEEE 802.11  ESSID:"WirelessProject"  
          Mode:Managed  Frequency:2.412 GHz  Access Point: B8:27:EB:75:C1:31   
          Bit Rate=24 Mb/s   Tx-Power=31 dBm   
          Retry short limit:7   RTS thr:off   Fragment thr:off
          Power Management:on
          Link Quality=33/70  Signal level=-77 dBm  
          Rx invalid nwid:0  Rx invalid crypt:0  Rx invalid frag:0
          Tx excessive retries:1  Invalid misc:0   Missed beacon:0

2021-04-21T19:16:58.557
*-*
Result
wlan0     IEEE 802.11  ESSID:"WirelessProject"  
          Mode:Managed  Frequency:2.412 GHz  Access Point: B8:27:EB:75:C1:31   
          Bit Rate=24 Mb/s   Tx-Power=31 dBm   
          Retry short limit:7   RTS thr:off   Fragment thr:off
          Power Management:on
          Link Quality=33/70  Signal level=-77 dBm  
          Rx invalid nwid:0  Rx invalid crypt:0  Rx invalid frag:0
          Tx excessive retries:1  Invalid misc:0   Missed beacon:0

2021-04-21T19:16:59.683
*-*
Result
wlan0     IEEE 802.11  ESSID:"WirelessProject"  
          Mode:Managed  Frequency:2.412 GHz  Access Point: B8:27:EB:75:C1:31   
          Bit Rate=24 Mb/s   Tx-Power=31 dBm   
          Retry short limit:7   RTS thr:off   Fragment thr:off
          Power Management:on
          Link Quality=33/70  Signal level=-77 dBm  
          Rx invalid nwid:0  Rx invalid crypt:0  Rx invalid frag:0
          Tx excessive retries:1  Invalid misc:0   Missed beacon:0

2021-04-21T19:17:00.811
*-*
Result
wlan0     IEEE 802.11  ESSID:"WirelessProject"  
          Mode:Managed  Frequency:2.412 GHz  Access Point: B8:27:EB:75:C1:31   
          Bit Rate=24 Mb/s   Tx-Power=31 dBm   
          Retry short limit:7   RTS thr:off   Fragment thr:off
          Power Management:on
          Link Quality=33/70  Signal level=-77 dBm  
          Rx invalid nwid:0  Rx invalid crypt:0  Rx invalid frag:0
          Tx excessive retries:1  Invalid misc:0   Missed beacon:0

2021-04-21T19:17:01.937
*-*
Result
wlan0     IEEE 802.11  ESSID:"WirelessProject"  
          Mode:Managed  Frequency:2.412 GHz  Access Point: B8:27:EB:75:C1:31   
          Bit Rate=24 Mb/s   Tx-Power=31 dBm   
          Retry short limit:7   RTS thr:off   Fragment thr:off
          Power Management:on
          Link Quality=33/70  Signal level=-77 dBm  
          Rx invalid nwid:0  Rx invalid crypt:0  Rx invalid frag:0
          Tx excessive retries:2  Invalid misc:0   Missed beacon:0

2021-04-21T19:17:03.062
*-*
Result
wlan0     IEEE 802.11  ESSID:"WirelessProject"  
          Mode:Managed  Frequency:2.412 GHz  Access Point: B8:27:EB:75:C1:31   
          Bit Rate=24 Mb/s   Tx-Power=31 dBm   
          Retry short limit:7   RTS thr:off   Fragment thr:off
          Power Management:on
          Link Quality=33/70  Signal level=-77 dBm  
          Rx invalid nwid:0  Rx invalid crypt:0  Rx invalid frag:0
          Tx excessive retries:4  Invalid misc:0   Missed beacon:0

2021-04-21T19:17:04.188
*-*
Result
wlan0     IEEE 802.11  ESSID:"WirelessProject"  
          Mode:Managed  Frequency:2.412 GHz  Access Point: B8:27:EB:75:C1:31   
          Bit Rate=24 Mb/s   Tx-Power=31 dBm   
          Retry short limit:7   RTS thr:off   Fragment thr:off
          Power Management:on
          Link Quality=33/70  Signal level=-77 dBm  
          Rx invalid nwid:0  Rx invalid crypt:0  Rx invalid frag:0
          Tx excessive retries:4  Invalid misc:0   Missed beacon:0

2021-04-21T19:17:05.314
*-*
Result
wlan0     IEEE 802.11  ESSID:"WirelessProject"  
          Mode:Managed  Frequency:2.412 GHz  Access Point: B8:27:EB:75:C1:31   
          Bit Rate=24 Mb/s   Tx-Power=31 dBm   
          Retry short limit:7   RTS thr:off   Fragment thr:off
          Power Management:on
          Link Quality=33/70  Signal level=-77 dBm  
          Rx invalid nwid:0  Rx invalid crypt:0  Rx invalid frag:0
          Tx excessive retries:5  Invalid misc:0   Missed beacon:0

2021-04-21T19:17:06.438
*-*
Result
wlan0     IEEE 802.11  ESSID:"WirelessProject"  
          Mode:Managed  Frequency:2.412 GHz  Access Point: B8:27:EB:75:C1:31   
          Bit Rate=24 Mb/s   Tx-Power=31 dBm   
          Retry short limit:7   RTS thr:off   Fragment thr:off
          Power Management:on
          Link Quality=33/70  Signal level=-77 dBm  
          Rx invalid nwid:0  Rx invalid crypt:0  Rx invalid frag:0
          Tx excessive retries:5  Invalid misc:0   Missed beacon:0

2021-04-21T19:17:07.552
*-*
Result
wlan0     IEEE 802.11  ESSID:"WirelessProject"  
          Mode:Managed  Frequency:2.412 GHz  Access Point: B8:27:EB:75:C1:31   
          Bit Rate=24 Mb/s   Tx-Power=31 dBm   
          Retry short limit:7   RTS thr:off   Fragment thr:off
          Power Management:on
          Link Quality=33/70  Signal level=-77 dBm  
          Rx invalid nwid:0  Rx invalid crypt:0  Rx invalid frag:0
          Tx excessive retries:5  Invalid misc:0   Missed beacon:0

2021-04-21T19:17:08.652
*-*
Result
wlan0     IEEE 802.11  ESSID:"WirelessProject"  
          Mode:Managed  Frequency:2.412 GHz  Access Point: B8:27:EB:75:C1:31   
          Bit Rate=24 Mb/s   Tx-Power=31 dBm   
          Retry short limit:7   RTS thr:off   Fragment thr:off
          Power Management:on
          Link Quality=33/70  Signal level=-77 dBm  
          Rx invalid nwid:0  Rx invalid crypt:0  Rx invalid frag:0
          Tx excessive retries:5  Invalid misc:0   Missed beacon:0

2021-04-21T19:17:09.730
*-*
Result
wlan0     IEEE 802.11  ESSID:"WirelessProject"  
          Mode:Managed  Frequency:2.412 GHz  Access Point: B8:27:EB:75:C1:31   
          Bit Rate=24 Mb/s   Tx-Power=31 dBm   
          Retry short limit:7   RTS thr:off   Fragment thr:off
          Power Management:on
          Link Quality=33/70  Signal level=-77 dBm  
          Rx invalid nwid:0  Rx invalid crypt:0  Rx invalid frag:0
          Tx excessive retries:5  Invalid misc:0   Missed beacon:0

2021-04-21T19:17:10.842
*-*
Result
wlan0     IEEE 802.11  ESSID:"WirelessProject"  
          Mode:Managed  Frequency:2.412 GHz  Access Point: B8:27:EB:75:C1:31   
          Bit Rate=65 Mb/s   Tx-Power=31 dBm   
          Retry short limit:7   RTS thr:off   Fragment thr:off
          Power Management:on
          Link Quality=33/70  Signal level=-77 dBm  
          Rx invalid nwid:0  Rx invalid crypt:0  Rx invalid frag:0
          Tx excessive retries:7  Invalid misc:0   Missed beacon:0

2021-04-21T19:17:11.951
*-*
Result
wlan0     IEEE 802.11  ESSID:"WirelessProject"  
          Mode:Managed  Frequency:2.412 GHz  Access Point: B8:27:EB:75:C1:31   
          Bit Rate=65 Mb/s   Tx-Power=31 dBm   
          Retry short limit:7   RTS thr:off   Fragment thr:off
          Power Management:on
          Link Quality=33/70  Signal level=-77 dBm  
          Rx invalid nwid:0  Rx invalid crypt:0  Rx invalid frag:0
          Tx excessive retries:7  Invalid misc:0   Missed beacon:0

2021-04-21T19:17:13.076
*-*
Result
wlan0     IEEE 802.11  ESSID:"WirelessProject"  
          Mode:Managed  Frequency:2.412 GHz  Access Point: B8:27:EB:75:C1:31   
          Bit Rate=65 Mb/s   Tx-Power=31 dBm   
          Retry short limit:7   RTS thr:off   Fragment thr:off
          Power Management:on
          Link Quality=33/70  Signal level=-77 dBm  
          Rx invalid nwid:0  Rx invalid crypt:0  Rx invalid frag:0
          Tx excessive retries:7  Invalid misc:0   Missed beacon:0

2021-04-21T19:17:14.200
*-*
Result
wlan0     IEEE 802.11  ESSID:"WirelessProject"  
          Mode:Managed  Frequency:2.412 GHz  Access Point: B8:27:EB:75:C1:31   
          Bit Rate=58.5 Mb/s   Tx-Power=31 dBm   
          Retry short limit:7   RTS thr:off   Fragment thr:off
          Power Management:on
          Link Quality=33/70  Signal level=-77 dBm  
          Rx invalid nwid:0  Rx invalid crypt:0  Rx invalid frag:0
          Tx excessive retries:9  Invalid misc:0   Missed beacon:0

2021-04-21T19:17:15.327
*-*
Result
wlan0     IEEE 802.11  ESSID:"WirelessProject"  
          Mode:Managed  Frequency:2.412 GHz  Access Point: B8:27:EB:75:C1:31   
          Bit Rate=24 Mb/s   Tx-Power=31 dBm   
          Retry short limit:7   RTS thr:off   Fragment thr:off
          Power Management:on
          Link Quality=33/70  Signal level=-77 dBm  
          Rx invalid nwid:0  Rx invalid crypt:0  Rx invalid frag:0
          Tx excessive retries:10  Invalid misc:0   Missed beacon:0

2021-04-21T19:17:16.435
*-*
Result
wlan0     IEEE 802.11  ESSID:"WirelessProject"  
          Mode:Managed  Frequency:2.412 GHz  Access Point: B8:27:EB:75:C1:31   
          Bit Rate=24 Mb/s   Tx-Power=31 dBm   
          Retry short limit:7   RTS thr:off   Fragment thr:off
          Power Management:on
          Link Quality=33/70  Signal level=-77 dBm  
          Rx invalid nwid:0  Rx invalid crypt:0  Rx invalid frag:0
          Tx excessive retries:10  Invalid misc:0   Missed beacon:0

2021-04-21T19:17:17.542
*-*
Result
wlan0     IEEE 802.11  ESSID:"WirelessProject"  
          Mode:Managed  Frequency:2.412 GHz  Access Point: B8:27:EB:75:C1:31   
          Bit Rate=24 Mb/s   Tx-Power=31 dBm   
          Retry short limit:7   RTS thr:off   Fragment thr:off
          Power Management:on
          Link Quality=33/70  Signal level=-77 dBm  
          Rx invalid nwid:0  Rx invalid crypt:0  Rx invalid frag:0
          Tx excessive retries:10  Invalid misc:0   Missed beacon:0

2021-04-21T19:17:18.651
*-*
Result
wlan0     IEEE 802.11  ESSID:"WirelessProject"  
          Mode:Managed  Frequency:2.412 GHz  Access Point: B8:27:EB:75:C1:31   
          Bit Rate=24 Mb/s   Tx-Power=31 dBm   
          Retry short limit:7   RTS thr:off   Fragment thr:off
          Power Management:on
          Link Quality=33/70  Signal level=-77 dBm  
          Rx invalid nwid:0  Rx invalid crypt:0  Rx invalid frag:0
          Tx excessive retries:12  Invalid misc:0   Missed beacon:0

2021-04-21T19:17:19.769
*-*
Result
wlan0     IEEE 802.11  ESSID:"WirelessProject"  
          Mode:Managed  Frequency:2.412 GHz  Access Point: B8:27:EB:75:C1:31   
          Bit Rate=24 Mb/s   Tx-Power=31 dBm   
          Retry short limit:7   RTS thr:off   Fragment thr:off
          Power Management:on
          Link Quality=33/70  Signal level=-77 dBm  
          Rx invalid nwid:0  Rx invalid crypt:0  Rx invalid frag:0
          Tx excessive retries:12  Invalid misc:0   Missed beacon:0

2021-04-21T19:17:20.894
*-*
Result
wlan0     IEEE 802.11  ESSID:"WirelessProject"  
          Mode:Managed  Frequency:2.412 GHz  Access Point: B8:27:EB:75:C1:31   
          Bit Rate=24 Mb/s   Tx-Power=31 dBm   
          Retry short limit:7   RTS thr:off   Fragment thr:off
          Power Management:on
          Link Quality=33/70  Signal level=-77 dBm  
          Rx invalid nwid:0  Rx invalid crypt:0  Rx invalid frag:0
          Tx excessive retries:14  Invalid misc:0   Missed beacon:0

2021-04-21T19:17:22.020
*-*
Result
wlan0     IEEE 802.11  ESSID:"WirelessProject"  
          Mode:Managed  Frequency:2.412 GHz  Access Point: B8:27:EB:75:C1:31   
          Bit Rate=24 Mb/s   Tx-Power=31 dBm   
          Retry short limit:7   RTS thr:off   Fragment thr:off
          Power Management:on
          Link Quality=33/70  Signal level=-77 dBm  
          Rx invalid nwid:0  Rx invalid crypt:0  Rx invalid frag:0
          Tx excessive retries:26  Invalid misc:0   Missed beacon:0

2021-04-21T19:17:23.147
*-*
Result
wlan0     IEEE 802.11  ESSID:off/any  
          Mode:Managed  Access Point: Not-Associated   Tx-Power=31 dBm   
          Retry short limit:7   RTS thr:off   Fragment thr:off
          Power Management:on
          
2021-04-21T19:17:24.265
*-*
Result
wlan0     IEEE 802.11  ESSID:"WirelessProject"  
          Mode:Managed  Frequency:2.412 GHz  Access Point: B8:27:EB:6C:F0:84   
          Bit Rate=39 Mb/s   Tx-Power=31 dBm   
          Retry short limit:7   RTS thr:off   Fragment thr:off
          Power Management:on
          Link Quality=26/70  Signal level=-84 dBm  
          Rx invalid nwid:0  Rx invalid crypt:0  Rx invalid frag:0
          Tx excessive retries:0  Invalid misc:0   Missed beacon:0

2021-04-21T19:17:25.414
*-*
Result
wlan0     IEEE 802.11  ESSID:"WirelessProject"  
          Mode:Managed  Frequency:2.412 GHz  Access Point: B8:27:EB:6C:F0:84   
          Bit Rate=26 Mb/s   Tx-Power=31 dBm   
          Retry short limit:7   RTS thr:off   Fragment thr:off
          Power Management:on
          Link Quality=26/70  Signal level=-84 dBm  
          Rx invalid nwid:0  Rx invalid crypt:0  Rx invalid frag:0
          Tx excessive retries:0  Invalid misc:0   Missed beacon:0

2021-04-21T19:17:26.531
*-*
Result
wlan0     IEEE 802.11  ESSID:"WirelessProject"  
          Mode:Managed  Frequency:2.412 GHz  Access Point: B8:27:EB:6C:F0:84   
          Bit Rate=19.5 Mb/s   Tx-Power=31 dBm   
          Retry short limit:7   RTS thr:off   Fragment thr:off
          Power Management:on
          Link Quality=26/70  Signal level=-84 dBm  
          Rx invalid nwid:0  Rx invalid crypt:0  Rx invalid frag:0
          Tx excessive retries:0  Invalid misc:0   Missed beacon:0

2021-04-21T19:17:27.599
*-*
Result
wlan0     IEEE 802.11  ESSID:"WirelessProject"  
          Mode:Managed  Frequency:2.412 GHz  Access Point: B8:27:EB:6C:F0:84   
          Bit Rate=19.5 Mb/s   Tx-Power=31 dBm   
          Retry short limit:7   RTS thr:off   Fragment thr:off
          Power Management:on
          Link Quality=26/70  Signal level=-84 dBm  
          Rx invalid nwid:0  Rx invalid crypt:0  Rx invalid frag:0
          Tx excessive retries:0  Invalid misc:0   Missed beacon:0

2021-04-21T19:17:28.667
*-*
Result
wlan0     IEEE 802.11  ESSID:"WirelessProject"  
          Mode:Managed  Frequency:2.412 GHz  Access Point: B8:27:EB:6C:F0:84   
          Bit Rate=19.5 Mb/s   Tx-Power=31 dBm   
          Retry short limit:7   RTS thr:off   Fragment thr:off
          Power Management:on
          Link Quality=26/70  Signal level=-84 dBm  
          Rx invalid nwid:0  Rx invalid crypt:0  Rx invalid frag:0
          Tx excessive retries:0  Invalid misc:0   Missed beacon:0

2021-04-21T19:17:29.751
*-*
Result
wlan0     IEEE 802.11  ESSID:"WirelessProject"  
          Mode:Managed  Frequency:2.412 GHz  Access Point: B8:27:EB:6C:F0:84   
          Bit Rate=19.5 Mb/s   Tx-Power=31 dBm   
          Retry short limit:7   RTS thr:off   Fragment thr:off
          Power Management:on
          Link Quality=32/70  Signal level=-78 dBm  
          Rx invalid nwid:0  Rx invalid crypt:0  Rx invalid frag:0
          Tx excessive retries:0  Invalid misc:0   Missed beacon:0

2021-04-21T19:17:30.881
*-*
Result
wlan0     IEEE 802.11  ESSID:"WirelessProject"  
          Mode:Managed  Frequency:2.412 GHz  Access Point: B8:27:EB:6C:F0:84   
          Bit Rate=52 Mb/s   Tx-Power=31 dBm   
          Retry short limit:7   RTS thr:off   Fragment thr:off
          Power Management:on
          Link Quality=39/70  Signal level=-71 dBm  
          Rx invalid nwid:0  Rx invalid crypt:0  Rx invalid frag:0
          Tx excessive retries:0  Invalid misc:0   Missed beacon:0

2021-04-21T19:17:32.020
*-*
Result
wlan0     IEEE 802.11  ESSID:"WirelessProject"  
          Mode:Managed  Frequency:2.412 GHz  Access Point: B8:27:EB:6C:F0:84   
          Bit Rate=57.7 Mb/s   Tx-Power=31 dBm   
          Retry short limit:7   RTS thr:off   Fragment thr:off
          Power Management:on
          Link Quality=51/70  Signal level=-59 dBm  
          Rx invalid nwid:0  Rx invalid crypt:0  Rx invalid frag:0
          Tx excessive retries:0  Invalid misc:0   Missed beacon:0

2021-04-21T19:17:33.157
*-*
Result
wlan0     IEEE 802.11  ESSID:"WirelessProject"  
          Mode:Managed  Frequency:2.412 GHz  Access Point: B8:27:EB:6C:F0:84   
          Bit Rate=52 Mb/s   Tx-Power=31 dBm   
          Retry short limit:7   RTS thr:off   Fragment thr:off
          Power Management:on
          Link Quality=45/70  Signal level=-65 dBm  
          Rx invalid nwid:0  Rx invalid crypt:0  Rx invalid frag:0
          Tx excessive retries:0  Invalid misc:0   Missed beacon:0

2021-04-21T19:17:34.289
*-*
Result
wlan0     IEEE 802.11  ESSID:"WirelessProject"  
          Mode:Managed  Frequency:2.412 GHz  Access Point: B8:27:EB:6C:F0:84   
          Bit Rate=57.7 Mb/s   Tx-Power=31 dBm   
          Retry short limit:7   RTS thr:off   Fragment thr:off
          Power Management:on
          Link Quality=61/70  Signal level=-49 dBm  
          Rx invalid nwid:0  Rx invalid crypt:0  Rx invalid frag:0
          Tx excessive retries:0  Invalid misc:0   Missed beacon:0

2021-04-21T19:17:35.421
*-*
Result
wlan0     IEEE 802.11  ESSID:"WirelessProject"  
          Mode:Managed  Frequency:2.412 GHz  Access Point: B8:27:EB:6C:F0:84   
          Bit Rate=65 Mb/s   Tx-Power=31 dBm   
          Retry short limit:7   RTS thr:off   Fragment thr:off
          Power Management:on
          Link Quality=47/70  Signal level=-63 dBm  
          Rx invalid nwid:0  Rx invalid crypt:0  Rx invalid frag:0
          Tx excessive retries:0  Invalid misc:0   Missed beacon:0

2021-04-21T19:17:36.548
*-*
Result
wlan0     IEEE 802.11  ESSID:"WirelessProject"  
          Mode:Managed  Frequency:2.412 GHz  Access Point: B8:27:EB:6C:F0:84   
          Bit Rate=65 Mb/s   Tx-Power=31 dBm   
          Retry short limit:7   RTS thr:off   Fragment thr:off
          Power Management:on
          Link Quality=47/70  Signal level=-63 dBm  
          Rx invalid nwid:0  Rx invalid crypt:0  Rx invalid frag:0
          Tx excessive retries:0  Invalid misc:0   Missed beacon:0

2021-04-21T19:17:37.679
*-*
Result
wlan0     IEEE 802.11  ESSID:"WirelessProject"  
          Mode:Managed  Frequency:2.412 GHz  Access Point: B8:27:EB:6C:F0:84   
          Bit Rate=24 Mb/s   Tx-Power=31 dBm   
          Retry short limit:7   RTS thr:off   Fragment thr:off
          Power Management:on
          Link Quality=47/70  Signal level=-63 dBm  
          Rx invalid nwid:0  Rx invalid crypt:0  Rx invalid frag:0
          Tx excessive retries:0  Invalid misc:0   Missed beacon:0

2021-04-21T19:17:38.805
*-*
Result
wlan0     IEEE 802.11  ESSID:"WirelessProject"  
          Mode:Managed  Frequency:2.412 GHz  Access Point: B8:27:EB:6C:F0:84   
          Bit Rate=24 Mb/s   Tx-Power=31 dBm   
          Retry short limit:7   RTS thr:off   Fragment thr:off
          Power Management:on
          Link Quality=49/70  Signal level=-61 dBm  
          Rx invalid nwid:0  Rx invalid crypt:0  Rx invalid frag:0
          Tx excessive retries:0  Invalid misc:0   Missed beacon:0

2021-04-21T19:17:39.935
*-*
Result
wlan0     IEEE 802.11  ESSID:"WirelessProject"  
          Mode:Managed  Frequency:2.412 GHz  Access Point: B8:27:EB:6C:F0:84   
          Bit Rate=24 Mb/s   Tx-Power=31 dBm   
          Retry short limit:7   RTS thr:off   Fragment thr:off
          Power Management:on
          Link Quality=49/70  Signal level=-61 dBm  
          Rx invalid nwid:0  Rx invalid crypt:0  Rx invalid frag:0
          Tx excessive retries:0  Invalid misc:0   Missed beacon:0

2021-04-21T19:17:41.065
*-*
Result
wlan0     IEEE 802.11  ESSID:"WirelessProject"  
          Mode:Managed  Frequency:2.412 GHz  Access Point: B8:27:EB:6C:F0:84   
          Bit Rate=72.2 Mb/s   Tx-Power=31 dBm   
          Retry short limit:7   RTS thr:off   Fragment thr:off
          Power Management:on
          Link Quality=53/70  Signal level=-57 dBm  
          Rx invalid nwid:0  Rx invalid crypt:0  Rx invalid frag:0
          Tx excessive retries:0  Invalid misc:0   Missed beacon:0

2021-04-21T19:17:42.190
*-*
Result
wlan0     IEEE 802.11  ESSID:"WirelessProject"  
          Mode:Managed  Frequency:2.412 GHz  Access Point: B8:27:EB:6C:F0:84   
          Bit Rate=72.2 Mb/s   Tx-Power=31 dBm   
          Retry short limit:7   RTS thr:off   Fragment thr:off
          Power Management:on
          Link Quality=45/70  Signal level=-65 dBm  
          Rx invalid nwid:0  Rx invalid crypt:0  Rx invalid frag:0
          Tx excessive retries:1  Invalid misc:0   Missed beacon:0

2021-04-21T19:17:43.317
*-*
Result
wlan0     IEEE 802.11  ESSID:"WirelessProject"  
          Mode:Managed  Frequency:2.412 GHz  Access Point: B8:27:EB:6C:F0:84   
          Bit Rate=24 Mb/s   Tx-Power=31 dBm   
          Retry short limit:7   RTS thr:off   Fragment thr:off
          Power Management:on
          Link Quality=42/70  Signal level=-68 dBm  
          Rx invalid nwid:0  Rx invalid crypt:0  Rx invalid frag:0
          Tx excessive retries:1  Invalid misc:0   Missed beacon:0

2021-04-21T19:17:44.439
*-*
Result
wlan0     IEEE 802.11  ESSID:"WirelessProject"  
          Mode:Managed  Frequency:2.412 GHz  Access Point: B8:27:EB:6C:F0:84   
          Bit Rate=72.2 Mb/s   Tx-Power=31 dBm   
          Retry short limit:7   RTS thr:off   Fragment thr:off
          Power Management:on
          Link Quality=46/70  Signal level=-64 dBm  
          Rx invalid nwid:0  Rx invalid crypt:0  Rx invalid frag:0
          Tx excessive retries:1  Invalid misc:0   Missed beacon:0

2021-04-21T19:17:45.569
*-*
Result
wlan0     IEEE 802.11  ESSID:"WirelessProject"  
          Mode:Managed  Frequency:2.412 GHz  Access Point: B8:27:EB:6C:F0:84   
          Bit Rate=43.3 Mb/s   Tx-Power=31 dBm   
          Retry short limit:7   RTS thr:off   Fragment thr:off
          Power Management:on
          Link Quality=42/70  Signal level=-68 dBm  
          Rx invalid nwid:0  Rx invalid crypt:0  Rx invalid frag:0
          Tx excessive retries:1  Invalid misc:0   Missed beacon:0

2021-04-21T19:17:46.703
*-*
Result
wlan0     IEEE 802.11  ESSID:"WirelessProject"  
          Mode:Managed  Frequency:2.412 GHz  Access Point: B8:27:EB:6C:F0:84   
          Bit Rate=43.3 Mb/s   Tx-Power=31 dBm   
          Retry short limit:7   RTS thr:off   Fragment thr:off
          Power Management:on
          Link Quality=41/70  Signal level=-69 dBm  
          Rx invalid nwid:0  Rx invalid crypt:0  Rx invalid frag:0
          Tx excessive retries:1  Invalid misc:0   Missed beacon:0

2021-04-21T19:17:47.836
*-*
Result
wlan0     IEEE 802.11  ESSID:"WirelessProject"  
          Mode:Managed  Frequency:2.412 GHz  Access Point: B8:27:EB:6C:F0:84   
          Bit Rate=43.3 Mb/s   Tx-Power=31 dBm   
          Retry short limit:7   RTS thr:off   Fragment thr:off
          Power Management:on
          Link Quality=41/70  Signal level=-69 dBm  
          Rx invalid nwid:0  Rx invalid crypt:0  Rx invalid frag:0
          Tx excessive retries:1  Invalid misc:0   Missed beacon:0

2021-04-21T19:17:48.964
*-*
Result
wlan0     IEEE 802.11  ESSID:"WirelessProject"  
          Mode:Managed  Frequency:2.412 GHz  Access Point: B8:27:EB:6C:F0:84   
          Bit Rate=24 Mb/s   Tx-Power=31 dBm   
          Retry short limit:7   RTS thr:off   Fragment thr:off
          Power Management:on
          Link Quality=41/70  Signal level=-69 dBm  
          Rx invalid nwid:0  Rx invalid crypt:0  Rx invalid frag:0
          Tx excessive retries:1  Invalid misc:0   Missed beacon:0

2021-04-21T19:17:50.091
*-*
Result
wlan0     IEEE 802.11  ESSID:"WirelessProject"  
          Mode:Managed  Frequency:2.412 GHz  Access Point: B8:27:EB:6C:F0:84   
          Bit Rate=24 Mb/s   Tx-Power=31 dBm   
          Retry short limit:7   RTS thr:off   Fragment thr:off
          Power Management:on
          Link Quality=41/70  Signal level=-69 dBm  
          Rx invalid nwid:0  Rx invalid crypt:0  Rx invalid frag:0
          Tx excessive retries:1  Invalid misc:0   Missed beacon:0

2021-04-21T19:17:51.226
*-*
Result
wlan0     IEEE 802.11  ESSID:"WirelessProject"  
          Mode:Managed  Frequency:2.412 GHz  Access Point: B8:27:EB:6C:F0:84   
          Bit Rate=24 Mb/s   Tx-Power=31 dBm   
          Retry short limit:7   RTS thr:off   Fragment thr:off
          Power Management:on
          Link Quality=41/70  Signal level=-69 dBm  
          Rx invalid nwid:0  Rx invalid crypt:0  Rx invalid frag:0
          Tx excessive retries:1  Invalid misc:0   Missed beacon:0

2021-04-21T19:17:52.352
*-*
Result
wlan0     IEEE 802.11  ESSID:"WirelessProject"  
          Mode:Managed  Frequency:2.412 GHz  Access Point: B8:27:EB:6C:F0:84   
          Bit Rate=57.7 Mb/s   Tx-Power=31 dBm   
          Retry short limit:7   RTS thr:off   Fragment thr:off
          Power Management:on
          Link Quality=40/70  Signal level=-70 dBm  
          Rx invalid nwid:0  Rx invalid crypt:0  Rx invalid frag:0
          Tx excessive retries:1  Invalid misc:0   Missed beacon:0

2021-04-21T19:17:53.476
*-*
Result
wlan0     IEEE 802.11  ESSID:"WirelessProject"  
          Mode:Managed  Frequency:2.412 GHz  Access Point: B8:27:EB:6C:F0:84   
          Bit Rate=28.8 Mb/s   Tx-Power=31 dBm   
          Retry short limit:7   RTS thr:off   Fragment thr:off
          Power Management:on
          Link Quality=41/70  Signal level=-69 dBm  
          Rx invalid nwid:0  Rx invalid crypt:0  Rx invalid frag:0
          Tx excessive retries:1  Invalid misc:0   Missed beacon:0

2021-04-21T19:17:54.609
*-*
Result
wlan0     IEEE 802.11  ESSID:"WirelessProject"  
          Mode:Managed  Frequency:2.412 GHz  Access Point: B8:27:EB:6C:F0:84   
          Bit Rate=43.3 Mb/s   Tx-Power=31 dBm   
          Retry short limit:7   RTS thr:off   Fragment thr:off
          Power Management:on
          Link Quality=38/70  Signal level=-72 dBm  
          Rx invalid nwid:0  Rx invalid crypt:0  Rx invalid frag:0
          Tx excessive retries:1  Invalid misc:0   Missed beacon:0

2021-04-21T19:17:55.747
*-*
Result
wlan0     IEEE 802.11  ESSID:"WirelessProject"  
          Mode:Managed  Frequency:2.412 GHz  Access Point: B8:27:EB:6C:F0:84   
          Bit Rate=43.3 Mb/s   Tx-Power=31 dBm   
          Retry short limit:7   RTS thr:off   Fragment thr:off
          Power Management:on
          Link Quality=46/70  Signal level=-64 dBm  
          Rx invalid nwid:0  Rx invalid crypt:0  Rx invalid frag:0
          Tx excessive retries:1  Invalid misc:0   Missed beacon:0

2021-04-21T19:17:56.881
*-*
Result
wlan0     IEEE 802.11  ESSID:"WirelessProject"  
          Mode:Managed  Frequency:2.412 GHz  Access Point: B8:27:EB:6C:F0:84   
          Bit Rate=57.7 Mb/s   Tx-Power=31 dBm   
          Retry short limit:7   RTS thr:off   Fragment thr:off
          Power Management:on
          Link Quality=43/70  Signal level=-67 dBm  
          Rx invalid nwid:0  Rx invalid crypt:0  Rx invalid frag:0
          Tx excessive retries:1  Invalid misc:0   Missed beacon:0

2021-04-21T19:17:58.009
*-*
Result
wlan0     IEEE 802.11  ESSID:"WirelessProject"  
          Mode:Managed  Frequency:2.412 GHz  Access Point: B8:27:EB:6C:F0:84   
          Bit Rate=57.7 Mb/s   Tx-Power=31 dBm   
          Retry short limit:7   RTS thr:off   Fragment thr:off
          Power Management:on
          Link Quality=45/70  Signal level=-65 dBm  
          Rx invalid nwid:0  Rx invalid crypt:0  Rx invalid frag:0
          Tx excessive retries:1  Invalid misc:0   Missed beacon:0

2021-04-21T19:17:59.166
*-*
Result
wlan0     IEEE 802.11  ESSID:"WirelessProject"  
          Mode:Managed  Frequency:2.412 GHz  Access Point: B8:27:EB:6C:F0:84   
          Bit Rate=57.7 Mb/s   Tx-Power=31 dBm   
          Retry short limit:7   RTS thr:off   Fragment thr:off
          Power Management:on
          Link Quality=45/70  Signal level=-65 dBm  
          Rx invalid nwid:0  Rx invalid crypt:0  Rx invalid frag:0
          Tx excessive retries:1  Invalid misc:0   Missed beacon:0

2021-04-21T19:18:00.302
*-*
Result
wlan0     IEEE 802.11  ESSID:"WirelessProject"  
          Mode:Managed  Frequency:2.412 GHz  Access Point: B8:27:EB:6C:F0:84   
          Bit Rate=58.5 Mb/s   Tx-Power=31 dBm   
          Retry short limit:7   RTS thr:off   Fragment thr:off
          Power Management:on
          Link Quality=46/70  Signal level=-64 dBm  
          Rx invalid nwid:0  Rx invalid crypt:0  Rx invalid frag:0
          Tx excessive retries:1  Invalid misc:0   Missed beacon:0

2021-04-21T19:18:01.436
*-*
Result
wlan0     IEEE 802.11  ESSID:"WirelessProject"  
          Mode:Managed  Frequency:2.412 GHz  Access Point: B8:27:EB:6C:F0:84   
          Bit Rate=58.5 Mb/s   Tx-Power=31 dBm   
          Retry short limit:7   RTS thr:off   Fragment thr:off
          Power Management:on
          Link Quality=46/70  Signal level=-64 dBm  
          Rx invalid nwid:0  Rx invalid crypt:0  Rx invalid frag:0
          Tx excessive retries:1  Invalid misc:0   Missed beacon:0

2021-04-21T19:18:02.569
*-*
Result
wlan0     IEEE 802.11  ESSID:"WirelessProject"  
          Mode:Managed  Frequency:2.412 GHz  Access Point: B8:27:EB:6C:F0:84   
          Bit Rate=24 Mb/s   Tx-Power=31 dBm   
          Retry short limit:7   RTS thr:off   Fragment thr:off
          Power Management:on
          Link Quality=46/70  Signal level=-64 dBm  
          Rx invalid nwid:0  Rx invalid crypt:0  Rx invalid frag:0
          Tx excessive retries:1  Invalid misc:0   Missed beacon:0

2021-04-21T19:18:03.723
*-*
Result
wlan0     IEEE 802.11  ESSID:"WirelessProject"  
          Mode:Managed  Frequency:2.412 GHz  Access Point: B8:27:EB:6C:F0:84   
          Bit Rate=24 Mb/s   Tx-Power=31 dBm   
          Retry short limit:7   RTS thr:off   Fragment thr:off
          Power Management:on
          Link Quality=46/70  Signal level=-64 dBm  
          Rx invalid nwid:0  Rx invalid crypt:0  Rx invalid frag:0
          Tx excessive retries:1  Invalid misc:0   Missed beacon:0

2021-04-21T19:18:04.877
*-*
Result
wlan0     IEEE 802.11  ESSID:"WirelessProject"  
          Mode:Managed  Frequency:2.412 GHz  Access Point: B8:27:EB:6C:F0:84   
          Bit Rate=72.2 Mb/s   Tx-Power=31 dBm   
          Retry short limit:7   RTS thr:off   Fragment thr:off
          Power Management:on
          Link Quality=46/70  Signal level=-64 dBm  
          Rx invalid nwid:0  Rx invalid crypt:0  Rx invalid frag:0
          Tx excessive retries:1  Invalid misc:0   Missed beacon:0

2021-04-21T19:18:06.051
*-*
Result
wlan0     IEEE 802.11  ESSID:"WirelessProject"  
          Mode:Managed  Frequency:2.412 GHz  Access Point: B8:27:EB:6C:F0:84   
          Bit Rate=72.2 Mb/s   Tx-Power=31 dBm   
          Retry short limit:7   RTS thr:off   Fragment thr:off
          Power Management:on
          Link Quality=47/70  Signal level=-63 dBm  
          Rx invalid nwid:0  Rx invalid crypt:0  Rx invalid frag:0
          Tx excessive retries:1  Invalid misc:0   Missed beacon:0

2021-04-21T19:18:07.185
*-*
Result
wlan0     IEEE 802.11  ESSID:"WirelessProject"  
          Mode:Managed  Frequency:2.412 GHz  Access Point: B8:27:EB:6C:F0:84   
          Bit Rate=72.2 Mb/s   Tx-Power=31 dBm   
          Retry short limit:7   RTS thr:off   Fragment thr:off
          Power Management:on
          Link Quality=46/70  Signal level=-64 dBm  
          Rx invalid nwid:0  Rx invalid crypt:0  Rx invalid frag:0
          Tx excessive retries:1  Invalid misc:0   Missed beacon:0

2021-04-21T19:18:08.312
*-*
Result
wlan0     IEEE 802.11  ESSID:"WirelessProject"  
          Mode:Managed  Frequency:2.412 GHz  Access Point: B8:27:EB:6C:F0:84   
          Bit Rate=72.2 Mb/s   Tx-Power=31 dBm   
          Retry short limit:7   RTS thr:off   Fragment thr:off
          Power Management:on
          Link Quality=44/70  Signal level=-66 dBm  
          Rx invalid nwid:0  Rx invalid crypt:0  Rx invalid frag:0
          Tx excessive retries:1  Invalid misc:0   Missed beacon:0

2021-04-21T19:18:09.439
*-*
Result
wlan0     IEEE 802.11  ESSID:"WirelessProject"  
          Mode:Managed  Frequency:2.412 GHz  Access Point: B8:27:EB:6C:F0:84   
          Bit Rate=72.2 Mb/s   Tx-Power=31 dBm   
          Retry short limit:7   RTS thr:off   Fragment thr:off
          Power Management:on
          Link Quality=44/70  Signal level=-66 dBm  
          Rx invalid nwid:0  Rx invalid crypt:0  Rx invalid frag:0
          Tx excessive retries:1  Invalid misc:0   Missed beacon:0

2021-04-21T19:18:10.573
*-*
Result
wlan0     IEEE 802.11  ESSID:"WirelessProject"  
          Mode:Managed  Frequency:2.412 GHz  Access Point: B8:27:EB:6C:F0:84   
          Bit Rate=24 Mb/s   Tx-Power=31 dBm   
          Retry short limit:7   RTS thr:off   Fragment thr:off
          Power Management:on
          Link Quality=44/70  Signal level=-66 dBm  
          Rx invalid nwid:0  Rx invalid crypt:0  Rx invalid frag:0
          Tx excessive retries:1  Invalid misc:0   Missed beacon:0

2021-04-21T19:18:11.708
*-*
