Connecting to host nprabhalmac.wifi.local.cmu.edu, port 5201
[  5] local 192.168.7.63 port 37012 connected to 172.26.211.223 port 5201
[ ID] Interval           Transfer     Bitrate         Retr  Cwnd
[  5]   0.00-1.00   sec   362 KBytes  2.97 Mbits/sec    9   30.9 KBytes       
[  5]   1.00-2.00   sec   236 KBytes  1.93 Mbits/sec    9   18.8 KBytes       
[  5]   2.00-3.00   sec   374 KBytes  3.07 Mbits/sec    9   17.4 KBytes       
[  5]   3.00-4.00   sec   311 KBytes  2.55 Mbits/sec    5   24.2 KBytes       
[  5]   4.00-5.00   sec   436 KBytes  3.57 Mbits/sec   14   18.8 KBytes       
- - - - - - - - - - - - - - - - - - - - - - - - -
[ ID] Interval           Transfer     Bitrate         Retr
[  5]   0.00-5.00   sec  1.68 MBytes  2.82 Mbits/sec   46             sender
[  5]   0.00-5.00   sec  1.61 MBytes  2.70 Mbits/sec                  receiver

iperf Done.
Connecting to host nprabhalmac.wifi.local.cmu.edu, port 5201
[  5] local 192.168.7.63 port 37016 connected to 172.26.211.223 port 5201
[ ID] Interval           Transfer     Bitrate         Retr  Cwnd
[  5]   0.00-1.00   sec   514 KBytes  4.21 Mbits/sec   12   28.2 KBytes       
[  5]   1.00-2.00   sec   126 KBytes  1.03 Mbits/sec   21   16.1 KBytes       
[  5]   2.00-3.00   sec   378 KBytes  3.10 Mbits/sec    4   21.5 KBytes       
[  5]   3.00-4.00   sec   441 KBytes  3.62 Mbits/sec    9   17.4 KBytes       
[  5]   4.00-5.00   sec   378 KBytes  3.10 Mbits/sec   16   16.1 KBytes       
- - - - - - - - - - - - - - - - - - - - - - - - -
[ ID] Interval           Transfer     Bitrate         Retr
[  5]   0.00-5.00   sec  1.80 MBytes  3.01 Mbits/sec   62             sender
[  5]   0.00-5.00   sec  1.65 MBytes  2.78 Mbits/sec                  receiver

iperf Done.
Connecting to host nprabhalmac.wifi.local.cmu.edu, port 5201
[  5] local 192.168.7.63 port 37020 connected to 172.26.211.223 port 5201
[ ID] Interval           Transfer     Bitrate         Retr  Cwnd
[  5]   0.00-1.00   sec   564 KBytes  4.61 Mbits/sec    7   67.1 KBytes       
[  5]   1.00-2.00   sec   252 KBytes  2.07 Mbits/sec   25   24.2 KBytes       
[  5]   2.00-3.00   sec   252 KBytes  2.07 Mbits/sec   20   10.7 KBytes       
[  5]   3.00-4.00   sec   252 KBytes  2.07 Mbits/sec    2   20.1 KBytes       
[  5]   4.00-5.00   sec   757 KBytes  6.20 Mbits/sec    6   33.5 KBytes       
- - - - - - - - - - - - - - - - - - - - - - - - -
[ ID] Interval           Transfer     Bitrate         Retr
[  5]   0.00-5.00   sec  2.03 MBytes  3.40 Mbits/sec   60             sender
[  5]   0.00-5.00   sec  1.75 MBytes  2.94 Mbits/sec                  receiver

iperf Done.
Connecting to host nprabhalmac.wifi.local.cmu.edu, port 5201
[  5] local 192.168.7.63 port 37024 connected to 172.26.211.223 port 5201
[ ID] Interval           Transfer     Bitrate         Retr  Cwnd
[  5]   0.00-1.00   sec   396 KBytes  3.24 Mbits/sec   14   25.5 KBytes       
[  5]   1.00-2.00   sec   444 KBytes  3.64 Mbits/sec    7   29.5 KBytes       
[  5]   2.00-3.00   sec   252 KBytes  2.07 Mbits/sec    4   26.8 KBytes       
[  5]   3.00-4.00   sec   505 KBytes  4.13 Mbits/sec    8   29.5 KBytes       
[  5]   4.00-5.00   sec   321 KBytes  2.63 Mbits/sec    8   25.5 KBytes       
- - - - - - - - - - - - - - - - - - - - - - - - -
[ ID] Interval           Transfer     Bitrate         Retr
[  5]   0.00-5.00   sec  1.87 MBytes  3.14 Mbits/sec   41             sender
[  5]   0.00-5.00   sec  1.77 MBytes  2.97 Mbits/sec                  receiver

iperf Done.
Connecting to host nprabhalmac.wifi.local.cmu.edu, port 5201
[  5] local 192.168.7.63 port 37028 connected to 172.26.211.223 port 5201
[ ID] Interval           Transfer     Bitrate         Retr  Cwnd
[  5]   0.00-1.00   sec   278 KBytes  2.27 Mbits/sec    8   22.8 KBytes       
[  5]   1.00-2.00   sec   189 KBytes  1.55 Mbits/sec    2   20.1 KBytes       
[  5]   2.00-3.00   sec   189 KBytes  1.55 Mbits/sec   13   8.05 KBytes       
[  5]   3.00-4.00   sec   126 KBytes  1.03 Mbits/sec    7   13.4 KBytes       
[  5]   4.00-5.00   sec   126 KBytes  1.03 Mbits/sec    0   20.1 KBytes       
- - - - - - - - - - - - - - - - - - - - - - - - -
[ ID] Interval           Transfer     Bitrate         Retr
[  5]   0.00-5.00   sec   908 KBytes  1.49 Mbits/sec   30             sender
[  5]   0.00-5.00   sec   761 KBytes  1.25 Mbits/sec                  receiver

iperf Done.
Connecting to host nprabhalmac.wifi.local.cmu.edu, port 5201
[  5] local 192.168.7.63 port 37032 connected to 172.26.211.223 port 5201
[ ID] Interval           Transfer     Bitrate         Retr  Cwnd
[  5]   0.00-1.00   sec  76.5 KBytes   626 Kbits/sec   16   12.1 KBytes       
[  5]   1.00-2.00   sec  71.1 KBytes   583 Kbits/sec    8   14.8 KBytes       
[  5]   2.00-3.00   sec  0.00 Bytes  0.00 bits/sec    3   16.1 KBytes       
[  5]   3.00-4.00   sec  0.00 Bytes  0.00 bits/sec    4   9.39 KBytes       
[  5]   4.00-5.00   sec  71.1 KBytes   583 Kbits/sec    2   10.7 KBytes       
- - - - - - - - - - - - - - - - - - - - - - - - -
[ ID] Interval           Transfer     Bitrate         Retr
[  5]   0.00-5.00   sec   219 KBytes   358 Kbits/sec   33             sender
[  5]   0.00-5.00   sec   169 KBytes   277 Kbits/sec                  receiver

iperf Done.
Connecting to host nprabhalmac.wifi.local.cmu.edu, port 5201
[  5] local 192.168.7.63 port 37036 connected to 172.26.211.223 port 5201
[ ID] Interval           Transfer     Bitrate         Retr  Cwnd
[  5]   0.00-1.00   sec   303 KBytes  2.48 Mbits/sec   16   52.3 KBytes       
[  5]   1.00-2.00   sec   189 KBytes  1.55 Mbits/sec    9   44.3 KBytes       
[  5]   2.00-3.00   sec   126 KBytes  1.03 Mbits/sec    6   9.39 KBytes       
[  5]   3.00-4.00   sec   631 KBytes  5.17 Mbits/sec    9   33.5 KBytes       
[  5]   4.00-5.00   sec   631 KBytes  5.17 Mbits/sec   14   28.2 KBytes       
- - - - - - - - - - - - - - - - - - - - - - - - -
[ ID] Interval           Transfer     Bitrate         Retr
[  5]   0.00-5.00   sec  1.84 MBytes  3.08 Mbits/sec   54             sender
[  5]   0.00-5.00   sec  1.57 MBytes  2.64 Mbits/sec                  receiver

iperf Done.
Connecting to host nprabhalmac.wifi.local.cmu.edu, port 5201
[  5] local 192.168.7.63 port 37040 connected to 172.26.211.223 port 5201
[ ID] Interval           Transfer     Bitrate         Retr  Cwnd
[  5]   0.00-1.00   sec   177 KBytes  1.45 Mbits/sec   15   18.8 KBytes       
[  5]   1.00-2.00   sec   407 KBytes  3.33 Mbits/sec   11   17.4 KBytes       
[  5]   2.00-3.00   sec   399 KBytes  3.27 Mbits/sec    7   24.2 KBytes       
[  5]   3.00-4.00   sec   224 KBytes  1.84 Mbits/sec   16   13.4 KBytes       
[  5]   4.00-5.00   sec   541 KBytes  4.43 Mbits/sec    3   26.8 KBytes       
- - - - - - - - - - - - - - - - - - - - - - - - -
[ ID] Interval           Transfer     Bitrate         Retr
[  5]   0.00-5.00   sec  1.71 MBytes  2.86 Mbits/sec   52             sender
[  5]   0.00-5.00   sec  1.58 MBytes  2.66 Mbits/sec                  receiver

iperf Done.
Connecting to host nprabhalmac.wifi.local.cmu.edu, port 5201
[  5] local 192.168.7.63 port 37044 connected to 172.26.211.223 port 5201
[ ID] Interval           Transfer     Bitrate         Retr  Cwnd
[  5]   0.00-1.00   sec   390 KBytes  3.20 Mbits/sec   16   28.2 KBytes       
[  5]   1.00-2.00   sec   126 KBytes  1.03 Mbits/sec   13   14.8 KBytes       
[  5]   2.00-3.00   sec   252 KBytes  2.07 Mbits/sec    6   16.1 KBytes       
[  5]   3.00-4.00   sec   378 KBytes  3.10 Mbits/sec    4   20.1 KBytes       
[  5]   4.00-5.00   sec   757 KBytes  6.20 Mbits/sec    6   29.5 KBytes       
- - - - - - - - - - - - - - - - - - - - - - - - -
[ ID] Interval           Transfer     Bitrate         Retr
[  5]   0.00-5.00   sec  1.86 MBytes  3.12 Mbits/sec   45             sender
[  5]   0.00-5.00   sec  1.73 MBytes  2.91 Mbits/sec                  receiver

iperf Done.
Connecting to host nprabhalmac.wifi.local.cmu.edu, port 5201
[  5] local 192.168.7.63 port 37048 connected to 172.26.211.223 port 5201
[ ID] Interval           Transfer     Bitrate         Retr  Cwnd
[  5]   0.00-1.00   sec   335 KBytes  2.75 Mbits/sec   14   22.8 KBytes       
[  5]   1.00-2.00   sec   624 KBytes  5.11 Mbits/sec   10   8.05 KBytes       
[  5]   2.00-3.00   sec  0.00 Bytes  0.00 bits/sec    8   20.1 KBytes       
[  5]   3.00-4.00   sec   401 KBytes  3.29 Mbits/sec   17   12.1 KBytes       
[  5]   4.00-5.00   sec   397 KBytes  3.25 Mbits/sec   10   13.4 KBytes       
- - - - - - - - - - - - - - - - - - - - - - - - -
[ ID] Interval           Transfer     Bitrate         Retr
[  5]   0.00-5.00   sec  1.72 MBytes  2.88 Mbits/sec   59             sender
[  5]   0.00-5.00   sec  1.65 MBytes  2.77 Mbits/sec                  receiver

iperf Done.
Connecting to host nprabhalmac.wifi.local.cmu.edu, port 5201
[  5] local 192.168.7.63 port 37052 connected to 172.26.211.223 port 5201
[ ID] Interval           Transfer     Bitrate         Retr  Cwnd
[  5]   0.00-1.00   sec   507 KBytes  4.15 Mbits/sec    8   51.0 KBytes       
[  5]   1.00-2.00   sec   378 KBytes  3.10 Mbits/sec   18   21.5 KBytes       
[  5]   2.00-3.00   sec   378 KBytes  3.10 Mbits/sec    8   25.5 KBytes       
[  5]   3.00-4.00   sec   757 KBytes  6.20 Mbits/sec   16   25.5 KBytes       
[  5]   4.00-5.00   sec   252 KBytes  2.07 Mbits/sec    8   26.8 KBytes       
- - - - - - - - - - - - - - - - - - - - - - - - -
[ ID] Interval           Transfer     Bitrate         Retr
[  5]   0.00-5.00   sec  2.22 MBytes  3.72 Mbits/sec   58             sender
[  5]   0.00-5.00   sec  2.10 MBytes  3.52 Mbits/sec                  receiver

iperf Done.
Connecting to host nprabhalmac.wifi.local.cmu.edu, port 5201
[  5] local 192.168.7.63 port 37056 connected to 172.26.211.223 port 5201
[ ID] Interval           Transfer     Bitrate         Retr  Cwnd
[  5]   0.00-1.00   sec   330 KBytes  2.70 Mbits/sec   14   12.1 KBytes       
[  5]   1.00-2.00   sec   568 KBytes  4.65 Mbits/sec    4   28.2 KBytes       
[  5]   2.00-3.00   sec   378 KBytes  3.10 Mbits/sec   10   21.5 KBytes       
[  5]   3.00-4.00   sec   505 KBytes  4.13 Mbits/sec   10   8.05 KBytes       
[  5]   4.00-5.00   sec   378 KBytes  3.10 Mbits/sec   14   21.5 KBytes       
- - - - - - - - - - - - - - - - - - - - - - - - -
[ ID] Interval           Transfer     Bitrate         Retr
[  5]   0.00-5.00   sec  2.11 MBytes  3.54 Mbits/sec   52             sender
[  5]   0.00-5.00   sec  2.00 MBytes  3.35 Mbits/sec                  receiver

iperf Done.
Connecting to host nprabhalmac.wifi.local.cmu.edu, port 5201
[  5] local 192.168.7.63 port 37060 connected to 172.26.211.223 port 5201
[ ID] Interval           Transfer     Bitrate         Retr  Cwnd
[  5]   0.00-1.00   sec   586 KBytes  4.80 Mbits/sec   17   30.9 KBytes       
[  5]   1.00-2.00   sec   694 KBytes  5.68 Mbits/sec    6   33.5 KBytes       
[  5]   2.00-3.00   sec   189 KBytes  1.55 Mbits/sec    8   30.9 KBytes       
[  5]   3.00-4.00   sec   441 KBytes  3.61 Mbits/sec   15   24.2 KBytes       
[  5]   4.00-5.00   sec   378 KBytes  3.11 Mbits/sec    2   25.5 KBytes       
- - - - - - - - - - - - - - - - - - - - - - - - -
[ ID] Interval           Transfer     Bitrate         Retr
[  5]   0.00-5.00   sec  2.24 MBytes  3.75 Mbits/sec   48             sender
[  5]   0.00-5.00   sec  2.14 MBytes  3.59 Mbits/sec                  receiver

iperf Done.
Connecting to host nprabhalmac.wifi.local.cmu.edu, port 5201
[  5] local 192.168.7.63 port 37064 connected to 172.26.211.223 port 5201
[ ID] Interval           Transfer     Bitrate         Retr  Cwnd
[  5]   0.00-1.00   sec   318 KBytes  2.60 Mbits/sec   20   17.4 KBytes       
[  5]   1.00-2.00   sec   631 KBytes  5.17 Mbits/sec    3   26.8 KBytes       
[  5]   2.00-3.00   sec   378 KBytes  3.10 Mbits/sec    3   28.2 KBytes       
[  5]   3.00-4.00   sec   315 KBytes  2.58 Mbits/sec    4   18.8 KBytes       
[  5]   4.00-5.00   sec   189 KBytes  1.55 Mbits/sec   16   16.1 KBytes       
- - - - - - - - - - - - - - - - - - - - - - - - -
[ ID] Interval           Transfer     Bitrate         Retr
[  5]   0.00-5.00   sec  1.79 MBytes  3.00 Mbits/sec   46             sender
[  5]   0.00-5.00   sec  1.65 MBytes  2.77 Mbits/sec                  receiver

iperf Done.
Connecting to host nprabhalmac.wifi.local.cmu.edu, port 5201
[  5] local 192.168.7.63 port 37068 connected to 172.26.211.223 port 5201
[ ID] Interval           Transfer     Bitrate         Retr  Cwnd
[  5]   0.00-1.00   sec   421 KBytes  3.45 Mbits/sec    3   40.3 KBytes       
[  5]   1.00-2.00   sec   219 KBytes  1.79 Mbits/sec    7   24.2 KBytes       
[  5]   2.00-3.00   sec   189 KBytes  1.55 Mbits/sec    8   20.1 KBytes       
[  5]   3.00-4.00   sec   189 KBytes  1.55 Mbits/sec    3   21.5 KBytes       
[  5]   4.00-5.00   sec   126 KBytes  1.03 Mbits/sec   10   1.34 KBytes       
- - - - - - - - - - - - - - - - - - - - - - - - -
[ ID] Interval           Transfer     Bitrate         Retr
[  5]   0.00-5.00   sec  1.12 MBytes  1.87 Mbits/sec   31             sender
[  5]   0.00-5.00   sec  1021 KBytes  1.67 Mbits/sec                  receiver

iperf Done.
Connecting to host nprabhalmac.wifi.local.cmu.edu, port 5201
[  5] local 192.168.7.63 port 37072 connected to 172.26.211.223 port 5201
[ ID] Interval           Transfer     Bitrate         Retr  Cwnd
[  5]   0.00-1.00   sec   310 KBytes  2.54 Mbits/sec    9   20.1 KBytes       
[  5]   1.00-2.00   sec   189 KBytes  1.55 Mbits/sec    0   26.8 KBytes       
[  5]   2.00-3.00   sec   126 KBytes  1.03 Mbits/sec    0   30.9 KBytes       
[  5]   3.00-4.00   sec   126 KBytes  1.03 Mbits/sec    0   32.2 KBytes       
[  5]   4.00-5.00   sec   126 KBytes  1.03 Mbits/sec    9   14.8 KBytes       
- - - - - - - - - - - - - - - - - - - - - - - - -
[ ID] Interval           Transfer     Bitrate         Retr
[  5]   0.00-5.00   sec   878 KBytes  1.44 Mbits/sec   18             sender
[  5]   0.00-5.00   sec   655 KBytes  1.07 Mbits/sec                  receiver

iperf Done.
Connecting to host nprabhalmac.wifi.local.cmu.edu, port 5201
[  5] local 192.168.7.63 port 37076 connected to 172.26.211.223 port 5201
[ ID] Interval           Transfer     Bitrate         Retr  Cwnd
[  5]   0.00-1.00   sec   323 KBytes  2.65 Mbits/sec   12   6.71 KBytes       
[  5]   1.00-2.00   sec   126 KBytes  1.03 Mbits/sec    2   9.39 KBytes       
[  5]   2.00-3.00   sec   126 KBytes  1.03 Mbits/sec    1   12.1 KBytes       
[  5]   3.00-4.00   sec  0.00 Bytes  0.00 bits/sec    0   14.8 KBytes       
[  5]   4.00-5.00   sec   131 KBytes  1.08 Mbits/sec    6   9.39 KBytes       
- - - - - - - - - - - - - - - - - - - - - - - - -
[ ID] Interval           Transfer     Bitrate         Retr
[  5]   0.00-5.00   sec   707 KBytes  1.16 Mbits/sec   21             sender
[  5]   0.00-5.00   sec   606 KBytes   994 Kbits/sec                  receiver

iperf Done.
Connecting to host nprabhalmac.wifi.local.cmu.edu, port 5201
[  5] local 192.168.7.63 port 37080 connected to 172.26.211.223 port 5201
[ ID] Interval           Transfer     Bitrate         Retr  Cwnd
[  5]   0.00-1.00   sec   176 KBytes  1.44 Mbits/sec    0   52.3 KBytes       
[  5]   1.00-2.00   sec  81.8 KBytes   671 Kbits/sec    0   53.7 KBytes       
[  5]   2.00-3.00   sec  0.00 Bytes  0.00 bits/sec    0   56.4 KBytes       
[  5]   3.00-4.00   sec  73.8 KBytes   605 Kbits/sec    0   56.4 KBytes       
[  5]   4.00-5.00   sec   126 KBytes  1.03 Mbits/sec    0   67.1 KBytes       
- - - - - - - - - - - - - - - - - - - - - - - - -
[ ID] Interval           Transfer     Bitrate         Retr
[  5]   0.00-5.00   sec   458 KBytes   750 Kbits/sec    0             sender
[  5]   0.00-5.00   sec   267 KBytes   437 Kbits/sec                  receiver

iperf Done.
Connecting to host nprabhalmac.wifi.local.cmu.edu, port 5201
[  5] local 192.168.7.63 port 37084 connected to 172.26.211.223 port 5201
[ ID] Interval           Transfer     Bitrate         Retr  Cwnd
[  5]   0.00-1.00   sec   554 KBytes  4.54 Mbits/sec   16   59.0 KBytes       
[  5]   1.00-2.00   sec   505 KBytes  4.13 Mbits/sec   16   36.2 KBytes       
[  5]   2.00-3.00   sec   252 KBytes  2.07 Mbits/sec    8   29.5 KBytes       
[  5]   3.00-4.00   sec   505 KBytes  4.13 Mbits/sec   18   18.8 KBytes       
[  5]   4.00-5.00   sec   505 KBytes  4.13 Mbits/sec    9   25.5 KBytes       
- - - - - - - - - - - - - - - - - - - - - - - - -
[ ID] Interval           Transfer     Bitrate         Retr
[  5]   0.00-5.00   sec  2.27 MBytes  3.80 Mbits/sec   67             sender
[  5]   0.00-5.00   sec  2.03 MBytes  3.41 Mbits/sec                  receiver

iperf Done.
Connecting to host nprabhalmac.wifi.local.cmu.edu, port 5201
[  5] local 192.168.7.63 port 37088 connected to 172.26.211.223 port 5201
[ ID] Interval           Transfer     Bitrate         Retr  Cwnd
[  5]   0.00-1.00   sec   510 KBytes  4.18 Mbits/sec   13   29.5 KBytes       
[  5]   1.00-2.00   sec   441 KBytes  3.62 Mbits/sec   14   22.8 KBytes       
[  5]   2.00-3.00   sec   694 KBytes  5.68 Mbits/sec    7   34.9 KBytes       
[  5]   3.00-4.00   sec   325 KBytes  2.66 Mbits/sec   13   20.1 KBytes       
[  5]   4.00-5.00   sec   252 KBytes  2.07 Mbits/sec   14   16.1 KBytes       
- - - - - - - - - - - - - - - - - - - - - - - - -
[ ID] Interval           Transfer     Bitrate         Retr
[  5]   0.00-5.00   sec  2.17 MBytes  3.64 Mbits/sec   61             sender
[  5]   0.00-5.00   sec  2.06 MBytes  3.46 Mbits/sec                  receiver

iperf Done.
Connecting to host nprabhalmac.wifi.local.cmu.edu, port 5201
[  5] local 192.168.7.63 port 37092 connected to 172.26.211.223 port 5201
[ ID] Interval           Transfer     Bitrate         Retr  Cwnd
[  5]   0.00-1.00   sec   590 KBytes  4.84 Mbits/sec   25   40.3 KBytes       
[  5]   1.00-2.00   sec   378 KBytes  3.10 Mbits/sec   18   8.05 KBytes       
[  5]   2.00-3.00   sec   378 KBytes  3.10 Mbits/sec   13   29.5 KBytes       
[  5]   3.00-4.00   sec   378 KBytes  3.10 Mbits/sec   17   14.8 KBytes       
[  5]   4.00-5.00   sec   378 KBytes  3.10 Mbits/sec   12   20.1 KBytes       
- - - - - - - - - - - - - - - - - - - - - - - - -
[ ID] Interval           Transfer     Bitrate         Retr
[  5]   0.00-5.00   sec  2.05 MBytes  3.45 Mbits/sec   85             sender
[  5]   0.00-5.00   sec  1.80 MBytes  3.01 Mbits/sec                  receiver

iperf Done.
