Result
wlan0     IEEE 802.11  ESSID:"WirelessProject"  
          Mode:Managed  Frequency:2.412 GHz  Access Point: B8:27:EB:6C:F0:84   
          Bit Rate=24 Mb/s   Tx-Power=31 dBm   
          Retry short limit:7   RTS thr:off   Fragment thr:off
          Power Management:on
          Link Quality=46/70  Signal level=-64 dBm  
          Rx invalid nwid:0  Rx invalid crypt:0  Rx invalid frag:0
          Tx excessive retries:2  Invalid misc:0   Missed beacon:0

2021-04-21T18:58:20.222
*-*
Result
wlan0     IEEE 802.11  ESSID:"WirelessProject"  
          Mode:Managed  Frequency:2.412 GHz  Access Point: B8:27:EB:6C:F0:84   
          Bit Rate=24 Mb/s   Tx-Power=31 dBm   
          Retry short limit:7   RTS thr:off   Fragment thr:off
          Power Management:on
          Link Quality=46/70  Signal level=-64 dBm  
          Rx invalid nwid:0  Rx invalid crypt:0  Rx invalid frag:0
          Tx excessive retries:2  Invalid misc:0   Missed beacon:0

2021-04-21T18:58:21.334
*-*
Result
wlan0     IEEE 802.11  ESSID:"WirelessProject"  
          Mode:Managed  Frequency:2.412 GHz  Access Point: B8:27:EB:6C:F0:84   
          Bit Rate=24 Mb/s   Tx-Power=31 dBm   
          Retry short limit:7   RTS thr:off   Fragment thr:off
          Power Management:on
          Link Quality=46/70  Signal level=-64 dBm  
          Rx invalid nwid:0  Rx invalid crypt:0  Rx invalid frag:0
          Tx excessive retries:2  Invalid misc:0   Missed beacon:0

2021-04-21T18:58:22.462
*-*
Result
wlan0     IEEE 802.11  ESSID:"WirelessProject"  
          Mode:Managed  Frequency:2.412 GHz  Access Point: B8:27:EB:6C:F0:84   
          Bit Rate=24 Mb/s   Tx-Power=31 dBm   
          Retry short limit:7   RTS thr:off   Fragment thr:off
          Power Management:on
          Link Quality=46/70  Signal level=-64 dBm  
          Rx invalid nwid:0  Rx invalid crypt:0  Rx invalid frag:0
          Tx excessive retries:2  Invalid misc:0   Missed beacon:0

2021-04-21T18:58:23.602
*-*
Result
wlan0     IEEE 802.11  ESSID:"WirelessProject"  
          Mode:Managed  Frequency:2.412 GHz  Access Point: B8:27:EB:6C:F0:84   
          Bit Rate=24 Mb/s   Tx-Power=31 dBm   
          Retry short limit:7   RTS thr:off   Fragment thr:off
          Power Management:on
          Link Quality=45/70  Signal level=-65 dBm  
          Rx invalid nwid:0  Rx invalid crypt:0  Rx invalid frag:0
          Tx excessive retries:2  Invalid misc:0   Missed beacon:0

2021-04-21T18:58:24.737
*-*
Result
wlan0     IEEE 802.11  ESSID:"WirelessProject"  
          Mode:Managed  Frequency:2.412 GHz  Access Point: B8:27:EB:6C:F0:84   
          Bit Rate=72.2 Mb/s   Tx-Power=31 dBm   
          Retry short limit:7   RTS thr:off   Fragment thr:off
          Power Management:on
          Link Quality=50/70  Signal level=-60 dBm  
          Rx invalid nwid:0  Rx invalid crypt:0  Rx invalid frag:0
          Tx excessive retries:2  Invalid misc:0   Missed beacon:0

2021-04-21T18:58:25.898
*-*
Result
wlan0     IEEE 802.11  ESSID:"WirelessProject"  
          Mode:Managed  Frequency:2.412 GHz  Access Point: B8:27:EB:6C:F0:84   
          Bit Rate=72.2 Mb/s   Tx-Power=31 dBm   
          Retry short limit:7   RTS thr:off   Fragment thr:off
          Power Management:on
          Link Quality=45/70  Signal level=-65 dBm  
          Rx invalid nwid:0  Rx invalid crypt:0  Rx invalid frag:0
          Tx excessive retries:2  Invalid misc:0   Missed beacon:0

2021-04-21T18:58:27.026
*-*
Result
wlan0     IEEE 802.11  ESSID:"WirelessProject"  
          Mode:Managed  Frequency:2.412 GHz  Access Point: B8:27:EB:6C:F0:84   
          Bit Rate=72.2 Mb/s   Tx-Power=31 dBm   
          Retry short limit:7   RTS thr:off   Fragment thr:off
          Power Management:on
          Link Quality=47/70  Signal level=-63 dBm  
          Rx invalid nwid:0  Rx invalid crypt:0  Rx invalid frag:0
          Tx excessive retries:2  Invalid misc:0   Missed beacon:0

2021-04-21T18:58:28.172
*-*
Result
wlan0     IEEE 802.11  ESSID:"WirelessProject"  
          Mode:Managed  Frequency:2.412 GHz  Access Point: B8:27:EB:6C:F0:84   
          Bit Rate=72.2 Mb/s   Tx-Power=31 dBm   
          Retry short limit:7   RTS thr:off   Fragment thr:off
          Power Management:on
          Link Quality=50/70  Signal level=-60 dBm  
          Rx invalid nwid:0  Rx invalid crypt:0  Rx invalid frag:0
          Tx excessive retries:2  Invalid misc:0   Missed beacon:0

2021-04-21T18:58:29.314
*-*
Result
wlan0     IEEE 802.11  ESSID:"WirelessProject"  
          Mode:Managed  Frequency:2.412 GHz  Access Point: B8:27:EB:6C:F0:84   
          Bit Rate=72.2 Mb/s   Tx-Power=31 dBm   
          Retry short limit:7   RTS thr:off   Fragment thr:off
          Power Management:on
          Link Quality=50/70  Signal level=-60 dBm  
          Rx invalid nwid:0  Rx invalid crypt:0  Rx invalid frag:0
          Tx excessive retries:2  Invalid misc:0   Missed beacon:0

2021-04-21T18:58:30.453
*-*
Result
wlan0     IEEE 802.11  ESSID:"WirelessProject"  
          Mode:Managed  Frequency:2.412 GHz  Access Point: B8:27:EB:6C:F0:84   
          Bit Rate=72.2 Mb/s   Tx-Power=31 dBm   
          Retry short limit:7   RTS thr:off   Fragment thr:off
          Power Management:on
          Link Quality=50/70  Signal level=-60 dBm  
          Rx invalid nwid:0  Rx invalid crypt:0  Rx invalid frag:0
          Tx excessive retries:2  Invalid misc:0   Missed beacon:0

2021-04-21T18:58:31.580
*-*
Result
wlan0     IEEE 802.11  ESSID:"WirelessProject"  
          Mode:Managed  Frequency:2.412 GHz  Access Point: B8:27:EB:6C:F0:84   
          Bit Rate=24 Mb/s   Tx-Power=31 dBm   
          Retry short limit:7   RTS thr:off   Fragment thr:off
          Power Management:on
          Link Quality=50/70  Signal level=-60 dBm  
          Rx invalid nwid:0  Rx invalid crypt:0  Rx invalid frag:0
          Tx excessive retries:2  Invalid misc:0   Missed beacon:0

2021-04-21T18:58:32.696
*-*
Result
wlan0     IEEE 802.11  ESSID:"WirelessProject"  
          Mode:Managed  Frequency:2.412 GHz  Access Point: B8:27:EB:6C:F0:84   
          Bit Rate=24 Mb/s   Tx-Power=31 dBm   
          Retry short limit:7   RTS thr:off   Fragment thr:off
          Power Management:on
          Link Quality=50/70  Signal level=-60 dBm  
          Rx invalid nwid:0  Rx invalid crypt:0  Rx invalid frag:0
          Tx excessive retries:2  Invalid misc:0   Missed beacon:0

2021-04-21T18:58:33.768
*-*
Result
wlan0     IEEE 802.11  ESSID:"WirelessProject"  
          Mode:Managed  Frequency:2.412 GHz  Access Point: B8:27:EB:6C:F0:84   
          Bit Rate=24 Mb/s   Tx-Power=31 dBm   
          Retry short limit:7   RTS thr:off   Fragment thr:off
          Power Management:on
          Link Quality=51/70  Signal level=-59 dBm  
          Rx invalid nwid:0  Rx invalid crypt:0  Rx invalid frag:0
          Tx excessive retries:2  Invalid misc:0   Missed beacon:0

2021-04-21T18:58:34.883
*-*
Result
wlan0     IEEE 802.11  ESSID:"WirelessProject"  
          Mode:Managed  Frequency:2.412 GHz  Access Point: B8:27:EB:6C:F0:84   
          Bit Rate=24 Mb/s   Tx-Power=31 dBm   
          Retry short limit:7   RTS thr:off   Fragment thr:off
          Power Management:on
          Link Quality=50/70  Signal level=-60 dBm  
          Rx invalid nwid:0  Rx invalid crypt:0  Rx invalid frag:0
          Tx excessive retries:2  Invalid misc:0   Missed beacon:0

2021-04-21T18:58:36.010
*-*
Result
wlan0     IEEE 802.11  ESSID:"WirelessProject"  
          Mode:Managed  Frequency:2.412 GHz  Access Point: B8:27:EB:6C:F0:84   
          Bit Rate=72.2 Mb/s   Tx-Power=31 dBm   
          Retry short limit:7   RTS thr:off   Fragment thr:off
          Power Management:on
          Link Quality=49/70  Signal level=-61 dBm  
          Rx invalid nwid:0  Rx invalid crypt:0  Rx invalid frag:0
          Tx excessive retries:2  Invalid misc:0   Missed beacon:0

2021-04-21T18:58:37.134
*-*
Result
wlan0     IEEE 802.11  ESSID:"WirelessProject"  
          Mode:Managed  Frequency:2.412 GHz  Access Point: B8:27:EB:6C:F0:84   
          Bit Rate=72.2 Mb/s   Tx-Power=31 dBm   
          Retry short limit:7   RTS thr:off   Fragment thr:off
          Power Management:on
          Link Quality=49/70  Signal level=-61 dBm  
          Rx invalid nwid:0  Rx invalid crypt:0  Rx invalid frag:0
          Tx excessive retries:2  Invalid misc:0   Missed beacon:0

2021-04-21T18:58:38.263
*-*
Result
wlan0     IEEE 802.11  ESSID:"WirelessProject"  
          Mode:Managed  Frequency:2.412 GHz  Access Point: B8:27:EB:6C:F0:84   
          Bit Rate=72.2 Mb/s   Tx-Power=31 dBm   
          Retry short limit:7   RTS thr:off   Fragment thr:off
          Power Management:on
          Link Quality=43/70  Signal level=-67 dBm  
          Rx invalid nwid:0  Rx invalid crypt:0  Rx invalid frag:0
          Tx excessive retries:2  Invalid misc:0   Missed beacon:0

2021-04-21T18:58:39.397
*-*
Result
wlan0     IEEE 802.11  ESSID:"WirelessProject"  
          Mode:Managed  Frequency:2.412 GHz  Access Point: B8:27:EB:6C:F0:84   
          Bit Rate=72.2 Mb/s   Tx-Power=31 dBm   
          Retry short limit:7   RTS thr:off   Fragment thr:off
          Power Management:on
          Link Quality=41/70  Signal level=-69 dBm  
          Rx invalid nwid:0  Rx invalid crypt:0  Rx invalid frag:0
          Tx excessive retries:2  Invalid misc:0   Missed beacon:0

2021-04-21T18:58:40.544
*-*
Result
wlan0     IEEE 802.11  ESSID:"WirelessProject"  
          Mode:Managed  Frequency:2.412 GHz  Access Point: B8:27:EB:6C:F0:84   
          Bit Rate=72.2 Mb/s   Tx-Power=31 dBm   
          Retry short limit:7   RTS thr:off   Fragment thr:off
          Power Management:on
          Link Quality=36/70  Signal level=-74 dBm  
          Rx invalid nwid:0  Rx invalid crypt:0  Rx invalid frag:0
          Tx excessive retries:2  Invalid misc:0   Missed beacon:0

2021-04-21T18:58:41.690
*-*
Result
wlan0     IEEE 802.11  ESSID:"WirelessProject"  
          Mode:Managed  Frequency:2.412 GHz  Access Point: B8:27:EB:6C:F0:84   
          Bit Rate=72.2 Mb/s   Tx-Power=31 dBm   
          Retry short limit:7   RTS thr:off   Fragment thr:off
          Power Management:on
          Link Quality=38/70  Signal level=-72 dBm  
          Rx invalid nwid:0  Rx invalid crypt:0  Rx invalid frag:0
          Tx excessive retries:2  Invalid misc:0   Missed beacon:0

2021-04-21T18:58:42.819
*-*
Result
wlan0     IEEE 802.11  ESSID:"WirelessProject"  
          Mode:Managed  Frequency:2.412 GHz  Access Point: B8:27:EB:6C:F0:84   
          Bit Rate=24 Mb/s   Tx-Power=31 dBm   
          Retry short limit:7   RTS thr:off   Fragment thr:off
          Power Management:on
          Link Quality=39/70  Signal level=-71 dBm  
          Rx invalid nwid:0  Rx invalid crypt:0  Rx invalid frag:0
          Tx excessive retries:2  Invalid misc:0   Missed beacon:0

2021-04-21T18:58:43.944
*-*
Result
wlan0     IEEE 802.11  ESSID:"WirelessProject"  
          Mode:Managed  Frequency:2.412 GHz  Access Point: B8:27:EB:6C:F0:84   
          Bit Rate=24 Mb/s   Tx-Power=31 dBm   
          Retry short limit:7   RTS thr:off   Fragment thr:off
          Power Management:on
          Link Quality=39/70  Signal level=-71 dBm  
          Rx invalid nwid:0  Rx invalid crypt:0  Rx invalid frag:0
          Tx excessive retries:2  Invalid misc:0   Missed beacon:0

2021-04-21T18:58:45.069
*-*
Result
wlan0     IEEE 802.11  ESSID:"WirelessProject"  
          Mode:Managed  Frequency:2.412 GHz  Access Point: B8:27:EB:6C:F0:84   
          Bit Rate=24 Mb/s   Tx-Power=31 dBm   
          Retry short limit:7   RTS thr:off   Fragment thr:off
          Power Management:on
          Link Quality=39/70  Signal level=-71 dBm  
          Rx invalid nwid:0  Rx invalid crypt:0  Rx invalid frag:0
          Tx excessive retries:2  Invalid misc:0   Missed beacon:0

2021-04-21T18:58:46.195
*-*
Result
wlan0     IEEE 802.11  ESSID:"WirelessProject"  
          Mode:Managed  Frequency:2.412 GHz  Access Point: B8:27:EB:6C:F0:84   
          Bit Rate=24 Mb/s   Tx-Power=31 dBm   
          Retry short limit:7   RTS thr:off   Fragment thr:off
          Power Management:on
          Link Quality=39/70  Signal level=-71 dBm  
          Rx invalid nwid:0  Rx invalid crypt:0  Rx invalid frag:0
          Tx excessive retries:2  Invalid misc:0   Missed beacon:0

2021-04-21T18:58:47.319
*-*
Result
wlan0     IEEE 802.11  ESSID:"WirelessProject"  
          Mode:Managed  Frequency:2.412 GHz  Access Point: B8:27:EB:6C:F0:84   
          Bit Rate=43.3 Mb/s   Tx-Power=31 dBm   
          Retry short limit:7   RTS thr:off   Fragment thr:off
          Power Management:on
          Link Quality=50/70  Signal level=-60 dBm  
          Rx invalid nwid:0  Rx invalid crypt:0  Rx invalid frag:0
          Tx excessive retries:2  Invalid misc:0   Missed beacon:0

2021-04-21T18:58:48.449
*-*
Result
wlan0     IEEE 802.11  ESSID:"WirelessProject"  
          Mode:Managed  Frequency:2.412 GHz  Access Point: B8:27:EB:6C:F0:84   
          Bit Rate=72.2 Mb/s   Tx-Power=31 dBm   
          Retry short limit:7   RTS thr:off   Fragment thr:off
          Power Management:on
          Link Quality=50/70  Signal level=-60 dBm  
          Rx invalid nwid:0  Rx invalid crypt:0  Rx invalid frag:0
          Tx excessive retries:2  Invalid misc:0   Missed beacon:0

2021-04-21T18:58:49.577
*-*
Result
wlan0     IEEE 802.11  ESSID:"WirelessProject"  
          Mode:Managed  Frequency:2.412 GHz  Access Point: B8:27:EB:6C:F0:84   
          Bit Rate=65 Mb/s   Tx-Power=31 dBm   
          Retry short limit:7   RTS thr:off   Fragment thr:off
          Power Management:on
          Link Quality=51/70  Signal level=-59 dBm  
          Rx invalid nwid:0  Rx invalid crypt:0  Rx invalid frag:0
          Tx excessive retries:2  Invalid misc:0   Missed beacon:0

2021-04-21T18:58:50.704
*-*
Result
wlan0     IEEE 802.11  ESSID:"WirelessProject"  
          Mode:Managed  Frequency:2.412 GHz  Access Point: B8:27:EB:6C:F0:84   
          Bit Rate=72.2 Mb/s   Tx-Power=31 dBm   
          Retry short limit:7   RTS thr:off   Fragment thr:off
          Power Management:on
          Link Quality=55/70  Signal level=-55 dBm  
          Rx invalid nwid:0  Rx invalid crypt:0  Rx invalid frag:0
          Tx excessive retries:2  Invalid misc:0   Missed beacon:0

2021-04-21T18:58:51.828
*-*
Result
wlan0     IEEE 802.11  ESSID:"WirelessProject"  
          Mode:Managed  Frequency:2.412 GHz  Access Point: B8:27:EB:6C:F0:84   
          Bit Rate=57.7 Mb/s   Tx-Power=31 dBm   
          Retry short limit:7   RTS thr:off   Fragment thr:off
          Power Management:on
          Link Quality=59/70  Signal level=-51 dBm  
          Rx invalid nwid:0  Rx invalid crypt:0  Rx invalid frag:0
          Tx excessive retries:2  Invalid misc:0   Missed beacon:0

2021-04-21T18:58:52.954
*-*
Result
wlan0     IEEE 802.11  ESSID:"WirelessProject"  
          Mode:Managed  Frequency:2.412 GHz  Access Point: B8:27:EB:6C:F0:84   
          Bit Rate=57.7 Mb/s   Tx-Power=31 dBm   
          Retry short limit:7   RTS thr:off   Fragment thr:off
          Power Management:on
          Link Quality=58/70  Signal level=-52 dBm  
          Rx invalid nwid:0  Rx invalid crypt:0  Rx invalid frag:0
          Tx excessive retries:2  Invalid misc:0   Missed beacon:0

2021-04-21T18:58:54.079
*-*
Result
wlan0     IEEE 802.11  ESSID:"WirelessProject"  
          Mode:Managed  Frequency:2.412 GHz  Access Point: B8:27:EB:6C:F0:84   
          Bit Rate=24 Mb/s   Tx-Power=31 dBm   
          Retry short limit:7   RTS thr:off   Fragment thr:off
          Power Management:on
          Link Quality=60/70  Signal level=-50 dBm  
          Rx invalid nwid:0  Rx invalid crypt:0  Rx invalid frag:0
          Tx excessive retries:2  Invalid misc:0   Missed beacon:0

2021-04-21T18:58:55.207
*-*
Result
wlan0     IEEE 802.11  ESSID:"WirelessProject"  
          Mode:Managed  Frequency:2.412 GHz  Access Point: B8:27:EB:6C:F0:84   
          Bit Rate=24 Mb/s   Tx-Power=31 dBm   
          Retry short limit:7   RTS thr:off   Fragment thr:off
          Power Management:on
          Link Quality=60/70  Signal level=-50 dBm  
          Rx invalid nwid:0  Rx invalid crypt:0  Rx invalid frag:0
          Tx excessive retries:2  Invalid misc:0   Missed beacon:0

2021-04-21T18:58:56.329
*-*
Result
wlan0     IEEE 802.11  ESSID:"WirelessProject"  
          Mode:Managed  Frequency:2.412 GHz  Access Point: B8:27:EB:6C:F0:84   
          Bit Rate=24 Mb/s   Tx-Power=31 dBm   
          Retry short limit:7   RTS thr:off   Fragment thr:off
          Power Management:on
          Link Quality=60/70  Signal level=-50 dBm  
          Rx invalid nwid:0  Rx invalid crypt:0  Rx invalid frag:0
          Tx excessive retries:2  Invalid misc:0   Missed beacon:0

2021-04-21T18:58:57.465
*-*
Result
wlan0     IEEE 802.11  ESSID:"WirelessProject"  
          Mode:Managed  Frequency:2.412 GHz  Access Point: B8:27:EB:6C:F0:84   
          Bit Rate=24 Mb/s   Tx-Power=31 dBm   
          Retry short limit:7   RTS thr:off   Fragment thr:off
          Power Management:on
          Link Quality=60/70  Signal level=-50 dBm  
          Rx invalid nwid:0  Rx invalid crypt:0  Rx invalid frag:0
          Tx excessive retries:2  Invalid misc:0   Missed beacon:0

2021-04-21T18:58:58.590
*-*
Result
wlan0     IEEE 802.11  ESSID:"WirelessProject"  
          Mode:Managed  Frequency:2.412 GHz  Access Point: B8:27:EB:6C:F0:84   
          Bit Rate=57.7 Mb/s   Tx-Power=31 dBm   
          Retry short limit:7   RTS thr:off   Fragment thr:off
          Power Management:on
          Link Quality=59/70  Signal level=-51 dBm  
          Rx invalid nwid:0  Rx invalid crypt:0  Rx invalid frag:0
          Tx excessive retries:2  Invalid misc:0   Missed beacon:0

2021-04-21T18:58:59.717
*-*
Result
wlan0     IEEE 802.11  ESSID:"WirelessProject"  
          Mode:Managed  Frequency:2.412 GHz  Access Point: B8:27:EB:6C:F0:84   
          Bit Rate=65 Mb/s   Tx-Power=31 dBm   
          Retry short limit:7   RTS thr:off   Fragment thr:off
          Power Management:on
          Link Quality=54/70  Signal level=-56 dBm  
          Rx invalid nwid:0  Rx invalid crypt:0  Rx invalid frag:0
          Tx excessive retries:2  Invalid misc:0   Missed beacon:0

2021-04-21T18:59:00.843
*-*
Result
wlan0     IEEE 802.11  ESSID:"WirelessProject"  
          Mode:Managed  Frequency:2.412 GHz  Access Point: B8:27:EB:6C:F0:84   
          Bit Rate=72.2 Mb/s   Tx-Power=31 dBm   
          Retry short limit:7   RTS thr:off   Fragment thr:off
          Power Management:on
          Link Quality=53/70  Signal level=-57 dBm  
          Rx invalid nwid:0  Rx invalid crypt:0  Rx invalid frag:0
          Tx excessive retries:2  Invalid misc:0   Missed beacon:0

2021-04-21T18:59:01.970
*-*
Result
wlan0     IEEE 802.11  ESSID:"WirelessProject"  
          Mode:Managed  Frequency:2.412 GHz  Access Point: B8:27:EB:6C:F0:84   
          Bit Rate=58.5 Mb/s   Tx-Power=31 dBm   
          Retry short limit:7   RTS thr:off   Fragment thr:off
          Power Management:on
          Link Quality=42/70  Signal level=-68 dBm  
          Rx invalid nwid:0  Rx invalid crypt:0  Rx invalid frag:0
          Tx excessive retries:2  Invalid misc:0   Missed beacon:0

2021-04-21T18:59:03.092
*-*
Result
wlan0     IEEE 802.11  ESSID:"WirelessProject"  
          Mode:Managed  Frequency:2.412 GHz  Access Point: B8:27:EB:6C:F0:84   
          Bit Rate=43.3 Mb/s   Tx-Power=31 dBm   
          Retry short limit:7   RTS thr:off   Fragment thr:off
          Power Management:on
          Link Quality=42/70  Signal level=-68 dBm  
          Rx invalid nwid:0  Rx invalid crypt:0  Rx invalid frag:0
          Tx excessive retries:2  Invalid misc:0   Missed beacon:0

2021-04-21T18:59:04.215
*-*
Result
wlan0     IEEE 802.11  ESSID:"WirelessProject"  
          Mode:Managed  Frequency:2.412 GHz  Access Point: B8:27:EB:6C:F0:84   
          Bit Rate=43.3 Mb/s   Tx-Power=31 dBm   
          Retry short limit:7   RTS thr:off   Fragment thr:off
          Power Management:on
          Link Quality=41/70  Signal level=-69 dBm  
          Rx invalid nwid:0  Rx invalid crypt:0  Rx invalid frag:0
          Tx excessive retries:2  Invalid misc:0   Missed beacon:0

2021-04-21T18:59:05.342
*-*
Result
wlan0     IEEE 802.11  ESSID:"WirelessProject"  
          Mode:Managed  Frequency:2.412 GHz  Access Point: B8:27:EB:6C:F0:84   
          Bit Rate=43.3 Mb/s   Tx-Power=31 dBm   
          Retry short limit:7   RTS thr:off   Fragment thr:off
          Power Management:on
          Link Quality=39/70  Signal level=-71 dBm  
          Rx invalid nwid:0  Rx invalid crypt:0  Rx invalid frag:0
          Tx excessive retries:2  Invalid misc:0   Missed beacon:0

2021-04-21T18:59:06.466
*-*
Result
wlan0     IEEE 802.11  ESSID:"WirelessProject"  
          Mode:Managed  Frequency:2.412 GHz  Access Point: B8:27:EB:6C:F0:84   
          Bit Rate=24 Mb/s   Tx-Power=31 dBm   
          Retry short limit:7   RTS thr:off   Fragment thr:off
          Power Management:on
          Link Quality=39/70  Signal level=-71 dBm  
          Rx invalid nwid:0  Rx invalid crypt:0  Rx invalid frag:0
          Tx excessive retries:2  Invalid misc:0   Missed beacon:0

2021-04-21T18:59:07.598
*-*
Result
wlan0     IEEE 802.11  ESSID:"WirelessProject"  
          Mode:Managed  Frequency:2.412 GHz  Access Point: B8:27:EB:6C:F0:84   
          Bit Rate=24 Mb/s   Tx-Power=31 dBm   
          Retry short limit:7   RTS thr:off   Fragment thr:off
          Power Management:on
          Link Quality=39/70  Signal level=-71 dBm  
          Rx invalid nwid:0  Rx invalid crypt:0  Rx invalid frag:0
          Tx excessive retries:2  Invalid misc:0   Missed beacon:0

2021-04-21T18:59:08.724
*-*
Result
wlan0     IEEE 802.11  ESSID:"WirelessProject"  
          Mode:Managed  Frequency:2.412 GHz  Access Point: B8:27:EB:6C:F0:84   
          Bit Rate=24 Mb/s   Tx-Power=31 dBm   
          Retry short limit:7   RTS thr:off   Fragment thr:off
          Power Management:on
          Link Quality=39/70  Signal level=-71 dBm  
          Rx invalid nwid:0  Rx invalid crypt:0  Rx invalid frag:0
          Tx excessive retries:2  Invalid misc:0   Missed beacon:0

2021-04-21T18:59:09.848
*-*
Result
wlan0     IEEE 802.11  ESSID:"WirelessProject"  
          Mode:Managed  Frequency:2.412 GHz  Access Point: B8:27:EB:6C:F0:84   
          Bit Rate=52 Mb/s   Tx-Power=31 dBm   
          Retry short limit:7   RTS thr:off   Fragment thr:off
          Power Management:on
          Link Quality=44/70  Signal level=-66 dBm  
          Rx invalid nwid:0  Rx invalid crypt:0  Rx invalid frag:0
          Tx excessive retries:2  Invalid misc:0   Missed beacon:0

2021-04-21T18:59:10.972
*-*
Result
wlan0     IEEE 802.11  ESSID:"WirelessProject"  
          Mode:Managed  Frequency:2.412 GHz  Access Point: B8:27:EB:6C:F0:84   
          Bit Rate=65 Mb/s   Tx-Power=31 dBm   
          Retry short limit:7   RTS thr:off   Fragment thr:off
          Power Management:on
          Link Quality=47/70  Signal level=-63 dBm  
          Rx invalid nwid:0  Rx invalid crypt:0  Rx invalid frag:0
          Tx excessive retries:2  Invalid misc:0   Missed beacon:0

2021-04-21T18:59:12.100
*-*
Result
wlan0     IEEE 802.11  ESSID:"WirelessProject"  
          Mode:Managed  Frequency:2.412 GHz  Access Point: B8:27:EB:6C:F0:84   
          Bit Rate=57.7 Mb/s   Tx-Power=31 dBm   
          Retry short limit:7   RTS thr:off   Fragment thr:off
          Power Management:on
          Link Quality=47/70  Signal level=-63 dBm  
          Rx invalid nwid:0  Rx invalid crypt:0  Rx invalid frag:0
          Tx excessive retries:2  Invalid misc:0   Missed beacon:0

2021-04-21T18:59:13.235
*-*
Result
wlan0     IEEE 802.11  ESSID:"WirelessProject"  
          Mode:Managed  Frequency:2.412 GHz  Access Point: B8:27:EB:6C:F0:84   
          Bit Rate=43.3 Mb/s   Tx-Power=31 dBm   
          Retry short limit:7   RTS thr:off   Fragment thr:off
          Power Management:on
          Link Quality=44/70  Signal level=-66 dBm  
          Rx invalid nwid:0  Rx invalid crypt:0  Rx invalid frag:0
          Tx excessive retries:2  Invalid misc:0   Missed beacon:0

2021-04-21T18:59:14.366
*-*
Result
wlan0     IEEE 802.11  ESSID:"WirelessProject"  
          Mode:Managed  Frequency:2.412 GHz  Access Point: B8:27:EB:6C:F0:84   
          Bit Rate=57.7 Mb/s   Tx-Power=31 dBm   
          Retry short limit:7   RTS thr:off   Fragment thr:off
          Power Management:on
          Link Quality=40/70  Signal level=-70 dBm  
          Rx invalid nwid:0  Rx invalid crypt:0  Rx invalid frag:0
          Tx excessive retries:2  Invalid misc:0   Missed beacon:0

2021-04-21T18:59:15.493
*-*
Result
wlan0     IEEE 802.11  ESSID:"WirelessProject"  
          Mode:Managed  Frequency:2.412 GHz  Access Point: B8:27:EB:6C:F0:84   
          Bit Rate=24 Mb/s   Tx-Power=31 dBm   
          Retry short limit:7   RTS thr:off   Fragment thr:off
          Power Management:on
          Link Quality=33/70  Signal level=-77 dBm  
          Rx invalid nwid:0  Rx invalid crypt:0  Rx invalid frag:0
          Tx excessive retries:2  Invalid misc:0   Missed beacon:0

2021-04-21T18:59:16.618
*-*
Result
wlan0     IEEE 802.11  ESSID:"WirelessProject"  
          Mode:Managed  Frequency:2.412 GHz  Access Point: B8:27:EB:6C:F0:84   
          Bit Rate=24 Mb/s   Tx-Power=31 dBm   
          Retry short limit:7   RTS thr:off   Fragment thr:off
          Power Management:on
          Link Quality=34/70  Signal level=-76 dBm  
          Rx invalid nwid:0  Rx invalid crypt:0  Rx invalid frag:0
          Tx excessive retries:2  Invalid misc:0   Missed beacon:0

2021-04-21T18:59:17.741
*-*
Result
wlan0     IEEE 802.11  ESSID:"WirelessProject"  
          Mode:Managed  Frequency:2.412 GHz  Access Point: B8:27:EB:6C:F0:84   
          Bit Rate=24 Mb/s   Tx-Power=31 dBm   
          Retry short limit:7   RTS thr:off   Fragment thr:off
          Power Management:on
          Link Quality=34/70  Signal level=-76 dBm  
          Rx invalid nwid:0  Rx invalid crypt:0  Rx invalid frag:0
          Tx excessive retries:2  Invalid misc:0   Missed beacon:0

2021-04-21T18:59:18.867
*-*
Result
wlan0     IEEE 802.11  ESSID:"WirelessProject"  
          Mode:Managed  Frequency:2.412 GHz  Access Point: B8:27:EB:6C:F0:84   
          Bit Rate=24 Mb/s   Tx-Power=31 dBm   
          Retry short limit:7   RTS thr:off   Fragment thr:off
          Power Management:on
          Link Quality=34/70  Signal level=-76 dBm  
          Rx invalid nwid:0  Rx invalid crypt:0  Rx invalid frag:0
          Tx excessive retries:2  Invalid misc:0   Missed beacon:0

2021-04-21T18:59:19.992
*-*
Result
wlan0     IEEE 802.11  ESSID:"WirelessProject"  
          Mode:Managed  Frequency:2.412 GHz  Access Point: B8:27:EB:6C:F0:84   
          Bit Rate=24 Mb/s   Tx-Power=31 dBm   
          Retry short limit:7   RTS thr:off   Fragment thr:off
          Power Management:on
          Link Quality=34/70  Signal level=-76 dBm  
          Rx invalid nwid:0  Rx invalid crypt:0  Rx invalid frag:0
          Tx excessive retries:2  Invalid misc:0   Missed beacon:0

2021-04-21T18:59:21.117
*-*
Result
wlan0     IEEE 802.11  ESSID:"WirelessProject"  
          Mode:Managed  Frequency:2.412 GHz  Access Point: B8:27:EB:6C:F0:84   
          Bit Rate=39 Mb/s   Tx-Power=31 dBm   
          Retry short limit:7   RTS thr:off   Fragment thr:off
          Power Management:on
          Link Quality=32/70  Signal level=-78 dBm  
          Rx invalid nwid:0  Rx invalid crypt:0  Rx invalid frag:0
          Tx excessive retries:2  Invalid misc:0   Missed beacon:0

2021-04-21T18:59:22.249
*-*
Result
wlan0     IEEE 802.11  ESSID:"WirelessProject"  
          Mode:Managed  Frequency:2.412 GHz  Access Point: B8:27:EB:6C:F0:84   
          Bit Rate=13 Mb/s   Tx-Power=31 dBm   
          Retry short limit:7   RTS thr:off   Fragment thr:off
          Power Management:on
          Link Quality=31/70  Signal level=-79 dBm  
          Rx invalid nwid:0  Rx invalid crypt:0  Rx invalid frag:0
          Tx excessive retries:16  Invalid misc:0   Missed beacon:0

2021-04-21T18:59:23.629
*-*
Result
wlan0     IEEE 802.11  ESSID:"WirelessProject"  
          Mode:Managed  Frequency:2.412 GHz  Access Point: B8:27:EB:6C:F0:84   
          Bit Rate=12 Mb/s   Tx-Power=31 dBm   
          Retry short limit:7   RTS thr:off   Fragment thr:off
          Power Management:on
          Link Quality=30/70  Signal level=-80 dBm  
          Rx invalid nwid:0  Rx invalid crypt:0  Rx invalid frag:0
          Tx excessive retries:17  Invalid misc:0   Missed beacon:0

2021-04-21T18:59:24.760
*-*
Result
wlan0     IEEE 802.11  ESSID:"WirelessProject"  
          Mode:Managed  Frequency:2.412 GHz  Access Point: B8:27:EB:6C:F0:84   
          Bit Rate=14.4 Mb/s   Tx-Power=31 dBm   
          Retry short limit:7   RTS thr:off   Fragment thr:off
          Power Management:on
          Link Quality=34/70  Signal level=-76 dBm  
          Rx invalid nwid:0  Rx invalid crypt:0  Rx invalid frag:0
          Tx excessive retries:17  Invalid misc:0   Missed beacon:0

2021-04-21T18:59:25.888
*-*
Result
wlan0     IEEE 802.11  ESSID:"WirelessProject"  
          Mode:Managed  Frequency:2.412 GHz  Access Point: B8:27:EB:6C:F0:84   
          Bit Rate=21.6 Mb/s   Tx-Power=31 dBm   
          Retry short limit:7   RTS thr:off   Fragment thr:off
          Power Management:on
          Link Quality=36/70  Signal level=-74 dBm  
          Rx invalid nwid:0  Rx invalid crypt:0  Rx invalid frag:0
          Tx excessive retries:17  Invalid misc:0   Missed beacon:0

2021-04-21T18:59:27.021
*-*
Result
wlan0     IEEE 802.11  ESSID:"WirelessProject"  
          Mode:Managed  Frequency:2.412 GHz  Access Point: B8:27:EB:6C:F0:84   
          Bit Rate=19.5 Mb/s   Tx-Power=31 dBm   
          Retry short limit:7   RTS thr:off   Fragment thr:off
          Power Management:on
          Link Quality=32/70  Signal level=-78 dBm  
          Rx invalid nwid:0  Rx invalid crypt:0  Rx invalid frag:0
          Tx excessive retries:17  Invalid misc:0   Missed beacon:0

2021-04-21T18:59:28.155
*-*
Result
wlan0     IEEE 802.11  ESSID:"WirelessProject"  
          Mode:Managed  Frequency:2.412 GHz  Access Point: B8:27:EB:6C:F0:84   
          Bit Rate=12 Mb/s   Tx-Power=31 dBm   
          Retry short limit:7   RTS thr:off   Fragment thr:off
          Power Management:on
          Link Quality=32/70  Signal level=-78 dBm  
          Rx invalid nwid:0  Rx invalid crypt:0  Rx invalid frag:0
          Tx excessive retries:17  Invalid misc:0   Missed beacon:0

2021-04-21T18:59:29.280
*-*
Result
wlan0     IEEE 802.11  ESSID:"WirelessProject"  
          Mode:Managed  Frequency:2.412 GHz  Access Point: B8:27:EB:6C:F0:84   
          Bit Rate=12 Mb/s   Tx-Power=31 dBm   
          Retry short limit:7   RTS thr:off   Fragment thr:off
          Power Management:on
          Link Quality=32/70  Signal level=-78 dBm  
          Rx invalid nwid:0  Rx invalid crypt:0  Rx invalid frag:0
          Tx excessive retries:17  Invalid misc:0   Missed beacon:0

2021-04-21T18:59:30.409
*-*
Result
wlan0     IEEE 802.11  ESSID:"WirelessProject"  
          Mode:Managed  Frequency:2.412 GHz  Access Point: B8:27:EB:6C:F0:84   
          Bit Rate=12 Mb/s   Tx-Power=31 dBm   
          Retry short limit:7   RTS thr:off   Fragment thr:off
          Power Management:on
          Link Quality=32/70  Signal level=-78 dBm  
          Rx invalid nwid:0  Rx invalid crypt:0  Rx invalid frag:0
          Tx excessive retries:17  Invalid misc:0   Missed beacon:0

2021-04-21T18:59:31.537
*-*
Result
wlan0     IEEE 802.11  ESSID:"WirelessProject"  
          Mode:Managed  Frequency:2.412 GHz  Access Point: B8:27:EB:6C:F0:84   
          Bit Rate=12 Mb/s   Tx-Power=31 dBm   
          Retry short limit:7   RTS thr:off   Fragment thr:off
          Power Management:on
          Link Quality=32/70  Signal level=-78 dBm  
          Rx invalid nwid:0  Rx invalid crypt:0  Rx invalid frag:0
          Tx excessive retries:17  Invalid misc:0   Missed beacon:0

2021-04-21T18:59:32.666
*-*
Result
wlan0     IEEE 802.11  ESSID:"WirelessProject"  
          Mode:Managed  Frequency:2.412 GHz  Access Point: B8:27:EB:6C:F0:84   
          Bit Rate=21.6 Mb/s   Tx-Power=31 dBm   
          Retry short limit:7   RTS thr:off   Fragment thr:off
          Power Management:on
          Link Quality=32/70  Signal level=-78 dBm  
          Rx invalid nwid:0  Rx invalid crypt:0  Rx invalid frag:0
          Tx excessive retries:17  Invalid misc:0   Missed beacon:0

2021-04-21T18:59:33.791
*-*
Result
wlan0     IEEE 802.11  ESSID:"WirelessProject"  
          Mode:Managed  Frequency:2.412 GHz  Access Point: B8:27:EB:6C:F0:84   
          Bit Rate=19.5 Mb/s   Tx-Power=31 dBm   
          Retry short limit:7   RTS thr:off   Fragment thr:off
          Power Management:on
          Link Quality=35/70  Signal level=-75 dBm  
          Rx invalid nwid:0  Rx invalid crypt:0  Rx invalid frag:0
          Tx excessive retries:17  Invalid misc:0   Missed beacon:0

2021-04-21T18:59:34.923
*-*
Result
wlan0     IEEE 802.11  ESSID:"WirelessProject"  
          Mode:Managed  Frequency:2.412 GHz  Access Point: B8:27:EB:6C:F0:84   
          Bit Rate=19.5 Mb/s   Tx-Power=31 dBm   
          Retry short limit:7   RTS thr:off   Fragment thr:off
          Power Management:on
          Link Quality=29/70  Signal level=-81 dBm  
          Rx invalid nwid:0  Rx invalid crypt:0  Rx invalid frag:0
          Tx excessive retries:18  Invalid misc:0   Missed beacon:0

2021-04-21T18:59:36.045
*-*
Result
wlan0     IEEE 802.11  ESSID:"WirelessProject"  
          Mode:Managed  Frequency:2.412 GHz  Access Point: B8:27:EB:6C:F0:84   
          Bit Rate=12 Mb/s   Tx-Power=31 dBm   
          Retry short limit:7   RTS thr:off   Fragment thr:off
          Power Management:on
          Link Quality=24/70  Signal level=-86 dBm  
          Rx invalid nwid:0  Rx invalid crypt:0  Rx invalid frag:0
          Tx excessive retries:19  Invalid misc:0   Missed beacon:0

2021-04-21T18:59:37.171
*-*
Result
wlan0     IEEE 802.11  ESSID:"WirelessProject"  
          Mode:Managed  Frequency:2.412 GHz  Access Point: B8:27:EB:6C:F0:84   
          Bit Rate=13 Mb/s   Tx-Power=31 dBm   
          Retry short limit:7   RTS thr:off   Fragment thr:off
          Power Management:on
          Link Quality=27/70  Signal level=-83 dBm  
          Rx invalid nwid:0  Rx invalid crypt:0  Rx invalid frag:0
          Tx excessive retries:19  Invalid misc:0   Missed beacon:0

2021-04-21T18:59:38.307
*-*
Result
wlan0     IEEE 802.11  ESSID:"WirelessProject"  
          Mode:Managed  Frequency:2.412 GHz  Access Point: B8:27:EB:6C:F0:84   
          Bit Rate=5.5 Mb/s   Tx-Power=31 dBm   
          Retry short limit:7   RTS thr:off   Fragment thr:off
          Power Management:on
          Link Quality=25/70  Signal level=-85 dBm  
          Rx invalid nwid:0  Rx invalid crypt:0  Rx invalid frag:0
          Tx excessive retries:21  Invalid misc:0   Missed beacon:0

2021-04-21T18:59:39.433
*-*
Result
wlan0     IEEE 802.11  ESSID:"WirelessProject"  
          Mode:Managed  Frequency:2.412 GHz  Access Point: B8:27:EB:6C:F0:84   
          Bit Rate=5.5 Mb/s   Tx-Power=31 dBm   
          Retry short limit:7   RTS thr:off   Fragment thr:off
          Power Management:on
          Link Quality=25/70  Signal level=-85 dBm  
          Rx invalid nwid:0  Rx invalid crypt:0  Rx invalid frag:0
          Tx excessive retries:21  Invalid misc:0   Missed beacon:0

2021-04-21T18:59:40.559
*-*
Result
wlan0     IEEE 802.11  ESSID:"WirelessProject"  
          Mode:Managed  Frequency:2.412 GHz  Access Point: B8:27:EB:6C:F0:84   
          Bit Rate=5.5 Mb/s   Tx-Power=31 dBm   
          Retry short limit:7   RTS thr:off   Fragment thr:off
          Power Management:on
          Link Quality=25/70  Signal level=-85 dBm  
          Rx invalid nwid:0  Rx invalid crypt:0  Rx invalid frag:0
          Tx excessive retries:22  Invalid misc:0   Missed beacon:0

2021-04-21T18:59:41.684
*-*
Result
wlan0     IEEE 802.11  ESSID:"WirelessProject"  
          Mode:Managed  Frequency:2.412 GHz  Access Point: B8:27:EB:6C:F0:84   
          Bit Rate=5.5 Mb/s   Tx-Power=31 dBm   
          Retry short limit:7   RTS thr:off   Fragment thr:off
          Power Management:on
          Link Quality=25/70  Signal level=-85 dBm  
          Rx invalid nwid:0  Rx invalid crypt:0  Rx invalid frag:0
          Tx excessive retries:22  Invalid misc:0   Missed beacon:0

2021-04-21T18:59:42.808
*-*
Result
wlan0     IEEE 802.11  ESSID:"WirelessProject"  
          Mode:Managed  Frequency:2.412 GHz  Access Point: B8:27:EB:6C:F0:84   
          Bit Rate=5.5 Mb/s   Tx-Power=31 dBm   
          Retry short limit:7   RTS thr:off   Fragment thr:off
          Power Management:on
          Link Quality=25/70  Signal level=-85 dBm  
          Rx invalid nwid:0  Rx invalid crypt:0  Rx invalid frag:0
          Tx excessive retries:22  Invalid misc:0   Missed beacon:0

2021-04-21T18:59:43.934
*-*
Result
wlan0     IEEE 802.11  ESSID:"WirelessProject"  
          Mode:Managed  Frequency:2.412 GHz  Access Point: B8:27:EB:6C:F0:84   
          Bit Rate=5.5 Mb/s   Tx-Power=31 dBm   
          Retry short limit:7   RTS thr:off   Fragment thr:off
          Power Management:on
          Link Quality=25/70  Signal level=-85 dBm  
          Rx invalid nwid:0  Rx invalid crypt:0  Rx invalid frag:0
          Tx excessive retries:22  Invalid misc:0   Missed beacon:0

2021-04-21T18:59:45.058
*-*
Result
wlan0     IEEE 802.11  ESSID:"WirelessProject"  
          Mode:Managed  Frequency:2.412 GHz  Access Point: B8:27:EB:6C:F0:84   
          Bit Rate=5.5 Mb/s   Tx-Power=31 dBm   
          Retry short limit:7   RTS thr:off   Fragment thr:off
          Power Management:on
          Link Quality=22/70  Signal level=-88 dBm  
          Rx invalid nwid:0  Rx invalid crypt:0  Rx invalid frag:0
          Tx excessive retries:22  Invalid misc:0   Missed beacon:0

2021-04-21T18:59:46.185
*-*
Result
wlan0     IEEE 802.11  ESSID:"WirelessProject"  
          Mode:Managed  Frequency:2.412 GHz  Access Point: B8:27:EB:6C:F0:84   
          Bit Rate=5.5 Mb/s   Tx-Power=31 dBm   
          Retry short limit:7   RTS thr:off   Fragment thr:off
          Power Management:on
          Link Quality=22/70  Signal level=-88 dBm  
          Rx invalid nwid:0  Rx invalid crypt:0  Rx invalid frag:0
          Tx excessive retries:22  Invalid misc:0   Missed beacon:0

2021-04-21T18:59:47.309
*-*
Result
wlan0     IEEE 802.11  ESSID:"WirelessProject"  
          Mode:Managed  Frequency:2.412 GHz  Access Point: B8:27:EB:6C:F0:84   
          Bit Rate=5.5 Mb/s   Tx-Power=31 dBm   
          Retry short limit:7   RTS thr:off   Fragment thr:off
          Power Management:on
          Link Quality=22/70  Signal level=-88 dBm  
          Rx invalid nwid:0  Rx invalid crypt:0  Rx invalid frag:0
          Tx excessive retries:22  Invalid misc:0   Missed beacon:0

2021-04-21T18:59:48.433
*-*
Result
wlan0     IEEE 802.11  ESSID:"WirelessProject"  
          Mode:Managed  Frequency:2.412 GHz  Access Point: B8:27:EB:6C:F0:84   
          Bit Rate=5.5 Mb/s   Tx-Power=31 dBm   
          Retry short limit:7   RTS thr:off   Fragment thr:off
          Power Management:on
          Link Quality=22/70  Signal level=-88 dBm  
          Rx invalid nwid:0  Rx invalid crypt:0  Rx invalid frag:0
          Tx excessive retries:22  Invalid misc:0   Missed beacon:0

2021-04-21T18:59:49.558
*-*
Result
wlan0     IEEE 802.11  ESSID:"WirelessProject"  
          Mode:Managed  Frequency:2.412 GHz  Access Point: B8:27:EB:6C:F0:84   
          Bit Rate=5.5 Mb/s   Tx-Power=31 dBm   
          Retry short limit:7   RTS thr:off   Fragment thr:off
          Power Management:on
          Link Quality=22/70  Signal level=-88 dBm  
          Rx invalid nwid:0  Rx invalid crypt:0  Rx invalid frag:0
          Tx excessive retries:23  Invalid misc:0   Missed beacon:0

2021-04-21T18:59:50.687
*-*
Result
wlan0     IEEE 802.11  ESSID:"WirelessProject"  
          Mode:Managed  Frequency:2.412 GHz  Access Point: B8:27:EB:6C:F0:84   
          Bit Rate=5.5 Mb/s   Tx-Power=31 dBm   
          Retry short limit:7   RTS thr:off   Fragment thr:off
          Power Management:on
          Link Quality=22/70  Signal level=-88 dBm  
          Rx invalid nwid:0  Rx invalid crypt:0  Rx invalid frag:0
          Tx excessive retries:23  Invalid misc:0   Missed beacon:0

2021-04-21T18:59:51.812
*-*
Result
wlan0     IEEE 802.11  ESSID:"WirelessProject"  
          Mode:Managed  Frequency:2.412 GHz  Access Point: B8:27:EB:6C:F0:84   
          Bit Rate=5.5 Mb/s   Tx-Power=31 dBm   
          Retry short limit:7   RTS thr:off   Fragment thr:off
          Power Management:on
          Link Quality=22/70  Signal level=-88 dBm  
          Rx invalid nwid:0  Rx invalid crypt:0  Rx invalid frag:0
          Tx excessive retries:23  Invalid misc:0   Missed beacon:0

2021-04-21T18:59:52.936
*-*
Result
wlan0     IEEE 802.11  ESSID:"WirelessProject"  
          Mode:Managed  Frequency:2.412 GHz  Access Point: B8:27:EB:6C:F0:84   
          Bit Rate=5.5 Mb/s   Tx-Power=31 dBm   
          Retry short limit:7   RTS thr:off   Fragment thr:off
          Power Management:on
          Link Quality=22/70  Signal level=-88 dBm  
          Rx invalid nwid:0  Rx invalid crypt:0  Rx invalid frag:0
          Tx excessive retries:24  Invalid misc:0   Missed beacon:0

2021-04-21T18:59:54.062
*-*
Result
wlan0     IEEE 802.11  ESSID:"WirelessProject"  
          Mode:Managed  Frequency:2.412 GHz  Access Point: B8:27:EB:6C:F0:84   
          Bit Rate=5.5 Mb/s   Tx-Power=31 dBm   
          Retry short limit:7   RTS thr:off   Fragment thr:off
          Power Management:on
          Link Quality=22/70  Signal level=-88 dBm  
          Rx invalid nwid:0  Rx invalid crypt:0  Rx invalid frag:0
          Tx excessive retries:24  Invalid misc:0   Missed beacon:0

2021-04-21T18:59:55.187
*-*
Result
wlan0     IEEE 802.11  ESSID:"WirelessProject"  
          Mode:Managed  Frequency:2.412 GHz  Access Point: B8:27:EB:6C:F0:84   
          Bit Rate=5.5 Mb/s   Tx-Power=31 dBm   
          Retry short limit:7   RTS thr:off   Fragment thr:off
          Power Management:on
          Link Quality=22/70  Signal level=-88 dBm  
          Rx invalid nwid:0  Rx invalid crypt:0  Rx invalid frag:0
          Tx excessive retries:51  Invalid misc:0   Missed beacon:0

2021-04-21T18:59:56.312
*-*
Result
wlan0     IEEE 802.11  ESSID:"WirelessProject"  
          Mode:Managed  Frequency:2.412 GHz  Access Point: B8:27:EB:CC:AA:D5   
          Bit Rate=65 Mb/s   Tx-Power=31 dBm   
          Retry short limit:7   RTS thr:off   Fragment thr:off
          Power Management:on
          Link Quality=54/70  Signal level=-56 dBm  
          Rx invalid nwid:0  Rx invalid crypt:0  Rx invalid frag:0
          Tx excessive retries:0  Invalid misc:0   Missed beacon:0

2021-04-21T18:59:57.436
*-*
Result
wlan0     IEEE 802.11  ESSID:"WirelessProject"  
          Mode:Managed  Frequency:2.412 GHz  Access Point: B8:27:EB:CC:AA:D5   
          Bit Rate=65 Mb/s   Tx-Power=31 dBm   
          Retry short limit:7   RTS thr:off   Fragment thr:off
          Power Management:on
          Link Quality=53/70  Signal level=-57 dBm  
          Rx invalid nwid:0  Rx invalid crypt:0  Rx invalid frag:0
          Tx excessive retries:0  Invalid misc:0   Missed beacon:0

2021-04-21T18:59:58.562
*-*
Result
wlan0     IEEE 802.11  ESSID:"WirelessProject"  
          Mode:Managed  Frequency:2.412 GHz  Access Point: B8:27:EB:CC:AA:D5   
          Bit Rate=72.2 Mb/s   Tx-Power=31 dBm   
          Retry short limit:7   RTS thr:off   Fragment thr:off
          Power Management:on
          Link Quality=52/70  Signal level=-58 dBm  
          Rx invalid nwid:0  Rx invalid crypt:0  Rx invalid frag:0
          Tx excessive retries:0  Invalid misc:0   Missed beacon:0

2021-04-21T18:59:59.692
*-*
Result
wlan0     IEEE 802.11  ESSID:"WirelessProject"  
          Mode:Managed  Frequency:2.412 GHz  Access Point: B8:27:EB:CC:AA:D5   
          Bit Rate=72.2 Mb/s   Tx-Power=31 dBm   
          Retry short limit:7   RTS thr:off   Fragment thr:off
          Power Management:on
          Link Quality=53/70  Signal level=-57 dBm  
          Rx invalid nwid:0  Rx invalid crypt:0  Rx invalid frag:0
          Tx excessive retries:0  Invalid misc:0   Missed beacon:0

2021-04-21T19:00:00.832
*-*
Result
wlan0     IEEE 802.11  ESSID:"WirelessProject"  
          Mode:Managed  Frequency:2.412 GHz  Access Point: B8:27:EB:CC:AA:D5   
          Bit Rate=24 Mb/s   Tx-Power=31 dBm   
          Retry short limit:7   RTS thr:off   Fragment thr:off
          Power Management:on
          Link Quality=55/70  Signal level=-55 dBm  
          Rx invalid nwid:0  Rx invalid crypt:0  Rx invalid frag:0
          Tx excessive retries:0  Invalid misc:0   Missed beacon:0

2021-04-21T19:00:01.959
*-*
Result
wlan0     IEEE 802.11  ESSID:"WirelessProject"  
          Mode:Managed  Frequency:2.412 GHz  Access Point: B8:27:EB:CC:AA:D5   
          Bit Rate=72.2 Mb/s   Tx-Power=31 dBm   
          Retry short limit:7   RTS thr:off   Fragment thr:off
          Power Management:on
          Link Quality=56/70  Signal level=-54 dBm  
          Rx invalid nwid:0  Rx invalid crypt:0  Rx invalid frag:0
          Tx excessive retries:0  Invalid misc:0   Missed beacon:0

2021-04-21T19:00:03.084
*-*
Result
wlan0     IEEE 802.11  ESSID:"WirelessProject"  
          Mode:Managed  Frequency:2.412 GHz  Access Point: B8:27:EB:CC:AA:D5   
          Bit Rate=65 Mb/s   Tx-Power=31 dBm   
          Retry short limit:7   RTS thr:off   Fragment thr:off
          Power Management:on
          Link Quality=54/70  Signal level=-56 dBm  
          Rx invalid nwid:0  Rx invalid crypt:0  Rx invalid frag:0
          Tx excessive retries:0  Invalid misc:0   Missed beacon:0

2021-04-21T19:00:04.227
*-*
Result
wlan0     IEEE 802.11  ESSID:"WirelessProject"  
          Mode:Managed  Frequency:2.412 GHz  Access Point: B8:27:EB:CC:AA:D5   
          Bit Rate=65 Mb/s   Tx-Power=31 dBm   
          Retry short limit:7   RTS thr:off   Fragment thr:off
          Power Management:on
          Link Quality=57/70  Signal level=-53 dBm  
          Rx invalid nwid:0  Rx invalid crypt:0  Rx invalid frag:0
          Tx excessive retries:0  Invalid misc:0   Missed beacon:0

2021-04-21T19:00:05.354
*-*
Result
wlan0     IEEE 802.11  ESSID:"WirelessProject"  
          Mode:Managed  Frequency:2.412 GHz  Access Point: B8:27:EB:CC:AA:D5   
          Bit Rate=65 Mb/s   Tx-Power=31 dBm   
          Retry short limit:7   RTS thr:off   Fragment thr:off
          Power Management:on
          Link Quality=53/70  Signal level=-57 dBm  
          Rx invalid nwid:0  Rx invalid crypt:0  Rx invalid frag:0
          Tx excessive retries:0  Invalid misc:0   Missed beacon:0

2021-04-21T19:00:06.483
*-*
Result
wlan0     IEEE 802.11  ESSID:"WirelessProject"  
          Mode:Managed  Frequency:2.412 GHz  Access Point: B8:27:EB:CC:AA:D5   
          Bit Rate=65 Mb/s   Tx-Power=31 dBm   
          Retry short limit:7   RTS thr:off   Fragment thr:off
          Power Management:on
          Link Quality=52/70  Signal level=-58 dBm  
          Rx invalid nwid:0  Rx invalid crypt:0  Rx invalid frag:0
          Tx excessive retries:0  Invalid misc:0   Missed beacon:0

2021-04-21T19:00:07.609
*-*
Result
wlan0     IEEE 802.11  ESSID:"WirelessProject"  
          Mode:Managed  Frequency:2.412 GHz  Access Point: B8:27:EB:CC:AA:D5   
          Bit Rate=65 Mb/s   Tx-Power=31 dBm   
          Retry short limit:7   RTS thr:off   Fragment thr:off
          Power Management:on
          Link Quality=52/70  Signal level=-58 dBm  
          Rx invalid nwid:0  Rx invalid crypt:0  Rx invalid frag:0
          Tx excessive retries:0  Invalid misc:0   Missed beacon:0

2021-04-21T19:00:08.733
*-*
Result
wlan0     IEEE 802.11  ESSID:"WirelessProject"  
          Mode:Managed  Frequency:2.412 GHz  Access Point: B8:27:EB:CC:AA:D5   
          Bit Rate=24 Mb/s   Tx-Power=31 dBm   
          Retry short limit:7   RTS thr:off   Fragment thr:off
          Power Management:on
          Link Quality=52/70  Signal level=-58 dBm  
          Rx invalid nwid:0  Rx invalid crypt:0  Rx invalid frag:0
          Tx excessive retries:0  Invalid misc:0   Missed beacon:0

2021-04-21T19:00:09.857
*-*
Result
wlan0     IEEE 802.11  ESSID:"WirelessProject"  
          Mode:Managed  Frequency:2.412 GHz  Access Point: B8:27:EB:CC:AA:D5   
          Bit Rate=24 Mb/s   Tx-Power=31 dBm   
          Retry short limit:7   RTS thr:off   Fragment thr:off
          Power Management:on
          Link Quality=49/70  Signal level=-61 dBm  
          Rx invalid nwid:0  Rx invalid crypt:0  Rx invalid frag:0
          Tx excessive retries:0  Invalid misc:0   Missed beacon:0

2021-04-21T19:00:10.982
*-*
Result
wlan0     IEEE 802.11  ESSID:"WirelessProject"  
          Mode:Managed  Frequency:2.412 GHz  Access Point: B8:27:EB:CC:AA:D5   
          Bit Rate=72.2 Mb/s   Tx-Power=31 dBm   
          Retry short limit:7   RTS thr:off   Fragment thr:off
          Power Management:on
          Link Quality=47/70  Signal level=-63 dBm  
          Rx invalid nwid:0  Rx invalid crypt:0  Rx invalid frag:0
          Tx excessive retries:0  Invalid misc:0   Missed beacon:0

2021-04-21T19:00:12.107
*-*
Result
wlan0     IEEE 802.11  ESSID:"WirelessProject"  
          Mode:Managed  Frequency:2.412 GHz  Access Point: B8:27:EB:CC:AA:D5   
          Bit Rate=24 Mb/s   Tx-Power=31 dBm   
          Retry short limit:7   RTS thr:off   Fragment thr:off
          Power Management:on
          Link Quality=47/70  Signal level=-63 dBm  
          Rx invalid nwid:0  Rx invalid crypt:0  Rx invalid frag:0
          Tx excessive retries:0  Invalid misc:0   Missed beacon:0

2021-04-21T19:00:13.242
*-*
Result
wlan0     IEEE 802.11  ESSID:"WirelessProject"  
          Mode:Managed  Frequency:2.412 GHz  Access Point: B8:27:EB:CC:AA:D5   
          Bit Rate=24 Mb/s   Tx-Power=31 dBm   
          Retry short limit:7   RTS thr:off   Fragment thr:off
          Power Management:on
          Link Quality=47/70  Signal level=-63 dBm  
          Rx invalid nwid:0  Rx invalid crypt:0  Rx invalid frag:0
          Tx excessive retries:0  Invalid misc:0   Missed beacon:0

2021-04-21T19:00:14.369
*-*
Result
wlan0     IEEE 802.11  ESSID:"WirelessProject"  
          Mode:Managed  Frequency:2.412 GHz  Access Point: B8:27:EB:CC:AA:D5   
          Bit Rate=24 Mb/s   Tx-Power=31 dBm   
          Retry short limit:7   RTS thr:off   Fragment thr:off
          Power Management:on
          Link Quality=47/70  Signal level=-63 dBm  
          Rx invalid nwid:0  Rx invalid crypt:0  Rx invalid frag:0
          Tx excessive retries:0  Invalid misc:0   Missed beacon:0

2021-04-21T19:00:15.494
*-*
Result
wlan0     IEEE 802.11  ESSID:"WirelessProject"  
          Mode:Managed  Frequency:2.412 GHz  Access Point: B8:27:EB:CC:AA:D5   
          Bit Rate=24 Mb/s   Tx-Power=31 dBm   
          Retry short limit:7   RTS thr:off   Fragment thr:off
          Power Management:on
          Link Quality=47/70  Signal level=-63 dBm  
          Rx invalid nwid:0  Rx invalid crypt:0  Rx invalid frag:0
          Tx excessive retries:0  Invalid misc:0   Missed beacon:0

2021-04-21T19:00:16.620
*-*
Result
wlan0     IEEE 802.11  ESSID:"WirelessProject"  
          Mode:Managed  Frequency:2.412 GHz  Access Point: B8:27:EB:CC:AA:D5   
          Bit Rate=24 Mb/s   Tx-Power=31 dBm   
          Retry short limit:7   RTS thr:off   Fragment thr:off
          Power Management:on
          Link Quality=47/70  Signal level=-63 dBm  
          Rx invalid nwid:0  Rx invalid crypt:0  Rx invalid frag:0
          Tx excessive retries:0  Invalid misc:0   Missed beacon:0

2021-04-21T19:00:17.745
*-*
Result
wlan0     IEEE 802.11  ESSID:"WirelessProject"  
          Mode:Managed  Frequency:2.412 GHz  Access Point: B8:27:EB:CC:AA:D5   
          Bit Rate=24 Mb/s   Tx-Power=31 dBm   
          Retry short limit:7   RTS thr:off   Fragment thr:off
          Power Management:on
          Link Quality=46/70  Signal level=-64 dBm  
          Rx invalid nwid:0  Rx invalid crypt:0  Rx invalid frag:0
          Tx excessive retries:0  Invalid misc:0   Missed beacon:0

2021-04-21T19:00:18.871
*-*
Result
wlan0     IEEE 802.11  ESSID:"WirelessProject"  
          Mode:Managed  Frequency:2.412 GHz  Access Point: B8:27:EB:CC:AA:D5   
          Bit Rate=24 Mb/s   Tx-Power=31 dBm   
          Retry short limit:7   RTS thr:off   Fragment thr:off
          Power Management:on
          Link Quality=46/70  Signal level=-64 dBm  
          Rx invalid nwid:0  Rx invalid crypt:0  Rx invalid frag:0
          Tx excessive retries:0  Invalid misc:0   Missed beacon:0

2021-04-21T19:00:19.997
*-*
Result
wlan0     IEEE 802.11  ESSID:"WirelessProject"  
          Mode:Managed  Frequency:2.412 GHz  Access Point: B8:27:EB:CC:AA:D5   
          Bit Rate=24 Mb/s   Tx-Power=31 dBm   
          Retry short limit:7   RTS thr:off   Fragment thr:off
          Power Management:on
          Link Quality=46/70  Signal level=-64 dBm  
          Rx invalid nwid:0  Rx invalid crypt:0  Rx invalid frag:0
          Tx excessive retries:0  Invalid misc:0   Missed beacon:0

2021-04-21T19:00:21.123
*-*
Result
wlan0     IEEE 802.11  ESSID:"WirelessProject"  
          Mode:Managed  Frequency:2.412 GHz  Access Point: B8:27:EB:CC:AA:D5   
          Bit Rate=24 Mb/s   Tx-Power=31 dBm   
          Retry short limit:7   RTS thr:off   Fragment thr:off
          Power Management:on
          Link Quality=46/70  Signal level=-64 dBm  
          Rx invalid nwid:0  Rx invalid crypt:0  Rx invalid frag:0
          Tx excessive retries:0  Invalid misc:0   Missed beacon:0

2021-04-21T19:00:22.254
*-*
Result
wlan0     IEEE 802.11  ESSID:"WirelessProject"  
          Mode:Managed  Frequency:2.412 GHz  Access Point: B8:27:EB:CC:AA:D5   
          Bit Rate=24 Mb/s   Tx-Power=31 dBm   
          Retry short limit:7   RTS thr:off   Fragment thr:off
          Power Management:on
          Link Quality=46/70  Signal level=-64 dBm  
          Rx invalid nwid:0  Rx invalid crypt:0  Rx invalid frag:0
          Tx excessive retries:0  Invalid misc:0   Missed beacon:0

2021-04-21T19:00:23.379
*-*
Result
sudo iwlist wlan0 scan | egrep -B 5 -A 5 "ESSID:\"WirelessProject\"" >> network.log
date +%FT%T.%3N >> network.log
echo "*-*" >> network.log

wlan0     IEEE 802.11  ESSID:"WirelessProject"  
          Mode:Managed  Frequency:2.412 GHz  Access Point: B8:27:EB:CC:AA:D5   
          Bit Rate=24 Mb/s   Tx-Power=31 dBm   
          Retry short limit:7   RTS thr:off   Fragment thr:off
          Power Management:on
          Link Quality=46/70  Signal level=-64 dBm  
          Rx invalid nwid:0  Rx invalid crypt:0  Rx invalid frag:0
          Tx excessive retries:0  Invalid misc:0   Missed beacon:0

2021-04-21T19:00:24.504
*-*
Result
wlan0     IEEE 802.11  ESSID:"WirelessProject"  
          Mode:Managed  Frequency:2.412 GHz  Access Point: B8:27:EB:CC:AA:D5   
          Bit Rate=24 Mb/s   Tx-Power=31 dBm   
          Retry short limit:7   RTS thr:off   Fragment thr:off
          Power Management:on
          Link Quality=46/70  Signal level=-64 dBm  
          Rx invalid nwid:0  Rx invalid crypt:0  Rx invalid frag:0
          Tx excessive retries:0  Invalid misc:0   Missed beacon:0

2021-04-21T19:00:25.630
*-*
Result
wlan0     IEEE 802.11  ESSID:"WirelessProject"  
          Mode:Managed  Frequency:2.412 GHz  Access Point: B8:27:EB:CC:AA:D5   
          Bit Rate=24 Mb/s   Tx-Power=31 dBm   
          Retry short limit:7   RTS thr:off   Fragment thr:off
          Power Management:on
          Link Quality=46/70  Signal level=-64 dBm  
          Rx invalid nwid:0  Rx invalid crypt:0  Rx invalid frag:0
          Tx excessive retries:0  Invalid misc:0   Missed beacon:0

2021-04-21T19:00:26.755
*-*
Result
wlan0     IEEE 802.11  ESSID:"WirelessProject"  
          Mode:Managed  Frequency:2.412 GHz  Access Point: B8:27:EB:CC:AA:D5   
          Bit Rate=72.2 Mb/s   Tx-Power=31 dBm   
          Retry short limit:7   RTS thr:off   Fragment thr:off
          Power Management:on
          Link Quality=44/70  Signal level=-66 dBm  
          Rx invalid nwid:0  Rx invalid crypt:0  Rx invalid frag:0
          Tx excessive retries:0  Invalid misc:0   Missed beacon:0

2021-04-21T19:00:27.881
*-*
Result
wlan0     IEEE 802.11  ESSID:"WirelessProject"  
          Mode:Managed  Frequency:2.412 GHz  Access Point: B8:27:EB:CC:AA:D5   
          Bit Rate=24 Mb/s   Tx-Power=31 dBm   
          Retry short limit:7   RTS thr:off   Fragment thr:off
          Power Management:on
          Link Quality=44/70  Signal level=-66 dBm  
          Rx invalid nwid:0  Rx invalid crypt:0  Rx invalid frag:0
          Tx excessive retries:3  Invalid misc:0   Missed beacon:0

2021-04-21T19:00:29.006
*-*
Result
wlan0     IEEE 802.11  ESSID:"WirelessProject"  
          Mode:Managed  Frequency:2.412 GHz  Access Point: B8:27:EB:75:C1:31   
          Bit Rate=65 Mb/s   Tx-Power=31 dBm   
          Retry short limit:7   RTS thr:off   Fragment thr:off
          Power Management:on
          Link Quality=67/70  Signal level=-43 dBm  
          Rx invalid nwid:0  Rx invalid crypt:0  Rx invalid frag:0
          Tx excessive retries:0  Invalid misc:0   Missed beacon:0

2021-04-21T19:00:30.131
*-*
Result
wlan0     IEEE 802.11  ESSID:"WirelessProject"  
          Mode:Managed  Frequency:2.412 GHz  Access Point: B8:27:EB:75:C1:31   
          Bit Rate=65 Mb/s   Tx-Power=31 dBm   
          Retry short limit:7   RTS thr:off   Fragment thr:off
          Power Management:on
          Link Quality=63/70  Signal level=-47 dBm  
          Rx invalid nwid:0  Rx invalid crypt:0  Rx invalid frag:0
          Tx excessive retries:0  Invalid misc:0   Missed beacon:0

2021-04-21T19:00:31.258
*-*
Result
wlan0     IEEE 802.11  ESSID:"WirelessProject"  
          Mode:Managed  Frequency:2.412 GHz  Access Point: B8:27:EB:75:C1:31   
          Bit Rate=72.2 Mb/s   Tx-Power=31 dBm   
          Retry short limit:7   RTS thr:off   Fragment thr:off
          Power Management:on
          Link Quality=64/70  Signal level=-46 dBm  
          Rx invalid nwid:0  Rx invalid crypt:0  Rx invalid frag:0
          Tx excessive retries:0  Invalid misc:0   Missed beacon:0

2021-04-21T19:00:32.383
*-*
Result
wlan0     IEEE 802.11  ESSID:"WirelessProject"  
          Mode:Managed  Frequency:2.412 GHz  Access Point: B8:27:EB:75:C1:31   
          Bit Rate=72.2 Mb/s   Tx-Power=31 dBm   
          Retry short limit:7   RTS thr:off   Fragment thr:off
          Power Management:on
          Link Quality=59/70  Signal level=-51 dBm  
          Rx invalid nwid:0  Rx invalid crypt:0  Rx invalid frag:0
          Tx excessive retries:0  Invalid misc:0   Missed beacon:0

2021-04-21T19:00:33.520
*-*
Result
wlan0     IEEE 802.11  ESSID:"WirelessProject"  
          Mode:Managed  Frequency:2.412 GHz  Access Point: B8:27:EB:75:C1:31   
          Bit Rate=24 Mb/s   Tx-Power=31 dBm   
          Retry short limit:7   RTS thr:off   Fragment thr:off
          Power Management:on
          Link Quality=57/70  Signal level=-53 dBm  
          Rx invalid nwid:0  Rx invalid crypt:0  Rx invalid frag:0
          Tx excessive retries:0  Invalid misc:0   Missed beacon:0

2021-04-21T19:00:34.657
*-*
Result
wlan0     IEEE 802.11  ESSID:"WirelessProject"  
          Mode:Managed  Frequency:2.412 GHz  Access Point: B8:27:EB:75:C1:31   
          Bit Rate=72.2 Mb/s   Tx-Power=31 dBm   
          Retry short limit:7   RTS thr:off   Fragment thr:off
          Power Management:on
          Link Quality=48/70  Signal level=-62 dBm  
          Rx invalid nwid:0  Rx invalid crypt:0  Rx invalid frag:0
          Tx excessive retries:0  Invalid misc:0   Missed beacon:0

2021-04-21T19:00:35.784
*-*
Result
wlan0     IEEE 802.11  ESSID:"WirelessProject"  
          Mode:Managed  Frequency:2.412 GHz  Access Point: B8:27:EB:75:C1:31   
          Bit Rate=65 Mb/s   Tx-Power=31 dBm   
          Retry short limit:7   RTS thr:off   Fragment thr:off
          Power Management:on
          Link Quality=48/70  Signal level=-62 dBm  
          Rx invalid nwid:0  Rx invalid crypt:0  Rx invalid frag:0
          Tx excessive retries:0  Invalid misc:0   Missed beacon:0

2021-04-21T19:00:36.917
*-*
Result
wlan0     IEEE 802.11  ESSID:"WirelessProject"  
          Mode:Managed  Frequency:2.412 GHz  Access Point: B8:27:EB:75:C1:31   
          Bit Rate=65 Mb/s   Tx-Power=31 dBm   
          Retry short limit:7   RTS thr:off   Fragment thr:off
          Power Management:on
          Link Quality=44/70  Signal level=-66 dBm  
          Rx invalid nwid:0  Rx invalid crypt:0  Rx invalid frag:0
          Tx excessive retries:0  Invalid misc:0   Missed beacon:0

2021-04-21T19:00:38.045
*-*
Result
wlan0     IEEE 802.11  ESSID:"WirelessProject"  
          Mode:Managed  Frequency:2.412 GHz  Access Point: B8:27:EB:75:C1:31   
          Bit Rate=24 Mb/s   Tx-Power=31 dBm   
          Retry short limit:7   RTS thr:off   Fragment thr:off
          Power Management:on
          Link Quality=34/70  Signal level=-76 dBm  
          Rx invalid nwid:0  Rx invalid crypt:0  Rx invalid frag:0
          Tx excessive retries:8  Invalid misc:0   Missed beacon:0

2021-04-21T19:00:39.169
*-*
Result
wlan0     IEEE 802.11  ESSID:"WirelessProject"  
          Mode:Managed  Frequency:2.412 GHz  Access Point: B8:27:EB:75:C1:31   
          Bit Rate=5.5 Mb/s   Tx-Power=31 dBm   
          Retry short limit:7   RTS thr:off   Fragment thr:off
          Power Management:on
          Link Quality=37/70  Signal level=-73 dBm  
          Rx invalid nwid:0  Rx invalid crypt:0  Rx invalid frag:0
          Tx excessive retries:32  Invalid misc:0   Missed beacon:0

2021-04-21T19:00:40.300
*-*
Result
wlan0     IEEE 802.11  ESSID:"WirelessProject"  
          Mode:Managed  Frequency:2.412 GHz  Access Point: B8:27:EB:75:C1:31   
          Bit Rate=5.5 Mb/s   Tx-Power=31 dBm   
          Retry short limit:7   RTS thr:off   Fragment thr:off
          Power Management:on
          Link Quality=40/70  Signal level=-70 dBm  
          Rx invalid nwid:0  Rx invalid crypt:0  Rx invalid frag:0
          Tx excessive retries:34  Invalid misc:0   Missed beacon:0

2021-04-21T19:00:41.431
*-*
Result
wlan0     IEEE 802.11  ESSID:"WirelessProject"  
          Mode:Managed  Frequency:2.412 GHz  Access Point: B8:27:EB:75:C1:31   
          Bit Rate=5.5 Mb/s   Tx-Power=31 dBm   
          Retry short limit:7   RTS thr:off   Fragment thr:off
          Power Management:on
          Link Quality=31/70  Signal level=-79 dBm  
          Rx invalid nwid:0  Rx invalid crypt:0  Rx invalid frag:0
          Tx excessive retries:34  Invalid misc:0   Missed beacon:0

2021-04-21T19:00:42.570
*-*
Result
wlan0     IEEE 802.11  ESSID:"WirelessProject"  
          Mode:Managed  Frequency:2.412 GHz  Access Point: B8:27:EB:75:C1:31   
          Bit Rate=6.5 Mb/s   Tx-Power=31 dBm   
          Retry short limit:7   RTS thr:off   Fragment thr:off
          Power Management:on
          Link Quality=32/70  Signal level=-78 dBm  
          Rx invalid nwid:0  Rx invalid crypt:0  Rx invalid frag:0
          Tx excessive retries:41  Invalid misc:0   Missed beacon:0

2021-04-21T19:00:43.702
*-*
Result
wlan0     IEEE 802.11  ESSID:"WirelessProject"  
          Mode:Managed  Frequency:2.412 GHz  Access Point: B8:27:EB:75:C1:31   
          Bit Rate=5.5 Mb/s   Tx-Power=31 dBm   
          Retry short limit:7   RTS thr:off   Fragment thr:off
          Power Management:on
          Link Quality=31/70  Signal level=-79 dBm  
          Rx invalid nwid:0  Rx invalid crypt:0  Rx invalid frag:0
          Tx excessive retries:43  Invalid misc:0   Missed beacon:0

2021-04-21T19:00:44.828
*-*
Result
wlan0     IEEE 802.11  ESSID:"WirelessProject"  
          Mode:Managed  Frequency:2.412 GHz  Access Point: B8:27:EB:75:C1:31   
          Bit Rate=5.5 Mb/s   Tx-Power=31 dBm   
          Retry short limit:7   RTS thr:off   Fragment thr:off
          Power Management:on
          Link Quality=31/70  Signal level=-79 dBm  
          Rx invalid nwid:0  Rx invalid crypt:0  Rx invalid frag:0
          Tx excessive retries:43  Invalid misc:0   Missed beacon:0

2021-04-21T19:00:45.953
*-*
Result
wlan0     IEEE 802.11  ESSID:"WirelessProject"  
          Mode:Managed  Frequency:2.412 GHz  Access Point: B8:27:EB:75:C1:31   
          Bit Rate=5.5 Mb/s   Tx-Power=31 dBm   
          Retry short limit:7   RTS thr:off   Fragment thr:off
          Power Management:on
          Link Quality=31/70  Signal level=-79 dBm  
          Rx invalid nwid:0  Rx invalid crypt:0  Rx invalid frag:0
          Tx excessive retries:43  Invalid misc:0   Missed beacon:0

2021-04-21T19:00:47.078
*-*
Result
wlan0     IEEE 802.11  ESSID:"WirelessProject"  
          Mode:Managed  Frequency:2.412 GHz  Access Point: B8:27:EB:75:C1:31   
          Bit Rate=5.5 Mb/s   Tx-Power=31 dBm   
          Retry short limit:7   RTS thr:off   Fragment thr:off
          Power Management:on
          Link Quality=31/70  Signal level=-79 dBm  
          Rx invalid nwid:0  Rx invalid crypt:0  Rx invalid frag:0
          Tx excessive retries:44  Invalid misc:0   Missed beacon:0

2021-04-21T19:00:48.204
*-*
Result
wlan0     IEEE 802.11  ESSID:"WirelessProject"  
          Mode:Managed  Frequency:2.412 GHz  Access Point: B8:27:EB:75:C1:31   
          Bit Rate=5.5 Mb/s   Tx-Power=31 dBm   
          Retry short limit:7   RTS thr:off   Fragment thr:off
          Power Management:on
          Link Quality=31/70  Signal level=-79 dBm  
          Rx invalid nwid:0  Rx invalid crypt:0  Rx invalid frag:0
          Tx excessive retries:44  Invalid misc:0   Missed beacon:0

2021-04-21T19:00:49.329
*-*
Result
wlan0     IEEE 802.11  ESSID:"WirelessProject"  
          Mode:Managed  Frequency:2.412 GHz  Access Point: B8:27:EB:75:C1:31   
          Bit Rate=5.5 Mb/s   Tx-Power=31 dBm   
          Retry short limit:7   RTS thr:off   Fragment thr:off
          Power Management:on
          Link Quality=25/70  Signal level=-85 dBm  
          Rx invalid nwid:0  Rx invalid crypt:0  Rx invalid frag:0
          Tx excessive retries:44  Invalid misc:0   Missed beacon:0

2021-04-21T19:00:50.462
*-*
Result
wlan0     IEEE 802.11  ESSID:"WirelessProject"  
          Mode:Managed  Frequency:2.412 GHz  Access Point: B8:27:EB:75:C1:31   
          Bit Rate=1 Mb/s   Tx-Power=31 dBm   
          Retry short limit:7   RTS thr:off   Fragment thr:off
          Power Management:on
          Link Quality=23/70  Signal level=-87 dBm  
          Rx invalid nwid:0  Rx invalid crypt:0  Rx invalid frag:0
          Tx excessive retries:44  Invalid misc:0   Missed beacon:0

2021-04-21T19:00:52.045
*-*
Result
wlan0     IEEE 802.11  ESSID:"WirelessProject"  
          Mode:Managed  Frequency:2.412 GHz  Access Point: B8:27:EB:75:C1:31   
          Bit Rate=2 Mb/s   Tx-Power=31 dBm   
          Retry short limit:7   RTS thr:off   Fragment thr:off
          Power Management:on
          Link Quality=27/70  Signal level=-83 dBm  
          Rx invalid nwid:0  Rx invalid crypt:0  Rx invalid frag:0
          Tx excessive retries:44  Invalid misc:0   Missed beacon:0

2021-04-21T19:00:53.465
*-*
Result
wlan0     IEEE 802.11  ESSID:"WirelessProject"  
          Mode:Managed  Frequency:2.412 GHz  Access Point: B8:27:EB:75:C1:31   
          Bit Rate=1 Mb/s   Tx-Power=31 dBm   
          Retry short limit:7   RTS thr:off   Fragment thr:off
          Power Management:on
          Link Quality=27/70  Signal level=-83 dBm  
          Rx invalid nwid:0  Rx invalid crypt:0  Rx invalid frag:0
          Tx excessive retries:44  Invalid misc:0   Missed beacon:0

2021-04-21T19:00:54.782
*-*
Result
wlan0     IEEE 802.11  ESSID:"WirelessProject"  
          Mode:Managed  Frequency:2.412 GHz  Access Point: B8:27:EB:75:C1:31   
          Bit Rate=2 Mb/s   Tx-Power=31 dBm   
          Retry short limit:7   RTS thr:off   Fragment thr:off
          Power Management:on
          Link Quality=31/70  Signal level=-79 dBm  
          Rx invalid nwid:0  Rx invalid crypt:0  Rx invalid frag:0
          Tx excessive retries:44  Invalid misc:0   Missed beacon:0

2021-04-21T19:00:56.692
*-*
Result
wlan0     IEEE 802.11  ESSID:"WirelessProject"  
          Mode:Managed  Frequency:2.412 GHz  Access Point: B8:27:EB:75:C1:31   
          Bit Rate=2 Mb/s   Tx-Power=31 dBm   
          Retry short limit:7   RTS thr:off   Fragment thr:off
          Power Management:on
          Link Quality=26/70  Signal level=-84 dBm  
          Rx invalid nwid:0  Rx invalid crypt:0  Rx invalid frag:0
          Tx excessive retries:44  Invalid misc:0   Missed beacon:0

2021-04-21T19:00:57.819
*-*
Result
wlan0     IEEE 802.11  ESSID:"WirelessProject"  
          Mode:Managed  Frequency:2.412 GHz  Access Point: B8:27:EB:75:C1:31   
          Bit Rate=1 Mb/s   Tx-Power=31 dBm   
          Retry short limit:7   RTS thr:off   Fragment thr:off
          Power Management:on
          Link Quality=25/70  Signal level=-85 dBm  
          Rx invalid nwid:0  Rx invalid crypt:0  Rx invalid frag:0
          Tx excessive retries:44  Invalid misc:0   Missed beacon:0

2021-04-21T19:00:58.944
*-*
Result
wlan0     IEEE 802.11  ESSID:"WirelessProject"  
          Mode:Managed  Frequency:2.412 GHz  Access Point: B8:27:EB:75:C1:31   
          Bit Rate=1 Mb/s   Tx-Power=31 dBm   
          Retry short limit:7   RTS thr:off   Fragment thr:off
          Power Management:on
          Link Quality=25/70  Signal level=-85 dBm  
          Rx invalid nwid:0  Rx invalid crypt:0  Rx invalid frag:0
          Tx excessive retries:44  Invalid misc:0   Missed beacon:0

2021-04-21T19:01:00.069
*-*
Result
wlan0     IEEE 802.11  ESSID:"WirelessProject"  
          Mode:Managed  Frequency:2.412 GHz  Access Point: B8:27:EB:75:C1:31   
          Bit Rate=1 Mb/s   Tx-Power=31 dBm   
          Retry short limit:7   RTS thr:off   Fragment thr:off
          Power Management:on
          Link Quality=25/70  Signal level=-85 dBm  
          Rx invalid nwid:0  Rx invalid crypt:0  Rx invalid frag:0
          Tx excessive retries:44  Invalid misc:0   Missed beacon:0

2021-04-21T19:01:01.207
*-*
Result
wlan0     IEEE 802.11  ESSID:"WirelessProject"  
          Mode:Managed  Frequency:2.412 GHz  Access Point: B8:27:EB:75:C1:31   
          Bit Rate=1 Mb/s   Tx-Power=31 dBm   
          Retry short limit:7   RTS thr:off   Fragment thr:off
          Power Management:on
          Link Quality=25/70  Signal level=-85 dBm  
          Rx invalid nwid:0  Rx invalid crypt:0  Rx invalid frag:0
          Tx excessive retries:44  Invalid misc:0   Missed beacon:0

2021-04-21T19:01:02.332
*-*
Result
wlan0     IEEE 802.11  ESSID:"WirelessProject"  
          Mode:Managed  Frequency:2.412 GHz  Access Point: B8:27:EB:75:C1:31   
          Bit Rate=1 Mb/s   Tx-Power=31 dBm   
          Retry short limit:7   RTS thr:off   Fragment thr:off
          Power Management:on
          Link Quality=25/70  Signal level=-85 dBm  
          Rx invalid nwid:0  Rx invalid crypt:0  Rx invalid frag:0
          Tx excessive retries:44  Invalid misc:0   Missed beacon:0

2021-04-21T19:01:03.457
*-*
Result
wlan0     IEEE 802.11  ESSID:"WirelessProject"  
          Mode:Managed  Frequency:2.412 GHz  Access Point: B8:27:EB:75:C1:31   
          Bit Rate=1 Mb/s   Tx-Power=31 dBm   
          Retry short limit:7   RTS thr:off   Fragment thr:off
          Power Management:on
          Link Quality=25/70  Signal level=-85 dBm  
          Rx invalid nwid:0  Rx invalid crypt:0  Rx invalid frag:0
          Tx excessive retries:44  Invalid misc:0   Missed beacon:0

2021-04-21T19:01:04.582
*-*
Result
wlan0     IEEE 802.11  ESSID:"WirelessProject"  
          Mode:Managed  Frequency:2.412 GHz  Access Point: B8:27:EB:75:C1:31   
          Bit Rate=1 Mb/s   Tx-Power=31 dBm   
          Retry short limit:7   RTS thr:off   Fragment thr:off
          Power Management:on
          Link Quality=25/70  Signal level=-85 dBm  
          Rx invalid nwid:0  Rx invalid crypt:0  Rx invalid frag:0
          Tx excessive retries:44  Invalid misc:0   Missed beacon:0

2021-04-21T19:01:05.707
*-*
Result
wlan0     IEEE 802.11  ESSID:"WirelessProject"  
          Mode:Managed  Frequency:2.412 GHz  Access Point: B8:27:EB:75:C1:31   
          Bit Rate=1 Mb/s   Tx-Power=31 dBm   
          Retry short limit:7   RTS thr:off   Fragment thr:off
          Power Management:on
          Link Quality=24/70  Signal level=-86 dBm  
          Rx invalid nwid:0  Rx invalid crypt:0  Rx invalid frag:0
          Tx excessive retries:44  Invalid misc:0   Missed beacon:0

2021-04-21T19:01:06.838
*-*
Result
wlan0     IEEE 802.11  ESSID:"WirelessProject"  
          Mode:Managed  Frequency:2.412 GHz  Access Point: B8:27:EB:75:C1:31   
          Bit Rate=1 Mb/s   Tx-Power=31 dBm   
          Retry short limit:7   RTS thr:off   Fragment thr:off
          Power Management:on
          Link Quality=24/70  Signal level=-86 dBm  
          Rx invalid nwid:0  Rx invalid crypt:0  Rx invalid frag:0
          Tx excessive retries:44  Invalid misc:0   Missed beacon:0

2021-04-21T19:01:07.961
*-*
Result
wlan0     IEEE 802.11  ESSID:"WirelessProject"  
          Mode:Managed  Frequency:2.412 GHz  Access Point: B8:27:EB:75:C1:31   
          Bit Rate=1 Mb/s   Tx-Power=31 dBm   
          Retry short limit:7   RTS thr:off   Fragment thr:off
          Power Management:on
          Link Quality=24/70  Signal level=-86 dBm  
          Rx invalid nwid:0  Rx invalid crypt:0  Rx invalid frag:0
          Tx excessive retries:50  Invalid misc:0   Missed beacon:0

2021-04-21T19:01:09.087
*-*
Result
wlan0     IEEE 802.11  ESSID:"WirelessProject"  
          Mode:Managed  Frequency:2.412 GHz  Access Point: B8:27:EB:75:C1:31   
          Bit Rate=1 Mb/s   Tx-Power=31 dBm   
          Retry short limit:7   RTS thr:off   Fragment thr:off
          Power Management:on
          Link Quality=24/70  Signal level=-86 dBm  
          Rx invalid nwid:0  Rx invalid crypt:0  Rx invalid frag:0
          Tx excessive retries:77  Invalid misc:0   Missed beacon:0

2021-04-21T19:01:10.212
*-*
Result
wlan0     IEEE 802.11  ESSID:"WirelessProject"  
          Mode:Managed  Frequency:2.412 GHz  Access Point: B8:27:EB:75:C1:31   
          Bit Rate=1 Mb/s   Tx-Power=31 dBm   
          Retry short limit:7   RTS thr:off   Fragment thr:off
          Power Management:on
          Link Quality=24/70  Signal level=-86 dBm  
          Rx invalid nwid:0  Rx invalid crypt:0  Rx invalid frag:0
          Tx excessive retries:90  Invalid misc:0   Missed beacon:0

2021-04-21T19:01:11.338
*-*
Result
wlan0     IEEE 802.11  ESSID:"WirelessProject"  
          Mode:Managed  Frequency:2.412 GHz  Access Point: B8:27:EB:6C:F0:84   
          Bit Rate=52 Mb/s   Tx-Power=31 dBm   
          Retry short limit:7   RTS thr:off   Fragment thr:off
          Power Management:on
          Link Quality=22/70  Signal level=-88 dBm  
          Rx invalid nwid:0  Rx invalid crypt:0  Rx invalid frag:0
          Tx excessive retries:60  Invalid misc:0   Missed beacon:0

2021-04-21T19:01:12.463
*-*
Result
wlan0     IEEE 802.11  ESSID:"WirelessProject"  
          Mode:Managed  Frequency:2.412 GHz  Access Point: B8:27:EB:6C:F0:84   
          Bit Rate=26 Mb/s   Tx-Power=31 dBm   
          Retry short limit:7   RTS thr:off   Fragment thr:off
          Power Management:on
          Link Quality=23/70  Signal level=-87 dBm  
          Rx invalid nwid:0  Rx invalid crypt:0  Rx invalid frag:0
          Tx excessive retries:61  Invalid misc:0   Missed beacon:0

2021-04-21T19:01:13.607
*-*
Result
wlan0     IEEE 802.11  ESSID:"WirelessProject"  
          Mode:Managed  Frequency:2.412 GHz  Access Point: B8:27:EB:6C:F0:84   
          Bit Rate=19.5 Mb/s   Tx-Power=31 dBm   
          Retry short limit:7   RTS thr:off   Fragment thr:off
          Power Management:on
          Link Quality=23/70  Signal level=-87 dBm  
          Rx invalid nwid:0  Rx invalid crypt:0  Rx invalid frag:0
          Tx excessive retries:61  Invalid misc:0   Missed beacon:0

2021-04-21T19:01:14.738
*-*
Result
wlan0     IEEE 802.11  ESSID:"WirelessProject"  
          Mode:Managed  Frequency:2.412 GHz  Access Point: B8:27:EB:6C:F0:84   
          Bit Rate=19.5 Mb/s   Tx-Power=31 dBm   
          Retry short limit:7   RTS thr:off   Fragment thr:off
          Power Management:on
          Link Quality=23/70  Signal level=-87 dBm  
          Rx invalid nwid:0  Rx invalid crypt:0  Rx invalid frag:0
          Tx excessive retries:61  Invalid misc:0   Missed beacon:0

2021-04-21T19:01:15.867
*-*
Result
wlan0     IEEE 802.11  ESSID:"WirelessProject"  
          Mode:Managed  Frequency:2.412 GHz  Access Point: B8:27:EB:6C:F0:84   
          Bit Rate=19.5 Mb/s   Tx-Power=31 dBm   
          Retry short limit:7   RTS thr:off   Fragment thr:off
          Power Management:on
          Link Quality=24/70  Signal level=-86 dBm  
          Rx invalid nwid:0  Rx invalid crypt:0  Rx invalid frag:0
          Tx excessive retries:61  Invalid misc:0   Missed beacon:0

2021-04-21T19:01:16.992
*-*
Result
wlan0     IEEE 802.11  ESSID:"WirelessProject"  
          Mode:Managed  Frequency:2.412 GHz  Access Point: B8:27:EB:6C:F0:84   
          Bit Rate=19.5 Mb/s   Tx-Power=31 dBm   
          Retry short limit:7   RTS thr:off   Fragment thr:off
          Power Management:on
          Link Quality=24/70  Signal level=-86 dBm  
          Rx invalid nwid:0  Rx invalid crypt:0  Rx invalid frag:0
          Tx excessive retries:61  Invalid misc:0   Missed beacon:0

2021-04-21T19:01:18.117
*-*
Result
wlan0     IEEE 802.11  ESSID:"WirelessProject"  
          Mode:Managed  Frequency:2.412 GHz  Access Point: B8:27:EB:6C:F0:84   
          Bit Rate=21.6 Mb/s   Tx-Power=31 dBm   
          Retry short limit:7   RTS thr:off   Fragment thr:off
          Power Management:on
          Link Quality=28/70  Signal level=-82 dBm  
          Rx invalid nwid:0  Rx invalid crypt:0  Rx invalid frag:0
          Tx excessive retries:61  Invalid misc:0   Missed beacon:0

2021-04-21T19:01:19.264
*-*
Result
wlan0     IEEE 802.11  ESSID:"WirelessProject"  
          Mode:Managed  Frequency:2.412 GHz  Access Point: B8:27:EB:6C:F0:84   
          Bit Rate=21.6 Mb/s   Tx-Power=31 dBm   
          Retry short limit:7   RTS thr:off   Fragment thr:off
          Power Management:on
          Link Quality=33/70  Signal level=-77 dBm  
          Rx invalid nwid:0  Rx invalid crypt:0  Rx invalid frag:0
          Tx excessive retries:61  Invalid misc:0   Missed beacon:0

2021-04-21T19:01:20.396
*-*
Result
wlan0     IEEE 802.11  ESSID:"WirelessProject"  
          Mode:Managed  Frequency:2.412 GHz  Access Point: B8:27:EB:6C:F0:84   
          Bit Rate=28.8 Mb/s   Tx-Power=31 dBm   
          Retry short limit:7   RTS thr:off   Fragment thr:off
          Power Management:on
          Link Quality=38/70  Signal level=-72 dBm  
          Rx invalid nwid:0  Rx invalid crypt:0  Rx invalid frag:0
          Tx excessive retries:61  Invalid misc:0   Missed beacon:0

2021-04-21T19:01:21.530
*-*
Result
wlan0     IEEE 802.11  ESSID:"WirelessProject"  
          Mode:Managed  Frequency:2.412 GHz  Access Point: B8:27:EB:6C:F0:84   
          Bit Rate=57.7 Mb/s   Tx-Power=31 dBm   
          Retry short limit:7   RTS thr:off   Fragment thr:off
          Power Management:on
          Link Quality=39/70  Signal level=-71 dBm  
          Rx invalid nwid:0  Rx invalid crypt:0  Rx invalid frag:0
          Tx excessive retries:69  Invalid misc:0   Missed beacon:0

2021-04-21T19:01:22.670
*-*
Result
wlan0     IEEE 802.11  ESSID:"WirelessProject"  
          Mode:Managed  Frequency:2.412 GHz  Access Point: B8:27:EB:6C:F0:84   
          Bit Rate=43.3 Mb/s   Tx-Power=31 dBm   
          Retry short limit:7   RTS thr:off   Fragment thr:off
          Power Management:on
          Link Quality=46/70  Signal level=-64 dBm  
          Rx invalid nwid:0  Rx invalid crypt:0  Rx invalid frag:0
          Tx excessive retries:69  Invalid misc:0   Missed beacon:0

2021-04-21T19:01:23.803
*-*
Result
wlan0     IEEE 802.11  ESSID:"WirelessProject"  
          Mode:Managed  Frequency:2.412 GHz  Access Point: B8:27:EB:6C:F0:84   
          Bit Rate=65 Mb/s   Tx-Power=31 dBm   
          Retry short limit:7   RTS thr:off   Fragment thr:off
          Power Management:on
          Link Quality=43/70  Signal level=-67 dBm  
          Rx invalid nwid:0  Rx invalid crypt:0  Rx invalid frag:0
          Tx excessive retries:69  Invalid misc:0   Missed beacon:0

2021-04-21T19:01:24.930
*-*
Result
wlan0     IEEE 802.11  ESSID:"WirelessProject"  
          Mode:Managed  Frequency:2.412 GHz  Access Point: B8:27:EB:6C:F0:84   
          Bit Rate=72.2 Mb/s   Tx-Power=31 dBm   
          Retry short limit:7   RTS thr:off   Fragment thr:off
          Power Management:on
          Link Quality=60/70  Signal level=-50 dBm  
          Rx invalid nwid:0  Rx invalid crypt:0  Rx invalid frag:0
          Tx excessive retries:69  Invalid misc:0   Missed beacon:0

2021-04-21T19:01:26.061
*-*
Result
wlan0     IEEE 802.11  ESSID:"WirelessProject"  
          Mode:Managed  Frequency:2.412 GHz  Access Point: B8:27:EB:6C:F0:84   
          Bit Rate=72.2 Mb/s   Tx-Power=31 dBm   
          Retry short limit:7   RTS thr:off   Fragment thr:off
          Power Management:on
          Link Quality=60/70  Signal level=-50 dBm  
          Rx invalid nwid:0  Rx invalid crypt:0  Rx invalid frag:0
          Tx excessive retries:69  Invalid misc:0   Missed beacon:0

2021-04-21T19:01:27.188
*-*
Result
wlan0     IEEE 802.11  ESSID:"WirelessProject"  
          Mode:Managed  Frequency:2.412 GHz  Access Point: B8:27:EB:6C:F0:84   
          Bit Rate=72.2 Mb/s   Tx-Power=31 dBm   
          Retry short limit:7   RTS thr:off   Fragment thr:off
          Power Management:on
          Link Quality=60/70  Signal level=-50 dBm  
          Rx invalid nwid:0  Rx invalid crypt:0  Rx invalid frag:0
          Tx excessive retries:69  Invalid misc:0   Missed beacon:0

2021-04-21T19:01:28.324
*-*
Result
wlan0     IEEE 802.11  ESSID:"WirelessProject"  
          Mode:Managed  Frequency:2.412 GHz  Access Point: B8:27:EB:6C:F0:84   
          Bit Rate=24 Mb/s   Tx-Power=31 dBm   
          Retry short limit:7   RTS thr:off   Fragment thr:off
          Power Management:on
          Link Quality=60/70  Signal level=-50 dBm  
          Rx invalid nwid:0  Rx invalid crypt:0  Rx invalid frag:0
          Tx excessive retries:69  Invalid misc:0   Missed beacon:0

2021-04-21T19:01:29.452
*-*
Result
wlan0     IEEE 802.11  ESSID:"WirelessProject"  
          Mode:Managed  Frequency:2.412 GHz  Access Point: B8:27:EB:6C:F0:84   
          Bit Rate=24 Mb/s   Tx-Power=31 dBm   
          Retry short limit:7   RTS thr:off   Fragment thr:off
          Power Management:on
          Link Quality=58/70  Signal level=-52 dBm  
          Rx invalid nwid:0  Rx invalid crypt:0  Rx invalid frag:0
          Tx excessive retries:69  Invalid misc:0   Missed beacon:0

2021-04-21T19:01:30.580
*-*
Result
wlan0     IEEE 802.11  ESSID:"WirelessProject"  
          Mode:Managed  Frequency:2.412 GHz  Access Point: B8:27:EB:6C:F0:84   
          Bit Rate=24 Mb/s   Tx-Power=31 dBm   
          Retry short limit:7   RTS thr:off   Fragment thr:off
          Power Management:on
          Link Quality=56/70  Signal level=-54 dBm  
          Rx invalid nwid:0  Rx invalid crypt:0  Rx invalid frag:0
          Tx excessive retries:69  Invalid misc:0   Missed beacon:0

2021-04-21T19:01:31.706
*-*
Result
wlan0     IEEE 802.11  ESSID:"WirelessProject"  
          Mode:Managed  Frequency:2.412 GHz  Access Point: B8:27:EB:6C:F0:84   
          Bit Rate=58.5 Mb/s   Tx-Power=31 dBm   
          Retry short limit:7   RTS thr:off   Fragment thr:off
          Power Management:on
          Link Quality=45/70  Signal level=-65 dBm  
          Rx invalid nwid:0  Rx invalid crypt:0  Rx invalid frag:0
          Tx excessive retries:69  Invalid misc:0   Missed beacon:0

2021-04-21T19:01:32.840
*-*
Result
wlan0     IEEE 802.11  ESSID:"WirelessProject"  
          Mode:Managed  Frequency:2.412 GHz  Access Point: B8:27:EB:6C:F0:84   
          Bit Rate=58.5 Mb/s   Tx-Power=31 dBm   
          Retry short limit:7   RTS thr:off   Fragment thr:off
          Power Management:on
          Link Quality=44/70  Signal level=-66 dBm  
          Rx invalid nwid:0  Rx invalid crypt:0  Rx invalid frag:0
          Tx excessive retries:69  Invalid misc:0   Missed beacon:0

2021-04-21T19:01:33.993
*-*
Result
wlan0     IEEE 802.11  ESSID:"WirelessProject"  
          Mode:Managed  Frequency:2.412 GHz  Access Point: B8:27:EB:6C:F0:84   
          Bit Rate=52 Mb/s   Tx-Power=31 dBm   
          Retry short limit:7   RTS thr:off   Fragment thr:off
          Power Management:on
          Link Quality=45/70  Signal level=-65 dBm  
          Rx invalid nwid:0  Rx invalid crypt:0  Rx invalid frag:0
          Tx excessive retries:69  Invalid misc:0   Missed beacon:0

2021-04-21T19:01:35.131
*-*
Result
wlan0     IEEE 802.11  ESSID:"WirelessProject"  
          Mode:Managed  Frequency:2.412 GHz  Access Point: B8:27:EB:6C:F0:84   
          Bit Rate=24 Mb/s   Tx-Power=31 dBm   
          Retry short limit:7   RTS thr:off   Fragment thr:off
          Power Management:on
          Link Quality=32/70  Signal level=-78 dBm  
          Rx invalid nwid:0  Rx invalid crypt:0  Rx invalid frag:0
          Tx excessive retries:69  Invalid misc:0   Missed beacon:0

2021-04-21T19:01:36.261
*-*
Result
wlan0     IEEE 802.11  ESSID:"WirelessProject"  
          Mode:Managed  Frequency:2.412 GHz  Access Point: B8:27:EB:6C:F0:84   
          Bit Rate=43.3 Mb/s   Tx-Power=31 dBm   
          Retry short limit:7   RTS thr:off   Fragment thr:off
          Power Management:on
          Link Quality=37/70  Signal level=-73 dBm  
          Rx invalid nwid:0  Rx invalid crypt:0  Rx invalid frag:0
          Tx excessive retries:69  Invalid misc:0   Missed beacon:0

2021-04-21T19:01:37.393
*-*
Result
wlan0     IEEE 802.11  ESSID:"WirelessProject"  
          Mode:Managed  Frequency:2.412 GHz  Access Point: B8:27:EB:6C:F0:84   
          Bit Rate=43.3 Mb/s   Tx-Power=31 dBm   
          Retry short limit:7   RTS thr:off   Fragment thr:off
          Power Management:on
          Link Quality=37/70  Signal level=-73 dBm  
          Rx invalid nwid:0  Rx invalid crypt:0  Rx invalid frag:0
          Tx excessive retries:69  Invalid misc:0   Missed beacon:0

2021-04-21T19:01:38.519
*-*
Result
wlan0     IEEE 802.11  ESSID:"WirelessProject"  
          Mode:Managed  Frequency:2.412 GHz  Access Point: B8:27:EB:6C:F0:84   
          Bit Rate=24 Mb/s   Tx-Power=31 dBm   
          Retry short limit:7   RTS thr:off   Fragment thr:off
          Power Management:on
          Link Quality=37/70  Signal level=-73 dBm  
          Rx invalid nwid:0  Rx invalid crypt:0  Rx invalid frag:0
          Tx excessive retries:69  Invalid misc:0   Missed beacon:0

2021-04-21T19:01:39.644
*-*
Result
wlan0     IEEE 802.11  ESSID:"WirelessProject"  
          Mode:Managed  Frequency:2.412 GHz  Access Point: B8:27:EB:6C:F0:84   
          Bit Rate=24 Mb/s   Tx-Power=31 dBm   
          Retry short limit:7   RTS thr:off   Fragment thr:off
          Power Management:on
          Link Quality=37/70  Signal level=-73 dBm  
          Rx invalid nwid:0  Rx invalid crypt:0  Rx invalid frag:0
          Tx excessive retries:69  Invalid misc:0   Missed beacon:0

2021-04-21T19:01:40.775
*-*
Result
wlan0     IEEE 802.11  ESSID:"WirelessProject"  
          Mode:Managed  Frequency:2.412 GHz  Access Point: B8:27:EB:6C:F0:84   
          Bit Rate=24 Mb/s   Tx-Power=31 dBm   
          Retry short limit:7   RTS thr:off   Fragment thr:off
          Power Management:on
          Link Quality=37/70  Signal level=-73 dBm  
          Rx invalid nwid:0  Rx invalid crypt:0  Rx invalid frag:0
          Tx excessive retries:69  Invalid misc:0   Missed beacon:0

2021-04-21T19:01:41.904
*-*
Result
wlan0     IEEE 802.11  ESSID:"WirelessProject"  
          Mode:Managed  Frequency:2.412 GHz  Access Point: B8:27:EB:6C:F0:84   
          Bit Rate=24 Mb/s   Tx-Power=31 dBm   
          Retry short limit:7   RTS thr:off   Fragment thr:off
          Power Management:on
          Link Quality=36/70  Signal level=-74 dBm  
          Rx invalid nwid:0  Rx invalid crypt:0  Rx invalid frag:0
          Tx excessive retries:69  Invalid misc:0   Missed beacon:0

2021-04-21T19:01:43.045
*-*
Result
wlan0     IEEE 802.11  ESSID:"WirelessProject"  
          Mode:Managed  Frequency:2.412 GHz  Access Point: B8:27:EB:6C:F0:84   
          Bit Rate=65 Mb/s   Tx-Power=31 dBm   
          Retry short limit:7   RTS thr:off   Fragment thr:off
          Power Management:on
          Link Quality=40/70  Signal level=-70 dBm  
          Rx invalid nwid:0  Rx invalid crypt:0  Rx invalid frag:0
          Tx excessive retries:69  Invalid misc:0   Missed beacon:0

2021-04-21T19:01:44.176
*-*
Result
wlan0     IEEE 802.11  ESSID:"WirelessProject"  
          Mode:Managed  Frequency:2.412 GHz  Access Point: B8:27:EB:6C:F0:84   
          Bit Rate=57.7 Mb/s   Tx-Power=31 dBm   
          Retry short limit:7   RTS thr:off   Fragment thr:off
          Power Management:on
          Link Quality=40/70  Signal level=-70 dBm  
          Rx invalid nwid:0  Rx invalid crypt:0  Rx invalid frag:0
          Tx excessive retries:69  Invalid misc:0   Missed beacon:0

2021-04-21T19:01:45.305
*-*
Result
wlan0     IEEE 802.11  ESSID:"WirelessProject"  
          Mode:Managed  Frequency:2.412 GHz  Access Point: B8:27:EB:6C:F0:84   
          Bit Rate=57.7 Mb/s   Tx-Power=31 dBm   
          Retry short limit:7   RTS thr:off   Fragment thr:off
          Power Management:on
          Link Quality=40/70  Signal level=-70 dBm  
          Rx invalid nwid:0  Rx invalid crypt:0  Rx invalid frag:0
          Tx excessive retries:69  Invalid misc:0   Missed beacon:0

2021-04-21T19:01:46.437
*-*
Result
wlan0     IEEE 802.11  ESSID:"WirelessProject"  
          Mode:Managed  Frequency:2.412 GHz  Access Point: B8:27:EB:6C:F0:84   
          Bit Rate=58.5 Mb/s   Tx-Power=31 dBm   
          Retry short limit:7   RTS thr:off   Fragment thr:off
          Power Management:on
          Link Quality=42/70  Signal level=-68 dBm  
          Rx invalid nwid:0  Rx invalid crypt:0  Rx invalid frag:0
          Tx excessive retries:69  Invalid misc:0   Missed beacon:0

2021-04-21T19:01:47.568
*-*
Result
wlan0     IEEE 802.11  ESSID:"WirelessProject"  
          Mode:Managed  Frequency:2.412 GHz  Access Point: B8:27:EB:6C:F0:84   
          Bit Rate=43.3 Mb/s   Tx-Power=31 dBm   
          Retry short limit:7   RTS thr:off   Fragment thr:off
          Power Management:on
          Link Quality=36/70  Signal level=-74 dBm  
          Rx invalid nwid:0  Rx invalid crypt:0  Rx invalid frag:0
          Tx excessive retries:69  Invalid misc:0   Missed beacon:0

2021-04-21T19:01:48.695
*-*
Result
wlan0     IEEE 802.11  ESSID:"WirelessProject"  
          Mode:Managed  Frequency:2.412 GHz  Access Point: B8:27:EB:6C:F0:84   
          Bit Rate=43.3 Mb/s   Tx-Power=31 dBm   
          Retry short limit:7   RTS thr:off   Fragment thr:off
          Power Management:on
          Link Quality=38/70  Signal level=-72 dBm  
          Rx invalid nwid:0  Rx invalid crypt:0  Rx invalid frag:0
          Tx excessive retries:69  Invalid misc:0   Missed beacon:0

2021-04-21T19:01:49.826
*-*
Result
wlan0     IEEE 802.11  ESSID:"WirelessProject"  
          Mode:Managed  Frequency:2.412 GHz  Access Point: B8:27:EB:6C:F0:84   
          Bit Rate=43.3 Mb/s   Tx-Power=31 dBm   
          Retry short limit:7   RTS thr:off   Fragment thr:off
          Power Management:on
          Link Quality=38/70  Signal level=-72 dBm  
          Rx invalid nwid:0  Rx invalid crypt:0  Rx invalid frag:0
          Tx excessive retries:69  Invalid misc:0   Missed beacon:0

2021-04-21T19:01:50.955
*-*
Result
wlan0     IEEE 802.11  ESSID:"WirelessProject"  
          Mode:Managed  Frequency:2.412 GHz  Access Point: B8:27:EB:6C:F0:84   
          Bit Rate=24 Mb/s   Tx-Power=31 dBm   
          Retry short limit:7   RTS thr:off   Fragment thr:off
          Power Management:on
          Link Quality=38/70  Signal level=-72 dBm  
          Rx invalid nwid:0  Rx invalid crypt:0  Rx invalid frag:0
          Tx excessive retries:69  Invalid misc:0   Missed beacon:0

2021-04-21T19:01:52.083
*-*
Result
wlan0     IEEE 802.11  ESSID:"WirelessProject"  
          Mode:Managed  Frequency:2.412 GHz  Access Point: B8:27:EB:6C:F0:84   
          Bit Rate=24 Mb/s   Tx-Power=31 dBm   
          Retry short limit:7   RTS thr:off   Fragment thr:off
          Power Management:on
          Link Quality=39/70  Signal level=-71 dBm  
          Rx invalid nwid:0  Rx invalid crypt:0  Rx invalid frag:0
          Tx excessive retries:69  Invalid misc:0   Missed beacon:0

2021-04-21T19:01:53.212
*-*
Result
wlan0     IEEE 802.11  ESSID:"WirelessProject"  
          Mode:Managed  Frequency:2.412 GHz  Access Point: B8:27:EB:6C:F0:84   
          Bit Rate=43.3 Mb/s   Tx-Power=31 dBm   
          Retry short limit:7   RTS thr:off   Fragment thr:off
          Power Management:on
          Link Quality=40/70  Signal level=-70 dBm  
          Rx invalid nwid:0  Rx invalid crypt:0  Rx invalid frag:0
          Tx excessive retries:69  Invalid misc:0   Missed beacon:0

2021-04-21T19:01:54.362
*-*
Result
wlan0     IEEE 802.11  ESSID:"WirelessProject"  
          Mode:Managed  Frequency:2.412 GHz  Access Point: B8:27:EB:6C:F0:84   
          Bit Rate=43.3 Mb/s   Tx-Power=31 dBm   
          Retry short limit:7   RTS thr:off   Fragment thr:off
          Power Management:on
          Link Quality=41/70  Signal level=-69 dBm  
          Rx invalid nwid:0  Rx invalid crypt:0  Rx invalid frag:0
          Tx excessive retries:69  Invalid misc:0   Missed beacon:0

2021-04-21T19:01:55.496
*-*
Result
wlan0     IEEE 802.11  ESSID:"WirelessProject"  
          Mode:Managed  Frequency:2.412 GHz  Access Point: B8:27:EB:6C:F0:84   
          Bit Rate=24 Mb/s   Tx-Power=31 dBm   
          Retry short limit:7   RTS thr:off   Fragment thr:off
          Power Management:on
          Link Quality=41/70  Signal level=-69 dBm  
          Rx invalid nwid:0  Rx invalid crypt:0  Rx invalid frag:0
          Tx excessive retries:69  Invalid misc:0   Missed beacon:0

2021-04-21T19:01:56.685
*-*
