Sat May  1 16:41:02 2021
iperf3: error - unable to connect to server: Resource temporarily unavailable
Sat May  1 16:41:09 2021
iperf3: error - unable to connect to server: Resource temporarily unavailable
Sat May  1 16:41:16 2021
iperf3: error - unable to connect to server: Resource temporarily unavailable
Sat May  1 16:41:23 2021
iperf3: error - unable to connect to server: Resource temporarily unavailable
Sat May  1 16:41:30 2021
iperf3: error - unable to connect to server: Resource temporarily unavailable
Sat May  1 16:41:37 2021
iperf3: error - unable to connect to server: Resource temporarily unavailable
Sat May  1 16:41:44 2021
iperf3: error - unable to connect to server: Resource temporarily unavailable
Sat May  1 16:41:51 2021
iperf3: error - unable to connect to server: Resource temporarily unavailable
Sat May  1 16:41:58 2021
iperf3: error - unable to connect to server: Resource temporarily unavailable
Sat May  1 16:42:05 2021
iperf3: error - unable to connect to server: Resource temporarily unavailable
Sat May  1 16:42:12 2021
iperf3: error - unable to connect to server: Resource temporarily unavailable
Sat May  1 16:42:19 2021
iperf3: error - unable to connect to server: Resource temporarily unavailable
Sat May  1 16:42:26 2021
iperf3: error - unable to connect to server: Resource temporarily unavailable
Sat May  1 16:42:33 2021
Sat May  1 16:42:40 2021
Sat May  1 16:42:48 2021
Sat May  1 16:42:55 2021
Sat May  1 16:43:01 2021
Sat May  1 16:43:08 2021
Sat May  1 16:43:15 2021
Sat May  1 16:43:22 2021
Sat May  1 16:43:30 2021
Sat May  1 16:43:37 2021
Sat May  1 16:43:44 2021
Sat May  1 16:43:50 2021
Connecting to host nprabhalmac.wifi.local.cmu.edu, port 6003
[  5] local 192.168.7.176 port 59220 connected to 172.26.211.223 port 6003
[ ID] Interval           Transfer     Bitrate         Retr  Cwnd
[  5]   0.00-1.00   sec   364 KBytes  2.98 Mbits/sec    0   53.7 KBytes       
[  5]   1.00-2.00   sec   276 KBytes  2.26 Mbits/sec    0   65.7 KBytes       
[  5]   2.00-3.00   sec   220 KBytes  1.80 Mbits/sec   17   53.7 KBytes       
[  5]   3.00-4.00   sec   378 KBytes  3.10 Mbits/sec    1   42.9 KBytes       
[  5]   4.00-5.00   sec   252 KBytes  2.07 Mbits/sec    3   22.8 KBytes       
- - - - - - - - - - - - - - - - - - - - - - - - -
[ ID] Interval           Transfer     Bitrate         Retr
[  5]   0.00-5.00   sec  1.46 MBytes  2.44 Mbits/sec   21             sender
[  5]   0.00-5.00   sec  1.23 MBytes  2.07 Mbits/sec                  receiver

iperf Done.
Sat May  1 16:43:57 2021
Connecting to host nprabhalmac.wifi.local.cmu.edu, port 6003
[  5] local 192.168.7.176 port 59224 connected to 172.26.211.223 port 6003
[ ID] Interval           Transfer     Bitrate         Retr  Cwnd
[  5]   0.00-1.00   sec   495 KBytes  4.05 Mbits/sec    2   69.8 KBytes       
[  5]   1.00-2.00   sec   315 KBytes  2.58 Mbits/sec    3   51.0 KBytes       
[  5]   2.00-3.00   sec   252 KBytes  2.07 Mbits/sec    4   44.3 KBytes       
[  5]   3.00-4.00   sec   441 KBytes  3.62 Mbits/sec    1   34.9 KBytes       
[  5]   4.00-5.00   sec   441 KBytes  3.62 Mbits/sec    0   42.9 KBytes       
- - - - - - - - - - - - - - - - - - - - - - - - -
[ ID] Interval           Transfer     Bitrate         Retr
[  5]   0.00-5.00   sec  1.90 MBytes  3.19 Mbits/sec   10             sender
[  5]   0.00-5.00   sec  1.54 MBytes  2.58 Mbits/sec                  receiver

iperf Done.
Sat May  1 16:44:04 2021
Connecting to host nprabhalmac.wifi.local.cmu.edu, port 6003
[  5] local 192.168.7.176 port 59228 connected to 172.26.211.223 port 6003
[ ID] Interval           Transfer     Bitrate         Retr  Cwnd
[  5]   0.00-1.00   sec   274 KBytes  2.24 Mbits/sec    0   48.3 KBytes       
[  5]   1.00-2.00   sec  87.2 KBytes   715 Kbits/sec    0   52.3 KBytes       
[  5]   2.00-3.00   sec  79.2 KBytes   648 Kbits/sec    0   55.0 KBytes       
[  5]   3.00-4.00   sec   211 KBytes  1.73 Mbits/sec    0   61.7 KBytes       
[  5]   4.00-5.00   sec  0.00 Bytes  0.00 bits/sec    0   61.7 KBytes       
- - - - - - - - - - - - - - - - - - - - - - - - -
[ ID] Interval           Transfer     Bitrate         Retr
[  5]   0.00-5.00   sec   651 KBytes  1.07 Mbits/sec    0             sender
[  5]   0.00-5.00   sec   565 KBytes   925 Kbits/sec                  receiver

iperf Done.
Sat May  1 16:44:11 2021
Connecting to host nprabhalmac.wifi.local.cmu.edu, port 6003
[  5] local 192.168.7.176 port 59232 connected to 172.26.211.223 port 6003
[ ID] Interval           Transfer     Bitrate         Retr  Cwnd
[  5]   0.00-1.00   sec   160 KBytes  1.31 Mbits/sec    8   8.05 KBytes       
[  5]   1.00-2.00   sec  34.9 KBytes   286 Kbits/sec    0   10.7 KBytes       
[  5]   2.00-3.00   sec  73.8 KBytes   605 Kbits/sec    0   14.8 KBytes       
[  5]   3.00-4.00   sec  40.3 KBytes   330 Kbits/sec    0   16.1 KBytes       
[  5]   4.00-5.00   sec  87.2 KBytes   715 Kbits/sec    0   18.8 KBytes       
- - - - - - - - - - - - - - - - - - - - - - - - -
[ ID] Interval           Transfer     Bitrate         Retr
[  5]   0.00-5.00   sec   396 KBytes   649 Kbits/sec    8             sender
[  5]   0.00-5.00   sec   333 KBytes   545 Kbits/sec                  receiver

iperf Done.
Sat May  1 16:44:18 2021
Sat May  1 16:44:25 2021
Sat May  1 16:44:33 2021
Sat May  1 16:44:39 2021
iperf3: error - unable to connect to server: Resource temporarily unavailable
Sat May  1 16:44:46 2021
iperf3: error - unable to connect to server: Resource temporarily unavailable
Sat May  1 16:44:53 2021
Connecting to host nprabhalmac.wifi.local.cmu.edu, port 6002
[  5] local 192.168.7.176 port 46582 connected to 172.26.211.223 port 6002
[ ID] Interval           Transfer     Bitrate         Retr  Cwnd
[  5]   0.00-1.00   sec   247 KBytes  2.02 Mbits/sec   13   14.8 KBytes       
[  5]   1.00-2.00   sec   150 KBytes  1.23 Mbits/sec    5   14.8 KBytes       
[  5]   2.00-3.00   sec   126 KBytes  1.03 Mbits/sec   10   4.03 KBytes       
[  5]   3.00-4.00   sec   189 KBytes  1.55 Mbits/sec    6   6.71 KBytes       
[  5]   4.00-5.00   sec   204 KBytes  1.67 Mbits/sec    2   13.4 KBytes       
- - - - - - - - - - - - - - - - - - - - - - - - -
[ ID] Interval           Transfer     Bitrate         Retr
[  5]   0.00-5.00   sec   916 KBytes  1.50 Mbits/sec   36             sender
[  5]   0.00-5.00   sec   785 KBytes  1.29 Mbits/sec                  receiver

iperf Done.
Sat May  1 16:45:00 2021
Connecting to host nprabhalmac.wifi.local.cmu.edu, port 6002
[  5] local 192.168.7.176 port 46586 connected to 172.26.211.223 port 6002
[ ID] Interval           Transfer     Bitrate         Retr  Cwnd
[  5]   0.00-1.00   sec   416 KBytes  3.41 Mbits/sec    2   40.3 KBytes       
[  5]   1.00-2.00   sec   252 KBytes  2.07 Mbits/sec    7   16.1 KBytes       
[  5]   2.00-3.00   sec  0.00 Bytes  0.00 bits/sec    2   12.1 KBytes       
[  5]   3.00-4.00   sec   126 KBytes  1.03 Mbits/sec    4   10.7 KBytes       
[  5]   4.00-5.00   sec   126 KBytes  1.03 Mbits/sec    5   5.37 KBytes       
- - - - - - - - - - - - - - - - - - - - - - - - -
[ ID] Interval           Transfer     Bitrate         Retr
[  5]   0.00-5.00   sec   920 KBytes  1.51 Mbits/sec   20             sender
[  5]   0.00-5.00   sec   698 KBytes  1.14 Mbits/sec                  receiver

iperf Done.
Sat May  1 16:45:07 2021
Connecting to host nprabhalmac.wifi.local.cmu.edu, port 6002
[  5] local 192.168.7.176 port 46590 connected to 172.26.211.223 port 6002
[ ID] Interval           Transfer     Bitrate         Retr  Cwnd
[  5]   0.00-1.00   sec   121 KBytes   989 Kbits/sec    3   9.39 KBytes       
[  5]   1.00-2.00   sec   101 KBytes   825 Kbits/sec    6   8.05 KBytes       
[  5]   2.00-3.00   sec   134 KBytes  1.10 Mbits/sec    3   9.39 KBytes       
[  5]   3.00-4.00   sec  76.5 KBytes   626 Kbits/sec    4   6.71 KBytes       
[  5]   4.00-5.00   sec  72.5 KBytes   593 Kbits/sec    0   12.1 KBytes       
- - - - - - - - - - - - - - - - - - - - - - - - -
[ ID] Interval           Transfer     Bitrate         Retr
[  5]   0.00-5.00   sec   505 KBytes   826 Kbits/sec   16             sender
[  5]   0.00-5.00   sec   476 KBytes   780 Kbits/sec                  receiver

iperf Done.
Sat May  1 16:45:14 2021
Connecting to host nprabhalmac.wifi.local.cmu.edu, port 6002
[  5] local 192.168.7.176 port 46594 connected to 172.26.211.223 port 6002
[ ID] Interval           Transfer     Bitrate         Retr  Cwnd
[  5]   0.00-1.00   sec   153 KBytes  1.25 Mbits/sec    6   8.05 KBytes       
[  5]   1.00-2.00   sec  67.1 KBytes   549 Kbits/sec    2   9.39 KBytes       
[  5]   2.00-3.00   sec   126 KBytes  1.03 Mbits/sec    1   12.1 KBytes       
[  5]   3.00-4.00   sec  93.9 KBytes   769 Kbits/sec    0   17.4 KBytes       
[  5]   4.00-5.00   sec   209 KBytes  1.72 Mbits/sec    0   22.8 KBytes       
- - - - - - - - - - - - - - - - - - - - - - - - -
[ ID] Interval           Transfer     Bitrate         Retr
[  5]   0.00-5.00   sec   649 KBytes  1.06 Mbits/sec    9             sender
[  5]   0.00-5.00   sec   586 KBytes   961 Kbits/sec                  receiver

iperf Done.
Sat May  1 16:45:21 2021
Connecting to host nprabhalmac.wifi.local.cmu.edu, port 6002
[  5] local 192.168.7.176 port 46598 connected to 172.26.211.223 port 6002
[ ID] Interval           Transfer     Bitrate         Retr  Cwnd
[  5]   0.00-1.00   sec   220 KBytes  1.80 Mbits/sec    4   13.4 KBytes       
[  5]   1.00-2.00   sec  80.5 KBytes   659 Kbits/sec    6   6.71 KBytes       
[  5]   2.00-3.00   sec   172 KBytes  1.41 Mbits/sec    6   2.68 KBytes       
[  5]   3.00-4.00   sec  80.5 KBytes   659 Kbits/sec    2   5.37 KBytes       
[  5]   4.00-5.00   sec   158 KBytes  1.30 Mbits/sec   10   5.37 KBytes       
- - - - - - - - - - - - - - - - - - - - - - - - -
[ ID] Interval           Transfer     Bitrate         Retr
[  5]   0.00-5.00   sec   711 KBytes  1.17 Mbits/sec   28             sender
[  5]   0.00-5.00   sec   593 KBytes   972 Kbits/sec                  receiver

iperf Done.
Sat May  1 16:45:28 2021
Connecting to host nprabhalmac.wifi.local.cmu.edu, port 6002
[  5] local 192.168.7.176 port 46602 connected to 172.26.211.223 port 6002
[ ID] Interval           Transfer     Bitrate         Retr  Cwnd
[  5]   0.00-1.00   sec  71.1 KBytes   582 Kbits/sec    3   5.37 KBytes       
[  5]   1.00-2.00   sec   130 KBytes  1.07 Mbits/sec    5   9.39 KBytes       
[  5]   2.00-3.00   sec  47.0 KBytes   385 Kbits/sec    3   5.37 KBytes       
[  5]   3.00-4.00   sec   109 KBytes   890 Kbits/sec    9   6.71 KBytes       
[  5]   4.00-5.00   sec   113 KBytes   923 Kbits/sec    8   4.03 KBytes       
- - - - - - - - - - - - - - - - - - - - - - - - -
[ ID] Interval           Transfer     Bitrate         Retr
[  5]   0.00-5.00   sec   470 KBytes   769 Kbits/sec   28             sender
[  5]   0.00-5.00   sec   411 KBytes   673 Kbits/sec                  receiver

iperf Done.
Sat May  1 16:45:35 2021
Connecting to host nprabhalmac.wifi.local.cmu.edu, port 6002
[  5] local 192.168.7.176 port 46606 connected to 172.26.211.223 port 6002
[ ID] Interval           Transfer     Bitrate         Retr  Cwnd
[  5]   0.00-1.00   sec   146 KBytes  1.20 Mbits/sec    9   22.8 KBytes       
[  5]   1.00-2.00   sec   127 KBytes  1.04 Mbits/sec    6   8.05 KBytes       
[  5]   2.00-3.00   sec  0.00 Bytes  0.00 bits/sec    6   1.34 KBytes       
[  5]   3.00-4.00   sec  0.00 Bytes  0.00 bits/sec    4   6.71 KBytes       
[  5]   4.00-5.00   sec  71.1 KBytes   583 Kbits/sec    1   8.05 KBytes       
- - - - - - - - - - - - - - - - - - - - - - - - -
[ ID] Interval           Transfer     Bitrate         Retr
[  5]   0.00-5.00   sec   345 KBytes   565 Kbits/sec   26             sender
[  5]   0.00-5.00   sec   247 KBytes   404 Kbits/sec                  receiver

iperf Done.
Sat May  1 16:45:42 2021
Sat May  1 16:45:49 2021
iperf3: error - unable to connect to server: Resource temporarily unavailable
Sat May  1 16:45:56 2021
iperf3: error - unable to connect to server: Resource temporarily unavailable
Sat May  1 16:46:03 2021
Connecting to host nprabhalmac.wifi.local.cmu.edu, port 6001
[  5] local 192.168.7.176 port 53222 connected to 172.26.211.223 port 6001
[ ID] Interval           Transfer     Bitrate         Retr  Cwnd
[  5]   0.00-1.00   sec   314 KBytes  2.57 Mbits/sec   17   17.4 KBytes       
[  5]   1.00-2.00   sec   318 KBytes  2.61 Mbits/sec    8   16.1 KBytes       
[  5]   2.00-3.00   sec  84.5 KBytes   692 Kbits/sec    2   6.71 KBytes       
[  5]   3.00-4.00   sec   342 KBytes  2.80 Mbits/sec    8   17.4 KBytes       
[  5]   4.00-5.00   sec   396 KBytes  3.24 Mbits/sec    6   17.4 KBytes       
- - - - - - - - - - - - - - - - - - - - - - - - -
[ ID] Interval           Transfer     Bitrate         Retr
[  5]   0.00-5.00   sec  1.42 MBytes  2.38 Mbits/sec   41             sender
[  5]   0.00-5.00   sec  1.31 MBytes  2.19 Mbits/sec                  receiver

iperf Done.
Sat May  1 16:46:10 2021
Connecting to host nprabhalmac.wifi.local.cmu.edu, port 6001
[  5] local 192.168.7.176 port 53226 connected to 172.26.211.223 port 6001
[ ID] Interval           Transfer     Bitrate         Retr  Cwnd
[  5]   0.00-1.00   sec   417 KBytes  3.42 Mbits/sec   17   29.5 KBytes       
[  5]   1.00-2.00   sec   252 KBytes  2.07 Mbits/sec   14   17.4 KBytes       
[  5]   2.00-3.00   sec   126 KBytes  1.03 Mbits/sec    9   10.7 KBytes       
[  5]   3.00-4.00   sec   126 KBytes  1.03 Mbits/sec    7   16.1 KBytes       
[  5]   4.00-5.00   sec   252 KBytes  2.07 Mbits/sec   10   13.4 KBytes       
- - - - - - - - - - - - - - - - - - - - - - - - -
[ ID] Interval           Transfer     Bitrate         Retr
[  5]   0.00-5.00   sec  1.15 MBytes  1.92 Mbits/sec   57             sender
[  5]   0.00-5.00   sec   919 KBytes  1.51 Mbits/sec                  receiver

iperf Done.
Sat May  1 16:46:17 2021
Connecting to host nprabhalmac.wifi.local.cmu.edu, port 6001
[  5] local 192.168.7.176 port 53230 connected to 172.26.211.223 port 6001
[ ID] Interval           Transfer     Bitrate         Retr  Cwnd
[  5]   0.00-1.00   sec   372 KBytes  3.04 Mbits/sec   36   44.3 KBytes       
[  5]   1.00-2.00   sec   126 KBytes  1.03 Mbits/sec   15   36.2 KBytes       
[  5]   2.00-3.00   sec  0.00 Bytes  0.00 bits/sec    5   16.1 KBytes       
[  5]   3.00-4.00   sec  0.00 Bytes  0.00 bits/sec    1   12.1 KBytes       
[  5]   4.00-5.00   sec   126 KBytes  1.03 Mbits/sec    6   5.37 KBytes       
- - - - - - - - - - - - - - - - - - - - - - - - -
[ ID] Interval           Transfer     Bitrate         Retr
[  5]   0.00-5.00   sec   624 KBytes  1.02 Mbits/sec   63             sender
[  5]   0.00-5.00   sec   344 KBytes   563 Kbits/sec                  receiver

iperf Done.
Sat May  1 16:46:24 2021
Connecting to host nprabhalmac.wifi.local.cmu.edu, port 6001
[  5] local 192.168.7.176 port 53234 connected to 172.26.211.223 port 6001
[ ID] Interval           Transfer     Bitrate         Retr  Cwnd
[  5]   0.00-1.00   sec  76.5 KBytes   626 Kbits/sec    7   8.05 KBytes       
[  5]   1.00-2.00   sec  0.00 Bytes  0.00 bits/sec    2   4.03 KBytes       
[  5]   2.00-3.00   sec  44.3 KBytes   363 Kbits/sec    2   5.37 KBytes       
[  5]   3.00-4.00   sec  0.00 Bytes  0.00 bits/sec    0   5.37 KBytes       
[  5]   4.00-5.00   sec  0.00 Bytes  0.00 bits/sec    2   4.03 KBytes       
- - - - - - - - - - - - - - - - - - - - - - - - -
[ ID] Interval           Transfer     Bitrate         Retr
[  5]   0.00-5.00   sec   121 KBytes   198 Kbits/sec   13             sender
[  5]   0.00-5.00   sec  85.9 KBytes   141 Kbits/sec                  receiver

iperf Done.
Sat May  1 16:46:31 2021
Sat May  1 16:46:38 2021
iperf3: error - unable to connect to server: Resource temporarily unavailable
Sat May  1 16:46:45 2021
iperf3: error - unable to connect to server: Resource temporarily unavailable
Sat May  1 16:46:52 2021
Connecting to host nprabhalmac.wifi.local.cmu.edu, port 6002
[  5] local 192.168.7.176 port 46634 connected to 172.26.211.223 port 6002
[ ID] Interval           Transfer     Bitrate         Retr  Cwnd
[  5]   0.00-1.00   sec   223 KBytes  1.82 Mbits/sec   13   5.37 KBytes       
[  5]   1.00-2.00   sec  80.5 KBytes   660 Kbits/sec    3   6.71 KBytes       
[  5]   2.00-3.00   sec  83.2 KBytes   682 Kbits/sec    5   4.03 KBytes       
[  5]   3.00-4.00   sec  0.00 Bytes  0.00 bits/sec    2   6.71 KBytes       
[  5]   4.00-5.00   sec  80.5 KBytes   660 Kbits/sec    4   6.71 KBytes       
- - - - - - - - - - - - - - - - - - - - - - - - -
[ ID] Interval           Transfer     Bitrate         Retr
[  5]   0.00-5.00   sec   467 KBytes   765 Kbits/sec   27             sender
[  5]   0.00-5.00   sec   404 KBytes   662 Kbits/sec                  receiver

iperf Done.
Sat May  1 16:46:59 2021
Sat May  1 16:47:06 2021
Sat May  1 16:47:13 2021
Sat May  1 16:47:20 2021
iperf3: error - unable to connect to server: Resource temporarily unavailable
Sat May  1 16:47:27 2021
iperf3: error - unable to connect to server: Resource temporarily unavailable
Sat May  1 16:47:34 2021
Sat May  1 16:47:41 2021
Sat May  1 16:47:48 2021
Sat May  1 16:47:55 2021
Connecting to host nprabhalmac.wifi.local.cmu.edu, port 6003
[  5] local 192.168.7.176 port 59308 connected to 172.26.211.223 port 6003
[ ID] Interval           Transfer     Bitrate         Retr  Cwnd
[  5]   0.00-1.00   sec   309 KBytes  2.53 Mbits/sec    4   48.3 KBytes       
[  5]   1.00-2.00   sec   127 KBytes  1.04 Mbits/sec    9   37.6 KBytes       
[  5]   2.00-3.00   sec  0.00 Bytes  0.00 bits/sec    2   22.8 KBytes       
[  5]   3.00-4.00   sec   126 KBytes  1.03 Mbits/sec    5   18.8 KBytes       
[  5]   4.00-5.00   sec  0.00 Bytes  0.00 bits/sec    1   13.4 KBytes       
- - - - - - - - - - - - - - - - - - - - - - - - -
[ ID] Interval           Transfer     Bitrate         Retr
[  5]   0.00-5.00   sec   562 KBytes   921 Kbits/sec   21             sender
[  5]   0.00-5.00   sec   378 KBytes   620 Kbits/sec                  receiver

iperf Done.
Sat May  1 16:48:02 2021
Sat May  1 16:48:09 2021
Sat May  1 16:48:16 2021
Sat May  1 16:48:24 2021
Sat May  1 16:48:30 2021
Sat May  1 16:48:37 2021
Connecting to host nprabhalmac.wifi.local.cmu.edu, port 6003
[  5] local 192.168.7.176 port 59328 connected to 172.26.211.223 port 6003
[ ID] Interval           Transfer     Bitrate         Retr  Cwnd
[  5]   0.00-1.00   sec   178 KBytes  1.46 Mbits/sec    0   36.2 KBytes       
[  5]   1.00-2.00   sec  0.00 Bytes  0.00 bits/sec    0   51.0 KBytes       
[  5]   2.00-3.00   sec  0.00 Bytes  0.00 bits/sec    2   34.9 KBytes       
[  5]   3.00-4.00   sec  96.6 KBytes   792 Kbits/sec    0   36.2 KBytes       
[  5]   4.00-5.00   sec  81.8 KBytes   671 Kbits/sec    0   44.3 KBytes       
- - - - - - - - - - - - - - - - - - - - - - - - -
[ ID] Interval           Transfer     Bitrate         Retr
[  5]   0.00-5.00   sec   357 KBytes   585 Kbits/sec    2             sender
[  5]   0.00-5.00   sec   221 KBytes   363 Kbits/sec                  receiver

iperf Done.
Sat May  1 16:48:44 2021
Connecting to host nprabhalmac.wifi.local.cmu.edu, port 6003
[  5] local 192.168.7.176 port 59332 connected to 172.26.211.223 port 6003
[ ID] Interval           Transfer     Bitrate         Retr  Cwnd
[  5]   0.00-1.00   sec   121 KBytes   989 Kbits/sec    1   16.1 KBytes       
[  5]   1.00-2.00   sec  51.0 KBytes   418 Kbits/sec    0   18.8 KBytes       
[  5]   2.00-3.00   sec  0.00 Bytes  0.00 bits/sec    0   18.8 KBytes       
[  5]   3.00-4.00   sec   103 KBytes   847 Kbits/sec    0   18.8 KBytes       
[  5]   4.00-5.00   sec  55.0 KBytes   451 Kbits/sec    0   22.8 KBytes       
- - - - - - - - - - - - - - - - - - - - - - - - -
[ ID] Interval           Transfer     Bitrate         Retr
[  5]   0.00-5.00   sec   330 KBytes   541 Kbits/sec    1             sender
[  5]   0.00-5.00   sec   282 KBytes   462 Kbits/sec                  receiver

iperf Done.
Sat May  1 16:48:51 2021
Sat May  1 16:48:58 2021
Sat May  1 16:49:05 2021
Sat May  1 16:49:12 2021
iperf3: error - unable to connect stream: Connection refused
Connecting to host nprabhalmac.wifi.local.cmu.edu, port 6003
Sat May  1 16:49:19 2021
iperf3: error - unable to connect to server: Connection refused
Sat May  1 16:49:26 2021
iperf3: error - unable to connect to server: Connection refused
Sat May  1 16:49:33 2021
iperf3: error - unable to connect to server: Connection refused
Sat May  1 16:49:40 2021
iperf3: error - unable to connect to server: Connection refused
Sat May  1 16:49:47 2021
Sat May  1 16:49:54 2021
iperf3: error - unable to connect to server: Resource temporarily unavailable
Sat May  1 16:50:01 2021
iperf3: error - unable to connect to server: Resource temporarily unavailable
Sat May  1 16:50:08 2021
iperf3: error - unable to connect to server: Resource temporarily unavailable
Sat May  1 16:50:15 2021
iperf3: error - unable to connect to server: Resource temporarily unavailable
Sat May  1 16:50:22 2021
iperf3: error - unable to connect to server: Resource temporarily unavailable
Sat May  1 16:50:29 2021
iperf3: error - unable to connect to server: Resource temporarily unavailable
Sat May  1 16:50:36 2021
iperf3: error - unable to connect to server: Resource temporarily unavailable
Sat May  1 16:50:43 2021
iperf3: error - unable to connect to server: Resource temporarily unavailable
Sat May  1 16:50:50 2021
iperf3: error - unable to connect to server: Resource temporarily unavailable
Sat May  1 16:50:57 2021
iperf3: error - unable to connect to server: Resource temporarily unavailable
Sat May  1 16:51:04 2021
iperf3: error - unable to connect to server: Resource temporarily unavailable
Sat May  1 16:51:11 2021
iperf3: error - unable to connect to server: Resource temporarily unavailable
