Sun May  2 01:58:46 2021
iperf3: error - unable to connect to server: Resource temporarily unavailable
Sun May  2 01:58:53 2021
iperf3: error - unable to connect to server: Resource temporarily unavailable
Sun May  2 01:59:00 2021
iperf3: error - unable to connect to server: Resource temporarily unavailable
Sun May  2 01:59:07 2021
iperf3: error - unable to connect to server: Resource temporarily unavailable
Sun May  2 01:59:14 2021
iperf3: error - unable to connect to server: Resource temporarily unavailable
Sun May  2 01:59:21 2021
iperf3: error - unable to connect to server: Resource temporarily unavailable
Sun May  2 01:59:28 2021
iperf3: error - unable to connect to server: Resource temporarily unavailable
Sun May  2 01:59:35 2021
iperf3: error - unable to connect to server: Resource temporarily unavailable
Sun May  2 01:59:42 2021
iperf3: error - unable to connect to server: Resource temporarily unavailable
Sun May  2 01:59:49 2021
iperf3: error - unable to connect to server: Resource temporarily unavailable
Sun May  2 01:59:56 2021
iperf3: error - unable to connect to server: Resource temporarily unavailable
Sun May  2 02:00:03 2021
iperf3: error - unable to connect to server: Resource temporarily unavailable
Sun May  2 02:00:10 2021
iperf3: error - unable to connect to server: Resource temporarily unavailable
Sun May  2 02:00:17 2021
iperf3: error - unable to connect to server: Resource temporarily unavailable
Sun May  2 02:00:24 2021
iperf3: error - unable to connect to server: Resource temporarily unavailable
Sun May  2 02:00:31 2021
iperf3: error - unable to connect to server: Resource temporarily unavailable
Sun May  2 02:00:38 2021
iperf3: error - unable to connect to server: Resource temporarily unavailable
Sun May  2 02:00:45 2021
iperf3: error - unable to connect to server: Resource temporarily unavailable
Sun May  2 02:00:52 2021
iperf3: error - unable to connect to server: Resource temporarily unavailable
Sun May  2 02:00:59 2021
Sun May  2 02:01:06 2021
Connecting to host nprabhalmac.wifi.local.cmu.edu, port 6003
[  5] local 192.168.17.53 port 53886 connected to 172.26.211.223 port 6003
[ ID] Interval           Transfer     Bitrate         Retr  Cwnd
[  5]   0.00-1.00   sec  71.1 KBytes   582 Kbits/sec    7   12.1 KBytes       
[  5]   1.00-2.00   sec  0.00 Bytes  0.00 bits/sec    2   8.05 KBytes       
[  5]   2.00-3.00   sec  37.6 KBytes   308 Kbits/sec    3   2.68 KBytes       
[  5]   3.00-4.00   sec  0.00 Bytes  0.00 bits/sec    2   4.03 KBytes       
[  5]   4.00-5.00   sec  32.2 KBytes   264 Kbits/sec    1   4.03 KBytes       
- - - - - - - - - - - - - - - - - - - - - - - - -
[ ID] Interval           Transfer     Bitrate         Retr
[  5]   0.00-5.00   sec   141 KBytes   231 Kbits/sec   15             sender
[  5]   0.00-5.00   sec   102 KBytes   167 Kbits/sec                  receiver

iperf Done.
Sun May  2 02:01:13 2021
Connecting to host nprabhalmac.wifi.local.cmu.edu, port 6003
[  5] local 192.168.17.53 port 53890 connected to 172.26.211.223 port 6003
[ ID] Interval           Transfer     Bitrate         Retr  Cwnd
[  5]   0.00-1.00   sec  76.5 KBytes   626 Kbits/sec    3   10.7 KBytes       
[  5]   1.00-2.00   sec  0.00 Bytes  0.00 bits/sec    1   9.39 KBytes       
[  5]   2.00-3.00   sec  0.00 Bytes  0.00 bits/sec    1   6.71 KBytes       
[  5]   3.00-4.00   sec  49.6 KBytes   407 Kbits/sec    4   4.03 KBytes       
[  5]   4.00-5.00   sec  0.00 Bytes  0.00 bits/sec    1   6.71 KBytes       
- - - - - - - - - - - - - - - - - - - - - - - - -
[ ID] Interval           Transfer     Bitrate         Retr
[  5]   0.00-5.00   sec   126 KBytes   207 Kbits/sec   10             sender
[  5]   0.00-5.00   sec  99.3 KBytes   163 Kbits/sec                  receiver

iperf Done.
Sun May  2 02:01:20 2021
Sun May  2 02:01:28 2021
Sun May  2 02:01:34 2021
Connecting to host nprabhalmac.wifi.local.cmu.edu, port 6003
[  5] local 192.168.17.53 port 53900 connected to 172.26.211.223 port 6003
[ ID] Interval           Transfer     Bitrate         Retr  Cwnd
[  5]   0.00-1.00   sec  76.5 KBytes   626 Kbits/sec   12   17.4 KBytes       
[  5]   1.00-2.00   sec   136 KBytes  1.11 Mbits/sec   20   6.71 KBytes       
[  5]   2.00-3.00   sec   205 KBytes  1.68 Mbits/sec   11   9.39 KBytes       
[  5]   3.00-4.00   sec   242 KBytes  1.98 Mbits/sec    8   18.8 KBytes       
[  5]   4.00-5.00   sec   233 KBytes  1.91 Mbits/sec    8   20.1 KBytes       
- - - - - - - - - - - - - - - - - - - - - - - - -
[ ID] Interval           Transfer     Bitrate         Retr
[  5]   0.00-5.00   sec   892 KBytes  1.46 Mbits/sec   59             sender
[  5]   0.00-5.00   sec   829 KBytes  1.36 Mbits/sec                  receiver

iperf Done.
Sun May  2 02:01:41 2021
Connecting to host nprabhalmac.wifi.local.cmu.edu, port 6003
[  5] local 192.168.17.53 port 53904 connected to 172.26.211.223 port 6003
[ ID] Interval           Transfer     Bitrate         Retr  Cwnd
[  5]   0.00-1.00   sec   366 KBytes  3.00 Mbits/sec   17   32.2 KBytes       
[  5]   1.00-2.00   sec   315 KBytes  2.58 Mbits/sec    7   34.9 KBytes       
[  5]   2.00-3.00   sec   631 KBytes  5.17 Mbits/sec    8   36.2 KBytes       
[  5]   3.00-4.00   sec   252 KBytes  2.07 Mbits/sec   16   22.8 KBytes       
[  5]   4.00-5.00   sec   252 KBytes  2.07 Mbits/sec   14   8.05 KBytes       
- - - - - - - - - - - - - - - - - - - - - - - - -
[ ID] Interval           Transfer     Bitrate         Retr
[  5]   0.00-5.00   sec  1.77 MBytes  2.98 Mbits/sec   62             sender
[  5]   0.00-5.00   sec  1.65 MBytes  2.77 Mbits/sec                  receiver

iperf Done.
Sun May  2 02:01:48 2021
Connecting to host nprabhalmac.wifi.local.cmu.edu, port 6003
[  5] local 192.168.17.53 port 53908 connected to 172.26.211.223 port 6003
[ ID] Interval           Transfer     Bitrate         Retr  Cwnd
[  5]   0.00-1.00   sec   829 KBytes  6.79 Mbits/sec    3   64.4 KBytes       
[  5]   1.00-2.00   sec   441 KBytes  3.62 Mbits/sec    8   51.0 KBytes       
[  5]   2.00-3.00   sec   378 KBytes  3.10 Mbits/sec    9   29.5 KBytes       
[  5]   3.00-4.00   sec   252 KBytes  2.07 Mbits/sec   17   18.8 KBytes       
[  5]   4.00-5.00   sec   631 KBytes  5.17 Mbits/sec   10   24.2 KBytes       
- - - - - - - - - - - - - - - - - - - - - - - - -
[ ID] Interval           Transfer     Bitrate         Retr
[  5]   0.00-5.00   sec  2.47 MBytes  4.15 Mbits/sec   47             sender
[  5]   0.00-5.00   sec  2.24 MBytes  3.76 Mbits/sec                  receiver

iperf Done.
Sun May  2 02:01:55 2021
Connecting to host nprabhalmac.wifi.local.cmu.edu, port 6003
[  5] local 192.168.17.53 port 53912 connected to 172.26.211.223 port 6003
[ ID] Interval           Transfer     Bitrate         Retr  Cwnd
[  5]   0.00-1.00   sec   710 KBytes  5.81 Mbits/sec   13   44.3 KBytes       
[  5]   1.00-2.00   sec   252 KBytes  2.07 Mbits/sec    8   34.9 KBytes       
[  5]   2.00-3.00   sec   378 KBytes  3.10 Mbits/sec   16   24.2 KBytes       
[  5]   3.00-4.00   sec   252 KBytes  2.07 Mbits/sec    8   20.1 KBytes       
[  5]   4.00-5.00   sec   378 KBytes  3.10 Mbits/sec    8   20.1 KBytes       
- - - - - - - - - - - - - - - - - - - - - - - - -
[ ID] Interval           Transfer     Bitrate         Retr
[  5]   0.00-5.00   sec  1.92 MBytes  3.23 Mbits/sec   53             sender
[  5]   0.00-5.00   sec  1.68 MBytes  2.82 Mbits/sec                  receiver

iperf Done.
Sun May  2 02:02:02 2021
Connecting to host nprabhalmac.wifi.local.cmu.edu, port 6003
[  5] local 192.168.17.53 port 53916 connected to 172.26.211.223 port 6003
[ ID] Interval           Transfer     Bitrate         Retr  Cwnd
[  5]   0.00-1.00   sec   499 KBytes  4.09 Mbits/sec    0    127 KBytes       
[  5]   1.00-2.00   sec   189 KBytes  1.55 Mbits/sec    9   88.6 KBytes       
[  5]   2.00-3.00   sec   189 KBytes  1.55 Mbits/sec   32   44.3 KBytes       
[  5]   3.00-4.00   sec   189 KBytes  1.55 Mbits/sec   24   16.1 KBytes       
[  5]   4.00-5.00   sec   189 KBytes  1.55 Mbits/sec    0   22.8 KBytes       
- - - - - - - - - - - - - - - - - - - - - - - - -
[ ID] Interval           Transfer     Bitrate         Retr
[  5]   0.00-5.00   sec  1.23 MBytes  2.06 Mbits/sec   65             sender
[  5]   0.00-5.00   sec   934 KBytes  1.53 Mbits/sec                  receiver

iperf Done.
Sun May  2 02:02:09 2021
Connecting to host nprabhalmac.wifi.local.cmu.edu, port 6003
[  5] local 192.168.17.53 port 53920 connected to 172.26.211.223 port 6003
[ ID] Interval           Transfer     Bitrate         Retr  Cwnd
[  5]   0.00-1.00   sec   311 KBytes  2.55 Mbits/sec    0   60.4 KBytes       
[  5]   1.00-2.00   sec   268 KBytes  2.20 Mbits/sec    8   47.0 KBytes       
[  5]   2.00-3.00   sec   252 KBytes  2.07 Mbits/sec    8   38.9 KBytes       
[  5]   3.00-4.00   sec  0.00 Bytes  0.00 bits/sec    8   29.5 KBytes       
[  5]   4.00-5.00   sec   126 KBytes  1.03 Mbits/sec    8   24.2 KBytes       
- - - - - - - - - - - - - - - - - - - - - - - - -
[ ID] Interval           Transfer     Bitrate         Retr
[  5]   0.00-5.00   sec   958 KBytes  1.57 Mbits/sec   32             sender
[  5]   0.00-5.00   sec   788 KBytes  1.29 Mbits/sec                  receiver

iperf Done.
Sun May  2 02:02:16 2021
Sun May  2 02:02:23 2021
Sun May  2 02:02:30 2021
Sun May  2 02:02:38 2021
Sun May  2 02:02:44 2021
Sun May  2 02:02:52 2021
Sun May  2 02:02:59 2021
Sun May  2 02:03:06 2021
Sun May  2 02:03:13 2021
Sun May  2 02:03:20 2021
Sun May  2 02:03:27 2021
Sun May  2 02:03:34 2021
iperf3: error - unable to connect to server: Resource temporarily unavailable
Sun May  2 02:03:41 2021
iperf3: error - unable to connect to server: Resource temporarily unavailable
Sun May  2 02:03:48 2021
Sun May  2 02:03:55 2021
Connecting to host nprabhalmac.wifi.local.cmu.edu, port 6002
[  5] local 192.168.17.53 port 58810 connected to 172.26.211.223 port 6002
[ ID] Interval           Transfer     Bitrate         Retr  Cwnd
[  5]   0.00-1.00   sec   262 KBytes  2.14 Mbits/sec   13   34.9 KBytes       
[  5]   1.00-2.00   sec   174 KBytes  1.43 Mbits/sec    1   26.8 KBytes       
[  5]   2.00-3.00   sec   126 KBytes  1.03 Mbits/sec   10   5.37 KBytes       
[  5]   3.00-4.00   sec   126 KBytes  1.03 Mbits/sec    6   5.37 KBytes       
[  5]   4.00-5.00   sec   189 KBytes  1.55 Mbits/sec    8   8.05 KBytes       
- - - - - - - - - - - - - - - - - - - - - - - - -
[ ID] Interval           Transfer     Bitrate         Retr
[  5]   0.00-5.00   sec   878 KBytes  1.44 Mbits/sec   38             sender
[  5]   0.00-5.00   sec   729 KBytes  1.19 Mbits/sec                  receiver

iperf Done.
Sun May  2 02:04:02 2021
Sun May  2 02:04:09 2021
Connecting to host nprabhalmac.wifi.local.cmu.edu, port 6002
[  5] local 192.168.17.53 port 58818 connected to 172.26.211.223 port 6002
[ ID] Interval           Transfer     Bitrate         Retr  Cwnd
[  5]   0.00-1.00   sec   191 KBytes  1.56 Mbits/sec    0   45.6 KBytes       
[  5]   1.00-2.00   sec   187 KBytes  1.53 Mbits/sec    0   53.7 KBytes       
[  5]   2.00-3.00   sec  84.5 KBytes   693 Kbits/sec    0   57.7 KBytes       
[  5]   3.00-4.00   sec   203 KBytes  1.66 Mbits/sec    0   63.1 KBytes       
[  5]   4.00-5.00   sec  0.00 Bytes  0.00 bits/sec    2   41.6 KBytes       
- - - - - - - - - - - - - - - - - - - - - - - - -
[ ID] Interval           Transfer     Bitrate         Retr
[  5]   0.00-5.00   sec   664 KBytes  1.09 Mbits/sec    2             sender
[  5]   0.00-5.00   sec   558 KBytes   914 Kbits/sec                  receiver

iperf Done.
Sun May  2 02:04:16 2021
Connecting to host nprabhalmac.wifi.local.cmu.edu, port 6002
[  5] local 192.168.17.53 port 58822 connected to 172.26.211.223 port 6002
[ ID] Interval           Transfer     Bitrate         Retr  Cwnd
[  5]   0.00-1.00   sec   160 KBytes  1.31 Mbits/sec   15   6.71 KBytes       
[  5]   1.00-2.00   sec  64.4 KBytes   527 Kbits/sec    6   4.03 KBytes       
[  5]   2.00-3.00   sec  95.3 KBytes   781 Kbits/sec    4   5.37 KBytes       
[  5]   3.00-4.00   sec   109 KBytes   890 Kbits/sec    4   8.05 KBytes       
[  5]   4.00-5.00   sec  96.6 KBytes   791 Kbits/sec   10   2.68 KBytes       
- - - - - - - - - - - - - - - - - - - - - - - - -
[ ID] Interval           Transfer     Bitrate         Retr
[  5]   0.00-5.00   sec   525 KBytes   860 Kbits/sec   39             sender
[  5]   0.00-5.00   sec   476 KBytes   780 Kbits/sec                  receiver

iperf Done.
Sun May  2 02:04:23 2021
Connecting to host nprabhalmac.wifi.local.cmu.edu, port 6002
[  5] local 192.168.17.53 port 58826 connected to 172.26.211.223 port 6002
[ ID] Interval           Transfer     Bitrate         Retr  Cwnd
[  5]   0.00-1.00   sec   136 KBytes  1.11 Mbits/sec    5   9.39 KBytes       
[  5]   1.00-2.00   sec  48.3 KBytes   396 Kbits/sec    3   8.05 KBytes       
[  5]   2.00-3.00   sec  96.6 KBytes   792 Kbits/sec    1   9.39 KBytes       
[  5]   3.00-4.00   sec  91.2 KBytes   747 Kbits/sec    6   8.05 KBytes       
[  5]   4.00-5.00   sec  87.2 KBytes   714 Kbits/sec    6   6.71 KBytes       
- - - - - - - - - - - - - - - - - - - - - - - - -
[ ID] Interval           Transfer     Bitrate         Retr
[  5]   0.00-5.00   sec   459 KBytes   752 Kbits/sec   21             sender
[  5]   0.00-5.00   sec   413 KBytes   677 Kbits/sec                  receiver

iperf Done.
Sun May  2 02:04:30 2021
Connecting to host nprabhalmac.wifi.local.cmu.edu, port 6002
[  5] local 192.168.17.53 port 58830 connected to 172.26.211.223 port 6002
[ ID] Interval           Transfer     Bitrate         Retr  Cwnd
[  5]   0.00-1.00   sec   176 KBytes  1.44 Mbits/sec    0   42.9 KBytes       
[  5]   1.00-2.00   sec   101 KBytes   824 Kbits/sec    0   47.0 KBytes       
[  5]   2.00-3.00   sec  95.3 KBytes   781 Kbits/sec    6   21.5 KBytes       
[  5]   3.00-4.00   sec  63.1 KBytes   517 Kbits/sec    7   16.1 KBytes       
[  5]   4.00-5.00   sec  63.1 KBytes   517 Kbits/sec   20   6.71 KBytes       
- - - - - - - - - - - - - - - - - - - - - - - - -
[ ID] Interval           Transfer     Bitrate         Retr
[  5]   0.00-5.00   sec   498 KBytes   816 Kbits/sec   33             sender
[  5]   0.00-5.00   sec   380 KBytes   622 Kbits/sec                  receiver

iperf Done.
Sun May  2 02:04:37 2021
Sun May  2 02:04:44 2021
Connecting to host nprabhalmac.wifi.local.cmu.edu, port 6002
[  5] local 192.168.17.53 port 58838 connected to 172.26.211.223 port 6002
[ ID] Interval           Transfer     Bitrate         Retr  Cwnd
[  5]   0.00-1.00   sec   177 KBytes  1.45 Mbits/sec    8   28.2 KBytes       
[  5]   1.00-2.00   sec  80.5 KBytes   659 Kbits/sec   17   9.39 KBytes       
[  5]   2.00-3.00   sec   136 KBytes  1.11 Mbits/sec    1   18.8 KBytes       
[  5]   3.00-4.00   sec  63.1 KBytes   516 Kbits/sec    8   5.37 KBytes       
[  5]   4.00-5.00   sec   126 KBytes  1.03 Mbits/sec    4   8.05 KBytes       
- - - - - - - - - - - - - - - - - - - - - - - - -
[ ID] Interval           Transfer     Bitrate         Retr
[  5]   0.00-5.00   sec   582 KBytes   954 Kbits/sec   38             sender
[  5]   0.00-5.00   sec   445 KBytes   730 Kbits/sec                  receiver

iperf Done.
Sun May  2 02:04:51 2021
Connecting to host nprabhalmac.wifi.local.cmu.edu, port 6002
[  5] local 192.168.17.53 port 58842 connected to 172.26.211.223 port 6002
[ ID] Interval           Transfer     Bitrate         Retr  Cwnd
[  5]   0.00-1.00   sec   131 KBytes  1.08 Mbits/sec    4   14.8 KBytes       
[  5]   1.00-2.00   sec  45.6 KBytes   374 Kbits/sec    5   9.39 KBytes       
[  5]   2.00-3.00   sec  79.2 KBytes   649 Kbits/sec    9   6.71 KBytes       
[  5]   3.00-4.00   sec   101 KBytes   824 Kbits/sec    4   5.37 KBytes       
[  5]   4.00-5.00   sec  47.0 KBytes   385 Kbits/sec    3   8.05 KBytes       
- - - - - - - - - - - - - - - - - - - - - - - - -
[ ID] Interval           Transfer     Bitrate         Retr
[  5]   0.00-5.00   sec   404 KBytes   662 Kbits/sec   25             sender
[  5]   0.00-5.00   sec   337 KBytes   552 Kbits/sec                  receiver

iperf Done.
Sun May  2 02:04:58 2021
Sun May  2 02:05:05 2021
Sun May  2 02:05:12 2021
Sun May  2 02:05:19 2021
Sun May  2 02:05:26 2021
Sun May  2 02:05:33 2021
iperf3: error - the server is busy running a test. try again later
Sun May  2 02:05:40 2021
Connecting to host nprabhalmac.wifi.local.cmu.edu, port 6002
[  5] local 192.168.17.53 port 58868 connected to 172.26.211.223 port 6002
[ ID] Interval           Transfer     Bitrate         Retr  Cwnd
[  5]   0.00-1.00   sec  76.5 KBytes   626 Kbits/sec    1   1.34 KBytes       
[  5]   1.00-2.00   sec  53.7 KBytes   440 Kbits/sec    1   21.5 KBytes       
[  5]   2.00-3.00   sec  85.9 KBytes   703 Kbits/sec    1   17.4 KBytes       
[  5]   3.00-4.00   sec  0.00 Bytes  0.00 bits/sec    2   13.4 KBytes       
[  5]   4.00-5.00   sec  89.9 KBytes   736 Kbits/sec    0   17.4 KBytes       
- - - - - - - - - - - - - - - - - - - - - - - - -
[ ID] Interval           Transfer     Bitrate         Retr
[  5]   0.00-5.00   sec   306 KBytes   501 Kbits/sec    5             sender
[  5]   0.00-5.00   sec   229 KBytes   376 Kbits/sec                  receiver

iperf Done.
Sun May  2 02:05:47 2021
Sun May  2 02:05:54 2021
Sun May  2 02:06:01 2021
Sun May  2 02:06:08 2021
Sun May  2 02:06:15 2021
Sun May  2 02:06:22 2021
Sun May  2 02:06:29 2021
Sun May  2 02:06:36 2021
Sun May  2 02:06:43 2021
Sun May  2 02:06:50 2021
Sun May  2 02:06:57 2021
Sun May  2 02:07:04 2021
Connecting to host nprabhalmac.wifi.local.cmu.edu, port 6002
[  5] local 192.168.17.53 port 58916 connected to 172.26.211.223 port 6002
[ ID] Interval           Transfer     Bitrate         Retr  Cwnd
[  5]   0.00-1.00   sec   204 KBytes  1.67 Mbits/sec    0   42.9 KBytes       
[  5]   1.00-2.00   sec  98.0 KBytes   803 Kbits/sec    0   47.0 KBytes       
[  5]   2.00-3.00   sec  0.00 Bytes  0.00 bits/sec    0   49.6 KBytes       
[  5]   3.00-4.00   sec  92.6 KBytes   759 Kbits/sec    0   57.7 KBytes       
[  5]   4.00-5.00   sec  71.1 KBytes   583 Kbits/sec    1   51.0 KBytes       
- - - - - - - - - - - - - - - - - - - - - - - - -
[ ID] Interval           Transfer     Bitrate         Retr
[  5]   0.00-5.00   sec   466 KBytes   763 Kbits/sec    1             sender
[  5]   0.00-5.00   sec   357 KBytes   585 Kbits/sec                  receiver

iperf Done.
Sun May  2 02:07:11 2021
Connecting to host nprabhalmac.wifi.local.cmu.edu, port 6002
[  5] local 192.168.17.53 port 58920 connected to 172.26.211.223 port 6002
[ ID] Interval           Transfer     Bitrate         Retr  Cwnd
[  5]   0.00-1.00   sec   199 KBytes  1.63 Mbits/sec    0   42.9 KBytes       
[  5]   1.00-2.00   sec  98.0 KBytes   802 Kbits/sec    0   47.0 KBytes       
[  5]   2.00-3.00   sec  89.9 KBytes   737 Kbits/sec    0   51.0 KBytes       
[  5]   3.00-4.00   sec  0.00 Bytes  0.00 bits/sec    0   53.7 KBytes       
[  5]   4.00-5.00   sec   200 KBytes  1.64 Mbits/sec    0   68.4 KBytes       
- - - - - - - - - - - - - - - - - - - - - - - - -
[ ID] Interval           Transfer     Bitrate         Retr
[  5]   0.00-5.00   sec   586 KBytes   961 Kbits/sec    0             sender
[  5]   0.00-5.00   sec   396 KBytes   648 Kbits/sec                  receiver

iperf Done.
Sun May  2 02:07:18 2021
Connecting to host nprabhalmac.wifi.local.cmu.edu, port 6002
[  5] local 192.168.17.53 port 58924 connected to 172.26.211.223 port 6002
[ ID] Interval           Transfer     Bitrate         Retr  Cwnd
[  5]   0.00-1.00   sec   191 KBytes  1.56 Mbits/sec    0   44.3 KBytes       
[  5]   1.00-2.00   sec  0.00 Bytes  0.00 bits/sec    0   45.6 KBytes       
[  5]   2.00-3.00   sec  98.0 KBytes   803 Kbits/sec    0   48.3 KBytes       
[  5]   3.00-4.00   sec  0.00 Bytes  0.00 bits/sec    5   12.1 KBytes       
[  5]   4.00-5.00   sec   145 KBytes  1.19 Mbits/sec   10   9.39 KBytes       
- - - - - - - - - - - - - - - - - - - - - - - - -
[ ID] Interval           Transfer     Bitrate         Retr
[  5]   0.00-5.00   sec   433 KBytes   710 Kbits/sec   15             sender
[  5]   0.00-5.00   sec   288 KBytes   473 Kbits/sec                  receiver

iperf Done.
Sun May  2 02:07:25 2021
Connecting to host nprabhalmac.wifi.local.cmu.edu, port 6002
[  5] local 192.168.17.53 port 58928 connected to 172.26.211.223 port 6002
[ ID] Interval           Transfer     Bitrate         Retr  Cwnd
[  5]   0.00-1.00   sec   268 KBytes  2.20 Mbits/sec    9   4.03 KBytes       
[  5]   1.00-2.00   sec   123 KBytes  1.01 Mbits/sec    6   6.71 KBytes       
[  5]   2.00-3.00   sec  88.6 KBytes   725 Kbits/sec    3   5.37 KBytes       
[  5]   3.00-4.00   sec   148 KBytes  1.21 Mbits/sec    3   10.7 KBytes       
[  5]   4.00-5.00   sec   105 KBytes   857 Kbits/sec    2   9.39 KBytes       
- - - - - - - - - - - - - - - - - - - - - - - - -
[ ID] Interval           Transfer     Bitrate         Retr
[  5]   0.00-5.00   sec   733 KBytes  1.20 Mbits/sec   23             sender
[  5]   0.00-5.00   sec   667 KBytes  1.09 Mbits/sec                  receiver

iperf Done.
Sun May  2 02:07:32 2021
Connecting to host nprabhalmac.wifi.local.cmu.edu, port 6002
[  5] local 192.168.17.53 port 58932 connected to 172.26.211.223 port 6002
[ ID] Interval           Transfer     Bitrate         Retr  Cwnd
[  5]   0.00-1.00   sec   228 KBytes  1.87 Mbits/sec    0   44.3 KBytes       
[  5]   1.00-2.00   sec  0.00 Bytes  0.00 bits/sec    1   38.9 KBytes       
[  5]   2.00-3.00   sec   201 KBytes  1.65 Mbits/sec    0   37.6 KBytes       
[  5]   3.00-4.00   sec  93.9 KBytes   769 Kbits/sec    0   45.6 KBytes       
[  5]   4.00-5.00   sec  93.9 KBytes   769 Kbits/sec    0   47.0 KBytes       
- - - - - - - - - - - - - - - - - - - - - - - - -
[ ID] Interval           Transfer     Bitrate         Retr
[  5]   0.00-5.00   sec   617 KBytes  1.01 Mbits/sec    1             sender
[  5]   0.00-5.00   sec   543 KBytes   890 Kbits/sec                  receiver

iperf Done.
Sun May  2 02:07:39 2021
Connecting to host nprabhalmac.wifi.local.cmu.edu, port 6002
[  5] local 192.168.17.53 port 58936 connected to 172.26.211.223 port 6002
[ ID] Interval           Transfer     Bitrate         Retr  Cwnd
[  5]   0.00-1.00   sec   136 KBytes  1.11 Mbits/sec    4   9.39 KBytes       
[  5]   1.00-2.00   sec  47.0 KBytes   385 Kbits/sec   10   4.03 KBytes       
[  5]   2.00-3.00   sec  85.9 KBytes   704 Kbits/sec    2   6.71 KBytes       
[  5]   3.00-4.00   sec  85.9 KBytes   703 Kbits/sec    6   5.37 KBytes       
[  5]   4.00-5.00   sec  83.2 KBytes   681 Kbits/sec    4   6.71 KBytes       
- - - - - - - - - - - - - - - - - - - - - - - - -
[ ID] Interval           Transfer     Bitrate         Retr
[  5]   0.00-5.00   sec   437 KBytes   717 Kbits/sec   26             sender
[  5]   0.00-5.00   sec   403 KBytes   659 Kbits/sec                  receiver

iperf Done.
Sun May  2 02:07:46 2021
Connecting to host nprabhalmac.wifi.local.cmu.edu, port 6002
[  5] local 192.168.17.53 port 58940 connected to 172.26.211.223 port 6002
[ ID] Interval           Transfer     Bitrate         Retr  Cwnd
[  5]   0.00-1.00   sec   177 KBytes  1.45 Mbits/sec   15   13.4 KBytes       
[  5]   1.00-2.00   sec  63.1 KBytes   517 Kbits/sec    5   4.03 KBytes       
[  5]   2.00-3.00   sec  0.00 Bytes  0.00 bits/sec    0   6.71 KBytes       
[  5]   3.00-4.00   sec  0.00 Bytes  0.00 bits/sec    1   8.05 KBytes       
[  5]   4.00-5.00   sec  69.8 KBytes   572 Kbits/sec    0   10.7 KBytes       
- - - - - - - - - - - - - - - - - - - - - - - - -
[ ID] Interval           Transfer     Bitrate         Retr
[  5]   0.00-5.00   sec   310 KBytes   508 Kbits/sec   21             sender
[  5]   0.00-5.00   sec   208 KBytes   341 Kbits/sec                  receiver

iperf Done.
Sun May  2 02:07:53 2021
Connecting to host nprabhalmac.wifi.local.cmu.edu, port 6002
[  5] local 192.168.17.53 port 58944 connected to 172.26.211.223 port 6002
[ ID] Interval           Transfer     Bitrate         Retr  Cwnd
[  5]   0.00-1.00   sec  76.5 KBytes   626 Kbits/sec    1   22.8 KBytes       
[  5]   1.00-2.00   sec  0.00 Bytes  0.00 bits/sec    1   17.4 KBytes       
[  5]   2.00-3.00   sec  65.7 KBytes   539 Kbits/sec    2   12.1 KBytes       
[  5]   3.00-4.00   sec  89.9 KBytes   737 Kbits/sec    0   14.8 KBytes       
[  5]   4.00-5.00   sec  0.00 Bytes  0.00 bits/sec    1   9.39 KBytes       
- - - - - - - - - - - - - - - - - - - - - - - - -
[ ID] Interval           Transfer     Bitrate         Retr
[  5]   0.00-5.00   sec   232 KBytes   380 Kbits/sec    5             sender
[  5]   0.00-5.00   sec   141 KBytes   231 Kbits/sec                  receiver

iperf Done.
Sun May  2 02:08:00 2021
Sun May  2 02:08:07 2021
Sun May  2 02:08:14 2021
Sun May  2 02:08:21 2021
Sun May  2 02:08:28 2021
Sun May  2 02:08:35 2021
Connecting to host nprabhalmac.wifi.local.cmu.edu, port 6002
[  5] local 192.168.17.53 port 58958 connected to 172.26.211.223 port 6002
[ ID] Interval           Transfer     Bitrate         Retr  Cwnd
[  5]   0.00-1.00   sec  76.5 KBytes   626 Kbits/sec    2   1.34 KBytes       
[  5]   1.00-2.00   sec  0.00 Bytes  0.00 bits/sec    1   1.34 KBytes       
[  5]   2.00-3.00   sec  0.00 Bytes  0.00 bits/sec    0   1.34 KBytes       
[  5]   3.00-4.00   sec  0.00 Bytes  0.00 bits/sec    4   10.7 KBytes       
[  5]   4.00-5.00   sec  0.00 Bytes  0.00 bits/sec    0   10.7 KBytes       
- - - - - - - - - - - - - - - - - - - - - - - - -
[ ID] Interval           Transfer     Bitrate         Retr
[  5]   0.00-5.00   sec  76.5 KBytes   125 Kbits/sec    7             sender
[  5]   0.00-5.00   sec  10.7 KBytes  17.6 Kbits/sec                  receiver

iperf Done.
Sun May  2 02:08:42 2021
Sun May  2 02:08:49 2021
Sun May  2 02:08:56 2021
Sun May  2 02:09:03 2021
iperf3: error - unable to connect to server: Resource temporarily unavailable
Sun May  2 02:09:10 2021
Connecting to host nprabhalmac.wifi.local.cmu.edu, port 6003
[  5] local 192.168.17.53 port 54126 connected to 172.26.211.223 port 6003
[ ID] Interval           Transfer     Bitrate         Retr  Cwnd
[  5]   0.00-1.00   sec   782 KBytes  6.41 Mbits/sec   10   32.2 KBytes       
[  5]   1.00-2.00   sec   378 KBytes  3.10 Mbits/sec   16   30.9 KBytes       
[  5]   2.00-3.00   sec   631 KBytes  5.17 Mbits/sec    8   32.2 KBytes       
[  5]   3.00-4.00   sec   631 KBytes  5.17 Mbits/sec   16   30.9 KBytes       
[  5]   4.00-5.00   sec   757 KBytes  6.20 Mbits/sec    8   32.2 KBytes       
- - - - - - - - - - - - - - - - - - - - - - - - -
[ ID] Interval           Transfer     Bitrate         Retr
[  5]   0.00-5.00   sec  3.10 MBytes  5.21 Mbits/sec   58             sender
[  5]   0.00-5.00   sec  2.94 MBytes  4.94 Mbits/sec                  receiver

iperf Done.
Sun May  2 02:09:17 2021
Sun May  2 02:09:24 2021
Connecting to host nprabhalmac.wifi.local.cmu.edu, port 6003
[  5] local 192.168.17.53 port 54134 connected to 172.26.211.223 port 6003
[ ID] Interval           Transfer     Bitrate         Retr  Cwnd
[  5]   0.00-1.00   sec   553 KBytes  4.53 Mbits/sec   16   34.9 KBytes       
[  5]   1.00-2.00   sec   378 KBytes  3.10 Mbits/sec   19   24.2 KBytes       
[  5]   2.00-3.00   sec   252 KBytes  2.07 Mbits/sec    8   25.5 KBytes       
[  5]   3.00-4.00   sec   378 KBytes  3.10 Mbits/sec   15   16.1 KBytes       
[  5]   4.00-5.00   sec   378 KBytes  3.10 Mbits/sec    8   21.5 KBytes       
- - - - - - - - - - - - - - - - - - - - - - - - -
[ ID] Interval           Transfer     Bitrate         Retr
[  5]   0.00-5.00   sec  1.89 MBytes  3.18 Mbits/sec   66             sender
[  5]   0.00-5.00   sec  1.68 MBytes  2.82 Mbits/sec                  receiver

iperf Done.
Sun May  2 02:09:31 2021
Connecting to host nprabhalmac.wifi.local.cmu.edu, port 6003
[  5] local 192.168.17.53 port 54138 connected to 172.26.211.223 port 6003
[ ID] Interval           Transfer     Bitrate         Retr  Cwnd
[  5]   0.00-1.00   sec   523 KBytes  4.29 Mbits/sec    0   64.4 KBytes       
[  5]   1.00-2.00   sec   252 KBytes  2.07 Mbits/sec   16   48.3 KBytes       
[  5]   2.00-3.00   sec  0.00 Bytes  0.00 bits/sec    0   55.0 KBytes       
[  5]   3.00-4.00   sec  0.00 Bytes  0.00 bits/sec   33   25.5 KBytes       
[  5]   4.00-5.00   sec   126 KBytes  1.03 Mbits/sec   16   25.5 KBytes       
- - - - - - - - - - - - - - - - - - - - - - - - -
[ ID] Interval           Transfer     Bitrate         Retr
[  5]   0.00-5.00   sec   902 KBytes  1.48 Mbits/sec   65             sender
[  5]   0.00-5.00   sec   657 KBytes  1.08 Mbits/sec                  receiver

iperf Done.
Sun May  2 02:09:38 2021
Connecting to host nprabhalmac.wifi.local.cmu.edu, port 6003
[  5] local 192.168.17.53 port 54142 connected to 172.26.211.223 port 6003
[ ID] Interval           Transfer     Bitrate         Retr  Cwnd
[  5]   0.00-1.00   sec  76.5 KBytes   626 Kbits/sec    8   4.03 KBytes       
[  5]   1.00-2.00   sec  0.00 Bytes  0.00 bits/sec   10   12.1 KBytes       
[  5]   2.00-3.00   sec  55.0 KBytes   451 Kbits/sec    4   8.05 KBytes       
[  5]   3.00-4.00   sec  0.00 Bytes  0.00 bits/sec    3   6.71 KBytes       
[  5]   4.00-5.00   sec  0.00 Bytes  0.00 bits/sec    6   4.03 KBytes       
- - - - - - - - - - - - - - - - - - - - - - - - -
[ ID] Interval           Transfer     Bitrate         Retr
[  5]   0.00-5.00   sec   131 KBytes   215 Kbits/sec   31             sender
[  5]   0.00-5.00   sec   106 KBytes   174 Kbits/sec                  receiver

iperf Done.
Sun May  2 02:09:45 2021
Connecting to host nprabhalmac.wifi.local.cmu.edu, port 6003
[  5] local 192.168.17.53 port 54146 connected to 172.26.211.223 port 6003
[ ID] Interval           Transfer     Bitrate         Retr  Cwnd
[  5]   0.00-1.00   sec  76.5 KBytes   626 Kbits/sec    3   8.05 KBytes       
[  5]   1.00-2.00   sec  37.6 KBytes   308 Kbits/sec    2   6.71 KBytes       
[  5]   2.00-3.00   sec  0.00 Bytes  0.00 bits/sec    0   8.05 KBytes       
[  5]   3.00-4.00   sec  40.3 KBytes   330 Kbits/sec    0   9.39 KBytes       
[  5]   4.00-5.00   sec  45.6 KBytes   374 Kbits/sec    0   12.1 KBytes       
- - - - - - - - - - - - - - - - - - - - - - - - -
[ ID] Interval           Transfer     Bitrate         Retr
[  5]   0.00-5.00   sec   200 KBytes   328 Kbits/sec    5             sender
[  5]   0.00-5.00   sec   129 KBytes   211 Kbits/sec                  receiver

iperf Done.
Sun May  2 02:09:52 2021
Sun May  2 02:09:59 2021
iperf3: error - unable to receive control message: Connection reset by peer
Sun May  2 02:10:06 2021
Connecting to host nprabhalmac.wifi.local.cmu.edu, port 6003
[  5] local 192.168.17.53 port 54156 connected to 172.26.211.223 port 6003
[ ID] Interval           Transfer     Bitrate         Retr  Cwnd
[  5]   0.00-1.00   sec   188 KBytes  1.54 Mbits/sec    0   41.6 KBytes       
[  5]   1.00-2.00   sec  0.00 Bytes  0.00 bits/sec    0   41.6 KBytes       
[  5]   2.00-3.00   sec  0.00 Bytes  0.00 bits/sec    0   41.6 KBytes       
[  5]   3.00-4.00   sec  0.00 Bytes  0.00 bits/sec   17   22.8 KBytes       
[  5]   4.00-5.00   sec  0.00 Bytes  0.00 bits/sec    0   29.5 KBytes       
- - - - - - - - - - - - - - - - - - - - - - - - -
[ ID] Interval           Transfer     Bitrate         Retr
[  5]   0.00-5.00   sec   188 KBytes   308 Kbits/sec   17             sender
[  5]   0.00-5.00   sec  89.9 KBytes   147 Kbits/sec                  receiver

iperf Done.
Sun May  2 02:10:13 2021
iperf3: error - unable to connect to server: Resource temporarily unavailable
Sun May  2 02:10:20 2021
iperf3: error - unable to connect to server: Resource temporarily unavailable
Sun May  2 02:10:27 2021
iperf3: error - unable to connect to server: Resource temporarily unavailable
Sun May  2 02:10:34 2021
iperf3: error - unable to connect to server: Resource temporarily unavailable
Sun May  2 02:10:41 2021
iperf3: error - unable to connect to server: Resource temporarily unavailable
Sun May  2 02:10:48 2021
iperf3: error - unable to connect to server: Resource temporarily unavailable
Sun May  2 02:10:55 2021
iperf3: error - unable to connect to server: Resource temporarily unavailable
Sun May  2 02:11:02 2021
iperf3: error - unable to connect to server: Resource temporarily unavailable
Sun May  2 02:11:09 2021
iperf3: error - unable to connect to server: Resource temporarily unavailable
Sun May  2 02:11:16 2021
iperf3: error - unable to connect to server: Resource temporarily unavailable
Sun May  2 02:11:23 2021
iperf3: error - unable to connect to server: Resource temporarily unavailable
Sun May  2 02:11:30 2021
iperf3: error - unable to connect to server: Resource temporarily unavailable
Sun May  2 02:11:37 2021
iperf3: error - unable to connect to server: Resource temporarily unavailable
Sun May  2 02:11:44 2021
iperf3: error - unable to connect to server: Resource temporarily unavailable
Sun May  2 02:11:51 2021
iperf3: error - unable to connect to server: Resource temporarily unavailable
Sun May  2 02:11:58 2021
iperf3: error - unable to connect to server: Resource temporarily unavailable
